+ echo Starting bin/qemu_litmus.exe
Starting bin/qemu_litmus.exe
++ mktemp
+ tmp=/var/folders/d1/0tln42p93n106lk1pgdnhks00000gn/T/tmp.Ttljq1f5
+ base64 -d
+ zcat
+ qemu-system-aarch64 -nodefaults -machine virt -cpu cortex-a57 -device virtio-serial-device -device virtconsole,chardev=ctd -chardev testdev,id=ctd -device pci-testdev -display none -serial stdio -kernel /var/folders/d1/0tln42p93n106lk1pgdnhks00000gn/T/tmp.Ttljq1f5 -smp 4 -append '-p -n500000'
P0			P1			P2			P3			

Test MP+pos:
 p1:x0=1  p1:x2=1  : 19823
 p1:x0=0  p1:x2=0  : 20306
 p1:x0=0  p1:x2=1  : 459871
Observation MP+pos: 0 (of 500000)
P0			P1			P2			P3			

Test MP+dmbs:
 p1:x0=1  p1:x2=1  : 18885
 p1:x0=0  p1:x2=1  : 461456
 p1:x0=0  p1:x2=0  : 19659
Observation MP+dmbs: 0 (of 500000)
P0			P1			P2			P3			

Test SB+pos:
 p0:x2=1  p1:x2=1  : 467284
 p0:x2=1  p1:x2=0  : 16810
 p0:x2=0  p1:x2=1  : 15906
Observation SB+pos: 0 (of 500000)
P0			P1			P2			P3			

Test SB+dmbs:
 p0:x2=1  p1:x2=1  : 464767
 p0:x2=1  p1:x2=0  : 18183
 p0:x2=0  p1:x2=1  : 17050
Observation SB+dmbs: 0 (of 500000)
P0			P1			P2			P3			

Test WRC+pos:
 p1:x0=1  p2:x0=1  p2:x2=1  : 4749
 p1:x0=1  p2:x0=0  p2:x2=1  : 260019
 p1:x0=0  p2:x0=0  p2:x2=1  : 202472
 p1:x0=0  p2:x0=0  p2:x2=0  : 15301
 p1:x0=1  p2:x0=0  p2:x2=0  : 3647
 p1:x0=0  p2:x0=1  p2:x2=1  : 13252
 p1:x0=0  p2:x0=1  p2:x2=0  : 560
Observation WRC+pos: 0 (of 500000)
P0			P1			P2			P3			

Test WRC+addrs:
 p1:x0=1  p2:x0=1  p2:x2=1  : 3823
 p1:x0=1  p2:x0=0  p2:x2=1  : 249774
 p1:x0=0  p2:x0=1  p2:x2=1  : 12575
 p1:x0=0  p2:x0=0  p2:x2=0  : 14959
 p1:x0=0  p2:x0=0  p2:x2=1  : 215835
 p1:x0=1  p2:x0=0  p2:x2=0  : 2636
 p1:x0=0  p2:x0=1  p2:x2=0  : 398
Observation WRC+addrs: 0 (of 500000)
P0			P1			P2			P3			

Test MP+dmb+svc:
 p1:x0=0  p1:x2=1  : 499869
 p1:x0=1  p1:x2=1  : 99
 p1:x0=0  p1:x2=0  : 32
Observation MP+dmb+svc: 0 (of 500000)
P0			P1			P2			P3			

Test MP+dmb+eret:
 p1:x0=1  p1:x2=1  : 499941
 p1:x0=0  p1:x2=0  : 29
 p1:x0=0  p1:x2=1  : 30
Observation MP+dmb+eret: 0 (of 500000)
P0			P1			P2			P3			

Test WRC.AT+ctrl+dsb:
 p1:x2=1  p2:x0=0  p2:x2=0  : 261004
 p1:x2=0  p2:x0=0  p2:x2=1  : 24700
 p1:x2=0  p2:x0=0  p2:x2=0  : 197285
 p1:x2=1  p2:x0=1  p2:x2=1  : 3457
 p1:x2=1  p2:x0=0  p2:x2=1  : 9718
 p1:x2=1  p2:x0=1  p2:x2=0  : 2449
 p1:x2=0  p2:x0=1  p2:x2=1  : 1387
Observation WRC.AT+ctrl+dsb: 0 (of 500000)
P0			P1			P2			P3			

Test CoWT1+dsb-tlbi-dsb:
 p0:x2=2  : 500000
Observation CoWT1+dsb-tlbi-dsb: 0 (of 500000)
P0			P1			P2			P3			

Test CoWT+dsb-svc-tlbi-dsb:
 p0:x2=2  : 500000
Observation CoWT+dsb-svc-tlbi-dsb: 0 (of 500000)
P0			P1			P2			P3			

Test MP.RT+svc-dsb-tlbiis-dsb+dsb-isb:
 p1:x0=0  p1:x2=0  : 499817
 p1:x0=0  p1:x2=1  : 168
 p1:x0=1  p1:x2=1  : 15
Observation MP.RT+svc-dsb-tlbiis-dsb+dsb-isb: 0 (of 500000)
P0			P1			P2			P3			

Test MP.RT1+dsb-tlbiis-dsb+dsb-isb:
 p1:x0=0  p1:x2=0  : 5214
 p1:x0=0  p1:x2=1  : 494159
 p1:x0=1  p1:x2=1  : 627
Observation MP.RT1+dsb-tlbiis-dsb+dsb-isb: 0 (of 500000)
P0			P1			P2			P3			

Test MP.RT1+dsb-tlbiall-dsb+dsb-isb:
 p1:x0=0  p1:x2=1  : 421930
 p1:x0=0  p1:x2=0  : 77657
 p1:x0=1  p1:x2=1  : 413
Observation MP.RT1+dsb-tlbiall-dsb+dsb-isb: 0 (of 500000)
P0			P1			P2			P3			

Test MP.RT1+dsb-tlbiis-dsb-tlbiis-dsb+dsb-isb:
 p1:x0=0  p1:x2=0  : 4523
 p1:x0=0  p1:x2=1  : 495328
 p1:x0=1  p1:x2=1  : 149
Observation MP.RT1+dsb-tlbiis-dsb-tlbiis-dsb+dsb-isb: 0 (of 500000)
P0			P1			P2			P3			

Test CoWT.inv+dsb:
 p0:x4=0  : 500000
Observation CoWT.inv+dsb: 0 (of 500000)
P0			P1			P2			P3			

Test CoWT.inv+dsb-isb:
 p0:x4=0  : 500000
Observation CoWT.inv+dsb-isb: 0 (of 500000)
P0			P1			P2			P3			

Test CoWT+dsb:
 p0:x2=2  : 500000
Observation CoWT+dsb: 0 (of 500000)
P0			P1			P2			P3			

Test CoWT:
 p0:x2=2  : 500000
Observation CoWT: 0 (of 500000)
P0			P1			P2			P3			

Test CoWT.inv:
 p0:x4=0  : 500000
Observation CoWT.inv: 0 (of 500000)
P0			P1			P2			P3			

Test CoWinvT:
 p0:x4=1  : 500000
Observation CoWinvT: 0 (of 500000)
P0			P1			P2			P3			

Test CoWinvT1+dsb-tlbi-dsb:
 p0:x4=1  : 500000
Observation CoWinvT1+dsb-tlbi-dsb: 0 (of 500000)
P0			P1			P2			P3			

Test CoWT+dsb-isb:
 p0:x2=2  : 500000
Observation CoWT+dsb-isb: 0 (of 500000)
P0			P1			P2			P3			

Test CoTR:
 p1:x0=1  p1:x2=0  : 1 *
 p1:x0=0  p1:x2=1  : 438998
 p1:x0=0  p1:x2=0  : 22728
 p1:x0=1  p1:x2=1  : 38273
Observation CoTR: 1 (of 500000)
P0			P1			P2			P3			

Test CoTR.inv:
 p1:x0=1  p1:x2=1  : 15829
 p1:x0=0  p1:x2=1  : 484094
 p1:x0=0  p1:x2=0  : 77
Observation CoTR.inv: 0 (of 500000)
P0			P1			P2			P3			

Test CoTR.inv+dsb-isb:
 p1:x0=1  p1:x2=1  : 16258
 p1:x0=0  p1:x2=1  : 483663
 p1:x0=0  p1:x2=0  : 79
Observation CoTR.inv+dsb-isb: 0 (of 500000)
P0			P1			P2			P3			

Test CoTR+addr:
 p1:x0=1  p1:x2=0  : 1 *
 p1:x0=0  p1:x2=1  : 437676
 p1:x0=0  p1:x2=0  : 28055
 p1:x0=1  p1:x2=1  : 34268
Observation CoTR+addr: 1 (of 500000)
P0			P1			P2			P3			

Test CoTR+dmb:
 p1:x0=0  p1:x2=0  : 23436
 p1:x0=0  p1:x2=1  : 411056
 p1:x0=1  p1:x2=1  : 65507
 p1:x0=1  p1:x2=0  : 1 *
Observation CoTR+dmb: 1 (of 500000)
P0			P1			P2			P3			

Test CoTR+dsb:
 p1:x0=0  p1:x2=0  : 15555
 p1:x0=0  p1:x2=1  : 462854
 p1:x0=1  p1:x2=1  : 21591
Observation CoTR+dsb: 0 (of 500000)
P0			P1			P2			P3			

Test CoTR+dsb-isb:
 p1:x0=0  p1:x2=0  : 17303
 p1:x0=0  p1:x2=1  : 404580
 p1:x0=1  p1:x2=1  : 78117
Observation CoTR+dsb-isb: 0 (of 500000)
P0			P1			P2			P3			

Test CoTR1.tlbi+dsb-isb:
 p1:x0=0  p1:x2=0  : 330
 p1:x0=1  p1:x2=1  : 499634
 p1:x0=1  p1:x2=0  : 1 *
 p1:x0=0  p1:x2=1  : 35
Observation CoTR1.tlbi+dsb-isb: 1 (of 500000)
P0			P1			P2			P3			

Test MP.RT+svc-dsb-tlbi-dsb+dsb-isb:
 p1:x0=0  p1:x2=0  : 499862
 p1:x0=0  p1:x2=1  : 98
 p1:x0=1  p1:x2=1  : 40
Observation MP.RT+svc-dsb-tlbi-dsb+dsb-isb: 0 (of 500000)
P0			P1			P2			P3			

Test MP.RT1+dsb-tlbi-dsb+dsb-isb:
 p1:x0=0  p1:x2=0  : 4081
 p1:x0=0  p1:x2=1  : 495135
 p1:x0=1  p1:x2=1  : 784
Observation MP.RT1+dsb-tlbi-dsb+dsb-isb: 0 (of 500000)
P0			P1			P2			P3			

Test MP.RT1+dc-dsb-tlbiall-dsb+dsb-isb:
 p1:x0=0  p1:x2=1  : 492231
 p1:x0=0  p1:x2=0  : 7125
 p1:x0=1  p1:x2=1  : 644
Observation MP.RT1+dc-dsb-tlbiall-dsb+dsb-isb: 0 (of 500000)
P0			P1			P2			P3			

Test MP+dmb+eret:
 p1:x0=1  p1:x2=1  : 499768
 p1:x0=0  p1:x2=0  : 110
 p1:x0=0  p1:x2=1  : 122
Observation MP+dmb+eret: 0 (of 500000)
P0			P1			P2			P3			

Test MP+dmb+svc:
 p1:x0=1  p1:x2=1  : 639
 p1:x0=0  p1:x2=1  : 499172
 p1:x0=0  p1:x2=0  : 189
Observation MP+dmb+svc: 0 (of 500000)
P0			P1			P2			P3			

Test MP.RT.inv+dmb+addr:
 p1:x0=1  p1:x2=0  : 522
 p1:x0=0  p1:x2=1  : 478736
 p1:x0=0  p1:x2=0  : 20742
Observation MP.RT.inv+dmb+addr: 0 (of 500000)
P0			P1			P2			P3			

Test WRC.TRR+addr+dmb:
 p1:x0=0  p2:x0=1  p2:x2=1  : 125052
 p1:x0=0  p2:x0=0  p2:x2=1  : 354296
 p1:x0=1  p2:x0=0  p2:x2=1  : 18740
 p1:x0=1  p2:x0=1  p2:x2=1  : 1912
Observation WRC.TRR+addr+dmb: 0 (of 500000)
P0			P1			P2			P3			

Test WRC.TRR.inv+addrs:
 p1:x0=0  p2:x0=0  p2:x2=1  : 499451
 p1:x0=0  p2:x0=1  p2:x2=1  : 90
 p1:x0=1  p2:x0=0  p2:x2=1  : 424
 p1:x0=1  p2:x0=1  p2:x2=1  : 35
Observation WRC.TRR.inv+addrs: 0 (of 500000)
P0			P1			P2			P3			

Test WRC.TRT+addr+dmb:
 p1:x0=0  p2:x0=0  p2:x2=0  : 409683
 p1:x0=1  p2:x0=0  p2:x2=0  : 6199
 p1:x0=1  p2:x0=0  p2:x2=1  : 8226
 p1:x0=0  p2:x0=1  p2:x2=1  : 10037
 p1:x0=0  p2:x0=0  p2:x2=1  : 58931
 p1:x0=0  p2:x0=1  p2:x2=0  : 6601
 p1:x0=1  p2:x0=1  p2:x2=1  : 323
Observation WRC.TRT+addr+dmb: 0 (of 500000)
P0			P1			P2			P3			

Test WRC.TRT+dmbs:
 p1:x0=0  p2:x0=1  p2:x2=0  : 8448
 p1:x0=0  p2:x0=0  p2:x2=0  : 407758
 p1:x0=0  p2:x0=0  p2:x2=1  : 53824
 p1:x0=0  p2:x0=1  p2:x2=1  : 12863
 p1:x0=1  p2:x0=0  p2:x2=0  : 6482
 p1:x0=1  p2:x0=0  p2:x2=1  : 10322
 p1:x0=1  p2:x0=1  p2:x2=1  : 303
Observation WRC.TRT+dmbs: 0 (of 500000)
P0			P1			P2			P3			

Test WRC.TRT+dsb-isbs:
 p1:x0=0  p2:x0=0  p2:x2=0  : 395353
 p1:x0=1  p2:x0=0  p2:x2=1  : 14726
 p1:x0=0  p2:x0=0  p2:x2=1  : 46838
 p1:x0=0  p2:x0=1  p2:x2=0  : 12277
 p1:x0=1  p2:x0=0  p2:x2=0  : 13197
 p1:x0=0  p2:x0=1  p2:x2=1  : 17162
 p1:x0=1  p2:x0=1  p2:x2=1  : 447
Observation WRC.TRT+dsb-isbs: 0 (of 500000)
P0			P1			P2			P3			

Test WRC.TRT.inv+dsb-isbs:
 p1:x0=1  p2:x0=0  p2:x2=0  : 22902
 p1:x0=1  p2:x0=0  p2:x2=1  : 474741
 p1:x0=0  p2:x0=0  p2:x2=1  : 1993
 p1:x0=0  p2:x0=0  p2:x2=0  : 299
 p1:x0=1  p2:x0=1  p2:x2=0  : 36
 p1:x0=0  p2:x0=1  p2:x2=0  : 25
 p1:x0=1  p2:x0=1  p2:x2=1  : 4
Observation WRC.TRT.inv+dsb-isbs: 0 (of 500000)
P0			P1			P2			P3			

Test WRC.TRT1+dsb-tlbiis-dsb+dmb:
 p1:x0=0  p2:x0=0  p2:x2=0  : 391534
 p1:x0=0  p2:x0=0  p2:x2=1  : 99385
 p1:x0=1  p2:x0=0  p2:x2=1  : 5458
 p1:x0=1  p2:x0=0  p2:x2=0  : 2986
 p1:x0=0  p2:x0=1  p2:x2=1  : 605
 p1:x0=0  p2:x0=1  p2:x2=0  : 13
 p1:x0=1  p2:x0=1  p2:x2=1  : 19
Observation WRC.TRT1+dsb-tlbiis-dsb+dmb: 0 (of 500000)
P0			P1			P2			P3			

Test WRC.TRT.inv+po+dmb:
 p1:x0=1  p2:x0=0  p2:x2=1  : 476244
 p1:x0=1  p2:x0=0  p2:x2=0  : 21336
 p1:x0=0  p2:x0=0  p2:x2=1  : 2055
 p1:x0=0  p2:x0=0  p2:x2=0  : 305
 p1:x0=1  p2:x0=1  p2:x2=0  : 32
 p1:x0=0  p2:x0=1  p2:x2=0  : 23
 p1:x0=1  p2:x0=1  p2:x2=1  : 5
Observation WRC.TRT.inv+po+dmb: 0 (of 500000)
P0			P1			P2			P3			

Test WRC.TRT.inv+po+addr:
 p1:x0=1  p2:x0=0  p2:x2=0  : 94955
 p1:x0=1  p2:x0=0  p2:x2=1  : 387817
 p1:x0=0  p2:x0=0  p2:x2=1  : 7404
 p1:x0=0  p2:x0=0  p2:x2=0  : 9549
 p1:x0=1  p2:x0=1  p2:x2=0  : 72
 p1:x0=0  p2:x0=1  p2:x2=0  : 199
 p1:x0=1  p2:x0=1  p2:x2=1  : 4
Observation WRC.TRT.inv+po+addr: 0 (of 500000)
P0			P1			P2			P3			

Test ISA2.TRR+dmb+po+dmb:
 p1:x0=0  p2:x0=1  p2:x2=0  : 10191
 p1:x0=0  p2:x0=0  p2:x2=1  : 202835
 p1:x0=0  p2:x0=0  p2:x2=0  : 262965
 p1:x0=0  p2:x0=1  p2:x2=1  : 24009
Observation ISA2.TRR+dmb+po+dmb: 0 (of 500000)
