++ echo Starting bin/qemu_litmus.exe
Starting bin/qemu_litmus.exe
+++ mktemp
++ tmp=/var/folders/d1/0tln42p93n106lk1pgdnhks00000gn/T/tmp.VuYOsfLx
++ base64 -d
++ zcat
++ qemu-system-aarch64 -nodefaults -machine virt -cpu cortex-a57 -device virtio-serial-device -device virtconsole,chardev=ctd -chardev testdev,id=ctd -device pci-testdev -display none -serial stdio -kernel /var/folders/d1/0tln42p93n106lk1pgdnhks00000gn/T/tmp.VuYOsfLx -smp 4 -append '-p -n500000'
P0			P1			P2			P3			

Test MP+pos:
 p1:x0=1  p1:x2=1  : 21662
 p1:x0=0  p1:x2=0  : 22206
 p1:x0=0  p1:x2=1  : 456132
Observation MP+pos: 0 (of 500000)
P0			P1			P2			P3			

Test MP+dmbs:
 p1:x0=1  p1:x2=1  : 11944
 p1:x0=0  p1:x2=1  : 475990
 p1:x0=0  p1:x2=0  : 12066
Observation MP+dmbs: 0 (of 500000)
P0			P1			P2			P3			

Test SB+pos:
 p0:x2=1  p1:x2=0  : 22113
 p0:x2=1  p1:x2=1  : 456799
 p0:x2=0  p1:x2=1  : 21088
Observation SB+pos: 0 (of 500000)
P0			P1			P2			P3			

Test SB+dmbs:
 p0:x2=1  p1:x2=0  : 17842
 p0:x2=1  p1:x2=1  : 462851
 p0:x2=0  p1:x2=1  : 19307
Observation SB+dmbs: 0 (of 500000)
P0			P1			P2			P3			

Test WRC+pos:
 p1:x0=0  p2:x0=1  p2:x2=1  : 13736
 p1:x0=0  p2:x0=0  p2:x2=1  : 133542
 p1:x0=1  p2:x0=0  p2:x2=1  : 319058
 p1:x0=0  p2:x0=0  p2:x2=0  : 18708
 p1:x0=1  p2:x0=1  p2:x2=1  : 8385
 p1:x0=1  p2:x0=0  p2:x2=0  : 6065
 p1:x0=0  p2:x0=1  p2:x2=0  : 506
Observation WRC+pos: 0 (of 500000)
P0			P1			P2			P3			

Test WRC+addrs:
 p1:x0=1  p2:x0=1  p2:x2=1  : 4717
 p1:x0=0  p2:x0=1  p2:x2=1  : 15257
 p1:x0=1  p2:x0=0  p2:x2=1  : 199764
 p1:x0=0  p2:x0=0  p2:x2=0  : 16999
 p1:x0=0  p2:x0=0  p2:x2=1  : 258926
 p1:x0=1  p2:x0=0  p2:x2=0  : 3855
 p1:x0=0  p2:x0=1  p2:x2=0  : 482
Observation WRC+addrs: 0 (of 500000)
P0			P1			P2			P3			

Test MP+dmb+svc:
 p1:x0=0  p1:x2=1  : 499012
 p1:x0=1  p1:x2=1  : 827
 p1:x0=0  p1:x2=0  : 161
Observation MP+dmb+svc: 0 (of 500000)
P0			P1			P2			P3			

Test MP+dmb+eret:
 p1:x0=1  p1:x2=1  : 499756
 p1:x0=0  p1:x2=1  : 118
 p1:x0=0  p1:x2=0  : 126
Observation MP+dmb+eret: 0 (of 500000)
P0			P1			P2			P3			

Test WRC.AT+ctrl+dsb:
 p1:x2=1  p2:x0=0  p2:x2=0  : 264771
 p1:x2=0  p2:x0=0  p2:x2=1  : 30566
 p1:x2=0  p2:x0=0  p2:x2=0  : 183082
 p1:x2=1  p2:x0=0  p2:x2=1  : 11346
 p1:x2=1  p2:x0=1  p2:x2=1  : 5024
 p1:x2=1  p2:x0=1  p2:x2=0  : 3588
 p1:x2=0  p2:x0=1  p2:x2=1  : 1623
Observation WRC.AT+ctrl+dsb: 0 (of 500000)
P0			P1			P2			P3			

Test CoWT1+dsb-tlbi-dsb:
 p0:x2=2  : 500000
Observation CoWT1+dsb-tlbi-dsb: 0 (of 500000)
P0			P1			P2			P3			

Test CoWT+dsb-svc-tlbi-dsb:
 p0:x2=2  : 500000
Observation CoWT+dsb-svc-tlbi-dsb: 0 (of 500000)
P0			P1			P2			P3			

Test MP.RT+svc-dsb-tlbiis-dsb+dsb-isb:
 p1:x0=0  p1:x2=0  : 499795
 p1:x0=0  p1:x2=1  : 186
 p1:x0=1  p1:x2=1  : 19
Observation MP.RT+svc-dsb-tlbiis-dsb+dsb-isb: 0 (of 500000)
P0			P1			P2			P3			

Test MP.RT1+dsb-tlbiis-dsb+dsb-isb:
 p1:x0=0  p1:x2=1  : 495947
 p1:x0=0  p1:x2=0  : 3674
 p1:x0=1  p1:x2=1  : 379
Observation MP.RT1+dsb-tlbiis-dsb+dsb-isb: 0 (of 500000)
P0			P1			P2			P3			

Test MP.RT1+dsb-tlbiall-dsb+dsb-isb:
 p1:x0=0  p1:x2=0  : 26877
 p1:x0=0  p1:x2=1  : 472767
 p1:x0=1  p1:x2=1  : 356
Observation MP.RT1+dsb-tlbiall-dsb+dsb-isb: 0 (of 500000)
P0			P1			P2			P3			

Test MP.RT1+dsb-tlbiis-dsb-tlbiis-dsb+dsb-isb:
 p1:x0=0  p1:x2=0  : 3438
 p1:x0=0  p1:x2=1  : 496453
 p1:x0=1  p1:x2=1  : 109
Observation MP.RT1+dsb-tlbiis-dsb-tlbiis-dsb+dsb-isb: 0 (of 500000)
P0			P1			P2			P3			

Test CoWT.inv+dsb:
 p0:x4=0  : 500000
Observation CoWT.inv+dsb: 0 (of 500000)
P0			P1			P2			P3			

Test CoWT.inv+dsb-isb:
 p0:x4=0  : 500000
Observation CoWT.inv+dsb-isb: 0 (of 500000)
P0			P1			P2			P3			

Test CoWT+dsb:
 p0:x2=2  : 500000
Observation CoWT+dsb: 0 (of 500000)
P0			P1			P2			P3			

Test CoWT:
 p0:x2=2  : 500000
Observation CoWT: 0 (of 500000)
P0			P1			P2			P3			

Test CoWT.inv:
 p0:x4=0  : 500000
Observation CoWT.inv: 0 (of 500000)
P0			P1			P2			P3			

Test CoWinvT:
 p0:x4=1  : 500000
Observation CoWinvT: 0 (of 500000)
P0			P1			P2			P3			

Test CoWinvT1+dsb-tlbi-dsb:
 p0:x4=1  : 500000
Observation CoWinvT1+dsb-tlbi-dsb: 0 (of 500000)
P0			P1			P2			P3			

Test CoWT+dsb-isb:
 p0:x2=2  : 500000
Observation CoWT+dsb-isb: 0 (of 500000)
P0			P1			P2			P3			

Test CoTR:
 p1:x0=1  p1:x2=0  : 1 *
 p1:x0=1  p1:x2=1  : 39740
 p1:x0=0  p1:x2=1  : 431048
 p1:x0=0  p1:x2=0  : 29211
Observation CoTR: 1 (of 500000)
P0			P1			P2			P3			

Test CoTR.inv:
 p1:x0=0  p1:x2=1  : 486849
 p1:x0=1  p1:x2=1  : 13104
 p1:x0=0  p1:x2=0  : 47
Observation CoTR.inv: 0 (of 500000)
P0			P1			P2			P3			

Test CoTR.inv+dsb-isb:
 p1:x0=0  p1:x2=1  : 487177
 p1:x0=1  p1:x2=1  : 12753
 p1:x0=0  p1:x2=0  : 70
Observation CoTR.inv+dsb-isb: 0 (of 500000)
P0			P1			P2			P3			

Test CoTR+addr:
 p1:x0=0  p1:x2=0  : 21999
 p1:x0=0  p1:x2=1  : 434276
 p1:x0=1  p1:x2=1  : 43725
Observation CoTR+addr: 0 (of 500000)
P0			P1			P2			P3			

Test CoTR+dmb:
 p1:x0=1  p1:x2=0  : 1 *
 p1:x0=1  p1:x2=1  : 39005
 p1:x0=0  p1:x2=1  : 437686
 p1:x0=0  p1:x2=0  : 23308
Observation CoTR+dmb: 1 (of 500000)
P0			P1			P2			P3			

Test CoTR+dsb:
 p1:x0=0  p1:x2=0  : 19258
 p1:x0=0  p1:x2=1  : 451448
 p1:x0=1  p1:x2=0  : 1 *
 p1:x0=1  p1:x2=1  : 29293
Observation CoTR+dsb: 1 (of 500000)
P0			P1			P2			P3			

Test CoTR+dsb-isb:
 p1:x0=0  p1:x2=0  : 13379
 p1:x0=0  p1:x2=1  : 374329
 p1:x0=1  p1:x2=1  : 112292
Observation CoTR+dsb-isb: 0 (of 500000)
P0			P1			P2			P3			

Test CoTR1.tlbi+dsb-isb:
 p1:x0=0  p1:x2=0  : 282
 p1:x0=1  p1:x2=1  : 499684
 p1:x0=1  p1:x2=0  : 1 *
 p1:x0=0  p1:x2=1  : 33
Observation CoTR1.tlbi+dsb-isb: 1 (of 500000)
P0			P1			P2			P3			

Test MP.RT+svc-dsb-tlbi-dsb+dsb-isb:
 p1:x0=0  p1:x2=0  : 499892
 p1:x0=0  p1:x2=1  : 88
 p1:x0=1  p1:x2=1  : 20
Observation MP.RT+svc-dsb-tlbi-dsb+dsb-isb: 0 (of 500000)
P0			P1			P2			P3			

Test MP.RT1+dsb-tlbi-dsb+dsb-isb:
 p1:x0=0  p1:x2=0  : 4654
 p1:x0=0  p1:x2=1  : 494323
 p1:x0=1  p1:x2=1  : 1023
Observation MP.RT1+dsb-tlbi-dsb+dsb-isb: 0 (of 500000)
P0			P1			P2			P3			

Test MP.RT1+dc-dsb-tlbiall-dsb+dsb-isb:
 p1:x0=0  p1:x2=0  : 3677
 p1:x0=0  p1:x2=1  : 495963
 p1:x0=1  p1:x2=1  : 360
Observation MP.RT1+dc-dsb-tlbiall-dsb+dsb-isb: 0 (of 500000)
P0			P1			P2			P3			

Test MP+dmb+eret:
 p1:x0=1  p1:x2=1  : 499776
 p1:x0=0  p1:x2=1  : 111
 p1:x0=0  p1:x2=0  : 113
Observation MP+dmb+eret: 0 (of 500000)
P0			P1			P2			P3			

Test MP+dmb+svc:
 p1:x0=0  p1:x2=1  : 499104
 p1:x0=1  p1:x2=1  : 739
 p1:x0=0  p1:x2=0  : 157
Observation MP+dmb+svc: 0 (of 500000)
P0			P1			P2			P3			

Test MP.RT.inv+dmb+addr:
 p1:x0=1  p1:x2=0  : 720
 p1:x0=0  p1:x2=1  : 474509
 p1:x0=0  p1:x2=0  : 24771
Observation MP.RT.inv+dmb+addr: 0 (of 500000)
P0			P1			P2			P3			

Test WRC.TRR+addr+dmb:
 p1:x0=0  p2:x0=1  p2:x2=1  : 194028
 p1:x0=0  p2:x0=0  p2:x2=1  : 284392
 p1:x0=1  p2:x0=0  p2:x2=1  : 19654
 p1:x0=1  p2:x0=1  p2:x2=1  : 1926
Observation WRC.TRR+addr+dmb: 0 (of 500000)
P0			P1			P2			P3			

Test WRC.TRR.inv+addrs:
 p1:x0=0  p2:x0=0  p2:x2=1  : 499309
 p1:x0=1  p2:x0=0  p2:x2=1  : 538
 p1:x0=0  p2:x0=1  p2:x2=1  : 109
 p1:x0=1  p2:x0=1  p2:x2=1  : 44
Observation WRC.TRR.inv+addrs: 0 (of 500000)
P0			P1			P2			P3			

Test WRC.TRT+addr+dmb:
 p1:x0=0  p2:x0=0  p2:x2=0  : 355950
 p1:x0=0  p2:x0=1  p2:x2=1  : 20506
 p1:x0=0  p2:x0=1  p2:x2=0  : 15240
 p1:x0=0  p2:x0=0  p2:x2=1  : 78557
 p1:x0=1  p2:x0=0  p2:x2=1  : 18861
 p1:x0=1  p2:x0=0  p2:x2=0  : 10437
 p1:x0=1  p2:x0=1  p2:x2=1  : 449
Observation WRC.TRT+addr+dmb: 0 (of 500000)
P0			P1			P2			P3			

Test WRC.TRT+dmbs:
 p1:x0=0  p2:x0=1  p2:x2=0  : 13171
 p1:x0=0  p2:x0=0  p2:x2=0  : 386622
 p1:x0=1  p2:x0=0  p2:x2=1  : 16235
 p1:x0=0  p2:x0=1  p2:x2=1  : 18743
 p1:x0=0  p2:x0=0  p2:x2=1  : 56066
 p1:x0=1  p2:x0=0  p2:x2=0  : 8658
 p1:x0=1  p2:x0=1  p2:x2=1  : 505
Observation WRC.TRT+dmbs: 0 (of 500000)
P0			P1			P2			P3			

Test WRC.TRT+dsb-isbs:
 p1:x0=0  p2:x0=0  p2:x2=0  : 366546
 p1:x0=0  p2:x0=0  p2:x2=1  : 81945
 p1:x0=0  p2:x0=1  p2:x2=0  : 10616
 p1:x0=1  p2:x0=0  p2:x2=1  : 14826
 p1:x0=0  p2:x0=1  p2:x2=1  : 18574
 p1:x0=1  p2:x0=0  p2:x2=0  : 7045
 p1:x0=1  p2:x0=1  p2:x2=1  : 448
Observation WRC.TRT+dsb-isbs: 0 (of 500000)
P0			P1			P2			P3			

Test WRC.TRT.inv+dsb-isbs:
 p1:x0=1  p2:x0=0  p2:x2=0  : 30362
 p1:x0=1  p2:x0=0  p2:x2=1  : 467360
 p1:x0=0  p2:x0=0  p2:x2=1  : 1875
 p1:x0=0  p2:x0=0  p2:x2=0  : 317
 p1:x0=1  p2:x0=1  p2:x2=0  : 51
 p1:x0=0  p2:x0=1  p2:x2=0  : 30
 p1:x0=1  p2:x0=1  p2:x2=1  : 5
Observation WRC.TRT.inv+dsb-isbs: 0 (of 500000)
P0			P1			P2			P3			

Test WRC.TRT1+dsb-tlbiis-dsb+dmb:
 p1:x0=0  p2:x0=0  p2:x2=1  : 86232
 p1:x0=0  p2:x0=0  p2:x2=0  : 404868
 p1:x0=1  p2:x0=0  p2:x2=1  : 4900
 p1:x0=1  p2:x0=0  p2:x2=0  : 3578
 p1:x0=0  p2:x0=1  p2:x2=1  : 395
 p1:x0=1  p2:x0=1  p2:x2=1  : 21
 p1:x0=0  p2:x0=1  p2:x2=0  : 6
Observation WRC.TRT1+dsb-tlbiis-dsb+dmb: 0 (of 500000)
P0			P1			P2			P3			

Test WRC.TRT.inv+po+dmb:
 p1:x0=1  p2:x0=0  p2:x2=0  : 27357
 p1:x0=1  p2:x0=0  p2:x2=1  : 470266
 p1:x0=0  p2:x0=1  p2:x2=0  : 33
 p1:x0=0  p2:x0=0  p2:x2=1  : 1981
 p1:x0=1  p2:x0=1  p2:x2=0  : 55
 p1:x0=0  p2:x0=0  p2:x2=0  : 301
 p1:x0=1  p2:x0=1  p2:x2=1  : 7
Observation WRC.TRT.inv+po+dmb: 0 (of 500000)
P0			P1			P2			P3			

Test WRC.TRT.inv+po+addr:
 p1:x0=1  p2:x0=1  p2:x2=0  : 32
 p1:x0=1  p2:x0=0  p2:x2=0  : 148323
 p1:x0=0  p2:x0=0  p2:x2=1  : 4856
 p1:x0=1  p2:x0=0  p2:x2=1  : 338649
 p1:x0=0  p2:x0=0  p2:x2=0  : 8015
 p1:x0=0  p2:x0=1  p2:x2=0  : 124
 p1:x0=1  p2:x0=1  p2:x2=1  : 1
Observation WRC.TRT.inv+po+addr: 0 (of 500000)
P0			P1			P2			P3			

Test ISA2.TRR+dmb+po+dmb:
 p1:x0=0  p2:x0=1  p2:x2=0  : 5249
 p1:x0=0  p2:x0=0  p2:x2=1  : 242238
 p1:x0=0  p2:x0=0  p2:x2=0  : 236749
 p1:x0=0  p2:x0=1  p2:x2=1  : 15764
Observation ISA2.TRR+dmb+po+dmb: 0 (of 500000)
1/10
++ echo Starting bin/qemu_litmus.exe
Starting bin/qemu_litmus.exe
+++ mktemp
++ tmp=/var/folders/d1/0tln42p93n106lk1pgdnhks00000gn/T/tmp.gyFAfV8P
++ base64 -d
++ zcat
++ qemu-system-aarch64 -nodefaults -machine virt -cpu cortex-a57 -device virtio-serial-device -device virtconsole,chardev=ctd -chardev testdev,id=ctd -device pci-testdev -display none -serial stdio -kernel /var/folders/d1/0tln42p93n106lk1pgdnhks00000gn/T/tmp.gyFAfV8P -smp 4 -append '-p -n500000'
P0			P1			P2			P3			

Test MP+pos:
 p1:x0=1  p1:x2=1  : 29708
 p1:x0=0  p1:x2=0  : 29643
 p1:x0=0  p1:x2=1  : 440649
Observation MP+pos: 0 (of 500000)
P0			P1			P2			P3			

Test MP+dmbs:
 p1:x0=1  p1:x2=1  : 24147
 p1:x0=0  p1:x2=1  : 451102
 p1:x0=0  p1:x2=0  : 24751
Observation MP+dmbs: 0 (of 500000)
P0			P1			P2			P3			

Test SB+pos:
 p0:x2=1  p1:x2=1  : 434691
 p0:x2=0  p1:x2=1  : 32223
 p0:x2=1  p1:x2=0  : 33086
Observation SB+pos: 0 (of 500000)
P0			P1			P2			P3			

Test SB+dmbs:
 p0:x2=0  p1:x2=1  : 32265
 p0:x2=1  p1:x2=1  : 435026
 p0:x2=1  p1:x2=0  : 32709
Observation SB+dmbs: 0 (of 500000)
P0			P1			P2			P3			

Test WRC+pos:
 p1:x0=0  p2:x0=1  p2:x2=1  : 24109
 p1:x0=0  p2:x0=0  p2:x2=1  : 264319
 p1:x0=1  p2:x0=0  p2:x2=1  : 171269
 p1:x0=1  p2:x0=1  p2:x2=1  : 6660
 p1:x0=0  p2:x0=0  p2:x2=0  : 25235
 p1:x0=1  p2:x0=0  p2:x2=0  : 7803
 p1:x0=0  p2:x0=1  p2:x2=0  : 605
Observation WRC+pos: 0 (of 500000)
P0			P1			P2			P3			

Test WRC+addrs:
 p1:x0=1  p2:x0=1  p2:x2=1  : 6071
 p1:x0=0  p2:x0=0  p2:x2=1  : 233115
 p1:x0=1  p2:x0=0  p2:x2=1  : 215923
 p1:x0=0  p2:x0=1  p2:x2=1  : 18715
 p1:x0=0  p2:x0=0  p2:x2=0  : 20305
 p1:x0=1  p2:x0=0  p2:x2=0  : 5406
 p1:x0=0  p2:x0=1  p2:x2=0  : 465
Observation WRC+addrs: 0 (of 500000)
P0			P1			P2			P3			

Test MP+dmb+svc:
 p1:x0=0  p1:x2=1  : 498939
 p1:x0=1  p1:x2=1  : 892
 p1:x0=0  p1:x2=0  : 169
Observation MP+dmb+svc: 0 (of 500000)
P0			P1			P2			P3			

Test MP+dmb+eret:
 p1:x0=1  p1:x2=1  : 499737
 p1:x0=0  p1:x2=0  : 136
 p1:x0=0  p1:x2=1  : 127
Observation MP+dmb+eret: 0 (of 500000)
P0			P1			P2			P3			

Test WRC.AT+ctrl+dsb:
 p1:x2=1  p2:x0=0  p2:x2=0  : 111467
 p1:x2=0  p2:x0=0  p2:x2=0  : 314937
 p1:x2=1  p2:x0=0  p2:x2=1  : 6550
 p1:x2=0  p2:x0=0  p2:x2=1  : 60351
 p1:x2=0  p2:x0=1  p2:x2=1  : 2246
 p1:x2=1  p2:x0=1  p2:x2=0  : 1645
 p1:x2=1  p2:x0=1  p2:x2=1  : 2804
Observation WRC.AT+ctrl+dsb: 0 (of 500000)
P0			P1			P2			P3			

Test CoWT1+dsb-tlbi-dsb:
 p0:x2=2  : 500000
Observation CoWT1+dsb-tlbi-dsb: 0 (of 500000)
P0			P1			P2			P3			

Test CoWT+dsb-svc-tlbi-dsb:
 p0:x2=2  : 500000
Observation CoWT+dsb-svc-tlbi-dsb: 0 (of 500000)
P0			P1			P2			P3			

Test MP.RT+svc-dsb-tlbiis-dsb+dsb-isb:
 p1:x0=0  p1:x2=1  : 175
 p1:x0=1  p1:x2=1  : 12
 p1:x0=0  p1:x2=0  : 499813
Observation MP.RT+svc-dsb-tlbiis-dsb+dsb-isb: 0 (of 500000)
P0			P1			P2			P3			

Test MP.RT1+dsb-tlbiis-dsb+dsb-isb:
 p1:x0=0  p1:x2=0  : 5210
 p1:x0=0  p1:x2=1  : 494281
 p1:x0=1  p1:x2=1  : 509
Observation MP.RT1+dsb-tlbiis-dsb+dsb-isb: 0 (of 500000)
P0			P1			P2			P3			

Test MP.RT1+dsb-tlbiall-dsb+dsb-isb:
 p1:x0=0  p1:x2=0  : 40469
 p1:x0=0  p1:x2=1  : 458994
 p1:x0=1  p1:x2=1  : 537
Observation MP.RT1+dsb-tlbiall-dsb+dsb-isb: 0 (of 500000)
P0			P1			P2			P3			

Test MP.RT1+dsb-tlbiis-dsb-tlbiis-dsb+dsb-isb:
 p1:x0=0  p1:x2=0  : 6078
 p1:x0=0  p1:x2=1  : 493717
 p1:x0=1  p1:x2=1  : 205
Observation MP.RT1+dsb-tlbiis-dsb-tlbiis-dsb+dsb-isb: 0 (of 500000)
P0			P1			P2			P3			

Test CoWT.inv+dsb:
 p0:x4=0  : 500000
Observation CoWT.inv+dsb: 0 (of 500000)
P0			P1			P2			P3			

Test CoWT.inv+dsb-isb:
 p0:x4=0  : 500000
Observation CoWT.inv+dsb-isb: 0 (of 500000)
P0			P1			P2			P3			

Test CoWT+dsb:
 p0:x2=2  : 500000
Observation CoWT+dsb: 0 (of 500000)
P0			P1			P2			P3			

Test CoWT:
 p0:x2=2  : 500000
Observation CoWT: 0 (of 500000)
P0			P1			P2			P3			

Test CoWT.inv:
 p0:x4=0  : 500000
Observation CoWT.inv: 0 (of 500000)
P0			P1			P2			P3			

Test CoWinvT:
 p0:x4=1  : 500000
Observation CoWinvT: 0 (of 500000)
P0			P1			P2			P3			

Test CoWinvT1+dsb-tlbi-dsb:
 p0:x4=1  : 500000
Observation CoWinvT1+dsb-tlbi-dsb: 0 (of 500000)
P0			P1			P2			P3			

Test CoWT+dsb-isb:
 p0:x2=2  : 500000
Observation CoWT+dsb-isb: 0 (of 500000)
P0			P1			P2			P3			

Test CoTR:
 p1:x0=0  p1:x2=0  : 37256
 p1:x0=0  p1:x2=1  : 416682
 p1:x0=1  p1:x2=1  : 46062
Observation CoTR: 0 (of 500000)
P0			P1			P2			P3			

Test CoTR.inv:
 p1:x0=1  p1:x2=1  : 16431
 p1:x0=0  p1:x2=1  : 483476
 p1:x0=0  p1:x2=0  : 93
Observation CoTR.inv: 0 (of 500000)
P0			P1			P2			P3			

Test CoTR.inv+dsb-isb:
 p1:x0=1  p1:x2=1  : 23651
 p1:x0=0  p1:x2=1  : 476236
 p1:x0=0  p1:x2=0  : 113
Observation CoTR.inv+dsb-isb: 0 (of 500000)
P0			P1			P2			P3			

Test CoTR+addr:
 p1:x0=1  p1:x2=0  : 1 *
 p1:x0=1  p1:x2=1  : 51139
 p1:x0=0  p1:x2=0  : 26294
 p1:x0=0  p1:x2=1  : 422566
Observation CoTR+addr: 1 (of 500000)
P0			P1			P2			P3			

Test CoTR+dmb:
 p1:x0=0  p1:x2=0  : 35529
 p1:x0=0  p1:x2=1  : 398773
 p1:x0=1  p1:x2=1  : 65698
Observation CoTR+dmb: 0 (of 500000)
P0			P1			P2			P3			

Test CoTR+dsb:
 p1:x0=0  p1:x2=0  : 33293
 p1:x0=0  p1:x2=1  : 426062
 p1:x0=1  p1:x2=1  : 40645
Observation CoTR+dsb: 0 (of 500000)
P0			P1			P2			P3			

Test CoTR+dsb-isb:
 p1:x0=1  p1:x2=0  : 1 *
 p1:x0=0  p1:x2=1  : 396355
 p1:x0=0  p1:x2=0  : 44006
 p1:x0=1  p1:x2=1  : 59638
Observation CoTR+dsb-isb: 1 (of 500000)
P0			P1			P2			P3			

Test CoTR1.tlbi+dsb-isb:
 p1:x0=1  p1:x2=0  : 2 *
 p1:x0=1  p1:x2=1  : 499204
 p1:x0=0  p1:x2=0  : 729
 p1:x0=0  p1:x2=1  : 65
Observation CoTR1.tlbi+dsb-isb: 2 (of 500000)
P0			P1			P2			P3			

Test MP.RT+svc-dsb-tlbi-dsb+dsb-isb:
 p1:x0=0  p1:x2=0  : 499802
 p1:x0=1  p1:x2=1  : 61
 p1:x0=0  p1:x2=1  : 137
Observation MP.RT+svc-dsb-tlbi-dsb+dsb-isb: 0 (of 500000)
P0			P1			P2			P3			

Test MP.RT1+dsb-tlbi-dsb+dsb-isb:
 p1:x0=0  p1:x2=0  : 7769
 p1:x0=0  p1:x2=1  : 490931
 p1:x0=1  p1:x2=1  : 1300
Observation MP.RT1+dsb-tlbi-dsb+dsb-isb: 0 (of 500000)
P0			P1			P2			P3			

Test MP.RT1+dc-dsb-tlbiall-dsb+dsb-isb:
 p1:x0=0  p1:x2=0  : 6834
 p1:x0=0  p1:x2=1  : 492619
 p1:x0=1  p1:x2=1  : 547
Observation MP.RT1+dc-dsb-tlbiall-dsb+dsb-isb: 0 (of 500000)
P0			P1			P2			P3			

Test MP+dmb+eret:
 p1:x0=1  p1:x2=1  : 499637
 p1:x0=0  p1:x2=1  : 151
 p1:x0=0  p1:x2=0  : 212
Observation MP+dmb+eret: 0 (of 500000)
P0			P1			P2			P3			

Test MP+dmb+svc:
 p1:x0=0  p1:x2=1  : 498948
 p1:x0=0  p1:x2=0  : 213
 p1:x0=1  p1:x2=1  : 839
Observation MP+dmb+svc: 0 (of 500000)
P0			P1			P2			P3			

Test MP.RT.inv+dmb+addr:
 p1:x0=0  p1:x2=1  : 474175
 p1:x0=0  p1:x2=0  : 25259
 p1:x0=1  p1:x2=0  : 566
Observation MP.RT.inv+dmb+addr: 0 (of 500000)
P0			P1			P2			P3			

Test WRC.TRR+addr+dmb:
 p1:x0=0  p2:x0=0  p2:x2=1  : 253895
 p1:x0=0  p2:x0=1  p2:x2=1  : 221807
 p1:x0=1  p2:x0=0  p2:x2=1  : 21141
 p1:x0=1  p2:x0=1  p2:x2=1  : 3157
Observation WRC.TRR+addr+dmb: 0 (of 500000)
P0			P1			P2			P3			

Test WRC.TRR.inv+addrs:
 p1:x0=0  p2:x0=0  p2:x2=1  : 499389
 p1:x0=0  p2:x0=1  p2:x2=1  : 95
 p1:x0=1  p2:x0=0  p2:x2=1  : 470
 p1:x0=1  p2:x0=1  p2:x2=1  : 46
Observation WRC.TRR.inv+addrs: 0 (of 500000)
P0			P1			P2			P3			

Test WRC.TRT+addr+dmb:
 p1:x0=0  p2:x0=0  p2:x2=0  : 431711
 p1:x0=0  p2:x0=1  p2:x2=1  : 15078
 p1:x0=0  p2:x0=0  p2:x2=1  : 26767
 p1:x0=1  p2:x0=0  p2:x2=1  : 9915
 p1:x0=0  p2:x0=1  p2:x2=0  : 10884
 p1:x0=1  p2:x0=0  p2:x2=0  : 5418
 p1:x0=1  p2:x0=1  p2:x2=1  : 227
Observation WRC.TRT+addr+dmb: 0 (of 500000)
P0			P1			P2			P3			

Test WRC.TRT+dmbs:
 p1:x0=0  p2:x0=0  p2:x2=0  : 391772
 p1:x0=0  p2:x0=0  p2:x2=1  : 52430
 p1:x0=0  p2:x0=1  p2:x2=1  : 18764
 p1:x0=1  p2:x0=0  p2:x2=0  : 8778
 p1:x0=1  p2:x0=0  p2:x2=1  : 14987
 p1:x0=0  p2:x0=1  p2:x2=0  : 12861
 p1:x0=1  p2:x0=1  p2:x2=1  : 408
Observation WRC.TRT+dmbs: 0 (of 500000)
P0			P1			P2			P3			

Test WRC.TRT+dsb-isbs:
 p1:x0=0  p2:x0=0  p2:x2=0  : 351435
 p1:x0=0  p2:x0=0  p2:x2=1  : 79333
 p1:x0=0  p2:x0=1  p2:x2=0  : 16531
 p1:x0=1  p2:x0=0  p2:x2=1  : 20585
 p1:x0=0  p2:x0=1  p2:x2=1  : 22006
 p1:x0=1  p2:x0=0  p2:x2=0  : 9640
 p1:x0=1  p2:x0=1  p2:x2=1  : 470
Observation WRC.TRT+dsb-isbs: 0 (of 500000)
P0			P1			P2			P3			

Test WRC.TRT.inv+dsb-isbs:
 p1:x0=1  p2:x0=0  p2:x2=1  : 468515
 p1:x0=1  p2:x0=0  p2:x2=0  : 29408
 p1:x0=0  p2:x0=0  p2:x2=1  : 1703
 p1:x0=0  p2:x0=0  p2:x2=0  : 285
 p1:x0=1  p2:x0=1  p2:x2=0  : 49
 p1:x0=1  p2:x0=1  p2:x2=1  : 5
 p1:x0=0  p2:x0=1  p2:x2=0  : 35
Observation WRC.TRT.inv+dsb-isbs: 0 (of 500000)
P0			P1			P2			P3			

Test WRC.TRT1+dsb-tlbiis-dsb+dmb:
 p1:x0=0  p2:x0=0  p2:x2=0  : 443895
 p1:x0=0  p2:x0=0  p2:x2=1  : 46531
 p1:x0=1  p2:x0=0  p2:x2=0  : 3843
 p1:x0=0  p2:x0=1  p2:x2=1  : 419
 p1:x0=1  p2:x0=0  p2:x2=1  : 5288
 p1:x0=1  p2:x0=1  p2:x2=1  : 13
 p1:x0=0  p2:x0=1  p2:x2=0  : 11
Observation WRC.TRT1+dsb-tlbiis-dsb+dmb: 0 (of 500000)
P0			P1			P2			P3			

Test WRC.TRT.inv+po+dmb:
 p1:x0=1  p2:x0=0  p2:x2=0  : 26483
 p1:x0=1  p2:x0=0  p2:x2=1  : 471310
 p1:x0=0  p2:x0=0  p2:x2=0  : 306
 p1:x0=0  p2:x0=0  p2:x2=1  : 1810
 p1:x0=1  p2:x0=1  p2:x2=1  : 7
 p1:x0=1  p2:x0=1  p2:x2=0  : 55
 p1:x0=0  p2:x0=1  p2:x2=0  : 29
Observation WRC.TRT.inv+po+dmb: 0 (of 500000)
P0			P1			P2			P3			

Test WRC.TRT.inv+po+addr:
 p1:x0=1  p2:x0=0  p2:x2=0  : 109760
 p1:x0=1  p2:x0=0  p2:x2=1  : 372865
 p1:x0=0  p2:x0=0  p2:x2=1  : 6255
 p1:x0=0  p2:x0=0  p2:x2=0  : 10910
 p1:x0=0  p2:x0=1  p2:x2=0  : 167
 p1:x0=1  p2:x0=1  p2:x2=0  : 38
 p1:x0=1  p2:x0=1  p2:x2=1  : 5
Observation WRC.TRT.inv+po+addr: 0 (of 500000)
P0			P1			P2			P3			

Test ISA2.TRR+dmb+po+dmb:
 p1:x0=0  p2:x0=1  p2:x2=0  : 6551
 p1:x0=0  p2:x0=0  p2:x2=0  : 326549
 p1:x0=0  p2:x0=0  p2:x2=1  : 151390
 p1:x0=0  p2:x0=1  p2:x2=1  : 15510
Observation ISA2.TRR+dmb+po+dmb: 0 (of 500000)
2/10
++ echo Starting bin/qemu_litmus.exe
Starting bin/qemu_litmus.exe
+++ mktemp
++ tmp=/var/folders/d1/0tln42p93n106lk1pgdnhks00000gn/T/tmp.thfr7LtA
++ base64 -d
++ zcat
++ qemu-system-aarch64 -nodefaults -machine virt -cpu cortex-a57 -device virtio-serial-device -device virtconsole,chardev=ctd -chardev testdev,id=ctd -device pci-testdev -display none -serial stdio -kernel /var/folders/d1/0tln42p93n106lk1pgdnhks00000gn/T/tmp.thfr7LtA -smp 4 -append '-p -n500000'
P0			P1			P2			P3			

Test MP+pos:
 p1:x0=1  p1:x2=1  : 27394
 p1:x0=0  p1:x2=1  : 446070
 p1:x0=0  p1:x2=0  : 26536
Observation MP+pos: 0 (of 500000)
P0			P1			P2			P3			

Test MP+dmbs:
 p1:x0=1  p1:x2=1  : 23689
 p1:x0=0  p1:x2=0  : 22842
 p1:x0=0  p1:x2=1  : 453469
Observation MP+dmbs: 0 (of 500000)
P0			P1			P2			P3			

Test SB+pos:
 p0:x2=1  p1:x2=0  : 22525
 p0:x2=1  p1:x2=1  : 455136
 p0:x2=0  p1:x2=1  : 22339
Observation SB+pos: 0 (of 500000)
P0			P1			P2			P3			

Test SB+dmbs:
 p0:x2=1  p1:x2=1  : 484273
 p0:x2=1  p1:x2=0  : 7884
 p0:x2=0  p1:x2=1  : 7843
Observation SB+dmbs: 0 (of 500000)
P0			P1			P2			P3			

Test WRC+pos:
 p1:x0=1  p2:x0=1  p2:x2=1  : 5468
 p1:x0=0  p2:x0=0  p2:x2=1  : 212955
 p1:x0=1  p2:x0=0  p2:x2=1  : 247244
 p1:x0=0  p2:x0=1  p2:x2=0  : 381
 p1:x0=0  p2:x0=0  p2:x2=0  : 16400
 p1:x0=1  p2:x0=0  p2:x2=0  : 3874
 p1:x0=0  p2:x0=1  p2:x2=1  : 13678
Observation WRC+pos: 0 (of 500000)
P0			P1			P2			P3			

Test WRC+addrs:
 p1:x0=1  p2:x0=1  p2:x2=1  : 4063
 p1:x0=0  p2:x0=0  p2:x2=1  : 256290
 p1:x0=1  p2:x0=0  p2:x2=1  : 205541
 p1:x0=0  p2:x0=1  p2:x2=1  : 14457
 p1:x0=0  p2:x0=0  p2:x2=0  : 15792
 p1:x0=1  p2:x0=0  p2:x2=0  : 3343
 p1:x0=0  p2:x0=1  p2:x2=0  : 514
Observation WRC+addrs: 0 (of 500000)
P0			P1			P2			P3			

Test MP+dmb+svc:
 p1:x0=0  p1:x2=1  : 499258
 p1:x0=1  p1:x2=1  : 580
 p1:x0=0  p1:x2=0  : 162
Observation MP+dmb+svc: 0 (of 500000)
P0			P1			P2			P3			

Test MP+dmb+eret:
 p1:x0=1  p1:x2=1  : 499662
 p1:x0=0  p1:x2=1  : 182
 p1:x0=0  p1:x2=0  : 156
Observation MP+dmb+eret: 0 (of 500000)
P0			P1			P2			P3			

Test WRC.AT+ctrl+dsb:
 p1:x2=1  p2:x0=0  p2:x2=0  : 245969
 p1:x2=1  p2:x0=1  p2:x2=1  : 2950
 p1:x2=0  p2:x0=0  p2:x2=1  : 43320
 p1:x2=0  p2:x0=0  p2:x2=0  : 188596
 p1:x2=1  p2:x0=0  p2:x2=1  : 14401
 p1:x2=1  p2:x0=1  p2:x2=0  : 3714
 p1:x2=0  p2:x0=1  p2:x2=1  : 1050
Observation WRC.AT+ctrl+dsb: 0 (of 500000)
P0			P1			P2			P3			

Test CoWT1+dsb-tlbi-dsb:
 p0:x2=2  : 500000
Observation CoWT1+dsb-tlbi-dsb: 0 (of 500000)
P0			P1			P2			P3			

Test CoWT+dsb-svc-tlbi-dsb:
 p0:x2=2  : 500000
Observation CoWT+dsb-svc-tlbi-dsb: 0 (of 500000)
P0			P1			P2			P3			

Test MP.RT+svc-dsb-tlbiis-dsb+dsb-isb:
 p1:x0=0  p1:x2=0  : 499865
 p1:x0=0  p1:x2=1  : 121
 p1:x0=1  p1:x2=1  : 14
Observation MP.RT+svc-dsb-tlbiis-dsb+dsb-isb: 0 (of 500000)
P0			P1			P2			P3			

Test MP.RT1+dsb-tlbiis-dsb+dsb-isb:
 p1:x0=0  p1:x2=0  : 4237
 p1:x0=0  p1:x2=1  : 495131
 p1:x0=1  p1:x2=1  : 632
Observation MP.RT1+dsb-tlbiis-dsb+dsb-isb: 0 (of 500000)
P0			P1			P2			P3			

Test MP.RT1+dsb-tlbiall-dsb+dsb-isb:
 p1:x0=0  p1:x2=0  : 26287
 p1:x0=0  p1:x2=1  : 473257
 p1:x0=1  p1:x2=1  : 456
Observation MP.RT1+dsb-tlbiall-dsb+dsb-isb: 0 (of 500000)
P0			P1			P2			P3			

Test MP.RT1+dsb-tlbiis-dsb-tlbiis-dsb+dsb-isb:
 p1:x0=0  p1:x2=0  : 8368
 p1:x0=0  p1:x2=1  : 491356
 p1:x0=1  p1:x2=1  : 276
Observation MP.RT1+dsb-tlbiis-dsb-tlbiis-dsb+dsb-isb: 0 (of 500000)
P0			P1			P2			P3			

Test CoWT.inv+dsb:
 p0:x4=0  : 500000
Observation CoWT.inv+dsb: 0 (of 500000)
P0			P1			P2			P3			

Test CoWT.inv+dsb-isb:
 p0:x4=0  : 500000
Observation CoWT.inv+dsb-isb: 0 (of 500000)
P0			P1			P2			P3			

Test CoWT+dsb:
 p0:x2=2  : 500000
Observation CoWT+dsb: 0 (of 500000)
P0			P1			P2			P3			

Test CoWT:
 p0:x2=2  : 500000
Observation CoWT: 0 (of 500000)
P0			P1			P2			P3			

Test CoWT.inv:
 p0:x4=0  : 500000
Observation CoWT.inv: 0 (of 500000)
P0			P1			P2			P3			

Test CoWinvT:
 p0:x4=1  : 500000
Observation CoWinvT: 0 (of 500000)
P0			P1			P2			P3			

Test CoWinvT1+dsb-tlbi-dsb:
 p0:x4=1  : 500000
Observation CoWinvT1+dsb-tlbi-dsb: 0 (of 500000)
P0			P1			P2			P3			

Test CoWT+dsb-isb:
 p0:x2=2  : 500000
Observation CoWT+dsb-isb: 0 (of 500000)
P0			P1			P2			P3			

Test CoTR:
 p1:x0=0  p1:x2=0  : 28809
 p1:x0=0  p1:x2=1  : 427553
 p1:x0=1  p1:x2=1  : 43638
Observation CoTR: 0 (of 500000)
P0			P1			P2			P3			

Test CoTR.inv:
 p1:x0=1  p1:x2=1  : 19136
 p1:x0=0  p1:x2=1  : 480779
 p1:x0=0  p1:x2=0  : 85
Observation CoTR.inv: 0 (of 500000)
P0			P1			P2			P3			

Test CoTR.inv+dsb-isb:
 p1:x0=1  p1:x2=1  : 14848
 p1:x0=0  p1:x2=1  : 485074
 p1:x0=0  p1:x2=0  : 78
Observation CoTR.inv+dsb-isb: 0 (of 500000)
P0			P1			P2			P3			

Test CoTR+addr:
 p1:x0=0  p1:x2=0  : 12711
 p1:x0=1  p1:x2=1  : 231569
 p1:x0=0  p1:x2=1  : 255720
Observation CoTR+addr: 0 (of 500000)
P0			P1			P2			P3			

Test CoTR+dmb:
 p1:x0=0  p1:x2=0  : 12172
 p1:x0=1  p1:x2=1  : 107967
 p1:x0=1  p1:x2=0  : 1 *
 p1:x0=0  p1:x2=1  : 379860
Observation CoTR+dmb: 1 (of 500000)
P0			P1			P2			P3			

Test CoTR+dsb:
 p1:x0=0  p1:x2=0  : 26914
 p1:x0=0  p1:x2=1  : 378503
 p1:x0=1  p1:x2=1  : 94583
Observation CoTR+dsb: 0 (of 500000)
P0			P1			P2			P3			

Test CoTR+dsb-isb:
 p1:x0=0  p1:x2=0  : 15218
 p1:x0=0  p1:x2=1  : 439286
 p1:x0=1  p1:x2=0  : 1 *
 p1:x0=1  p1:x2=1  : 45495
Observation CoTR+dsb-isb: 1 (of 500000)
P0			P1			P2			P3			

Test CoTR1.tlbi+dsb-isb:
 p1:x0=1  p1:x2=0  : 1 *
 p1:x0=1  p1:x2=1  : 499676
 p1:x0=0  p1:x2=0  : 305
 p1:x0=0  p1:x2=1  : 18
Observation CoTR1.tlbi+dsb-isb: 1 (of 500000)
P0			P1			P2			P3			

Test MP.RT+svc-dsb-tlbi-dsb+dsb-isb:
 p1:x0=0  p1:x2=0  : 499854
 p1:x0=0  p1:x2=1  : 95
 p1:x0=1  p1:x2=1  : 51
Observation MP.RT+svc-dsb-tlbi-dsb+dsb-isb: 0 (of 500000)
P0			P1			P2			P3			

Test MP.RT1+dsb-tlbi-dsb+dsb-isb:
 p1:x0=0  p1:x2=0  : 4345
 p1:x0=0  p1:x2=1  : 475238
 p1:x0=1  p1:x2=1  : 20417
Observation MP.RT1+dsb-tlbi-dsb+dsb-isb: 0 (of 500000)
P0			P1			P2			P3			

Test MP.RT1+dc-dsb-tlbiall-dsb+dsb-isb:
 p1:x0=0  p1:x2=0  : 6661
 p1:x0=0  p1:x2=1  : 492762
 p1:x0=1  p1:x2=1  : 577
Observation MP.RT1+dc-dsb-tlbiall-dsb+dsb-isb: 0 (of 500000)
P0			P1			P2			P3			

Test MP+dmb+eret:
 p1:x0=1  p1:x2=1  : 499842
 p1:x0=0  p1:x2=0  : 96
 p1:x0=0  p1:x2=1  : 62
Observation MP+dmb+eret: 0 (of 500000)
P0			P1			P2			P3			

Test MP+dmb+svc:
 p1:x0=0  p1:x2=1  : 499478
 p1:x0=0  p1:x2=0  : 117
 p1:x0=1  p1:x2=1  : 405
Observation MP+dmb+svc: 0 (of 500000)
P0			P1			P2			P3			

Test MP.RT.inv+dmb+addr:
 p1:x0=1  p1:x2=0  : 295
 p1:x0=0  p1:x2=1  : 483378
 p1:x0=0  p1:x2=0  : 16327
Observation MP.RT.inv+dmb+addr: 0 (of 500000)
P0			P1			P2			P3			

Test WRC.TRR+addr+dmb:
 p1:x0=0  p2:x0=1  p2:x2=1  : 177788
 p1:x0=0  p2:x0=0  p2:x2=1  : 310612
 p1:x0=1  p2:x0=0  p2:x2=1  : 10292
 p1:x0=1  p2:x0=1  p2:x2=1  : 1308
Observation WRC.TRR+addr+dmb: 0 (of 500000)
P0			P1			P2			P3			

Test WRC.TRR.inv+addrs:
 p1:x0=0  p2:x0=0  p2:x2=1  : 499460
 p1:x0=1  p2:x0=0  p2:x2=1  : 407
 p1:x0=1  p2:x0=1  p2:x2=1  : 44
 p1:x0=0  p2:x0=1  p2:x2=1  : 89
Observation WRC.TRR.inv+addrs: 0 (of 500000)
P0			P1			P2			P3			

Test WRC.TRT+addr+dmb:
 p1:x0=0  p2:x0=1  p2:x2=0  : 13210
 p1:x0=0  p2:x0=0  p2:x2=1  : 50317
 p1:x0=0  p2:x0=1  p2:x2=1  : 19113
 p1:x0=0  p2:x0=0  p2:x2=0  : 391863
 p1:x0=1  p2:x0=0  p2:x2=1  : 15654
 p1:x0=1  p2:x0=0  p2:x2=0  : 9437
 p1:x0=1  p2:x0=1  p2:x2=1  : 406
Observation WRC.TRT+addr+dmb: 0 (of 500000)
P0			P1			P2			P3			

Test WRC.TRT+dmbs:
 p1:x0=0  p2:x0=0  p2:x2=0  : 391696
 p1:x0=1  p2:x0=0  p2:x2=0  : 7345
 p1:x0=0  p2:x0=0  p2:x2=1  : 61863
 p1:x0=0  p2:x0=1  p2:x2=0  : 11932
 p1:x0=0  p2:x0=1  p2:x2=1  : 14664
 p1:x0=1  p2:x0=0  p2:x2=1  : 12188
 p1:x0=1  p2:x0=1  p2:x2=1  : 312
Observation WRC.TRT+dmbs: 0 (of 500000)
P0			P1			P2			P3			

Test WRC.TRT+dsb-isbs:
 p1:x0=0  p2:x0=0  p2:x2=0  : 385802
 p1:x0=0  p2:x0=0  p2:x2=1  : 55109
 p1:x0=0  p2:x0=1  p2:x2=1  : 18291
 p1:x0=1  p2:x0=0  p2:x2=0  : 9517
 p1:x0=0  p2:x0=1  p2:x2=0  : 13616
 p1:x0=1  p2:x0=0  p2:x2=1  : 17274
 p1:x0=1  p2:x0=1  p2:x2=1  : 391
Observation WRC.TRT+dsb-isbs: 0 (of 500000)
P0			P1			P2			P3			

Test WRC.TRT.inv+dsb-isbs:
 p1:x0=1  p2:x0=0  p2:x2=0  : 15520
 p1:x0=1  p2:x0=0  p2:x2=1  : 482813
 p1:x0=0  p2:x0=0  p2:x2=1  : 1442
 p1:x0=0  p2:x0=0  p2:x2=0  : 164
 p1:x0=0  p2:x0=1  p2:x2=0  : 22
 p1:x0=1  p2:x0=1  p2:x2=1  : 5
 p1:x0=1  p2:x0=1  p2:x2=0  : 34
Observation WRC.TRT.inv+dsb-isbs: 0 (of 500000)
P0			P1			P2			P3			

Test WRC.TRT1+dsb-tlbiis-dsb+dmb:
 p1:x0=0  p2:x0=0  p2:x2=0  : 404610
 p1:x0=0  p2:x0=0  p2:x2=1  : 88678
 p1:x0=1  p2:x0=0  p2:x2=1  : 3559
 p1:x0=1  p2:x0=0  p2:x2=0  : 2788
 p1:x0=0  p2:x0=1  p2:x2=1  : 341
 p1:x0=0  p2:x0=1  p2:x2=0  : 9
 p1:x0=1  p2:x0=1  p2:x2=1  : 15
Observation WRC.TRT1+dsb-tlbiis-dsb+dmb: 0 (of 500000)
P0			P1			P2			P3			

Test WRC.TRT.inv+po+dmb:
 p1:x0=1  p2:x0=0  p2:x2=0  : 14920
 p1:x0=1  p2:x0=0  p2:x2=1  : 483726
 p1:x0=0  p2:x0=0  p2:x2=0  : 149
 p1:x0=0  p2:x0=0  p2:x2=1  : 1163
 p1:x0=0  p2:x0=1  p2:x2=0  : 17
 p1:x0=1  p2:x0=1  p2:x2=0  : 19
 p1:x0=1  p2:x0=1  p2:x2=1  : 6
Observation WRC.TRT.inv+po+dmb: 0 (of 500000)
P0			P1			P2			P3			

Test WRC.TRT.inv+po+addr:
 p1:x0=0  p2:x0=1  p2:x2=0  : 165
 p1:x0=1  p2:x0=0  p2:x2=1  : 399155
 p1:x0=1  p2:x0=0  p2:x2=0  : 84090
 p1:x0=0  p2:x0=0  p2:x2=0  : 9597
 p1:x0=0  p2:x0=0  p2:x2=1  : 6962
 p1:x0=1  p2:x0=1  p2:x2=1  : 4
 p1:x0=1  p2:x0=1  p2:x2=0  : 27
Observation WRC.TRT.inv+po+addr: 0 (of 500000)
P0			P1			P2			P3			

Test ISA2.TRR+dmb+po+dmb:
 p1:x0=0  p2:x0=1  p2:x2=1  : 22742
 p1:x0=0  p2:x0=1  p2:x2=0  : 11158
 p1:x0=0  p2:x0=0  p2:x2=0  : 352749
 p1:x0=0  p2:x0=0  p2:x2=1  : 113351
Observation ISA2.TRR+dmb+po+dmb: 0 (of 500000)
3/10
++ echo Starting bin/qemu_litmus.exe
Starting bin/qemu_litmus.exe
+++ mktemp
++ tmp=/var/folders/d1/0tln42p93n106lk1pgdnhks00000gn/T/tmp.Or0Ln6dt
++ base64 -d
++ zcat
++ qemu-system-aarch64 -nodefaults -machine virt -cpu cortex-a57 -device virtio-serial-device -device virtconsole,chardev=ctd -chardev testdev,id=ctd -device pci-testdev -display none -serial stdio -kernel /var/folders/d1/0tln42p93n106lk1pgdnhks00000gn/T/tmp.Or0Ln6dt -smp 4 -append '-p -n500000'
P0			P1			P2			P3			

Test MP+pos:
 p1:x0=1  p1:x2=1  : 19864
 p1:x0=0  p1:x2=0  : 20464
 p1:x0=0  p1:x2=1  : 459672
Observation MP+pos: 0 (of 500000)
P0			P1			P2			P3			

Test MP+dmbs:
 p1:x0=1  p1:x2=1  : 14242
 p1:x0=0  p1:x2=1  : 470937
 p1:x0=0  p1:x2=0  : 14821
Observation MP+dmbs: 0 (of 500000)
P0			P1			P2			P3			

Test SB+pos:
 p0:x2=1  p1:x2=1  : 468510
 p0:x2=1  p1:x2=0  : 15949
 p0:x2=0  p1:x2=1  : 15541
Observation SB+pos: 0 (of 500000)
P0			P1			P2			P3			

Test SB+dmbs:
 p0:x2=0  p1:x2=1  : 42031
 p0:x2=1  p1:x2=1  : 415499
 p0:x2=1  p1:x2=0  : 42470
Observation SB+dmbs: 0 (of 500000)
P0			P1			P2			P3			

Test WRC+pos:
 p1:x0=0  p2:x0=1  p2:x2=1  : 15976
 p1:x0=1  p2:x0=0  p2:x2=1  : 219201
 p1:x0=0  p2:x0=0  p2:x2=0  : 18122
 p1:x0=0  p2:x0=0  p2:x2=1  : 236977
 p1:x0=0  p2:x0=1  p2:x2=0  : 516
 p1:x0=1  p2:x0=0  p2:x2=0  : 4102
 p1:x0=1  p2:x0=1  p2:x2=1  : 5106
Observation WRC+pos: 0 (of 500000)
P0			P1			P2			P3			

Test WRC+addrs:
 p1:x0=0  p2:x0=1  p2:x2=1  : 17203
 p1:x0=0  p2:x0=0  p2:x2=1  : 267025
 p1:x0=1  p2:x0=0  p2:x2=1  : 186135
 p1:x0=1  p2:x0=1  p2:x2=1  : 6089
 p1:x0=0  p2:x0=0  p2:x2=0  : 17990
 p1:x0=1  p2:x0=0  p2:x2=0  : 5042
 p1:x0=0  p2:x0=1  p2:x2=0  : 516
Observation WRC+addrs: 0 (of 500000)
P0			P1			P2			P3			

Test MP+dmb+svc:
 p1:x0=0  p1:x2=1  : 499181
 p1:x0=1  p1:x2=1  : 694
 p1:x0=0  p1:x2=0  : 125
Observation MP+dmb+svc: 0 (of 500000)
P0			P1			P2			P3			

Test MP+dmb+eret:
 p1:x0=1  p1:x2=1  : 499744
 p1:x0=0  p1:x2=0  : 134
 p1:x0=0  p1:x2=1  : 122
Observation MP+dmb+eret: 0 (of 500000)
P0			P1			P2			P3			

Test WRC.AT+ctrl+dsb:
 p1:x2=1  p2:x0=0  p2:x2=0  : 223715
 p1:x2=1  p2:x0=1  p2:x2=1  : 2670
 p1:x2=0  p2:x0=0  p2:x2=0  : 211983
 p1:x2=0  p2:x0=0  p2:x2=1  : 43893
 p1:x2=1  p2:x0=0  p2:x2=1  : 13065
 p1:x2=0  p2:x0=1  p2:x2=1  : 1303
 p1:x2=1  p2:x0=1  p2:x2=0  : 3371
Observation WRC.AT+ctrl+dsb: 0 (of 500000)
P0			P1			P2			P3			

Test CoWT1+dsb-tlbi-dsb:
 p0:x2=2  : 500000
Observation CoWT1+dsb-tlbi-dsb: 0 (of 500000)
P0			P1			P2			P3			

Test CoWT+dsb-svc-tlbi-dsb:
 p0:x2=2  : 500000
Observation CoWT+dsb-svc-tlbi-dsb: 0 (of 500000)
P0			P1			P2			P3			

Test MP.RT+svc-dsb-tlbiis-dsb+dsb-isb:
 p1:x0=0  p1:x2=0  : 499872
 p1:x0=0  p1:x2=1  : 119
 p1:x0=1  p1:x2=1  : 9
Observation MP.RT+svc-dsb-tlbiis-dsb+dsb-isb: 0 (of 500000)
P0			P1			P2			P3			

Test MP.RT1+dsb-tlbiis-dsb+dsb-isb:
 p1:x0=0  p1:x2=0  : 3983
 p1:x0=0  p1:x2=1  : 495549
 p1:x0=1  p1:x2=1  : 468
Observation MP.RT1+dsb-tlbiis-dsb+dsb-isb: 0 (of 500000)
P0			P1			P2			P3			

Test MP.RT1+dsb-tlbiall-dsb+dsb-isb:
 p1:x0=0  p1:x2=1  : 495250
 p1:x0=0  p1:x2=0  : 4719
 p1:x0=1  p1:x2=1  : 31
Observation MP.RT1+dsb-tlbiall-dsb+dsb-isb: 0 (of 500000)
P0			P1			P2			P3			

Test MP.RT1+dsb-tlbiis-dsb-tlbiis-dsb+dsb-isb:
 p1:x0=0  p1:x2=0  : 3011
 p1:x0=0  p1:x2=1  : 496844
 p1:x0=1  p1:x2=1  : 145
Observation MP.RT1+dsb-tlbiis-dsb-tlbiis-dsb+dsb-isb: 0 (of 500000)
P0			P1			P2			P3			

Test CoWT.inv+dsb:
 p0:x4=0  : 500000
Observation CoWT.inv+dsb: 0 (of 500000)
P0			P1			P2			P3			

Test CoWT.inv+dsb-isb:
 p0:x4=0  : 500000
Observation CoWT.inv+dsb-isb: 0 (of 500000)
P0			P1			P2			P3			

Test CoWT+dsb:
 p0:x2=2  : 500000
Observation CoWT+dsb: 0 (of 500000)
P0			P1			P2			P3			

Test CoWT:
 p0:x2=2  : 500000
Observation CoWT: 0 (of 500000)
P0			P1			P2			P3			

Test CoWT.inv:
 p0:x4=0  : 500000
Observation CoWT.inv: 0 (of 500000)
P0			P1			P2			P3			

Test CoWinvT:
 p0:x4=1  : 500000
Observation CoWinvT: 0 (of 500000)
P0			P1			P2			P3			

Test CoWinvT1+dsb-tlbi-dsb:
 p0:x4=1  : 500000
Observation CoWinvT1+dsb-tlbi-dsb: 0 (of 500000)
P0			P1			P2			P3			

Test CoWT+dsb-isb:
 p0:x2=2  : 500000
Observation CoWT+dsb-isb: 0 (of 500000)
P0			P1			P2			P3			

Test CoTR:
 p1:x0=0  p1:x2=0  : 25470
 p1:x0=0  p1:x2=1  : 422815
 p1:x0=1  p1:x2=1  : 51715
Observation CoTR: 0 (of 500000)
P0			P1			P2			P3			

Test CoTR.inv:
 p1:x0=1  p1:x2=1  : 6582
 p1:x0=0  p1:x2=1  : 493404
 p1:x0=0  p1:x2=0  : 14
Observation CoTR.inv: 0 (of 500000)
P0			P1			P2			P3			

Test CoTR.inv+dsb-isb:
 p1:x0=1  p1:x2=1  : 6007
 p1:x0=0  p1:x2=1  : 493972
 p1:x0=0  p1:x2=0  : 21
Observation CoTR.inv+dsb-isb: 0 (of 500000)
P0			P1			P2			P3			

Test CoTR+addr:
 p1:x0=0  p1:x2=0  : 7499
 p1:x0=0  p1:x2=1  : 470736
 p1:x0=1  p1:x2=1  : 21765
Observation CoTR+addr: 0 (of 500000)
P0			P1			P2			P3			

Test CoTR+dmb:
 p1:x0=1  p1:x2=0  : 2 *
 p1:x0=0  p1:x2=1  : 473594
 p1:x0=1  p1:x2=1  : 18807
 p1:x0=0  p1:x2=0  : 7597
Observation CoTR+dmb: 2 (of 500000)
P0			P1			P2			P3			

Test CoTR+dsb:
 p1:x0=0  p1:x2=0  : 9125
 p1:x0=1  p1:x2=1  : 31742
 p1:x0=0  p1:x2=1  : 459133
Observation CoTR+dsb: 0 (of 500000)
P0			P1			P2			P3			

Test CoTR+dsb-isb:
 p1:x0=0  p1:x2=0  : 7518
 p1:x0=1  p1:x2=1  : 17398
 p1:x0=0  p1:x2=1  : 475084
Observation CoTR+dsb-isb: 0 (of 500000)
P0			P1			P2			P3			

Test CoTR1.tlbi+dsb-isb:
 p1:x0=0  p1:x2=0  : 391
 p1:x0=1  p1:x2=1  : 499573
 p1:x0=1  p1:x2=0  : 2 *
 p1:x0=0  p1:x2=1  : 34
Observation CoTR1.tlbi+dsb-isb: 2 (of 500000)
P0			P1			P2			P3			

Test MP.RT+svc-dsb-tlbi-dsb+dsb-isb:
 p1:x0=0  p1:x2=0  : 499804
 p1:x0=0  p1:x2=1  : 150
 p1:x0=1  p1:x2=1  : 46
Observation MP.RT+svc-dsb-tlbi-dsb+dsb-isb: 0 (of 500000)
P0			P1			P2			P3			

Test MP.RT1+dsb-tlbi-dsb+dsb-isb:
 p1:x0=0  p1:x2=0  : 7644
 p1:x0=0  p1:x2=1  : 490694
 p1:x0=1  p1:x2=1  : 1662
Observation MP.RT1+dsb-tlbi-dsb+dsb-isb: 0 (of 500000)
P0			P1			P2			P3			

Test MP.RT1+dc-dsb-tlbiall-dsb+dsb-isb:
 p1:x0=0  p1:x2=0  : 7023
 p1:x0=0  p1:x2=1  : 492308
 p1:x0=1  p1:x2=1  : 669
Observation MP.RT1+dc-dsb-tlbiall-dsb+dsb-isb: 0 (of 500000)
P0			P1			P2			P3			

Test MP+dmb+eret:
 p1:x0=1  p1:x2=1  : 499765
 p1:x0=0  p1:x2=0  : 133
 p1:x0=0  p1:x2=1  : 102
Observation MP+dmb+eret: 0 (of 500000)
P0			P1			P2			P3			

Test MP+dmb+svc:
 p1:x0=1  p1:x2=1  : 429
 p1:x0=0  p1:x2=1  : 499471
 p1:x0=0  p1:x2=0  : 100
Observation MP+dmb+svc: 0 (of 500000)
P0			P1			P2			P3			

Test MP.RT.inv+dmb+addr:
 p1:x0=1  p1:x2=0  : 549
 p1:x0=0  p1:x2=1  : 475648
 p1:x0=0  p1:x2=0  : 23803
Observation MP.RT.inv+dmb+addr: 0 (of 500000)
P0			P1			P2			P3			

Test WRC.TRR+addr+dmb:
 p1:x0=0  p2:x0=1  p2:x2=1  : 33138
 p1:x0=0  p2:x0=0  p2:x2=1  : 453936
 p1:x0=1  p2:x0=0  p2:x2=1  : 11896
 p1:x0=1  p2:x0=1  p2:x2=1  : 1030
Observation WRC.TRR+addr+dmb: 0 (of 500000)
P0			P1			P2			P3			

Test WRC.TRR.inv+addrs:
 p1:x0=0  p2:x0=0  p2:x2=1  : 499460
 p1:x0=1  p2:x0=0  p2:x2=1  : 402
 p1:x0=0  p2:x0=1  p2:x2=1  : 100
 p1:x0=1  p2:x0=1  p2:x2=1  : 38
Observation WRC.TRR.inv+addrs: 0 (of 500000)
P0			P1			P2			P3			

Test WRC.TRT+addr+dmb:
 p1:x0=0  p2:x0=0  p2:x2=0  : 410134
 p1:x0=0  p2:x0=0  p2:x2=1  : 53635
 p1:x0=0  p2:x0=1  p2:x2=1  : 12446
 p1:x0=0  p2:x0=1  p2:x2=0  : 8533
 p1:x0=1  p2:x0=0  p2:x2=1  : 9333
 p1:x0=1  p2:x0=0  p2:x2=0  : 5552
 p1:x0=1  p2:x0=1  p2:x2=1  : 367
Observation WRC.TRT+addr+dmb: 0 (of 500000)
P0			P1			P2			P3			

Test WRC.TRT+dmbs:
 p1:x0=0  p2:x0=0  p2:x2=0  : 408977
 p1:x0=0  p2:x0=0  p2:x2=1  : 57907
 p1:x0=0  p2:x0=1  p2:x2=0  : 7659
 p1:x0=1  p2:x0=0  p2:x2=0  : 5132
 p1:x0=0  p2:x0=1  p2:x2=1  : 11461
 p1:x0=1  p2:x0=0  p2:x2=1  : 8607
 p1:x0=1  p2:x0=1  p2:x2=1  : 257
Observation WRC.TRT+dmbs: 0 (of 500000)
P0			P1			P2			P3			

Test WRC.TRT+dsb-isbs:
 p1:x0=0  p2:x0=0  p2:x2=0  : 460135
 p1:x0=0  p2:x0=0  p2:x2=1  : 19576
 p1:x0=1  p2:x0=0  p2:x2=1  : 4339
 p1:x0=0  p2:x0=1  p2:x2=1  : 7916
 p1:x0=0  p2:x0=1  p2:x2=0  : 5640
 p1:x0=1  p2:x0=1  p2:x2=1  : 118
 p1:x0=1  p2:x0=0  p2:x2=0  : 2276
Observation WRC.TRT+dsb-isbs: 0 (of 500000)
P0			P1			P2			P3			

Test WRC.TRT.inv+dsb-isbs:
 p1:x0=1  p2:x0=0  p2:x2=0  : 19086
 p1:x0=1  p2:x0=0  p2:x2=1  : 478990
 p1:x0=0  p2:x0=0  p2:x2=1  : 1612
 p1:x0=0  p2:x0=0  p2:x2=0  : 256
 p1:x0=1  p2:x0=1  p2:x2=1  : 5
 p1:x0=0  p2:x0=1  p2:x2=0  : 22
 p1:x0=1  p2:x0=1  p2:x2=0  : 29
Observation WRC.TRT.inv+dsb-isbs: 0 (of 500000)
P0			P1			P2			P3			

Test WRC.TRT1+dsb-tlbiis-dsb+dmb:
 p1:x0=0  p2:x0=0  p2:x2=0  : 417851
 p1:x0=0  p2:x0=0  p2:x2=1  : 74593
 p1:x0=1  p2:x0=0  p2:x2=0  : 2824
 p1:x0=1  p2:x0=0  p2:x2=1  : 4378
 p1:x0=0  p2:x0=1  p2:x2=1  : 336
 p1:x0=1  p2:x0=1  p2:x2=1  : 10
 p1:x0=0  p2:x0=1  p2:x2=0  : 8
Observation WRC.TRT1+dsb-tlbiis-dsb+dmb: 0 (of 500000)
P0			P1			P2			P3			

Test WRC.TRT.inv+po+dmb:
 p1:x0=1  p2:x0=0  p2:x2=0  : 14883
 p1:x0=1  p2:x0=0  p2:x2=1  : 483728
 p1:x0=0  p2:x0=0  p2:x2=0  : 168
 p1:x0=0  p2:x0=0  p2:x2=1  : 1187
 p1:x0=1  p2:x0=1  p2:x2=0  : 16
 p1:x0=0  p2:x0=1  p2:x2=0  : 12
 p1:x0=1  p2:x0=1  p2:x2=1  : 6
Observation WRC.TRT.inv+po+dmb: 0 (of 500000)
P0			P1			P2			P3			

Test WRC.TRT.inv+po+addr:
 p1:x0=1  p2:x0=0  p2:x2=0  : 100220
 p1:x0=1  p2:x0=0  p2:x2=1  : 384119
 p1:x0=0  p2:x0=0  p2:x2=1  : 6121
 p1:x0=0  p2:x0=0  p2:x2=0  : 9331
 p1:x0=0  p2:x0=1  p2:x2=0  : 153
 p1:x0=1  p2:x0=1  p2:x2=0  : 50
 p1:x0=1  p2:x0=1  p2:x2=1  : 6
Observation WRC.TRT.inv+po+addr: 0 (of 500000)
P0			P1			P2			P3			

Test ISA2.TRR+dmb+po+dmb:
 p1:x0=0  p2:x0=1  p2:x2=1  : 14732
 p1:x0=0  p2:x0=0  p2:x2=1  : 214141
 p1:x0=0  p2:x0=0  p2:x2=0  : 264991
 p1:x0=0  p2:x0=1  p2:x2=0  : 6136
Observation ISA2.TRR+dmb+po+dmb: 0 (of 500000)
4/10
++ echo Starting bin/qemu_litmus.exe
Starting bin/qemu_litmus.exe
+++ mktemp
++ tmp=/var/folders/d1/0tln42p93n106lk1pgdnhks00000gn/T/tmp.Si0GvtSW
++ base64 -d
++ zcat
++ qemu-system-aarch64 -nodefaults -machine virt -cpu cortex-a57 -device virtio-serial-device -device virtconsole,chardev=ctd -chardev testdev,id=ctd -device pci-testdev -display none -serial stdio -kernel /var/folders/d1/0tln42p93n106lk1pgdnhks00000gn/T/tmp.Si0GvtSW -smp 4 -append '-p -n500000'
P0			P1			P2			P3			

Test MP+pos:
 p1:x0=1  p1:x2=1  : 22517
 p1:x0=0  p1:x2=0  : 22089
 p1:x0=0  p1:x2=1  : 455394
Observation MP+pos: 0 (of 500000)
P0			P1			P2			P3			

Test MP+dmbs:
 p1:x0=1  p1:x2=1  : 22073
 p1:x0=0  p1:x2=1  : 455035
 p1:x0=0  p1:x2=0  : 22892
Observation MP+dmbs: 0 (of 500000)
P0			P1			P2			P3			

Test SB+pos:
 p0:x2=1  p1:x2=1  : 462804
 p0:x2=0  p1:x2=1  : 18449
 p0:x2=1  p1:x2=0  : 18747
Observation SB+pos: 0 (of 500000)
P0			P1			P2			P3			

Test SB+dmbs:
 p0:x2=1  p1:x2=0  : 6367
 p0:x2=1  p1:x2=1  : 487495
 p0:x2=0  p1:x2=1  : 6138
Observation SB+dmbs: 0 (of 500000)
P0			P1			P2			P3			

Test WRC+pos:
 p1:x0=0  p2:x0=1  p2:x2=1  : 1648
 p1:x0=0  p2:x0=0  p2:x2=0  : 1964
 p1:x0=1  p2:x0=0  p2:x2=1  : 142578
 p1:x0=0  p2:x0=0  p2:x2=1  : 352927
 p1:x0=1  p2:x0=0  p2:x2=0  : 392
 p1:x0=1  p2:x0=1  p2:x2=1  : 470
 p1:x0=0  p2:x0=1  p2:x2=0  : 21
Observation WRC+pos: 0 (of 500000)
P0			P1			P2			P3			

Test WRC+addrs:
 p1:x0=1  p2:x0=1  p2:x2=1  : 419
 p1:x0=0  p2:x0=0  p2:x2=1  : 358298
 p1:x0=1  p2:x0=0  p2:x2=1  : 136969
 p1:x0=0  p2:x0=0  p2:x2=0  : 2182
 p1:x0=0  p2:x0=1  p2:x2=1  : 1728
 p1:x0=0  p2:x0=1  p2:x2=0  : 32
 p1:x0=1  p2:x0=0  p2:x2=0  : 372
Observation WRC+addrs: 0 (of 500000)
P0			P1			P2			P3			

Test MP+dmb+svc:
 p1:x0=0  p1:x2=1  : 499913
 p1:x0=1  p1:x2=1  : 61
 p1:x0=0  p1:x2=0  : 26
Observation MP+dmb+svc: 0 (of 500000)
P0			P1			P2			P3			

Test MP+dmb+eret:
 p1:x0=1  p1:x2=1  : 499955
 p1:x0=0  p1:x2=0  : 32
 p1:x0=0  p1:x2=1  : 13
Observation MP+dmb+eret: 0 (of 500000)
P0			P1			P2			P3			

Test WRC.AT+ctrl+dsb:
 p1:x2=1  p2:x0=0  p2:x2=0  : 312312
 p1:x2=0  p2:x0=0  p2:x2=0  : 163085
 p1:x2=0  p2:x0=0  p2:x2=1  : 10846
 p1:x2=1  p2:x0=0  p2:x2=1  : 12964
 p1:x2=1  p2:x0=1  p2:x2=0  : 284
 p1:x2=0  p2:x0=1  p2:x2=1  : 134
 p1:x2=1  p2:x0=1  p2:x2=1  : 375
Observation WRC.AT+ctrl+dsb: 0 (of 500000)
P0			P1			P2			P3			

Test CoWT1+dsb-tlbi-dsb:
 p0:x2=2  : 500000
Observation CoWT1+dsb-tlbi-dsb: 0 (of 500000)
P0			P1			P2			P3			

Test CoWT+dsb-svc-tlbi-dsb:
 p0:x2=2  : 500000
Observation CoWT+dsb-svc-tlbi-dsb: 0 (of 500000)
P0			P1			P2			P3			

Test MP.RT+svc-dsb-tlbiis-dsb+dsb-isb:
 p1:x0=0  p1:x2=0  : 499834
 p1:x0=0  p1:x2=1  : 156
 p1:x0=1  p1:x2=1  : 10
Observation MP.RT+svc-dsb-tlbiis-dsb+dsb-isb: 0 (of 500000)
P0			P1			P2			P3			

Test MP.RT1+dsb-tlbiis-dsb+dsb-isb:
 p1:x0=0  p1:x2=0  : 10329
 p1:x0=0  p1:x2=1  : 489155
 p1:x0=1  p1:x2=1  : 516
Observation MP.RT1+dsb-tlbiis-dsb+dsb-isb: 0 (of 500000)
P0			P1			P2			P3			

Test MP.RT1+dsb-tlbiall-dsb+dsb-isb:
 p1:x0=0  p1:x2=0  : 68976
 p1:x0=0  p1:x2=1  : 430524
 p1:x0=1  p1:x2=1  : 500
Observation MP.RT1+dsb-tlbiall-dsb+dsb-isb: 0 (of 500000)
P0			P1			P2			P3			

Test MP.RT1+dsb-tlbiis-dsb-tlbiis-dsb+dsb-isb:
 p1:x0=0  p1:x2=0  : 4481
 p1:x0=0  p1:x2=1  : 495432
 p1:x0=1  p1:x2=1  : 87
Observation MP.RT1+dsb-tlbiis-dsb-tlbiis-dsb+dsb-isb: 0 (of 500000)
P0			P1			P2			P3			

Test CoWT.inv+dsb:
 p0:x4=0  : 500000
Observation CoWT.inv+dsb: 0 (of 500000)
P0			P1			P2			P3			

Test CoWT.inv+dsb-isb:
 p0:x4=0  : 500000
Observation CoWT.inv+dsb-isb: 0 (of 500000)
P0			P1			P2			P3			

Test CoWT+dsb:
 p0:x2=2  : 500000
Observation CoWT+dsb: 0 (of 500000)
P0			P1			P2			P3			

Test CoWT:
 p0:x2=2  : 500000
Observation CoWT: 0 (of 500000)
P0			P1			P2			P3			

Test CoWT.inv:
 p0:x4=0  : 500000
Observation CoWT.inv: 0 (of 500000)
P0			P1			P2			P3			

Test CoWinvT:
 p0:x4=1  : 500000
Observation CoWinvT: 0 (of 500000)
P0			P1			P2			P3			

Test CoWinvT1+dsb-tlbi-dsb:
 p0:x4=1  : 500000
Observation CoWinvT1+dsb-tlbi-dsb: 0 (of 500000)
P0			P1			P2			P3			

Test CoWT+dsb-isb:
 p0:x2=2  : 500000
Observation CoWT+dsb-isb: 0 (of 500000)
P0			P1			P2			P3			

Test CoTR:
 p1:x0=0  p1:x2=0  : 14840
 p1:x0=0  p1:x2=1  : 464310
 p1:x0=1  p1:x2=1  : 20850
Observation CoTR: 0 (of 500000)
P0			P1			P2			P3			

Test CoTR.inv:
 p1:x0=1  p1:x2=1  : 16199
 p1:x0=0  p1:x2=1  : 483648
 p1:x0=0  p1:x2=0  : 153
Observation CoTR.inv: 0 (of 500000)
P0			P1			P2			P3			

Test CoTR.inv+dsb-isb:
 p1:x0=1  p1:x2=1  : 8558
 p1:x0=0  p1:x2=1  : 491375
 p1:x0=0  p1:x2=0  : 67
Observation CoTR.inv+dsb-isb: 0 (of 500000)
P0			P1			P2			P3			
bash: line 1: 29019 Killed: 9               ./qemu_litmus_local.exe -p -n500000
5/10
++ echo Starting bin/qemu_litmus.exe
Starting bin/qemu_litmus.exe
+++ mktemp
++ tmp=/var/folders/d1/0tln42p93n106lk1pgdnhks00000gn/T/tmp.KbuFElku
++ base64 -d
++ zcat
++ qemu-system-aarch64 -nodefaults -machine virt -cpu cortex-a57 -device virtio-serial-device -device virtconsole,chardev=ctd -chardev testdev,id=ctd -device pci-testdev -display none -serial stdio -kernel /var/folders/d1/0tln42p93n106lk1pgdnhks00000gn/T/tmp.KbuFElku -smp 4 -append '-p -n500000'
qemu-system-aarch64: terminating on signal 15 from pid 30533 (<unknown process>)
Pqemu-system-aarch64: terminating on signal 15 from pid 30533 (<unknown process>)
6/10
++ echo Starting bin/qemu_litmus.exe
Starting bin/qemu_litmus.exe
+++ mktemp
++ tmp=/var/folders/d1/0tln42p93n106lk1pgdnhks00000gn/T/tmp.Q0bhVrmJ
++ base64 -d
++ zcat
++ qemu-system-aarch64 -nodefaults -machine virt -cpu cortex-a57 -device virtio-serial-device -device virtconsole,chardev=ctd -chardev testdev,id=ctd -device pci-testdev -display none -serial stdio -kernel /var/folders/d1/0tln42p93n106lk1pgdnhks00000gn/T/tmp.Q0bhVrmJ -smp 4 -append '-p -n500000'
P0			P1			P2			P3			
./qemu_litmus_local.exe: line 7: 30542 Killed: 9               qemu-system-aarch64 -nodefaults -machine virt -cpu cortex-a57 -device virtio-serial-device -device virtconsole,chardev=ctd -chardev testdev,id=ctd -device pci-testdev -display none -serial stdio -kernel $tmp -smp 4 -append "$*"
7/10
++ echo Starting bin/qemu_litmus.exe
Starting bin/qemu_litmus.exe
+++ mktemp
++ tmp=/var/folders/d1/0tln42p93n106lk1pgdnhks00000gn/T/tmp.eAdalt05
++ zcat
++ base64 -d
++ qemu-system-aarch64 -nodefaults -machine virt -cpu cortex-a57 -device virtio-serial-device -device virtconsole,chardev=ctd -chardev testdev,id=ctd -device pci-testdev -display none -serial stdio -kernel /var/folders/d1/0tln42p93n106lk1pgdnhks00000gn/T/tmp.eAdalt05 -smp 4 -append '-p -n500000'
P0			P1			P2			P3			
./qemu_litmus_local.exe: line 7: 30580 Killed: 9               qemu-system-aarch64 -nodefaults -machine virt -cpu cortex-a57 -device virtio-serial-device -device virtconsole,chardev=ctd -chardev testdev,id=ctd -device pci-testdev -display none -serial stdio -kernel $tmp -smp 4 -append "$*"
8/10
++ echo Starting bin/qemu_litmus.exe
Starting bin/qemu_litmus.exe
+++ mktemp
++ tmp=/var/folders/d1/0tln42p93n106lk1pgdnhks00000gn/T/tmp.NN2AmRaG
++ base64 -d
++ zcat
++ qemu-system-aarch64 -nodefaults -machine virt -cpu cortex-a57 -device virtio-serial-device -device virtconsole,chardev=ctd -chardev testdev,id=ctd -device pci-testdev -display none -serial stdio -kernel /var/folders/d1/0tln42p93n106lk1pgdnhks00000gn/T/tmp.NN2AmRaG -smp 4 -append '-p -n500000'
P0			P1			P2			P3			
qemu-system-aarch64: terminating on signal 15 from pid 30712 (<unknown process>)
