++ echo Starting bin/litmus.exe
Starting bin/litmus.exe
+++ mktemp
++ tmp=/tmp/tmp.vPf6HR0AQ0
++ base64 -d
++ zcat
++ qemu-system-aarch64 -nodefaults -machine virt,accel=kvm,gic-version=host -cpu host -device virtio-serial-device -device virtconsole -display none -serial stdio -kernel /tmp/tmp.vPf6HR0AQ0 -smp 4 -append '@all -n500000 --pgtable'
P0			P1			P2			P3			

Test MP+pos:
 p1:x0=0  p1:x2=0  : 199290
 p1:x0=1  p1:x2=1  : 163616
 p1:x0=0  p1:x2=1  : 113467
 p1:x0=1  p1:x2=0  : 23627 *
Observation MP+pos: 23627 (of 500000)
P0			P1			P2			P3			

Test MP+dmbs:
 p1:x0=0  p1:x2=0  : 163655
 p1:x0=0  p1:x2=1  : 149371
 p1:x0=1  p1:x2=1  : 186974
Observation MP+dmbs: 0 (of 500000)
P0			P1			P2			P3			

Test SB+pos:
 p0:x2=0  p1:x2=1  : 193416
 p0:x2=1  p1:x2=0  : 165727
 p0:x2=0  p1:x2=0  : 61661 *
 p0:x2=1  p1:x2=1  : 79196
Observation SB+pos: 61661 (of 500000)
P0			P1			P2			P3			

Test SB+dmbs:
 p0:x2=0  p1:x2=1  : 191150
 p0:x2=1  p1:x2=0  : 184938
 p0:x2=1  p1:x2=1  : 123912
Observation SB+dmbs: 0 (of 500000)
P0			P1			P2			P3			

Test WRC+pos:
 p1:x0=1  p2:x0=0  p2:x2=0  : 82994
 p1:x0=1  p2:x0=0  p2:x2=1  : 69784
 p1:x0=0  p2:x0=1  p2:x2=0  : 83481
 p1:x0=0  p2:x0=0  p2:x2=0  : 133044
 p1:x0=0  p2:x0=0  p2:x2=1  : 27200
 p1:x0=0  p2:x0=1  p2:x2=1  : 61689
 p1:x0=1  p2:x0=1  p2:x2=1  : 36550
 p1:x0=1  p2:x0=1  p2:x2=0  : 5258 *
Observation WRC+pos: 5258 (of 500000)
P0			P1			P2			P3			

Test WRC+addrs:
 p1:x0=0  p2:x0=0  p2:x2=0  : 71239
 p1:x0=1  p2:x0=0  p2:x2=1  : 170232
 p1:x0=1  p2:x0=0  p2:x2=0  : 68946
 p1:x0=1  p2:x0=1  p2:x2=1  : 27786
 p1:x0=0  p2:x0=1  p2:x2=1  : 90140
 p1:x0=0  p2:x0=0  p2:x2=1  : 60904
 p1:x0=0  p2:x0=1  p2:x2=0  : 10753
Observation WRC+addrs: 0 (of 500000)
P0			P1			P2			P3			

Test MP+dmb+svc:
 p1:x0=0  p1:x2=0  : 216120
 p1:x0=0  p1:x2=1  : 150690
 p1:x0=1  p1:x2=1  : 133190
Observation MP+dmb+svc: 0 (of 500000)
P0			P1			P2			P3			

Test MP+dmb+eret:
 p1:x0=1  p1:x2=1  : 182037
 p1:x0=0  p1:x2=0  : 222316
 p1:x0=0  p1:x2=1  : 95647
Observation MP+dmb+eret: 0 (of 500000)
P0			P1			P2			P3			

Test WRC.AT+ctrl+dsb:
 p1:x2=0  p2:x0=0  p2:x2=1  : 42955
 p1:x2=1  p2:x0=0  p2:x2=0  : 126191
 p1:x2=0  p2:x0=1  p2:x2=0  : 14534 *
 p1:x2=0  p2:x0=0  p2:x2=0  : 67802
 p1:x2=1  p2:x0=1  p2:x2=0  : 113818
 p1:x2=1  p2:x0=0  p2:x2=1  : 31584
 p1:x2=1  p2:x0=1  p2:x2=1  : 76029
 p1:x2=0  p2:x0=1  p2:x2=1  : 27087
Observation WRC.AT+ctrl+dsb: 14534 (of 500000)
P0			P1			P2			P3			

Test CoWT1+dsb-tlbi-dsb:
 p0:x2=2  : 500000
Observation CoWT1+dsb-tlbi-dsb: 0 (of 500000)
P0			P1			P2			P3			

Test CoWT1+dsb-tlbi-dsb-isb:
 p0:x2=2  : 500000
Observation CoWT1+dsb-tlbi-dsb-isb: 0 (of 500000)
P0			P1			P2			P3			

Test CoWT+dsb-svc-tlbi-dsb:
 p0:x2=2  : 500000
Observation CoWT+dsb-svc-tlbi-dsb: 0 (of 500000)
P0			P1			P2			P3			

Test MP.RT+svc-dsb-tlbiis-dsb+dsb-isb:
 p1:x0=0  p1:x2=0  : 279192
 p1:x0=0  p1:x2=1  : 158759
 p1:x0=1  p1:x2=1  : 62049
Observation MP.RT+svc-dsb-tlbiis-dsb+dsb-isb: 0 (of 500000)
P0			P1			P2			P3			

Test MP.RT1+dsb-tlbiis-dsb+dsb-isb:
 p1:x0=0  p1:x2=0  : 281215
 p1:x0=0  p1:x2=1  : 144171
 p1:x0=1  p1:x2=1  : 74614
Observation MP.RT1+dsb-tlbiis-dsb+dsb-isb: 0 (of 500000)
P0			P1			P2			P3			

Test MP.RT1+dsb-tlbiall-dsb+dsb-isb:
 p1:x0=0  p1:x2=0  : 234555
 p1:x0=1  p1:x2=1  : 86078
 p1:x0=0  p1:x2=1  : 179367
Observation MP.RT1+dsb-tlbiall-dsb+dsb-isb: 0 (of 500000)
P0			P1			P2			P3			

Test MP.RT1+dsb-tlbiis-dsb-tlbiis-dsb+dsb-isb:
 p1:x0=1  p1:x2=1  : 71405
 p1:x0=1  p1:x2=0  : 1 *
 p1:x0=0  p1:x2=0  : 257377
 p1:x0=0  p1:x2=1  : 171217
Observation MP.RT1+dsb-tlbiis-dsb-tlbiis-dsb+dsb-isb: 1 (of 500000)
P0			P1			P2			P3			

Test CoWT.inv+dsb:
 p0:x4=0  : 499999
 p0:x4=1  : 1 *
Observation CoWT.inv+dsb: 1 (of 500000)
P0			P1			P2			P3			

Test CoWT.inv+dsb-isb:
 p0:x4=0  : 500000
Observation CoWT.inv+dsb-isb: 0 (of 500000)
P0			P1			P2			P3			

Test CoWT+dsb:
 p0:x2=2  : 250477
 p0:x2=1  : 249523 *
Observation CoWT+dsb: 249523 (of 500000)
P0			P1			P2			P3			

Test CoWT:
 p0:x2=2  : 241749
 p0:x2=1  : 258251 *
Observation CoWT: 258251 (of 500000)
P0			P1			P2			P3			

Test CoWT.inv:
 p0:x4=0  : 500000
Observation CoWT.inv: 0 (of 500000)
P0			P1			P2			P3			

Test CoWinvT:
 p0:x4=1  : 236489
 p0:x4=0  : 263511 *
Observation CoWinvT: 263511 (of 500000)
P0			P1			P2			P3			

Test CoWinvT1+dsb-tlbi-dsb:
 p0:x4=1  : 500000
Observation CoWinvT1+dsb-tlbi-dsb: 0 (of 500000)
P0			P1			P2			P3			

Test CoWT+dsb-isb:
 p0:x2=2  : 248993
 p0:x2=1  : 251007 *
Observation CoWT+dsb-isb: 251007 (of 500000)
P0			P1			P2			P3			

Test CoTR:
 p1:x0=1  p1:x2=0  : 96350 *
 p1:x0=0  p1:x2=0  : 272839
 p1:x0=0  p1:x2=1  : 53512
 p1:x0=1  p1:x2=1  : 77299
Observation CoTR: 96350 (of 500000)
P0			P1			P2			P3			

Test CoTR.inv:
 p1:x0=0  p1:x2=0  : 172610
 p1:x0=1  p1:x2=1  : 134793
 p1:x0=1  p1:x2=0  : 166190 *
 p1:x0=0  p1:x2=1  : 26407
Observation CoTR.inv: 166190 (of 500000)
P0			P1			P2			P3			

Test CoTR.inv+dsb-isb:
 p1:x0=1  p1:x2=1  : 303218
 p1:x0=0  p1:x2=0  : 122122
 p1:x0=0  p1:x2=1  : 74660
Observation CoTR.inv+dsb-isb: 0 (of 500000)
P0			P1			P2			P3			

Test CoTR+addr:
 p1:x0=0  p1:x2=0  : 266435
 p1:x0=1  p1:x2=1  : 149850
 p1:x0=0  p1:x2=1  : 83715
Observation CoTR+addr: 0 (of 500000)
P0			P1			P2			P3			

Test CoTR+dmb:
 p1:x0=0  p1:x2=0  : 242856
 p1:x0=1  p1:x2=1  : 171072
 p1:x0=0  p1:x2=1  : 86072
Observation CoTR+dmb: 0 (of 500000)
P0			P1			P2			P3			

Test CoTR+dsb:
 p1:x0=1  p1:x2=0  : 1 *
 p1:x0=0  p1:x2=0  : 187435
 p1:x0=1  p1:x2=1  : 174591
 p1:x0=0  p1:x2=1  : 137973
Observation CoTR+dsb: 1 (of 500000)
P0			P1			P2			P3			

Test CoTR+dsb-isb:
 p1:x0=0  p1:x2=0  : 167226
 p1:x0=0  p1:x2=1  : 160041
 p1:x0=1  p1:x2=1  : 172733
Observation CoTR+dsb-isb: 0 (of 500000)
P0			P1			P2			P3			

Test CoTR1+dsb-tlbi-dsb-isb:
 p1:x0=0  p1:x2=0  : 109748
 p1:x0=0  p1:x2=1  : 214245
 p1:x0=1  p1:x2=1  : 176007
Observation CoTR1+dsb-tlbi-dsb-isb: 0 (of 500000)
P0			P1			P2			P3			

Test CoTR1+dsb-dc-dsb-tlbi-dsb-isb:
 p1:x0=0  p1:x2=1  : 238942
 p1:x0=0  p1:x2=0  : 79947
 p1:x0=1  p1:x2=1  : 181111
Observation CoTR1+dsb-dc-dsb-tlbi-dsb-isb: 0 (of 500000)
P0			P1			P2			P3			

Test CoTR1.tlbi+dsb-isb:
 p1:x0=0  p1:x2=0  : 60726
 p1:x0=1  p1:x2=1  : 436296
 p1:x0=0  p1:x2=1  : 2978
Observation CoTR1.tlbi+dsb-isb: 0 (of 500000)
P0			P1			P2			P3			

Test MP.RT+svc-dsb-tlbi-dsb+dsb-isb:
 p1:x0=0  p1:x2=1  : 179253
 p1:x0=0  p1:x2=0  : 256055
 p1:x0=1  p1:x2=1  : 64692
Observation MP.RT+svc-dsb-tlbi-dsb+dsb-isb: 0 (of 500000)
P0			P1			P2			P3			

Test MP.RT1+dsb-tlbi-dsb+dsb-isb:
 p1:x0=0  p1:x2=0  : 279775
 p1:x0=1  p1:x2=0  : 1 *
 p1:x0=0  p1:x2=1  : 144181
 p1:x0=1  p1:x2=1  : 76043
Observation MP.RT1+dsb-tlbi-dsb+dsb-isb: 1 (of 500000)
P0			P1			P2			P3			

Test MP.RT1+dc-dsb-tlbiall-dsb+dsb-isb:
 p1:x0=0  p1:x2=1  : 164423
 p1:x0=0  p1:x2=0  : 255555
 p1:x0=1  p1:x2=1  : 80022
Observation MP.RT1+dc-dsb-tlbiall-dsb+dsb-isb: 0 (of 500000)
P0			P1			P2			P3			

Test MP+dmb+eret:
 p1:x0=0  p1:x2=1  : 93902
 p1:x0=1  p1:x2=1  : 199271
 p1:x0=0  p1:x2=0  : 206827
Observation MP+dmb+eret: 0 (of 500000)
P0			P1			P2			P3			

Test MP+dmb+svc:
 p1:x0=1  p1:x2=1  : 133007
 p1:x0=0  p1:x2=1  : 153615
 p1:x0=0  p1:x2=0  : 213378
Observation MP+dmb+svc: 0 (of 500000)
P0			P1			P2			P3			

Test MP.RT.inv+dmb+addr:
 p1:x0=0  p1:x2=0  : 190132
 p1:x0=1  p1:x2=0  : 165160
 p1:x0=0  p1:x2=1  : 144708
Observation MP.RT.inv+dmb+addr: 0 (of 500000)
P0			P1			P2			P3			

Test WRC.TRR+addr+dmb:
 p1:x0=0  p2:x0=1  p2:x2=1  : 135418
 p1:x0=0  p2:x0=0  p2:x2=1  : 196843
 p1:x0=1  p2:x0=0  p2:x2=1  : 149565
 p1:x0=1  p2:x0=1  p2:x2=1  : 18174
Observation WRC.TRR+addr+dmb: 0 (of 500000)
P0			P1			P2			P3			

Test WRC.TRR.inv+addrs:
 p1:x0=0  p2:x0=0  p2:x2=1  : 76865
 p1:x0=1  p2:x0=1  p2:x2=1  : 71332
 p1:x0=0  p2:x0=1  p2:x2=1  : 35105
 p1:x0=1  p2:x0=0  p2:x2=1  : 316698
Observation WRC.TRR.inv+addrs: 0 (of 500000)
P0			P1			P2			P3			

Test WRC.TRT+addr+dmb:
 p1:x0=1  p2:x0=0  p2:x2=1  : 65205
 p1:x0=0  p2:x0=0  p2:x2=0  : 121516
 p1:x0=1  p2:x0=0  p2:x2=0  : 84977
 p1:x0=0  p2:x0=1  p2:x2=0  : 73860
 p1:x0=0  p2:x0=1  p2:x2=1  : 64407
 p1:x0=0  p2:x0=0  p2:x2=1  : 68232
 p1:x0=1  p2:x0=1  p2:x2=1  : 14052
 p1:x0=1  p2:x0=1  p2:x2=0  : 7751 *
Observation WRC.TRT+addr+dmb: 7751 (of 500000)
P0			P1			P2			P3			

Test WRC.TRT+dmbs:
 p1:x0=0  p2:x0=1  p2:x2=0  : 75034
 p1:x0=0  p2:x0=1  p2:x2=1  : 63552
 p1:x0=1  p2:x0=0  p2:x2=0  : 89630
 p1:x0=1  p2:x0=0  p2:x2=1  : 65817
 p1:x0=0  p2:x0=0  p2:x2=1  : 63466
 p1:x0=0  p2:x0=0  p2:x2=0  : 121546
 p1:x0=1  p2:x0=1  p2:x2=1  : 13887
 p1:x0=1  p2:x0=1  p2:x2=0  : 7068 *
Observation WRC.TRT+dmbs: 7068 (of 500000)
P0			P1			P2			P3			

Test WRC.TRT+dsb-isbs:
 p1:x0=1  p2:x0=1  p2:x2=1  : 9521
 p1:x0=0  p2:x0=0  p2:x2=0  : 145311
 p1:x0=1  p2:x0=0  p2:x2=1  : 61195
 p1:x0=0  p2:x0=1  p2:x2=0  : 64815
 p1:x0=1  p2:x0=0  p2:x2=0  : 93912
 p1:x0=0  p2:x0=1  p2:x2=1  : 54917
 p1:x0=0  p2:x0=0  p2:x2=1  : 65321
 p1:x0=1  p2:x0=1  p2:x2=0  : 5008 *
Observation WRC.TRT+dsb-isbs: 5008 (of 500000)
P0			P1			P2			P3			

Test WRC.TRT.inv+dsb-isbs:
 p1:x0=0  p2:x0=1  p2:x2=0  : 32122
 p1:x0=0  p2:x0=0  p2:x2=0  : 337781
 p1:x0=1  p2:x0=0  p2:x2=0  : 43399
 p1:x0=1  p2:x0=0  p2:x2=1  : 36000
 p1:x0=1  p2:x0=1  p2:x2=1  : 8845
 p1:x0=1  p2:x0=1  p2:x2=0  : 22604
 p1:x0=0  p2:x0=0  p2:x2=1  : 19249
Observation WRC.TRT.inv+dsb-isbs: 0 (of 500000)
P0			P1			P2			P3			

Test WRC.TRT1+dsb-tlbiis-dsb+dmb:
 p1:x0=0  p2:x0=0  p2:x2=0  : 150670
 p1:x0=1  p2:x0=0  p2:x2=1  : 82746
 p1:x0=0  p2:x0=0  p2:x2=1  : 128115
 p1:x0=1  p2:x0=0  p2:x2=0  : 108197
 p1:x0=0  p2:x0=1  p2:x2=1  : 13829
 p1:x0=0  p2:x0=1  p2:x2=0  : 4699
 p1:x0=1  p2:x0=1  p2:x2=1  : 11744
Observation WRC.TRT1+dsb-tlbiis-dsb+dmb: 0 (of 500000)
P0			P1			P2			P3			

Test WRC.TRT.inv+po+dmb:
 p1:x0=0  p2:x0=0  p2:x2=0  : 337818
 p1:x0=1  p2:x0=0  p2:x2=0  : 31682
 p1:x0=1  p2:x0=0  p2:x2=1  : 36946
 p1:x0=0  p2:x0=1  p2:x2=0  : 40153
 p1:x0=0  p2:x0=0  p2:x2=1  : 20317
 p1:x0=1  p2:x0=1  p2:x2=1  : 9945
 p1:x0=1  p2:x0=1  p2:x2=0  : 23139
Observation WRC.TRT.inv+po+dmb: 0 (of 500000)
P0			P1			P2			P3			
