++ echo Starting bin/litmus.exe
Starting bin/litmus.exe
+++ mktemp
++ tmp=/tmp/tmp.pEZeHYvRFh
++ base64 -d
++ zcat
++ qemu-system-aarch64 -nodefaults -machine virt,accel=kvm,gic-version=host -cpu host -device virtio-serial-device -device virtconsole -display none -serial stdio -kernel /tmp/tmp.pEZeHYvRFh -smp 4 -append '-p -n500000 MP.RT1+dsb-tlbiis-dsb+dsb-isb'
P0			P1			P2			P3			

Test MP.RT1+dsb-tlbiis-dsb+dsb-isb:
 p1:x0=0  p1:x2=0  : 393473
 p1:x0=0  p1:x2=1  : 102825
 p1:x0=1  p1:x2=1  : 3702
Observation MP.RT1+dsb-tlbiis-dsb+dsb-isb.errata: 0 (of 500000)
1/10
++ echo Starting bin/litmus.exe
Starting bin/litmus.exe
+++ mktemp
++ tmp=/tmp/tmp.ooUBenNFI4
++ base64 -d
++ zcat
++ qemu-system-aarch64 -nodefaults -machine virt,accel=kvm,gic-version=host -cpu host -device virtio-serial-device -device virtconsole -display none -serial stdio -kernel /tmp/tmp.ooUBenNFI4 -smp 4 -append '-p -n500000 MP.RT1+dsb-tlbiis-dsb+dsb-isb'
P0			P1			P2			P3			

Test MP.RT1+dsb-tlbiis-dsb+dsb-isb:
 p1:x0=1  p1:x2=1  : 5146
 p1:x0=0  p1:x2=0  : 380673
 p1:x0=0  p1:x2=1  : 114181
Observation MP.RT1+dsb-tlbiis-dsb+dsb-isb.errata: 0 (of 500000)
2/10
++ echo Starting bin/litmus.exe
Starting bin/litmus.exe
+++ mktemp
++ tmp=/tmp/tmp.G0tKhQx0TX
++ base64 -d
++ zcat
++ qemu-system-aarch64 -nodefaults -machine virt,accel=kvm,gic-version=host -cpu host -device virtio-serial-device -device virtconsole -display none -serial stdio -kernel /tmp/tmp.G0tKhQx0TX -smp 4 -append '-p -n500000 MP.RT1+dsb-tlbiis-dsb+dsb-isb'
P0			P1			P2			P3			

Test MP.RT1+dsb-tlbiis-dsb+dsb-isb:
 p1:x0=0  p1:x2=0  : 377886
 p1:x0=0  p1:x2=1  : 118050
 p1:x0=1  p1:x2=1  : 4064
Observation MP.RT1+dsb-tlbiis-dsb+dsb-isb.errata: 0 (of 500000)
3/10
++ echo Starting bin/litmus.exe
Starting bin/litmus.exe
+++ mktemp
++ tmp=/tmp/tmp.Ox9m60GbXn
++ base64 -d
++ zcat
++ qemu-system-aarch64 -nodefaults -machine virt,accel=kvm,gic-version=host -cpu host -device virtio-serial-device -device virtconsole -display none -serial stdio -kernel /tmp/tmp.Ox9m60GbXn -smp 4 -append '-p -n500000 MP.RT1+dsb-tlbiis-dsb+dsb-isb'
P0			P1			P2			P3			

Test MP.RT1+dsb-tlbiis-dsb+dsb-isb:
 p1:x0=0  p1:x2=0  : 382300
 p1:x0=1  p1:x2=1  : 4624
 p1:x0=0  p1:x2=1  : 113076
Observation MP.RT1+dsb-tlbiis-dsb+dsb-isb.errata: 0 (of 500000)
4/10
++ echo Starting bin/litmus.exe
Starting bin/litmus.exe
+++ mktemp
++ tmp=/tmp/tmp.nkRrAFcYB5
++ base64 -d
++ zcat
++ qemu-system-aarch64 -nodefaults -machine virt,accel=kvm,gic-version=host -cpu host -device virtio-serial-device -device virtconsole -display none -serial stdio -kernel /tmp/tmp.nkRrAFcYB5 -smp 4 -append '-p -n500000 MP.RT1+dsb-tlbiis-dsb+dsb-isb'
P0			P1			P2			P3			

Test MP.RT1+dsb-tlbiis-dsb+dsb-isb:
 p1:x0=0  p1:x2=0  : 377905
 p1:x0=0  p1:x2=1  : 114555
 p1:x0=1  p1:x2=1  : 7540
Observation MP.RT1+dsb-tlbiis-dsb+dsb-isb.errata: 0 (of 500000)
5/10
++ echo Starting bin/litmus.exe
Starting bin/litmus.exe
+++ mktemp
++ tmp=/tmp/tmp.S2GJvNhix1
++ base64 -d
++ zcat
++ qemu-system-aarch64 -nodefaults -machine virt,accel=kvm,gic-version=host -cpu host -device virtio-serial-device -device virtconsole -display none -serial stdio -kernel /tmp/tmp.S2GJvNhix1 -smp 4 -append '-p -n500000 MP.RT1+dsb-tlbiis-dsb+dsb-isb'
P0			P1			P2			P3			

Test MP.RT1+dsb-tlbiis-dsb+dsb-isb:
 p1:x0=1  p1:x2=1  : 5150
 p1:x0=0  p1:x2=1  : 117955
 p1:x0=0  p1:x2=0  : 376895
Observation MP.RT1+dsb-tlbiis-dsb+dsb-isb.errata: 0 (of 500000)
6/10
++ echo Starting bin/litmus.exe
Starting bin/litmus.exe
+++ mktemp
++ tmp=/tmp/tmp.OZv53vrbTU
++ base64 -d
++ zcat
++ qemu-system-aarch64 -nodefaults -machine virt,accel=kvm,gic-version=host -cpu host -device virtio-serial-device -device virtconsole -display none -serial stdio -kernel /tmp/tmp.OZv53vrbTU -smp 4 -append '-p -n500000 MP.RT1+dsb-tlbiis-dsb+dsb-isb'
P0			P1			P2			P3			

Test MP.RT1+dsb-tlbiis-dsb+dsb-isb:
 p1:x0=0  p1:x2=0  : 370854
 p1:x0=0  p1:x2=1  : 122909
 p1:x0=1  p1:x2=1  : 6237
Observation MP.RT1+dsb-tlbiis-dsb+dsb-isb.errata: 0 (of 500000)
7/10
++ echo Starting bin/litmus.exe
Starting bin/litmus.exe
+++ mktemp
++ tmp=/tmp/tmp.AYQvbI4Vpc
++ base64 -d
++ zcat
++ qemu-system-aarch64 -nodefaults -machine virt,accel=kvm,gic-version=host -cpu host -device virtio-serial-device -device virtconsole -display none -serial stdio -kernel /tmp/tmp.AYQvbI4Vpc -smp 4 -append '-p -n500000 MP.RT1+dsb-tlbiis-dsb+dsb-isb'
P0			P1			P2			P3			

Test MP.RT1+dsb-tlbiis-dsb+dsb-isb:
 p1:x0=1  p1:x2=1  : 5861
 p1:x0=1  p1:x2=0  : 1 *
 p1:x0=0  p1:x2=0  : 373454
 p1:x0=0  p1:x2=1  : 120684
Observation MP.RT1+dsb-tlbiis-dsb+dsb-isb.errata: 1 (of 500000)
8/10
++ echo Starting bin/litmus.exe
Starting bin/litmus.exe
+++ mktemp
++ tmp=/tmp/tmp.IL1UrlSlTO
++ base64 -d
++ zcat
++ qemu-system-aarch64 -nodefaults -machine virt,accel=kvm,gic-version=host -cpu host -device virtio-serial-device -device virtconsole -display none -serial stdio -kernel /tmp/tmp.IL1UrlSlTO -smp 4 -append '-p -n500000 MP.RT1+dsb-tlbiis-dsb+dsb-isb'
P0			P1			P2			P3			

Test MP.RT1+dsb-tlbiis-dsb+dsb-isb:
 p1:x0=0  p1:x2=0  : 378046
 p1:x0=0  p1:x2=1  : 115909
 p1:x0=1  p1:x2=1  : 6045
Observation MP.RT1+dsb-tlbiis-dsb+dsb-isb.errata: 0 (of 500000)
9/10
++ echo Starting bin/litmus.exe
Starting bin/litmus.exe
+++ mktemp
++ tmp=/tmp/tmp.bVP0Xe72Ua
++ base64 -d
++ zcat
++ qemu-system-aarch64 -nodefaults -machine virt,accel=kvm,gic-version=host -cpu host -device virtio-serial-device -device virtconsole -display none -serial stdio -kernel /tmp/tmp.bVP0Xe72Ua -smp 4 -append '-p -n500000 MP.RT1+dsb-tlbiis-dsb+dsb-isb'
P0			P1			P2			P3			

Test MP.RT1+dsb-tlbiis-dsb+dsb-isb:
 p1:x0=1  p1:x2=1  : 4887
 p1:x0=0  p1:x2=1  : 117210
 p1:x0=0  p1:x2=0  : 377903
Observation MP.RT1+dsb-tlbiis-dsb+dsb-isb.errata: 0 (of 500000)
10/10
