++ echo Starting bin/host_litmus.exe
Starting bin/host_litmus.exe
+++ mktemp
++ tmp=/tmp/tmp.p2zYhNGLLx
++ base64 -d
++ zcat
++ qemu-system-aarch64 -nodefaults -machine virt,gic-version=host --enable-kvm -cpu host -device virtio-serial-device -device virtconsole -display none -serial stdio -kernel /tmp/tmp.p2zYhNGLLx -smp 4 -append 'MP.invRT* WRC.TRT.inv+addrs -p -n500000'
P0			P1			P2			P3			

Test MP.invRT1+dsb-isb-tlbiis-dsb-isb+dsb-isb:
 p1:x0=0  p1:x2=0  : 338073
 p1:x0=0  p1:x2=1  : 161061
 p1:x0=1  p1:x2=1  : 866
Observation MP.invRT1+dsb-isb-tlbiis-dsb-isb+dsb-isb.errata: 0 (of 500000)
P0			P1			P2			P3			

Test MP.invRT1+dsb-tlbiis-dsb+dsb:
 p1:x0=0  p1:x2=0  : 331293
 p1:x0=0  p1:x2=1  : 167755
 p1:x0=1  p1:x2=1  : 952
Observation MP.invRT1+dsb-tlbiis-dsb+dsb.errata: 0 (of 500000)
P0			P1			P2			P3			

Test MP.invRT1+dsb-tlbiis-dsb+dsb-isb:
 p1:x0=0  p1:x2=1  : 158409
 p1:x0=0  p1:x2=0  : 340495
 p1:x0=1  p1:x2=1  : 1096
Observation MP.invRT1+dsb-tlbiis-dsb+dsb-isb.errata: 0 (of 500000)
P0			P1			P2			P3			

Test WRC.TRT.inv+addrs:
 p1:x0=1  p2:x0=0  p2:x2=1  : 385311
 p1:x0=0  p2:x0=0  p2:x2=1  : 98224
 p1:x0=1  p2:x0=1  p2:x2=1  : 4886
 p1:x0=1  p2:x0=0  p2:x2=0  : 1916
 p1:x0=0  p2:x0=1  p2:x2=1  : 1237
 p1:x0=0  p2:x0=0  p2:x2=0  : 8324
 p1:x0=0  p2:x0=1  p2:x2=0  : 102
Observation WRC.TRT.inv+addrs.errata: 0 (of 500000)
1/100
++ echo Starting bin/host_litmus.exe
Starting bin/host_litmus.exe
+++ mktemp
++ tmp=/tmp/tmp.2cQnX5Tv6X
++ base64 -d
++ zcat
++ qemu-system-aarch64 -nodefaults -machine virt,gic-version=host --enable-kvm -cpu host -device virtio-serial-device -device virtconsole -display none -serial stdio -kernel /tmp/tmp.2cQnX5Tv6X -smp 4 -append 'MP.invRT* WRC.TRT.inv+addrs -p -n500000'
P0			P1			P2			P3			

Test MP.invRT1+dsb-isb-tlbiis-dsb-isb+dsb-isb:
 p1:x0=0  p1:x2=0  : 336484
 p1:x0=0  p1:x2=1  : 162638
 p1:x0=1  p1:x2=1  : 878
Observation MP.invRT1+dsb-isb-tlbiis-dsb-isb+dsb-isb.errata: 0 (of 500000)
P0			P1			P2			P3			

Test MP.invRT1+dsb-tlbiis-dsb+dsb:
 p1:x0=0  p1:x2=0  : 315441
 p1:x0=0  p1:x2=1  : 183627
 p1:x0=1  p1:x2=1  : 932
Observation MP.invRT1+dsb-tlbiis-dsb+dsb.errata: 0 (of 500000)
P0			P1			P2			P3			

Test MP.invRT1+dsb-tlbiis-dsb+dsb-isb:
 p1:x0=0  p1:x2=1  : 153911
 p1:x0=0  p1:x2=0  : 345120
 p1:x0=1  p1:x2=1  : 969
Observation MP.invRT1+dsb-tlbiis-dsb+dsb-isb.errata: 0 (of 500000)
P0			P1			P2			P3			

Test WRC.TRT.inv+addrs:
 p1:x0=0  p2:x0=0  p2:x2=1  : 100569
 p1:x0=1  p2:x0=0  p2:x2=1  : 384529
 p1:x0=1  p2:x0=0  p2:x2=0  : 2042
 p1:x0=0  p2:x0=0  p2:x2=0  : 7332
 p1:x0=1  p2:x0=1  p2:x2=1  : 4422
 p1:x0=0  p2:x0=1  p2:x2=1  : 1036
 p1:x0=0  p2:x0=1  p2:x2=0  : 70
Observation WRC.TRT.inv+addrs.errata: 0 (of 500000)
2/100
++ echo Starting bin/host_litmus.exe
Starting bin/host_litmus.exe
+++ mktemp
++ tmp=/tmp/tmp.qFvxPbskub
++ base64 -d
++ zcat
++ qemu-system-aarch64 -nodefaults -machine virt,gic-version=host --enable-kvm -cpu host -device virtio-serial-device -device virtconsole -display none -serial stdio -kernel /tmp/tmp.qFvxPbskub -smp 4 -append 'MP.invRT* WRC.TRT.inv+addrs -p -n500000'
P0			P1			P2			P3			

Test MP.invRT1+dsb-isb-tlbiis-dsb-isb+dsb-isb:
 p1:x0=0  p1:x2=0  : 328868
 p1:x0=0  p1:x2=1  : 169407
 p1:x0=1  p1:x2=1  : 1725
Observation MP.invRT1+dsb-isb-tlbiis-dsb-isb+dsb-isb.errata: 0 (of 500000)
P0			P1			P2			P3			

Test MP.invRT1+dsb-tlbiis-dsb+dsb:
 p1:x0=0  p1:x2=0  : 322774
 p1:x0=0  p1:x2=1  : 175544
 p1:x0=1  p1:x2=1  : 1682
Observation MP.invRT1+dsb-tlbiis-dsb+dsb.errata: 0 (of 500000)
P0			P1			P2			P3			

Test MP.invRT1+dsb-tlbiis-dsb+dsb-isb:
 p1:x0=0  p1:x2=1  : 158898
 p1:x0=0  p1:x2=0  : 339675
 p1:x0=1  p1:x2=1  : 1427
Observation MP.invRT1+dsb-tlbiis-dsb+dsb-isb.errata: 0 (of 500000)
P0			P1			P2			P3			

Test WRC.TRT.inv+addrs:
 p1:x0=1  p2:x0=0  p2:x2=1  : 307894
 p1:x0=1  p2:x0=0  p2:x2=0  : 6478
 p1:x0=0  p2:x0=0  p2:x2=1  : 164778
 p1:x0=0  p2:x0=0  p2:x2=0  : 14211
 p1:x0=0  p2:x0=1  p2:x2=1  : 2294
 p1:x0=1  p2:x0=1  p2:x2=1  : 4239
 p1:x0=0  p2:x0=1  p2:x2=0  : 106
Observation WRC.TRT.inv+addrs.errata: 0 (of 500000)
3/100
++ echo Starting bin/host_litmus.exe
Starting bin/host_litmus.exe
+++ mktemp
++ tmp=/tmp/tmp.Z4GcyvvOSx
++ base64 -d
++ zcat
++ qemu-system-aarch64 -nodefaults -machine virt,gic-version=host --enable-kvm -cpu host -device virtio-serial-device -device virtconsole -display none -serial stdio -kernel /tmp/tmp.Z4GcyvvOSx -smp 4 -append 'MP.invRT* WRC.TRT.inv+addrs -p -n500000'
P0			P1			P2			P3			

Test MP.invRT1+dsb-isb-tlbiis-dsb-isb+dsb-isb:
 p1:x0=0  p1:x2=0  : 333124
 p1:x0=0  p1:x2=1  : 165851
 p1:x0=1  p1:x2=1  : 1025
Observation MP.invRT1+dsb-isb-tlbiis-dsb-isb+dsb-isb.errata: 0 (of 500000)
P0			P1			P2			P3			

Test MP.invRT1+dsb-tlbiis-dsb+dsb:
 p1:x0=0  p1:x2=0  : 327245
 p1:x0=0  p1:x2=1  : 171526
 p1:x0=1  p1:x2=1  : 1229
Observation MP.invRT1+dsb-tlbiis-dsb+dsb.errata: 0 (of 500000)
P0			P1			P2			P3			

Test MP.invRT1+dsb-tlbiis-dsb+dsb-isb:
 p1:x0=0  p1:x2=0  : 333665
 p1:x0=0  p1:x2=1  : 165224
 p1:x0=1  p1:x2=1  : 1111
Observation MP.invRT1+dsb-tlbiis-dsb+dsb-isb.errata: 0 (of 500000)
P0			P1			P2			P3			
qemu-system-aarch64: terminating on signal 1 from pid 14345 ()
4/100
++ echo Starting bin/host_litmus.exe
Starting bin/host_litmus.exe
+++ mktemp
++ tmp=/tmp/tmp.0xptaww3Id
++ base64 -d
++ zcat
++ qemu-system-aarch64 -nodefaults -machine virt,gic-version=host --enable-kvm -cpu host -device virtio-serial-device -device virtconsole -display none -serial stdio -kernel /tmp/tmp.0xptaww3Id -smp 4 -append 'MP.invRT* WRC.TRT.inv+addrs -p -n500000'
P0			P1			P2			P3			

Test MP.invRT1+dsb-isb-tlbiis-dsb-isb+dsb-isb:
 p1:x0=0  p1:x2=0  : 322694
 p1:x0=0  p1:x2=1  : 176072
 p1:x0=1  p1:x2=1  : 1234
Observation MP.invRT1+dsb-isb-tlbiis-dsb-isb+dsb-isb.errata: 0 (of 500000)
P0			P1			P2			P3			

Test MP.invRT1+dsb-tlbiis-dsb+dsb:
 p1:x0=0  p1:x2=0  : 306055
 p1:x0=0  p1:x2=1  : 192896
 p1:x0=1  p1:x2=1  : 1049
Observation MP.invRT1+dsb-tlbiis-dsb+dsb.errata: 0 (of 500000)
P0			P1			P2			P3			

Test MP.invRT1+dsb-tlbiis-dsb+dsb-isb:
 p1:x0=0  p1:x2=0  : 331064
 p1:x0=0  p1:x2=1  : 167731
 p1:x0=1  p1:x2=1  : 1205
Observation MP.invRT1+dsb-tlbiis-dsb+dsb-isb.errata: 0 (of 500000)
P0			P1			P2			P3			

Test WRC.TRT.inv+addrs:
 p1:x0=0  p2:x0=0  p2:x2=1  : 99557
 p1:x0=1  p2:x0=0  p2:x2=1  : 385089
 p1:x0=1  p2:x0=0  p2:x2=0  : 1859
 p1:x0=1  p2:x0=1  p2:x2=1  : 5495
 p1:x0=0  p2:x0=1  p2:x2=1  : 1111
 p1:x0=0  p2:x0=0  p2:x2=0  : 6782
 p1:x0=0  p2:x0=1  p2:x2=0  : 107
Observation WRC.TRT.inv+addrs.errata: 0 (of 500000)
5/100
++ echo Starting bin/host_litmus.exe
Starting bin/host_litmus.exe
+++ mktemp
++ tmp=/tmp/tmp.8fu6NQUVSq
++ base64 -d
++ zcat
++ qemu-system-aarch64 -nodefaults -machine virt,gic-version=host --enable-kvm -cpu host -device virtio-serial-device -device virtconsole -display none -serial stdio -kernel /tmp/tmp.8fu6NQUVSq -smp 4 -append 'MP.invRT* WRC.TRT.inv+addrs -p -n500000'
P0			P1			P2			P3			

Test MP.invRT1+dsb-isb-tlbiis-dsb-isb+dsb-isb:
 p1:x0=0  p1:x2=0  : 329880
 p1:x0=0  p1:x2=1  : 169059
 p1:x0=1  p1:x2=1  : 1061
Observation MP.invRT1+dsb-isb-tlbiis-dsb-isb+dsb-isb.errata: 0 (of 500000)
P0			P1			P2			P3			

Test MP.invRT1+dsb-tlbiis-dsb+dsb:
 p1:x0=1  p1:x2=0  : 1 *
 p1:x0=0  p1:x2=0  : 319908
 p1:x0=0  p1:x2=1  : 179281
 p1:x0=1  p1:x2=1  : 810
Observation MP.invRT1+dsb-tlbiis-dsb+dsb.errata: 1 (of 500000)
P0			P1			P2			P3			

Test MP.invRT1+dsb-tlbiis-dsb+dsb-isb:
 p1:x0=0  p1:x2=0  : 335322
 p1:x0=0  p1:x2=1  : 163543
 p1:x0=1  p1:x2=1  : 1135
Observation MP.invRT1+dsb-tlbiis-dsb+dsb-isb.errata: 0 (of 500000)
P0			P1			P2			P3			

Test WRC.TRT.inv+addrs:
 p1:x0=0  p2:x0=0  p2:x2=0  : 6820
 p1:x0=0  p2:x0=0  p2:x2=1  : 89845
 p1:x0=1  p2:x0=0  p2:x2=1  : 396259
 p1:x0=1  p2:x0=0  p2:x2=0  : 2170
 p1:x0=1  p2:x0=1  p2:x2=1  : 4034
 p1:x0=0  p2:x0=1  p2:x2=1  : 794
 p1:x0=0  p2:x0=1  p2:x2=0  : 78
Observation WRC.TRT.inv+addrs.errata: 0 (of 500000)
6/100
++ echo Starting bin/host_litmus.exe
Starting bin/host_litmus.exe
+++ mktemp
++ tmp=/tmp/tmp.OhHWT8Ivkl
++ base64 -d
++ zcat
++ qemu-system-aarch64 -nodefaults -machine virt,gic-version=host --enable-kvm -cpu host -device virtio-serial-device -device virtconsole -display none -serial stdio -kernel /tmp/tmp.OhHWT8Ivkl -smp 4 -append 'MP.invRT* WRC.TRT.inv+addrs -p -n500000'
P0			P1			P2			P3			

Test MP.invRT1+dsb-isb-tlbiis-dsb-isb+dsb-isb:
 p1:x0=0  p1:x2=0  : 337137
 p1:x0=0  p1:x2=1  : 161288
 p1:x0=1  p1:x2=1  : 1575
Observation MP.invRT1+dsb-isb-tlbiis-dsb-isb+dsb-isb.errata: 0 (of 500000)
P0			P1			P2			P3			

Test MP.invRT1+dsb-tlbiis-dsb+dsb:
 p1:x0=0  p1:x2=0  : 337686
 p1:x0=0  p1:x2=1  : 160831
 p1:x0=1  p1:x2=1  : 1483
Observation MP.invRT1+dsb-tlbiis-dsb+dsb.errata: 0 (of 500000)
P0			P1			P2			P3			

Test MP.invRT1+dsb-tlbiis-dsb+dsb-isb:
 p1:x0=0  p1:x2=0  : 342758
 p1:x0=0  p1:x2=1  : 155731
 p1:x0=1  p1:x2=1  : 1511
Observation MP.invRT1+dsb-tlbiis-dsb+dsb-isb.errata: 0 (of 500000)
P0			P1			P2			P3			

Test WRC.TRT.inv+addrs:
 p1:x0=1  p2:x0=1  p2:x2=1  : 4809
 p1:x0=1  p2:x0=0  p2:x2=1  : 387012
 p1:x0=0  p2:x0=0  p2:x2=1  : 96470
 p1:x0=1  p2:x0=0  p2:x2=0  : 1945
 p1:x0=0  p2:x0=0  p2:x2=0  : 8483
 p1:x0=0  p2:x0=1  p2:x2=1  : 1216
 p1:x0=0  p2:x0=1  p2:x2=0  : 65
Observation WRC.TRT.inv+addrs.errata: 0 (of 500000)
7/100
++ echo Starting bin/host_litmus.exe
Starting bin/host_litmus.exe
+++ mktemp
++ tmp=/tmp/tmp.f0ylByhita
++ base64 -d
++ zcat
++ qemu-system-aarch64 -nodefaults -machine virt,gic-version=host --enable-kvm -cpu host -device virtio-serial-device -device virtconsole -display none -serial stdio -kernel /tmp/tmp.f0ylByhita -smp 4 -append 'MP.invRT* WRC.TRT.inv+addrs -p -n500000'
P0			P1			P2			P3			

Test MP.invRT1+dsb-isb-tlbiis-dsb-isb+dsb-isb:
 p1:x0=0  p1:x2=0  : 327793
 p1:x0=0  p1:x2=1  : 171131
 p1:x0=1  p1:x2=1  : 1076
Observation MP.invRT1+dsb-isb-tlbiis-dsb-isb+dsb-isb.errata: 0 (of 500000)
P0			P1			P2			P3			

Test MP.invRT1+dsb-tlbiis-dsb+dsb:
 p1:x0=0  p1:x2=0  : 326678
 p1:x0=0  p1:x2=1  : 172374
 p1:x0=1  p1:x2=1  : 948
Observation MP.invRT1+dsb-tlbiis-dsb+dsb.errata: 0 (of 500000)
P0			P1			P2			P3			

Test MP.invRT1+dsb-tlbiis-dsb+dsb-isb:
 p1:x0=0  p1:x2=1  : 167877
 p1:x0=0  p1:x2=0  : 331156
 p1:x0=1  p1:x2=1  : 967
Observation MP.invRT1+dsb-tlbiis-dsb+dsb-isb.errata: 0 (of 500000)
P0			P1			P2			P3			

Test WRC.TRT.inv+addrs:
 p1:x0=0  p2:x0=0  p2:x2=1  : 111280
 p1:x0=1  p2:x0=0  p2:x2=1  : 373289
 p1:x0=0  p2:x0=0  p2:x2=0  : 7931
 p1:x0=1  p2:x0=0  p2:x2=0  : 1788
 p1:x0=1  p2:x0=1  p2:x2=1  : 4205
 p1:x0=0  p2:x0=1  p2:x2=1  : 1364
 p1:x0=0  p2:x0=1  p2:x2=0  : 143
Observation WRC.TRT.inv+addrs.errata: 0 (of 500000)
8/100
++ echo Starting bin/host_litmus.exe
Starting bin/host_litmus.exe
+++ mktemp
++ tmp=/tmp/tmp.9MRWOrLPHz
++ base64 -d
++ zcat
++ qemu-system-aarch64 -nodefaults -machine virt,gic-version=host --enable-kvm -cpu host -device virtio-serial-device -device virtconsole -display none -serial stdio -kernel /tmp/tmp.9MRWOrLPHz -smp 4 -append 'MP.invRT* WRC.TRT.inv+addrs -p -n500000'
P0			P1			P2			P3			

Test MP.invRT1+dsb-isb-tlbiis-dsb-isb+dsb-isb:
 p1:x0=0  p1:x2=0  : 336113
 p1:x0=0  p1:x2=1  : 163071
 p1:x0=1  p1:x2=1  : 816
Observation MP.invRT1+dsb-isb-tlbiis-dsb-isb+dsb-isb.errata: 0 (of 500000)
P0			P1			P2			P3			

Test MP.invRT1+dsb-tlbiis-dsb+dsb:
 p1:x0=0  p1:x2=0  : 329679
 p1:x0=0  p1:x2=1  : 169487
 p1:x0=1  p1:x2=1  : 834
Observation MP.invRT1+dsb-tlbiis-dsb+dsb.errata: 0 (of 500000)
P0			P1			P2			P3			

Test MP.invRT1+dsb-tlbiis-dsb+dsb-isb:
 p1:x0=0  p1:x2=0  : 336620
 p1:x0=0  p1:x2=1  : 162574
 p1:x0=1  p1:x2=1  : 806
Observation MP.invRT1+dsb-tlbiis-dsb+dsb-isb.errata: 0 (of 500000)
P0			P1			P2			P3			

Test WRC.TRT.inv+addrs:
 p1:x0=1  p2:x0=1  p2:x2=1  : 6171
 p1:x0=1  p2:x0=0  p2:x2=1  : 389638
 p1:x0=0  p2:x0=0  p2:x2=1  : 93363
 p1:x0=0  p2:x0=1  p2:x2=1  : 1120
 p1:x0=0  p2:x0=1  p2:x2=0  : 95
 p1:x0=0  p2:x0=0  p2:x2=0  : 7825
 p1:x0=1  p2:x0=0  p2:x2=0  : 1788
Observation WRC.TRT.inv+addrs.errata: 0 (of 500000)
9/100
++ echo Starting bin/host_litmus.exe
Starting bin/host_litmus.exe
+++ mktemp
++ tmp=/tmp/tmp.4x0JtzrGPN
++ base64 -d
++ zcat
++ qemu-system-aarch64 -nodefaults -machine virt,gic-version=host --enable-kvm -cpu host -device virtio-serial-device -device virtconsole -display none -serial stdio -kernel /tmp/tmp.4x0JtzrGPN -smp 4 -append 'MP.invRT* WRC.TRT.inv+addrs -p -n500000'
P0			P1			P2			P3			

Test MP.invRT1+dsb-isb-tlbiis-dsb-isb+dsb-isb:
 p1:x0=1  p1:x2=1  : 1090
 p1:x0=0  p1:x2=0  : 329244
 p1:x0=0  p1:x2=1  : 169666
Observation MP.invRT1+dsb-isb-tlbiis-dsb-isb+dsb-isb.errata: 0 (of 500000)
P0			P1			P2			P3			

Test MP.invRT1+dsb-tlbiis-dsb+dsb:
 p1:x0=0  p1:x2=0  : 331123
 p1:x0=0  p1:x2=1  : 167853
 p1:x0=1  p1:x2=1  : 1024
Observation MP.invRT1+dsb-tlbiis-dsb+dsb.errata: 0 (of 500000)
P0			P1			P2			P3			

Test MP.invRT1+dsb-tlbiis-dsb+dsb-isb:
 p1:x0=0  p1:x2=0  : 336713
 p1:x0=0  p1:x2=1  : 162195
 p1:x0=1  p1:x2=1  : 1092
Observation MP.invRT1+dsb-tlbiis-dsb+dsb-isb.errata: 0 (of 500000)
P0			P1			P2			P3			

Test WRC.TRT.inv+addrs:
 p1:x0=1  p2:x0=0  p2:x2=1  : 384509
 p1:x0=0  p2:x0=0  p2:x2=1  : 98687
 p1:x0=0  p2:x0=0  p2:x2=0  : 9583
 p1:x0=1  p2:x0=0  p2:x2=0  : 1921
 p1:x0=1  p2:x0=1  p2:x2=1  : 4041
 p1:x0=0  p2:x0=1  p2:x2=1  : 1164
 p1:x0=0  p2:x0=1  p2:x2=0  : 95
Observation WRC.TRT.inv+addrs.errata: 0 (of 500000)
10/100
++ echo Starting bin/host_litmus.exe
Starting bin/host_litmus.exe
+++ mktemp
++ tmp=/tmp/tmp.VceS5F7oTG
++ base64 -d
++ zcat
++ qemu-system-aarch64 -nodefaults -machine virt,gic-version=host --enable-kvm -cpu host -device virtio-serial-device -device virtconsole -display none -serial stdio -kernel /tmp/tmp.VceS5F7oTG -smp 4 -append 'MP.invRT* WRC.TRT.inv+addrs -p -n500000'
P0			P1			P2			P3			

Test MP.invRT1+dsb-isb-tlbiis-dsb-isb+dsb-isb:
 p1:x0=1  p1:x2=1  : 924
 p1:x0=0  p1:x2=0  : 332321
 p1:x0=0  p1:x2=1  : 166755
Observation MP.invRT1+dsb-isb-tlbiis-dsb-isb+dsb-isb.errata: 0 (of 500000)
P0			P1			P2			P3			

Test MP.invRT1+dsb-tlbiis-dsb+dsb:
 p1:x0=0  p1:x2=0  : 327186
 p1:x0=0  p1:x2=1  : 171878
 p1:x0=1  p1:x2=1  : 936
Observation MP.invRT1+dsb-tlbiis-dsb+dsb.errata: 0 (of 500000)
P0			P1			P2			P3			

Test MP.invRT1+dsb-tlbiis-dsb+dsb-isb:
 p1:x0=0  p1:x2=1  : 158787
 p1:x0=0  p1:x2=0  : 340238
 p1:x0=1  p1:x2=1  : 975
Observation MP.invRT1+dsb-tlbiis-dsb+dsb-isb.errata: 0 (of 500000)
P0			P1			P2			P3			

Test WRC.TRT.inv+addrs:
 p1:x0=1  p2:x0=0  p2:x2=1  : 388182
 p1:x0=0  p2:x0=0  p2:x2=1  : 97555
 p1:x0=0  p2:x0=0  p2:x2=0  : 6934
 p1:x0=1  p2:x0=0  p2:x2=0  : 2021
 p1:x0=1  p2:x0=1  p2:x2=1  : 4269
 p1:x0=0  p2:x0=1  p2:x2=1  : 966
 p1:x0=0  p2:x0=1  p2:x2=0  : 73
Observation WRC.TRT.inv+addrs.errata: 0 (of 500000)
11/100
++ echo Starting bin/host_litmus.exe
Starting bin/host_litmus.exe
+++ mktemp
++ tmp=/tmp/tmp.Uhz5u2aKk9
++ base64 -d
++ zcat
++ qemu-system-aarch64 -nodefaults -machine virt,gic-version=host --enable-kvm -cpu host -device virtio-serial-device -device virtconsole -display none -serial stdio -kernel /tmp/tmp.Uhz5u2aKk9 -smp 4 -append 'MP.invRT* WRC.TRT.inv+addrs -p -n500000'
P0			P1			P2			P3			

Test MP.invRT1+dsb-isb-tlbiis-dsb-isb+dsb-isb:
 p1:x0=0  p1:x2=0  : 339037
 p1:x0=0  p1:x2=1  : 159611
 p1:x0=1  p1:x2=1  : 1352
Observation MP.invRT1+dsb-isb-tlbiis-dsb-isb+dsb-isb.errata: 0 (of 500000)
P0			P1			P2			P3			

Test MP.invRT1+dsb-tlbiis-dsb+dsb:
 p1:x0=0  p1:x2=0  : 340796
 p1:x0=0  p1:x2=1  : 157774
 p1:x0=1  p1:x2=1  : 1430
Observation MP.invRT1+dsb-tlbiis-dsb+dsb.errata: 0 (of 500000)
P0			P1			P2			P3			

Test MP.invRT1+dsb-tlbiis-dsb+dsb-isb:
 p1:x0=0  p1:x2=1  : 157858
 p1:x0=0  p1:x2=0  : 340976
 p1:x0=1  p1:x2=1  : 1166
Observation MP.invRT1+dsb-tlbiis-dsb+dsb-isb.errata: 0 (of 500000)
P0			P1			P2			P3			

Test WRC.TRT.inv+addrs:
 p1:x0=0  p2:x0=0  p2:x2=1  : 119236
 p1:x0=1  p2:x0=0  p2:x2=1  : 363617
 p1:x0=0  p2:x0=0  p2:x2=0  : 10207
 p1:x0=1  p2:x0=0  p2:x2=0  : 1909
 p1:x0=1  p2:x0=1  p2:x2=1  : 3677
 p1:x0=0  p2:x0=1  p2:x2=1  : 1227
 p1:x0=0  p2:x0=1  p2:x2=0  : 127
Observation WRC.TRT.inv+addrs.errata: 0 (of 500000)
12/100
++ echo Starting bin/host_litmus.exe
Starting bin/host_litmus.exe
+++ mktemp
++ tmp=/tmp/tmp.JkEtppj6N3
++ base64 -d
++ zcat
++ qemu-system-aarch64 -nodefaults -machine virt,gic-version=host --enable-kvm -cpu host -device virtio-serial-device -device virtconsole -display none -serial stdio -kernel /tmp/tmp.JkEtppj6N3 -smp 4 -append 'MP.invRT* WRC.TRT.inv+addrs -p -n500000'
P0			P1			P2			P3			

Test MP.invRT1+dsb-isb-tlbiis-dsb-isb+dsb-isb:
 p1:x0=0  p1:x2=0  : 327898
 p1:x0=0  p1:x2=1  : 170895
 p1:x0=1  p1:x2=1  : 1207
Observation MP.invRT1+dsb-isb-tlbiis-dsb-isb+dsb-isb.errata: 0 (of 500000)
P0			P1			P2			P3			

Test MP.invRT1+dsb-tlbiis-dsb+dsb:
 p1:x0=0  p1:x2=0  : 310456
 p1:x0=0  p1:x2=1  : 188164
 p1:x0=1  p1:x2=1  : 1380
Observation MP.invRT1+dsb-tlbiis-dsb+dsb.errata: 0 (of 500000)
P0			P1			P2			P3			

Test MP.invRT1+dsb-tlbiis-dsb+dsb-isb:
 p1:x0=0  p1:x2=1  : 155117
 p1:x0=0  p1:x2=0  : 343623
 p1:x0=1  p1:x2=1  : 1260
Observation MP.invRT1+dsb-tlbiis-dsb+dsb-isb.errata: 0 (of 500000)
P0			P1			P2			P3			

Test WRC.TRT.inv+addrs:
 p1:x0=1  p2:x0=0  p2:x2=1  : 275786
 p1:x0=0  p2:x0=0  p2:x2=1  : 183827
 p1:x0=1  p2:x0=1  p2:x2=1  : 4133
 p1:x0=0  p2:x0=0  p2:x2=0  : 21014
 p1:x0=1  p2:x0=0  p2:x2=0  : 11461
 p1:x0=0  p2:x0=1  p2:x2=1  : 3671
 p1:x0=0  p2:x0=1  p2:x2=0  : 108
Observation WRC.TRT.inv+addrs.errata: 0 (of 500000)
13/100
++ echo Starting bin/host_litmus.exe
Starting bin/host_litmus.exe
+++ mktemp
++ tmp=/tmp/tmp.SW8VGVlgLc
++ base64 -d
++ zcat
++ qemu-system-aarch64 -nodefaults -machine virt,gic-version=host --enable-kvm -cpu host -device virtio-serial-device -device virtconsole -display none -serial stdio -kernel /tmp/tmp.SW8VGVlgLc -smp 4 -append 'MP.invRT* WRC.TRT.inv+addrs -p -n500000'
P0			P1			P2			P3			

Test MP.invRT1+dsb-isb-tlbiis-dsb-isb+dsb-isb:
 p1:x0=1  p1:x2=1  : 1122
 p1:x0=0  p1:x2=0  : 334589
 p1:x0=0  p1:x2=1  : 164289
Observation MP.invRT1+dsb-isb-tlbiis-dsb-isb+dsb-isb.errata: 0 (of 500000)
P0			P1			P2			P3			

Test MP.invRT1+dsb-tlbiis-dsb+dsb:
 p1:x0=0  p1:x2=0  : 327613
 p1:x0=0  p1:x2=1  : 171238
 p1:x0=1  p1:x2=1  : 1149
Observation MP.invRT1+dsb-tlbiis-dsb+dsb.errata: 0 (of 500000)
P0			P1			P2			P3			

Test MP.invRT1+dsb-tlbiis-dsb+dsb-isb:
 p1:x0=0  p1:x2=1  : 149425
 p1:x0=0  p1:x2=0  : 349496
 p1:x0=1  p1:x2=1  : 1079
Observation MP.invRT1+dsb-tlbiis-dsb+dsb-isb.errata: 0 (of 500000)
P0			P1			P2			P3			

Test WRC.TRT.inv+addrs:
 p1:x0=0  p2:x0=0  p2:x2=0  : 29646
 p1:x0=1  p2:x0=1  p2:x2=1  : 4823
 p1:x0=1  p2:x0=0  p2:x2=1  : 267328
 p1:x0=0  p2:x0=0  p2:x2=1  : 189530
 p1:x0=1  p2:x0=0  p2:x2=0  : 4907
 p1:x0=0  p2:x0=1  p2:x2=1  : 3624
 p1:x0=0  p2:x0=1  p2:x2=0  : 142
Observation WRC.TRT.inv+addrs.errata: 0 (of 500000)
14/100
++ echo Starting bin/host_litmus.exe
Starting bin/host_litmus.exe
+++ mktemp
++ tmp=/tmp/tmp.EC14RNh9tx
++ base64 -d
++ zcat
++ qemu-system-aarch64 -nodefaults -machine virt,gic-version=host --enable-kvm -cpu host -device virtio-serial-device -device virtconsole -display none -serial stdio -kernel /tmp/tmp.EC14RNh9tx -smp 4 -append 'MP.invRT* WRC.TRT.inv+addrs -p -n500000'
P0			P1			P2			P3			

Test MP.invRT1+dsb-isb-tlbiis-dsb-isb+dsb-isb:
 p1:x0=0  p1:x2=0  : 334917
 p1:x0=0  p1:x2=1  : 163744
 p1:x0=1  p1:x2=1  : 1339
Observation MP.invRT1+dsb-isb-tlbiis-dsb-isb+dsb-isb.errata: 0 (of 500000)
P0			P1			P2			P3			

Test MP.invRT1+dsb-tlbiis-dsb+dsb:
 p1:x0=0  p1:x2=0  : 328140
 p1:x0=0  p1:x2=1  : 170215
 p1:x0=1  p1:x2=1  : 1645
Observation MP.invRT1+dsb-tlbiis-dsb+dsb.errata: 0 (of 500000)
P0			P1			P2			P3			

Test MP.invRT1+dsb-tlbiis-dsb+dsb-isb:
 p1:x0=0  p1:x2=1  : 153199
 p1:x0=0  p1:x2=0  : 345199
 p1:x0=1  p1:x2=1  : 1602
Observation MP.invRT1+dsb-tlbiis-dsb+dsb-isb.errata: 0 (of 500000)
P0			P1			P2			P3			

Test WRC.TRT.inv+addrs:
 p1:x0=1  p2:x0=0  p2:x2=1  : 378661
 p1:x0=0  p2:x0=0  p2:x2=1  : 102816
 p1:x0=0  p2:x0=0  p2:x2=0  : 10699
 p1:x0=1  p2:x0=0  p2:x2=0  : 1989
 p1:x0=1  p2:x0=1  p2:x2=1  : 4439
 p1:x0=0  p2:x0=1  p2:x2=1  : 1269
 p1:x0=0  p2:x0=1  p2:x2=0  : 127
Observation WRC.TRT.inv+addrs.errata: 0 (of 500000)
15/100
++ echo Starting bin/host_litmus.exe
Starting bin/host_litmus.exe
+++ mktemp
++ tmp=/tmp/tmp.p5pB2xpTPf
++ base64 -d
++ zcat
++ qemu-system-aarch64 -nodefaults -machine virt,gic-version=host --enable-kvm -cpu host -device virtio-serial-device -device virtconsole -display none -serial stdio -kernel /tmp/tmp.p5pB2xpTPf -smp 4 -append 'MP.invRT* WRC.TRT.inv+addrs -p -n500000'
P0			P1			P2			P3			

Test MP.invRT1+dsb-isb-tlbiis-dsb-isb+dsb-isb:
 p1:x0=0  p1:x2=0  : 334994
 p1:x0=0  p1:x2=1  : 163885
 p1:x0=1  p1:x2=1  : 1121
Observation MP.invRT1+dsb-isb-tlbiis-dsb-isb+dsb-isb.errata: 0 (of 500000)
P0			P1			P2			P3			

Test MP.invRT1+dsb-tlbiis-dsb+dsb:
 p1:x0=0  p1:x2=0  : 329668
 p1:x0=0  p1:x2=1  : 169331
 p1:x0=1  p1:x2=1  : 1001
Observation MP.invRT1+dsb-tlbiis-dsb+dsb.errata: 0 (of 500000)
P0			P1			P2			P3			

Test MP.invRT1+dsb-tlbiis-dsb+dsb-isb:
 p1:x0=0  p1:x2=0  : 342924
 p1:x0=0  p1:x2=1  : 156124
 p1:x0=1  p1:x2=1  : 952
Observation MP.invRT1+dsb-tlbiis-dsb+dsb-isb.errata: 0 (of 500000)
P0			P1			P2			P3			

Test WRC.TRT.inv+addrs:
 p1:x0=1  p2:x0=0  p2:x2=1  : 374140
 p1:x0=0  p2:x0=0  p2:x2=1  : 109671
 p1:x0=1  p2:x0=1  p2:x2=1  : 3808
 p1:x0=0  p2:x0=0  p2:x2=0  : 9119
 p1:x0=0  p2:x0=1  p2:x2=1  : 1244
 p1:x0=1  p2:x0=0  p2:x2=0  : 1917
 p1:x0=0  p2:x0=1  p2:x2=0  : 101
Observation WRC.TRT.inv+addrs.errata: 0 (of 500000)
16/100
++ echo Starting bin/host_litmus.exe
Starting bin/host_litmus.exe
+++ mktemp
++ tmp=/tmp/tmp.UFcEUbvKZc
++ base64 -d
++ zcat
++ qemu-system-aarch64 -nodefaults -machine virt,gic-version=host --enable-kvm -cpu host -device virtio-serial-device -device virtconsole -display none -serial stdio -kernel /tmp/tmp.UFcEUbvKZc -smp 4 -append 'MP.invRT* WRC.TRT.inv+addrs -p -n500000'
P0			P1			P2			P3			

Test MP.invRT1+dsb-isb-tlbiis-dsb-isb+dsb-isb:
 p1:x0=0  p1:x2=0  : 331570
 p1:x0=0  p1:x2=1  : 166830
 p1:x0=1  p1:x2=1  : 1600
Observation MP.invRT1+dsb-isb-tlbiis-dsb-isb+dsb-isb.errata: 0 (of 500000)
P0			P1			P2			P3			

Test MP.invRT1+dsb-tlbiis-dsb+dsb:
 p1:x0=0  p1:x2=0  : 332043
 p1:x0=0  p1:x2=1  : 166254
 p1:x0=1  p1:x2=1  : 1703
Observation MP.invRT1+dsb-tlbiis-dsb+dsb.errata: 0 (of 500000)
P0			P1			P2			P3			

Test MP.invRT1+dsb-tlbiis-dsb+dsb-isb:
 p1:x0=0  p1:x2=0  : 339196
 p1:x0=0  p1:x2=1  : 159076
 p1:x0=1  p1:x2=1  : 1728
Observation MP.invRT1+dsb-tlbiis-dsb+dsb-isb.errata: 0 (of 500000)
P0			P1			P2			P3			

Test WRC.TRT.inv+addrs:
 p1:x0=1  p2:x0=0  p2:x2=1  : 374481
 p1:x0=0  p2:x0=0  p2:x2=1  : 110335
 p1:x0=0  p2:x0=0  p2:x2=0  : 6928
 p1:x0=1  p2:x0=0  p2:x2=0  : 1555
 p1:x0=1  p2:x0=1  p2:x2=1  : 5027
 p1:x0=0  p2:x0=1  p2:x2=1  : 1556
 p1:x0=0  p2:x0=1  p2:x2=0  : 118
Observation WRC.TRT.inv+addrs.errata: 0 (of 500000)
17/100
++ echo Starting bin/host_litmus.exe
Starting bin/host_litmus.exe
+++ mktemp
++ tmp=/tmp/tmp.s9HvyrmHKG
++ base64 -d
++ zcat
++ qemu-system-aarch64 -nodefaults -machine virt,gic-version=host --enable-kvm -cpu host -device virtio-serial-device -device virtconsole -display none -serial stdio -kernel /tmp/tmp.s9HvyrmHKG -smp 4 -append 'MP.invRT* WRC.TRT.inv+addrs -p -n500000'
P0			P1			P2			P3			

Test MP.invRT1+dsb-isb-tlbiis-dsb-isb+dsb-isb:
 p1:x0=0  p1:x2=0  : 337070
 p1:x0=0  p1:x2=1  : 160973
 p1:x0=1  p1:x2=1  : 1957
Observation MP.invRT1+dsb-isb-tlbiis-dsb-isb+dsb-isb.errata: 0 (of 500000)
P0			P1			P2			P3			

Test MP.invRT1+dsb-tlbiis-dsb+dsb:
 p1:x0=0  p1:x2=0  : 326285
 p1:x0=0  p1:x2=1  : 171748
 p1:x0=1  p1:x2=1  : 1967
Observation MP.invRT1+dsb-tlbiis-dsb+dsb.errata: 0 (of 500000)
P0			P1			P2			P3			

Test MP.invRT1+dsb-tlbiis-dsb+dsb-isb:
 p1:x0=0  p1:x2=1  : 144037
 p1:x0=0  p1:x2=0  : 353736
 p1:x0=1  p1:x2=1  : 2227
Observation MP.invRT1+dsb-tlbiis-dsb+dsb-isb.errata: 0 (of 500000)
P0			P1			P2			P3			

Test WRC.TRT.inv+addrs:
 p1:x0=1  p2:x0=0  p2:x2=1  : 276074
 p1:x0=0  p2:x0=0  p2:x2=1  : 187573
 p1:x0=1  p2:x0=1  p2:x2=1  : 3904
 p1:x0=0  p2:x0=0  p2:x2=0  : 23315
 p1:x0=0  p2:x0=1  p2:x2=1  : 3112
 p1:x0=0  p2:x0=1  p2:x2=0  : 168
 p1:x0=1  p2:x0=0  p2:x2=0  : 5854
Observation WRC.TRT.inv+addrs.errata: 0 (of 500000)
18/100
++ echo Starting bin/host_litmus.exe
Starting bin/host_litmus.exe
+++ mktemp
++ tmp=/tmp/tmp.EhKrsTsDdA
++ base64 -d
++ zcat
++ qemu-system-aarch64 -nodefaults -machine virt,gic-version=host --enable-kvm -cpu host -device virtio-serial-device -device virtconsole -display none -serial stdio -kernel /tmp/tmp.EhKrsTsDdA -smp 4 -append 'MP.invRT* WRC.TRT.inv+addrs -p -n500000'
P0			P1			P2			P3			

Test MP.invRT1+dsb-isb-tlbiis-dsb-isb+dsb-isb:
 p1:x0=0  p1:x2=0  : 338087
 p1:x0=0  p1:x2=1  : 160839
 p1:x0=1  p1:x2=1  : 1074
Observation MP.invRT1+dsb-isb-tlbiis-dsb-isb+dsb-isb.errata: 0 (of 500000)
P0			P1			P2			P3			

Test MP.invRT1+dsb-tlbiis-dsb+dsb:
 p1:x0=0  p1:x2=0  : 328086
 p1:x0=0  p1:x2=1  : 170754
 p1:x0=1  p1:x2=1  : 1160
Observation MP.invRT1+dsb-tlbiis-dsb+dsb.errata: 0 (of 500000)
P0			P1			P2			P3			

Test MP.invRT1+dsb-tlbiis-dsb+dsb-isb:
 p1:x0=0  p1:x2=0  : 335751
 p1:x0=0  p1:x2=1  : 163095
 p1:x0=1  p1:x2=1  : 1154
Observation MP.invRT1+dsb-tlbiis-dsb+dsb-isb.errata: 0 (of 500000)
P0			P1			P2			P3			

Test WRC.TRT.inv+addrs:
 p1:x0=0  p2:x0=0  p2:x2=0  : 8592
 p1:x0=1  p2:x0=0  p2:x2=1  : 377761
 p1:x0=0  p2:x0=0  p2:x2=1  : 105871
 p1:x0=1  p2:x0=0  p2:x2=0  : 1726
 p1:x0=1  p2:x0=1  p2:x2=1  : 4709
 p1:x0=0  p2:x0=1  p2:x2=1  : 1257
 p1:x0=0  p2:x0=1  p2:x2=0  : 84
Observation WRC.TRT.inv+addrs.errata: 0 (of 500000)
19/100
++ echo Starting bin/host_litmus.exe
Starting bin/host_litmus.exe
+++ mktemp
++ tmp=/tmp/tmp.7iqxv9ILdq
++ base64 -d
++ zcat
++ qemu-system-aarch64 -nodefaults -machine virt,gic-version=host --enable-kvm -cpu host -device virtio-serial-device -device virtconsole -display none -serial stdio -kernel /tmp/tmp.7iqxv9ILdq -smp 4 -append 'MP.invRT* WRC.TRT.inv+addrs -p -n500000'
P0			P1			P2			P3			

Test MP.invRT1+dsb-isb-tlbiis-dsb-isb+dsb-isb:
 p1:x0=0  p1:x2=0  : 329727
 p1:x0=0  p1:x2=1  : 168418
 p1:x0=1  p1:x2=1  : 1855
Observation MP.invRT1+dsb-isb-tlbiis-dsb-isb+dsb-isb.errata: 0 (of 500000)
P0			P1			P2			P3			

Test MP.invRT1+dsb-tlbiis-dsb+dsb:
 p1:x0=0  p1:x2=0  : 317870
 p1:x0=0  p1:x2=1  : 180272
 p1:x0=1  p1:x2=1  : 1858
Observation MP.invRT1+dsb-tlbiis-dsb+dsb.errata: 0 (of 500000)
P0			P1			P2			P3			

Test MP.invRT1+dsb-tlbiis-dsb+dsb-isb:
 p1:x0=0  p1:x2=1  : 161483
 p1:x0=0  p1:x2=0  : 336810
 p1:x0=1  p1:x2=1  : 1707
Observation MP.invRT1+dsb-tlbiis-dsb+dsb-isb.errata: 0 (of 500000)
P0			P1			P2			P3			

Test WRC.TRT.inv+addrs:
 p1:x0=0  p2:x0=0  p2:x2=1  : 100200
 p1:x0=1  p2:x0=0  p2:x2=1  : 383033
 p1:x0=0  p2:x0=0  p2:x2=0  : 9516
 p1:x0=1  p2:x0=0  p2:x2=0  : 2049
 p1:x0=0  p2:x0=1  p2:x2=1  : 982
 p1:x0=1  p2:x0=1  p2:x2=1  : 4103
 p1:x0=0  p2:x0=1  p2:x2=0  : 117
Observation WRC.TRT.inv+addrs.errata: 0 (of 500000)
20/100
++ echo Starting bin/host_litmus.exe
Starting bin/host_litmus.exe
+++ mktemp
++ tmp=/tmp/tmp.so6L8mOi5x
++ base64 -d
++ zcat
++ qemu-system-aarch64 -nodefaults -machine virt,gic-version=host --enable-kvm -cpu host -device virtio-serial-device -device virtconsole -display none -serial stdio -kernel /tmp/tmp.so6L8mOi5x -smp 4 -append 'MP.invRT* WRC.TRT.inv+addrs -p -n500000'
P0			P1			P2			P3			

Test MP.invRT1+dsb-isb-tlbiis-dsb-isb+dsb-isb:
 p1:x0=0  p1:x2=0  : 330991
 p1:x0=0  p1:x2=1  : 168020
 p1:x0=1  p1:x2=1  : 989
Observation MP.invRT1+dsb-isb-tlbiis-dsb-isb+dsb-isb.errata: 0 (of 500000)
P0			P1			P2			P3			

Test MP.invRT1+dsb-tlbiis-dsb+dsb:
 p1:x0=0  p1:x2=0  : 327119
 p1:x0=0  p1:x2=1  : 171857
 p1:x0=1  p1:x2=1  : 1024
Observation MP.invRT1+dsb-tlbiis-dsb+dsb.errata: 0 (of 500000)
P0			P1			P2			P3			

Test MP.invRT1+dsb-tlbiis-dsb+dsb-isb:
 p1:x0=0  p1:x2=0  : 337026
 p1:x0=0  p1:x2=1  : 161965
 p1:x0=1  p1:x2=1  : 1009
Observation MP.invRT1+dsb-tlbiis-dsb+dsb-isb.errata: 0 (of 500000)
P0			P1			P2			P3			

Test WRC.TRT.inv+addrs:
 p1:x0=0  p2:x0=0  p2:x2=1  : 99713
 p1:x0=1  p2:x0=0  p2:x2=1  : 384705
 p1:x0=1  p2:x0=1  p2:x2=1  : 4112
 p1:x0=0  p2:x0=1  p2:x2=1  : 1167
 p1:x0=0  p2:x0=0  p2:x2=0  : 8259
 p1:x0=1  p2:x0=0  p2:x2=0  : 1931
 p1:x0=0  p2:x0=1  p2:x2=0  : 113
Observation WRC.TRT.inv+addrs.errata: 0 (of 500000)
21/100
++ echo Starting bin/host_litmus.exe
Starting bin/host_litmus.exe
+++ mktemp
++ tmp=/tmp/tmp.EsrQbcGtgU
++ base64 -d
++ zcat
++ qemu-system-aarch64 -nodefaults -machine virt,gic-version=host --enable-kvm -cpu host -device virtio-serial-device -device virtconsole -display none -serial stdio -kernel /tmp/tmp.EsrQbcGtgU -smp 4 -append 'MP.invRT* WRC.TRT.inv+addrs -p -n500000'
P0			P1			P2			P3			

Test MP.invRT1+dsb-isb-tlbiis-dsb-isb+dsb-isb:
 p1:x0=0  p1:x2=0  : 335042
 p1:x0=0  p1:x2=1  : 163994
 p1:x0=1  p1:x2=1  : 964
Observation MP.invRT1+dsb-isb-tlbiis-dsb-isb+dsb-isb.errata: 0 (of 500000)
P0			P1			P2			P3			

Test MP.invRT1+dsb-tlbiis-dsb+dsb:
 p1:x0=0  p1:x2=0  : 333484
 p1:x0=0  p1:x2=1  : 165534
 p1:x0=1  p1:x2=1  : 982
Observation MP.invRT1+dsb-tlbiis-dsb+dsb.errata: 0 (of 500000)
P0			P1			P2			P3			

Test MP.invRT1+dsb-tlbiis-dsb+dsb-isb:
 p1:x0=0  p1:x2=0  : 337473
 p1:x0=0  p1:x2=1  : 161669
 p1:x0=1  p1:x2=1  : 858
Observation MP.invRT1+dsb-tlbiis-dsb+dsb-isb.errata: 0 (of 500000)
P0			P1			P2			P3			

Test WRC.TRT.inv+addrs:
 p1:x0=0  p2:x0=0  p2:x2=1  : 94882
 p1:x0=1  p2:x0=0  p2:x2=1  : 389017
 p1:x0=0  p2:x0=0  p2:x2=0  : 7293
 p1:x0=1  p2:x0=1  p2:x2=1  : 5671
 p1:x0=0  p2:x0=1  p2:x2=1  : 1190
 p1:x0=1  p2:x0=0  p2:x2=0  : 1855
 p1:x0=0  p2:x0=1  p2:x2=0  : 92
Observation WRC.TRT.inv+addrs.errata: 0 (of 500000)
22/100
++ echo Starting bin/host_litmus.exe
Starting bin/host_litmus.exe
+++ mktemp
++ tmp=/tmp/tmp.VvQDsYq7rC
++ base64 -d
++ zcat
++ qemu-system-aarch64 -nodefaults -machine virt,gic-version=host --enable-kvm -cpu host -device virtio-serial-device -device virtconsole -display none -serial stdio -kernel /tmp/tmp.VvQDsYq7rC -smp 4 -append 'MP.invRT* WRC.TRT.inv+addrs -p -n500000'
P0			P1			P2			P3			

Test MP.invRT1+dsb-isb-tlbiis-dsb-isb+dsb-isb:
 p1:x0=0  p1:x2=0  : 332678
 p1:x0=0  p1:x2=1  : 166319
 p1:x0=1  p1:x2=1  : 1003
Observation MP.invRT1+dsb-isb-tlbiis-dsb-isb+dsb-isb.errata: 0 (of 500000)
P0			P1			P2			P3			

Test MP.invRT1+dsb-tlbiis-dsb+dsb:
 p1:x0=0  p1:x2=0  : 330095
 p1:x0=0  p1:x2=1  : 169047
 p1:x0=1  p1:x2=1  : 858
Observation MP.invRT1+dsb-tlbiis-dsb+dsb.errata: 0 (of 500000)
P0			P1			P2			P3			

Test MP.invRT1+dsb-tlbiis-dsb+dsb-isb:
 p1:x0=0  p1:x2=0  : 345321
 p1:x0=0  p1:x2=1  : 153667
 p1:x0=1  p1:x2=1  : 1012
Observation MP.invRT1+dsb-tlbiis-dsb+dsb-isb.errata: 0 (of 500000)
P0			P1			P2			P3			

Test WRC.TRT.inv+addrs:
 p1:x0=0  p2:x0=0  p2:x2=1  : 100564
 p1:x0=1  p2:x0=0  p2:x2=1  : 384189
 p1:x0=1  p2:x0=0  p2:x2=0  : 1965
 p1:x0=0  p2:x0=1  p2:x2=1  : 1168
 p1:x0=0  p2:x0=0  p2:x2=0  : 7769
 p1:x0=1  p2:x0=1  p2:x2=1  : 4240
 p1:x0=0  p2:x0=1  p2:x2=0  : 105
Observation WRC.TRT.inv+addrs.errata: 0 (of 500000)
23/100
++ echo Starting bin/host_litmus.exe
Starting bin/host_litmus.exe
+++ mktemp
++ tmp=/tmp/tmp.cI8UrDatVB
++ base64 -d
++ zcat
++ qemu-system-aarch64 -nodefaults -machine virt,gic-version=host --enable-kvm -cpu host -device virtio-serial-device -device virtconsole -display none -serial stdio -kernel /tmp/tmp.cI8UrDatVB -smp 4 -append 'MP.invRT* WRC.TRT.inv+addrs -p -n500000'
P0			P1			P2			P3			

Test MP.invRT1+dsb-isb-tlbiis-dsb-isb+dsb-isb:
 p1:x0=0  p1:x2=0  : 334120
 p1:x0=0  p1:x2=1  : 164931
 p1:x0=1  p1:x2=1  : 949
Observation MP.invRT1+dsb-isb-tlbiis-dsb-isb+dsb-isb.errata: 0 (of 500000)
P0			P1			P2			P3			

Test MP.invRT1+dsb-tlbiis-dsb+dsb:
 p1:x0=1  p1:x2=1  : 936
 p1:x0=0  p1:x2=0  : 328442
 p1:x0=0  p1:x2=1  : 170622
Observation MP.invRT1+dsb-tlbiis-dsb+dsb.errata: 0 (of 500000)
P0			P1			P2			P3			

Test MP.invRT1+dsb-tlbiis-dsb+dsb-isb:
 p1:x0=0  p1:x2=1  : 159477
 p1:x0=0  p1:x2=0  : 339360
 p1:x0=1  p1:x2=1  : 1163
Observation MP.invRT1+dsb-tlbiis-dsb+dsb-isb.errata: 0 (of 500000)
P0			P1			P2			P3			

Test WRC.TRT.inv+addrs:
 p1:x0=0  p2:x0=0  p2:x2=1  : 99549
 p1:x0=1  p2:x0=0  p2:x2=1  : 384715
 p1:x0=1  p2:x0=0  p2:x2=0  : 1853
 p1:x0=1  p2:x0=1  p2:x2=1  : 5284
 p1:x0=0  p2:x0=1  p2:x2=1  : 1415
 p1:x0=0  p2:x0=0  p2:x2=0  : 7053
 p1:x0=0  p2:x0=1  p2:x2=0  : 131
Observation WRC.TRT.inv+addrs.errata: 0 (of 500000)
24/100
++ echo Starting bin/host_litmus.exe
Starting bin/host_litmus.exe
+++ mktemp
++ tmp=/tmp/tmp.8HC6BgNeez
++ base64 -d
++ zcat
++ qemu-system-aarch64 -nodefaults -machine virt,gic-version=host --enable-kvm -cpu host -device virtio-serial-device -device virtconsole -display none -serial stdio -kernel /tmp/tmp.8HC6BgNeez -smp 4 -append 'MP.invRT* WRC.TRT.inv+addrs -p -n500000'
P0			P1			P2			P3			

Test MP.invRT1+dsb-isb-tlbiis-dsb-isb+dsb-isb:
 p1:x0=0  p1:x2=0  : 328912
 p1:x0=0  p1:x2=1  : 169973
 p1:x0=1  p1:x2=1  : 1115
Observation MP.invRT1+dsb-isb-tlbiis-dsb-isb+dsb-isb.errata: 0 (of 500000)
P0			P1			P2			P3			

Test MP.invRT1+dsb-tlbiis-dsb+dsb:
 p1:x0=0  p1:x2=0  : 332765
 p1:x0=0  p1:x2=1  : 165905
 p1:x0=1  p1:x2=1  : 1330
Observation MP.invRT1+dsb-tlbiis-dsb+dsb.errata: 0 (of 500000)
P0			P1			P2			P3			

Test MP.invRT1+dsb-tlbiis-dsb+dsb-isb:
 p1:x0=0  p1:x2=1  : 160084
 p1:x0=0  p1:x2=0  : 338685
 p1:x0=1  p1:x2=1  : 1231
Observation MP.invRT1+dsb-tlbiis-dsb+dsb-isb.errata: 0 (of 500000)
P0			P1			P2			P3			

Test WRC.TRT.inv+addrs:
 p1:x0=1  p2:x0=0  p2:x2=1  : 358002
 p1:x0=0  p2:x0=0  p2:x2=1  : 126322
 p1:x0=0  p2:x0=1  p2:x2=1  : 1582
 p1:x0=1  p2:x0=0  p2:x2=0  : 1408
 p1:x0=0  p2:x0=0  p2:x2=0  : 7901
 p1:x0=1  p2:x0=1  p2:x2=1  : 4674
 p1:x0=0  p2:x0=1  p2:x2=0  : 111
Observation WRC.TRT.inv+addrs.errata: 0 (of 500000)
25/100
++ echo Starting bin/host_litmus.exe
Starting bin/host_litmus.exe
+++ mktemp
++ tmp=/tmp/tmp.swtpy515dA
++ base64 -d
++ zcat
++ qemu-system-aarch64 -nodefaults -machine virt,gic-version=host --enable-kvm -cpu host -device virtio-serial-device -device virtconsole -display none -serial stdio -kernel /tmp/tmp.swtpy515dA -smp 4 -append 'MP.invRT* WRC.TRT.inv+addrs -p -n500000'
P0			P1			P2			P3			

Test MP.invRT1+dsb-isb-tlbiis-dsb-isb+dsb-isb:
 p1:x0=0  p1:x2=0  : 339706
 p1:x0=0  p1:x2=1  : 159238
 p1:x0=1  p1:x2=1  : 1056
Observation MP.invRT1+dsb-isb-tlbiis-dsb-isb+dsb-isb.errata: 0 (of 500000)
P0			P1			P2			P3			

Test MP.invRT1+dsb-tlbiis-dsb+dsb:
 p1:x0=0  p1:x2=0  : 326613
 p1:x0=0  p1:x2=1  : 172269
 p1:x0=1  p1:x2=1  : 1118
Observation MP.invRT1+dsb-tlbiis-dsb+dsb.errata: 0 (of 500000)
P0			P1			P2			P3			

Test MP.invRT1+dsb-tlbiis-dsb+dsb-isb:
 p1:x0=0  p1:x2=0  : 340104
 p1:x0=0  p1:x2=1  : 158957
 p1:x0=1  p1:x2=1  : 939
Observation MP.invRT1+dsb-tlbiis-dsb+dsb-isb.errata: 0 (of 500000)
P0			P1			P2			P3			

Test WRC.TRT.inv+addrs:
 p1:x0=0  p2:x0=0  p2:x2=1  : 100145
 p1:x0=1  p2:x0=0  p2:x2=1  : 384243
 p1:x0=1  p2:x0=1  p2:x2=1  : 5131
 p1:x0=0  p2:x0=1  p2:x2=1  : 1408
 p1:x0=1  p2:x0=0  p2:x2=0  : 1527
 p1:x0=0  p2:x0=0  p2:x2=0  : 7428
 p1:x0=0  p2:x0=1  p2:x2=0  : 118
Observation WRC.TRT.inv+addrs.errata: 0 (of 500000)
26/100
++ echo Starting bin/host_litmus.exe
Starting bin/host_litmus.exe
+++ mktemp
++ tmp=/tmp/tmp.z0b0iTYBA6
++ base64 -d
++ zcat
++ qemu-system-aarch64 -nodefaults -machine virt,gic-version=host --enable-kvm -cpu host -device virtio-serial-device -device virtconsole -display none -serial stdio -kernel /tmp/tmp.z0b0iTYBA6 -smp 4 -append 'MP.invRT* WRC.TRT.inv+addrs -p -n500000'
P0			P1			P2			P3			

Test MP.invRT1+dsb-isb-tlbiis-dsb-isb+dsb-isb:
 p1:x0=0  p1:x2=0  : 335553
 p1:x0=0  p1:x2=1  : 163533
 p1:x0=1  p1:x2=1  : 914
Observation MP.invRT1+dsb-isb-tlbiis-dsb-isb+dsb-isb.errata: 0 (of 500000)
P0			P1			P2			P3			

Test MP.invRT1+dsb-tlbiis-dsb+dsb:
 p1:x0=0  p1:x2=0  : 333018
 p1:x0=0  p1:x2=1  : 165998
 p1:x0=1  p1:x2=1  : 984
Observation MP.invRT1+dsb-tlbiis-dsb+dsb.errata: 0 (of 500000)
P0			P1			P2			P3			

Test MP.invRT1+dsb-tlbiis-dsb+dsb-isb:
 p1:x0=0  p1:x2=1  : 171096
 p1:x0=0  p1:x2=0  : 328047
 p1:x0=1  p1:x2=1  : 857
Observation MP.invRT1+dsb-tlbiis-dsb+dsb-isb.errata: 0 (of 500000)
P0			P1			P2			P3			

Test WRC.TRT.inv+addrs:
 p1:x0=0  p2:x0=1  p2:x2=1  : 935
 p1:x0=0  p2:x0=0  p2:x2=0  : 7348
 p1:x0=1  p2:x0=0  p2:x2=1  : 380284
 p1:x0=0  p2:x0=0  p2:x2=1  : 105248
 p1:x0=1  p2:x0=0  p2:x2=0  : 1888
 p1:x0=1  p2:x0=1  p2:x2=1  : 4181
 p1:x0=0  p2:x0=1  p2:x2=0  : 116
Observation WRC.TRT.inv+addrs.errata: 0 (of 500000)
27/100
++ echo Starting bin/host_litmus.exe
Starting bin/host_litmus.exe
+++ mktemp
++ tmp=/tmp/tmp.caWcL5tB0Z
++ base64 -d
++ zcat
++ qemu-system-aarch64 -nodefaults -machine virt,gic-version=host --enable-kvm -cpu host -device virtio-serial-device -device virtconsole -display none -serial stdio -kernel /tmp/tmp.caWcL5tB0Z -smp 4 -append 'MP.invRT* WRC.TRT.inv+addrs -p -n500000'
P0			P1			P2			P3			

Test MP.invRT1+dsb-isb-tlbiis-dsb-isb+dsb-isb:
 p1:x0=1  p1:x2=1  : 1025
 p1:x0=0  p1:x2=0  : 335111
 p1:x0=0  p1:x2=1  : 163864
Observation MP.invRT1+dsb-isb-tlbiis-dsb-isb+dsb-isb.errata: 0 (of 500000)
P0			P1			P2			P3			

Test MP.invRT1+dsb-tlbiis-dsb+dsb:
 p1:x0=0  p1:x2=0  : 335582
 p1:x0=0  p1:x2=1  : 163343
 p1:x0=1  p1:x2=1  : 1075
Observation MP.invRT1+dsb-tlbiis-dsb+dsb.errata: 0 (of 500000)
P0			P1			P2			P3			

Test MP.invRT1+dsb-tlbiis-dsb+dsb-isb:
 p1:x0=0  p1:x2=0  : 342975
 p1:x0=0  p1:x2=1  : 156112
 p1:x0=1  p1:x2=1  : 913
Observation MP.invRT1+dsb-tlbiis-dsb+dsb-isb.errata: 0 (of 500000)
P0			P1			P2			P3			

Test WRC.TRT.inv+addrs:
 p1:x0=0  p2:x0=0  p2:x2=1  : 100001
 p1:x0=1  p2:x0=0  p2:x2=1  : 385851
 p1:x0=1  p2:x0=0  p2:x2=0  : 1907
 p1:x0=0  p2:x0=1  p2:x2=1  : 1019
 p1:x0=1  p2:x0=1  p2:x2=1  : 4149
 p1:x0=0  p2:x0=0  p2:x2=0  : 6969
 p1:x0=0  p2:x0=1  p2:x2=0  : 104
Observation WRC.TRT.inv+addrs.errata: 0 (of 500000)
28/100
++ echo Starting bin/host_litmus.exe
Starting bin/host_litmus.exe
+++ mktemp
++ tmp=/tmp/tmp.lvNmFns0OT
++ base64 -d
++ zcat
++ qemu-system-aarch64 -nodefaults -machine virt,gic-version=host --enable-kvm -cpu host -device virtio-serial-device -device virtconsole -display none -serial stdio -kernel /tmp/tmp.lvNmFns0OT -smp 4 -append 'MP.invRT* WRC.TRT.inv+addrs -p -n500000'
P0			P1			P2			P3			

Test MP.invRT1+dsb-isb-tlbiis-dsb-isb+dsb-isb:
 p1:x0=0  p1:x2=0  : 335000
 p1:x0=0  p1:x2=1  : 163693
 p1:x0=1  p1:x2=1  : 1307
Observation MP.invRT1+dsb-isb-tlbiis-dsb-isb+dsb-isb.errata: 0 (of 500000)
P0			P1			P2			P3			

Test MP.invRT1+dsb-tlbiis-dsb+dsb:
 p1:x0=0  p1:x2=0  : 326533
 p1:x0=0  p1:x2=1  : 172150
 p1:x0=1  p1:x2=1  : 1317
Observation MP.invRT1+dsb-tlbiis-dsb+dsb.errata: 0 (of 500000)
P0			P1			P2			P3			

Test MP.invRT1+dsb-tlbiis-dsb+dsb-isb:
 p1:x0=0  p1:x2=0  : 339554
 p1:x0=0  p1:x2=1  : 159121
 p1:x0=1  p1:x2=1  : 1325
Observation MP.invRT1+dsb-tlbiis-dsb+dsb-isb.errata: 0 (of 500000)
P0			P1			P2			P3			

Test WRC.TRT.inv+addrs:
 p1:x0=0  p2:x0=0  p2:x2=1  : 119398
 p1:x0=1  p2:x0=0  p2:x2=1  : 367218
 p1:x0=1  p2:x0=1  p2:x2=1  : 3316
 p1:x0=0  p2:x0=0  p2:x2=0  : 7413
 p1:x0=0  p2:x0=1  p2:x2=1  : 1005
 p1:x0=1  p2:x0=0  p2:x2=0  : 1554
 p1:x0=0  p2:x0=1  p2:x2=0  : 96
Observation WRC.TRT.inv+addrs.errata: 0 (of 500000)
29/100
++ echo Starting bin/host_litmus.exe
Starting bin/host_litmus.exe
+++ mktemp
++ tmp=/tmp/tmp.xOLFvyUlta
++ base64 -d
++ zcat
++ qemu-system-aarch64 -nodefaults -machine virt,gic-version=host --enable-kvm -cpu host -device virtio-serial-device -device virtconsole -display none -serial stdio -kernel /tmp/tmp.xOLFvyUlta -smp 4 -append 'MP.invRT* WRC.TRT.inv+addrs -p -n500000'
P0			P1			P2			P3			

Test MP.invRT1+dsb-isb-tlbiis-dsb-isb+dsb-isb:
 p1:x0=0  p1:x2=0  : 330828
 p1:x0=0  p1:x2=1  : 167681
 p1:x0=1  p1:x2=1  : 1491
Observation MP.invRT1+dsb-isb-tlbiis-dsb-isb+dsb-isb.errata: 0 (of 500000)
P0			P1			P2			P3			

Test MP.invRT1+dsb-tlbiis-dsb+dsb:
 p1:x0=0  p1:x2=0  : 333972
 p1:x0=0  p1:x2=1  : 164373
 p1:x0=1  p1:x2=1  : 1655
Observation MP.invRT1+dsb-tlbiis-dsb+dsb.errata: 0 (of 500000)
P0			P1			P2			P3			

Test MP.invRT1+dsb-tlbiis-dsb+dsb-isb:
 p1:x0=0  p1:x2=0  : 344940
 p1:x0=0  p1:x2=1  : 153752
 p1:x0=1  p1:x2=1  : 1308
Observation MP.invRT1+dsb-tlbiis-dsb+dsb-isb.errata: 0 (of 500000)
P0			P1			P2			P3			

Test WRC.TRT.inv+addrs:
 p1:x0=0  p2:x0=0  p2:x2=1  : 102387
 p1:x0=1  p2:x0=0  p2:x2=1  : 380325
 p1:x0=1  p2:x0=0  p2:x2=0  : 1860
 p1:x0=0  p2:x0=0  p2:x2=0  : 9343
 p1:x0=1  p2:x0=1  p2:x2=1  : 4716
 p1:x0=0  p2:x0=1  p2:x2=1  : 1297
 p1:x0=0  p2:x0=1  p2:x2=0  : 72
Observation WRC.TRT.inv+addrs.errata: 0 (of 500000)
30/100
++ echo Starting bin/host_litmus.exe
Starting bin/host_litmus.exe
+++ mktemp
++ tmp=/tmp/tmp.GYqNmPMEZH
++ base64 -d
++ zcat
++ qemu-system-aarch64 -nodefaults -machine virt,gic-version=host --enable-kvm -cpu host -device virtio-serial-device -device virtconsole -display none -serial stdio -kernel /tmp/tmp.GYqNmPMEZH -smp 4 -append 'MP.invRT* WRC.TRT.inv+addrs -p -n500000'
P0			P1			P2			P3			

Test MP.invRT1+dsb-isb-tlbiis-dsb-isb+dsb-isb:
 p1:x0=1  p1:x2=1  : 1303
 p1:x0=0  p1:x2=0  : 333545
 p1:x0=0  p1:x2=1  : 165152
Observation MP.invRT1+dsb-isb-tlbiis-dsb-isb+dsb-isb.errata: 0 (of 500000)
P0			P1			P2			P3			

Test MP.invRT1+dsb-tlbiis-dsb+dsb:
 p1:x0=0  p1:x2=0  : 328815
 p1:x0=0  p1:x2=1  : 169858
 p1:x0=1  p1:x2=1  : 1327
Observation MP.invRT1+dsb-tlbiis-dsb+dsb.errata: 0 (of 500000)
P0			P1			P2			P3			

Test MP.invRT1+dsb-tlbiis-dsb+dsb-isb:
 p1:x0=0  p1:x2=1  : 161706
 p1:x0=0  p1:x2=0  : 336922
 p1:x0=1  p1:x2=1  : 1372
Observation MP.invRT1+dsb-tlbiis-dsb+dsb-isb.errata: 0 (of 500000)
P0			P1			P2			P3			

Test WRC.TRT.inv+addrs:
 p1:x0=1  p2:x0=0  p2:x2=1  : 352343
 p1:x0=0  p2:x0=0  p2:x2=1  : 130073
 p1:x0=1  p2:x0=1  p2:x2=1  : 5440
 p1:x0=0  p2:x0=0  p2:x2=0  : 8044
 p1:x0=1  p2:x0=0  p2:x2=0  : 1625
 p1:x0=0  p2:x0=1  p2:x2=1  : 2225
 p1:x0=0  p2:x0=1  p2:x2=0  : 250
Observation WRC.TRT.inv+addrs.errata: 0 (of 500000)
31/100
++ echo Starting bin/host_litmus.exe
Starting bin/host_litmus.exe
+++ mktemp
++ tmp=/tmp/tmp.AEuO5BrZud
++ base64 -d
++ zcat
++ qemu-system-aarch64 -nodefaults -machine virt,gic-version=host --enable-kvm -cpu host -device virtio-serial-device -device virtconsole -display none -serial stdio -kernel /tmp/tmp.AEuO5BrZud -smp 4 -append 'MP.invRT* WRC.TRT.inv+addrs -p -n500000'
P0			P1			P2			P3			

Test MP.invRT1+dsb-isb-tlbiis-dsb-isb+dsb-isb:
 p1:x0=1  p1:x2=1  : 1078
 p1:x0=0  p1:x2=0  : 331414
 p1:x0=0  p1:x2=1  : 167508
Observation MP.invRT1+dsb-isb-tlbiis-dsb-isb+dsb-isb.errata: 0 (of 500000)
P0			P1			P2			P3			

Test MP.invRT1+dsb-tlbiis-dsb+dsb:
 p1:x0=0  p1:x2=0  : 329147
 p1:x0=0  p1:x2=1  : 169761
 p1:x0=1  p1:x2=1  : 1092
Observation MP.invRT1+dsb-tlbiis-dsb+dsb.errata: 0 (of 500000)
P0			P1			P2			P3			

Test MP.invRT1+dsb-tlbiis-dsb+dsb-isb:
 p1:x0=0  p1:x2=1  : 138969
 p1:x0=0  p1:x2=0  : 359886
 p1:x0=1  p1:x2=1  : 1145
Observation MP.invRT1+dsb-tlbiis-dsb+dsb-isb.errata: 0 (of 500000)
P0			P1			P2			P3			

Test WRC.TRT.inv+addrs:
 p1:x0=0  p2:x0=1  p2:x2=1  : 1072
 p1:x0=0  p2:x0=0  p2:x2=1  : 95876
 p1:x0=1  p2:x0=0  p2:x2=1  : 388580
 p1:x0=0  p2:x0=0  p2:x2=0  : 8417
 p1:x0=1  p2:x0=0  p2:x2=0  : 1745
 p1:x0=1  p2:x0=1  p2:x2=1  : 4198
 p1:x0=0  p2:x0=1  p2:x2=0  : 112
Observation WRC.TRT.inv+addrs.errata: 0 (of 500000)
32/100
++ echo Starting bin/host_litmus.exe
Starting bin/host_litmus.exe
+++ mktemp
++ tmp=/tmp/tmp.7ETZP7RB23
++ base64 -d
++ zcat
++ qemu-system-aarch64 -nodefaults -machine virt,gic-version=host --enable-kvm -cpu host -device virtio-serial-device -device virtconsole -display none -serial stdio -kernel /tmp/tmp.7ETZP7RB23 -smp 4 -append 'MP.invRT* WRC.TRT.inv+addrs -p -n500000'
P0			P1			P2			P3			

Test MP.invRT1+dsb-isb-tlbiis-dsb-isb+dsb-isb:
 p1:x0=0  p1:x2=0  : 329543
 p1:x0=0  p1:x2=1  : 169282
 p1:x0=1  p1:x2=1  : 1175
Observation MP.invRT1+dsb-isb-tlbiis-dsb-isb+dsb-isb.errata: 0 (of 500000)
P0			P1			P2			P3			

Test MP.invRT1+dsb-tlbiis-dsb+dsb:
 p1:x0=0  p1:x2=0  : 323928
 p1:x0=0  p1:x2=1  : 174986
 p1:x0=1  p1:x2=1  : 1086
Observation MP.invRT1+dsb-tlbiis-dsb+dsb.errata: 0 (of 500000)
P0			P1			P2			P3			

Test MP.invRT1+dsb-tlbiis-dsb+dsb-isb:
 p1:x0=0  p1:x2=0  : 328224
 p1:x0=0  p1:x2=1  : 170814
 p1:x0=1  p1:x2=1  : 962
Observation MP.invRT1+dsb-tlbiis-dsb+dsb-isb.errata: 0 (of 500000)
P0			P1			P2			P3			

Test WRC.TRT.inv+addrs:
 p1:x0=0  p2:x0=0  p2:x2=1  : 104079
 p1:x0=1  p2:x0=0  p2:x2=1  : 382181
 p1:x0=1  p2:x0=1  p2:x2=1  : 4646
 p1:x0=0  p2:x0=0  p2:x2=0  : 6598
 p1:x0=0  p2:x0=1  p2:x2=1  : 1006
 p1:x0=0  p2:x0=1  p2:x2=0  : 84
 p1:x0=1  p2:x0=0  p2:x2=0  : 1406
Observation WRC.TRT.inv+addrs.errata: 0 (of 500000)
33/100
++ echo Starting bin/host_litmus.exe
Starting bin/host_litmus.exe
+++ mktemp
++ tmp=/tmp/tmp.ELD7ev1jZG
++ base64 -d
++ zcat
++ qemu-system-aarch64 -nodefaults -machine virt,gic-version=host --enable-kvm -cpu host -device virtio-serial-device -device virtconsole -display none -serial stdio -kernel /tmp/tmp.ELD7ev1jZG -smp 4 -append 'MP.invRT* WRC.TRT.inv+addrs -p -n500000'
P0			P1			P2			P3			

Test MP.invRT1+dsb-isb-tlbiis-dsb-isb+dsb-isb:
 p1:x0=0  p1:x2=0  : 331978
 p1:x0=0  p1:x2=1  : 167096
 p1:x0=1  p1:x2=1  : 926
Observation MP.invRT1+dsb-isb-tlbiis-dsb-isb+dsb-isb.errata: 0 (of 500000)
P0			P1			P2			P3			

Test MP.invRT1+dsb-tlbiis-dsb+dsb:
 p1:x0=0  p1:x2=0  : 329295
 p1:x0=0  p1:x2=1  : 169740
 p1:x0=1  p1:x2=1  : 965
Observation MP.invRT1+dsb-tlbiis-dsb+dsb.errata: 0 (of 500000)
P0			P1			P2			P3			

Test MP.invRT1+dsb-tlbiis-dsb+dsb-isb:
 p1:x0=0  p1:x2=0  : 338886
 p1:x0=0  p1:x2=1  : 160206
 p1:x0=1  p1:x2=1  : 908
Observation MP.invRT1+dsb-tlbiis-dsb+dsb-isb.errata: 0 (of 500000)
P0			P1			P2			P3			

Test WRC.TRT.inv+addrs:
 p1:x0=1  p2:x0=0  p2:x2=1  : 388041
 p1:x0=0  p2:x0=0  p2:x2=1  : 98043
 p1:x0=0  p2:x0=0  p2:x2=0  : 6621
 p1:x0=1  p2:x0=0  p2:x2=0  : 1622
 p1:x0=1  p2:x0=1  p2:x2=1  : 4536
 p1:x0=0  p2:x0=1  p2:x2=0  : 123
 p1:x0=0  p2:x0=1  p2:x2=1  : 1014
Observation WRC.TRT.inv+addrs.errata: 0 (of 500000)
34/100
++ echo Starting bin/host_litmus.exe
Starting bin/host_litmus.exe
+++ mktemp
++ tmp=/tmp/tmp.SfcDPvDkvL
++ base64 -d
++ zcat
++ qemu-system-aarch64 -nodefaults -machine virt,gic-version=host --enable-kvm -cpu host -device virtio-serial-device -device virtconsole -display none -serial stdio -kernel /tmp/tmp.SfcDPvDkvL -smp 4 -append 'MP.invRT* WRC.TRT.inv+addrs -p -n500000'
P0			P1			P2			P3			

Test MP.invRT1+dsb-isb-tlbiis-dsb-isb+dsb-isb:
 p1:x0=0  p1:x2=0  : 325497
 p1:x0=0  p1:x2=1  : 173291
 p1:x0=1  p1:x2=1  : 1212
Observation MP.invRT1+dsb-isb-tlbiis-dsb-isb+dsb-isb.errata: 0 (of 500000)
P0			P1			P2			P3			

Test MP.invRT1+dsb-tlbiis-dsb+dsb:
 p1:x0=0  p1:x2=0  : 326531
 p1:x0=0  p1:x2=1  : 172158
 p1:x0=1  p1:x2=1  : 1311
Observation MP.invRT1+dsb-tlbiis-dsb+dsb.errata: 0 (of 500000)
P0			P1			P2			P3			

Test MP.invRT1+dsb-tlbiis-dsb+dsb-isb:
 p1:x0=1  p1:x2=1  : 1209
 p1:x0=1  p1:x2=0  : 1 *
 p1:x0=0  p1:x2=0  : 333848
 p1:x0=0  p1:x2=1  : 164942
Observation MP.invRT1+dsb-tlbiis-dsb+dsb-isb.errata: 1 (of 500000)
P0			P1			P2			P3			

Test WRC.TRT.inv+addrs:
 p1:x0=0  p2:x0=1  p2:x2=1  : 1218
 p1:x0=0  p2:x0=0  p2:x2=1  : 117573
 p1:x0=1  p2:x0=0  p2:x2=1  : 366529
 p1:x0=1  p2:x0=0  p2:x2=0  : 1813
 p1:x0=0  p2:x0=0  p2:x2=0  : 8404
 p1:x0=1  p2:x0=1  p2:x2=1  : 4358
 p1:x0=0  p2:x0=1  p2:x2=0  : 105
Observation WRC.TRT.inv+addrs.errata: 0 (of 500000)
35/100
++ echo Starting bin/host_litmus.exe
Starting bin/host_litmus.exe
+++ mktemp
++ tmp=/tmp/tmp.XVhIR5U0R8
++ base64 -d
++ zcat
++ qemu-system-aarch64 -nodefaults -machine virt,gic-version=host --enable-kvm -cpu host -device virtio-serial-device -device virtconsole -display none -serial stdio -kernel /tmp/tmp.XVhIR5U0R8 -smp 4 -append 'MP.invRT* WRC.TRT.inv+addrs -p -n500000'
P0			P1			P2			P3			

Test MP.invRT1+dsb-isb-tlbiis-dsb-isb+dsb-isb:
 p1:x0=0  p1:x2=0  : 338305
 p1:x0=0  p1:x2=1  : 160531
 p1:x0=1  p1:x2=1  : 1164
Observation MP.invRT1+dsb-isb-tlbiis-dsb-isb+dsb-isb.errata: 0 (of 500000)
P0			P1			P2			P3			

Test MP.invRT1+dsb-tlbiis-dsb+dsb:
 p1:x0=0  p1:x2=0  : 330092
 p1:x0=0  p1:x2=1  : 168710
 p1:x0=1  p1:x2=1  : 1198
Observation MP.invRT1+dsb-tlbiis-dsb+dsb.errata: 0 (of 500000)
P0			P1			P2			P3			

Test MP.invRT1+dsb-tlbiis-dsb+dsb-isb:
 p1:x0=1  p1:x2=1  : 984
 p1:x0=0  p1:x2=0  : 321319
 p1:x0=0  p1:x2=1  : 177697
Observation MP.invRT1+dsb-tlbiis-dsb+dsb-isb.errata: 0 (of 500000)
P0			P1			P2			P3			

Test WRC.TRT.inv+addrs:
 p1:x0=0  p2:x0=0  p2:x2=1  : 106355
 p1:x0=1  p2:x0=0  p2:x2=1  : 377898
 p1:x0=0  p2:x0=0  p2:x2=0  : 8010
 p1:x0=1  p2:x0=0  p2:x2=0  : 1926
 p1:x0=1  p2:x0=1  p2:x2=1  : 4652
 p1:x0=0  p2:x0=1  p2:x2=1  : 1061
 p1:x0=0  p2:x0=1  p2:x2=0  : 98
Observation WRC.TRT.inv+addrs.errata: 0 (of 500000)
36/100
++ echo Starting bin/host_litmus.exe
Starting bin/host_litmus.exe
+++ mktemp
++ tmp=/tmp/tmp.j5MvmM3np5
++ base64 -d
++ zcat
++ qemu-system-aarch64 -nodefaults -machine virt,gic-version=host --enable-kvm -cpu host -device virtio-serial-device -device virtconsole -display none -serial stdio -kernel /tmp/tmp.j5MvmM3np5 -smp 4 -append 'MP.invRT* WRC.TRT.inv+addrs -p -n500000'
P0			P1			P2			P3			

Test MP.invRT1+dsb-isb-tlbiis-dsb-isb+dsb-isb:
 p1:x0=0  p1:x2=0  : 336502
 p1:x0=0  p1:x2=1  : 162402
 p1:x0=1  p1:x2=1  : 1096
Observation MP.invRT1+dsb-isb-tlbiis-dsb-isb+dsb-isb.errata: 0 (of 500000)
P0			P1			P2			P3			

Test MP.invRT1+dsb-tlbiis-dsb+dsb:
 p1:x0=0  p1:x2=0  : 333615
 p1:x0=0  p1:x2=1  : 165449
 p1:x0=1  p1:x2=1  : 936
Observation MP.invRT1+dsb-tlbiis-dsb+dsb.errata: 0 (of 500000)
P0			P1			P2			P3			

Test MP.invRT1+dsb-tlbiis-dsb+dsb-isb:
 p1:x0=0  p1:x2=0  : 342245
 p1:x0=0  p1:x2=1  : 156414
 p1:x0=1  p1:x2=1  : 1341
Observation MP.invRT1+dsb-tlbiis-dsb+dsb-isb.errata: 0 (of 500000)
P0			P1			P2			P3			

Test WRC.TRT.inv+addrs:
 p1:x0=1  p2:x0=0  p2:x2=1  : 381985
 p1:x0=0  p2:x0=0  p2:x2=0  : 8520
 p1:x0=0  p2:x0=0  p2:x2=1  : 101634
 p1:x0=1  p2:x0=0  p2:x2=0  : 1847
 p1:x0=1  p2:x0=1  p2:x2=1  : 4887
 p1:x0=0  p2:x0=1  p2:x2=1  : 1024
 p1:x0=0  p2:x0=1  p2:x2=0  : 103
Observation WRC.TRT.inv+addrs.errata: 0 (of 500000)
37/100
++ echo Starting bin/host_litmus.exe
Starting bin/host_litmus.exe
+++ mktemp
++ tmp=/tmp/tmp.7MVRm0H8hS
++ base64 -d
++ zcat
++ qemu-system-aarch64 -nodefaults -machine virt,gic-version=host --enable-kvm -cpu host -device virtio-serial-device -device virtconsole -display none -serial stdio -kernel /tmp/tmp.7MVRm0H8hS -smp 4 -append 'MP.invRT* WRC.TRT.inv+addrs -p -n500000'
P0			P1			P2			P3			

Test MP.invRT1+dsb-isb-tlbiis-dsb-isb+dsb-isb:
 p1:x0=0  p1:x2=0  : 340380
 p1:x0=0  p1:x2=1  : 158555
 p1:x0=1  p1:x2=1  : 1065
Observation MP.invRT1+dsb-isb-tlbiis-dsb-isb+dsb-isb.errata: 0 (of 500000)
P0			P1			P2			P3			

Test MP.invRT1+dsb-tlbiis-dsb+dsb:
 p1:x0=0  p1:x2=0  : 334043
 p1:x0=0  p1:x2=1  : 164893
 p1:x0=1  p1:x2=1  : 1064
Observation MP.invRT1+dsb-tlbiis-dsb+dsb.errata: 0 (of 500000)
P0			P1			P2			P3			

Test MP.invRT1+dsb-tlbiis-dsb+dsb-isb:
 p1:x0=0  p1:x2=0  : 344456
 p1:x0=0  p1:x2=1  : 154554
 p1:x0=1  p1:x2=1  : 990
Observation MP.invRT1+dsb-tlbiis-dsb+dsb-isb.errata: 0 (of 500000)
P0			P1			P2			P3			

Test WRC.TRT.inv+addrs:
 p1:x0=0  p2:x0=0  p2:x2=1  : 100425
 p1:x0=1  p2:x0=0  p2:x2=1  : 384970
 p1:x0=0  p2:x0=0  p2:x2=0  : 7032
 p1:x0=1  p2:x0=0  p2:x2=0  : 2048
 p1:x0=0  p2:x0=1  p2:x2=1  : 1054
 p1:x0=1  p2:x0=1  p2:x2=1  : 4376
 p1:x0=0  p2:x0=1  p2:x2=0  : 95
Observation WRC.TRT.inv+addrs.errata: 0 (of 500000)
38/100
++ echo Starting bin/host_litmus.exe
Starting bin/host_litmus.exe
+++ mktemp
++ tmp=/tmp/tmp.2pon3p5gFu
++ base64 -d
++ zcat
++ qemu-system-aarch64 -nodefaults -machine virt,gic-version=host --enable-kvm -cpu host -device virtio-serial-device -device virtconsole -display none -serial stdio -kernel /tmp/tmp.2pon3p5gFu -smp 4 -append 'MP.invRT* WRC.TRT.inv+addrs -p -n500000'
P0			P1			P2			P3			

Test MP.invRT1+dsb-isb-tlbiis-dsb-isb+dsb-isb:
 p1:x0=0  p1:x2=0  : 327308
 p1:x0=0  p1:x2=1  : 171486
 p1:x0=1  p1:x2=1  : 1206
Observation MP.invRT1+dsb-isb-tlbiis-dsb-isb+dsb-isb.errata: 0 (of 500000)
P0			P1			P2			P3			

Test MP.invRT1+dsb-tlbiis-dsb+dsb:
 p1:x0=0  p1:x2=0  : 327807
 p1:x0=0  p1:x2=1  : 170921
 p1:x0=1  p1:x2=1  : 1272
Observation MP.invRT1+dsb-tlbiis-dsb+dsb.errata: 0 (of 500000)
P0			P1			P2			P3			

Test MP.invRT1+dsb-tlbiis-dsb+dsb-isb:
 p1:x0=0  p1:x2=0  : 331575
 p1:x0=0  p1:x2=1  : 167075
 p1:x0=1  p1:x2=1  : 1350
Observation MP.invRT1+dsb-tlbiis-dsb+dsb-isb.errata: 0 (of 500000)
P0			P1			P2			P3			

Test WRC.TRT.inv+addrs:
 p1:x0=1  p2:x0=0  p2:x2=1  : 377911
 p1:x0=0  p2:x0=0  p2:x2=1  : 107012
 p1:x0=1  p2:x0=1  p2:x2=1  : 4106
 p1:x0=0  p2:x0=1  p2:x2=1  : 1072
 p1:x0=1  p2:x0=0  p2:x2=0  : 1903
 p1:x0=0  p2:x0=0  p2:x2=0  : 7911
 p1:x0=0  p2:x0=1  p2:x2=0  : 85
Observation WRC.TRT.inv+addrs.errata: 0 (of 500000)
39/100
++ echo Starting bin/host_litmus.exe
Starting bin/host_litmus.exe
+++ mktemp
++ tmp=/tmp/tmp.v6NqxOotlI
++ base64 -d
++ zcat
++ qemu-system-aarch64 -nodefaults -machine virt,gic-version=host --enable-kvm -cpu host -device virtio-serial-device -device virtconsole -display none -serial stdio -kernel /tmp/tmp.v6NqxOotlI -smp 4 -append 'MP.invRT* WRC.TRT.inv+addrs -p -n500000'
P0			P1			P2			P3			

Test MP.invRT1+dsb-isb-tlbiis-dsb-isb+dsb-isb:
 p1:x0=0  p1:x2=0  : 323160
 p1:x0=0  p1:x2=1  : 175408
 p1:x0=1  p1:x2=1  : 1432
Observation MP.invRT1+dsb-isb-tlbiis-dsb-isb+dsb-isb.errata: 0 (of 500000)
P0			P1			P2			P3			

Test MP.invRT1+dsb-tlbiis-dsb+dsb:
 p1:x0=0  p1:x2=0  : 322016
 p1:x0=0  p1:x2=1  : 176214
 p1:x0=1  p1:x2=1  : 1770
Observation MP.invRT1+dsb-tlbiis-dsb+dsb.errata: 0 (of 500000)
P0			P1			P2			P3			

Test MP.invRT1+dsb-tlbiis-dsb+dsb-isb:
 p1:x0=0  p1:x2=1  : 163643
 p1:x0=0  p1:x2=0  : 334770
 p1:x0=1  p1:x2=1  : 1587
Observation MP.invRT1+dsb-tlbiis-dsb+dsb-isb.errata: 0 (of 500000)
P0			P1			P2			P3			

Test WRC.TRT.inv+addrs:
 p1:x0=1  p2:x0=0  p2:x2=1  : 355999
 p1:x0=0  p2:x0=0  p2:x2=1  : 128637
 p1:x0=1  p2:x0=1  p2:x2=1  : 4799
 p1:x0=0  p2:x0=0  p2:x2=0  : 7591
 p1:x0=0  p2:x0=1  p2:x2=1  : 1465
 p1:x0=1  p2:x0=0  p2:x2=0  : 1386
 p1:x0=0  p2:x0=1  p2:x2=0  : 123
Observation WRC.TRT.inv+addrs.errata: 0 (of 500000)
40/100
++ echo Starting bin/host_litmus.exe
Starting bin/host_litmus.exe
+++ mktemp
++ tmp=/tmp/tmp.nD6TEzVWcS
++ base64 -d
++ zcat
++ qemu-system-aarch64 -nodefaults -machine virt,gic-version=host --enable-kvm -cpu host -device virtio-serial-device -device virtconsole -display none -serial stdio -kernel /tmp/tmp.nD6TEzVWcS -smp 4 -append 'MP.invRT* WRC.TRT.inv+addrs -p -n500000'
P0			P1			P2			P3			

Test MP.invRT1+dsb-isb-tlbiis-dsb-isb+dsb-isb:
 p1:x0=0  p1:x2=0  : 335804
 p1:x0=0  p1:x2=1  : 163199
 p1:x0=1  p1:x2=1  : 997
Observation MP.invRT1+dsb-isb-tlbiis-dsb-isb+dsb-isb.errata: 0 (of 500000)
P0			P1			P2			P3			

Test MP.invRT1+dsb-tlbiis-dsb+dsb:
 p1:x0=0  p1:x2=0  : 329546
 p1:x0=0  p1:x2=1  : 169460
 p1:x0=1  p1:x2=1  : 994
Observation MP.invRT1+dsb-tlbiis-dsb+dsb.errata: 0 (of 500000)
P0			P1			P2			P3			

Test MP.invRT1+dsb-tlbiis-dsb+dsb-isb:
 p1:x0=0  p1:x2=1  : 156342
 p1:x0=0  p1:x2=0  : 342678
 p1:x0=1  p1:x2=1  : 980
Observation MP.invRT1+dsb-tlbiis-dsb+dsb-isb.errata: 0 (of 500000)
P0			P1			P2			P3			

Test WRC.TRT.inv+addrs:
 p1:x0=1  p2:x0=0  p2:x2=1  : 381926
 p1:x0=0  p2:x0=0  p2:x2=1  : 103331
 p1:x0=1  p2:x0=0  p2:x2=0  : 1736
 p1:x0=0  p2:x0=0  p2:x2=0  : 7205
 p1:x0=0  p2:x0=1  p2:x2=1  : 1263
 p1:x0=1  p2:x0=1  p2:x2=1  : 4436
 p1:x0=0  p2:x0=1  p2:x2=0  : 103
Observation WRC.TRT.inv+addrs.errata: 0 (of 500000)
41/100
++ echo Starting bin/host_litmus.exe
Starting bin/host_litmus.exe
+++ mktemp
++ tmp=/tmp/tmp.TEVYapHqor
++ base64 -d
++ zcat
++ qemu-system-aarch64 -nodefaults -machine virt,gic-version=host --enable-kvm -cpu host -device virtio-serial-device -device virtconsole -display none -serial stdio -kernel /tmp/tmp.TEVYapHqor -smp 4 -append 'MP.invRT* WRC.TRT.inv+addrs -p -n500000'
P0			P1			P2			P3			

Test MP.invRT1+dsb-isb-tlbiis-dsb-isb+dsb-isb:
 p1:x0=0  p1:x2=0  : 329926
 p1:x0=0  p1:x2=1  : 168872
 p1:x0=1  p1:x2=1  : 1202
Observation MP.invRT1+dsb-isb-tlbiis-dsb-isb+dsb-isb.errata: 0 (of 500000)
P0			P1			P2			P3			

Test MP.invRT1+dsb-tlbiis-dsb+dsb:
 p1:x0=0  p1:x2=0  : 325353
 p1:x0=0  p1:x2=1  : 173527
 p1:x0=1  p1:x2=1  : 1120
Observation MP.invRT1+dsb-tlbiis-dsb+dsb.errata: 0 (of 500000)
P0			P1			P2			P3			

Test MP.invRT1+dsb-tlbiis-dsb+dsb-isb:
 p1:x0=0  p1:x2=0  : 339244
 p1:x0=0  p1:x2=1  : 159559
 p1:x0=1  p1:x2=1  : 1197
Observation MP.invRT1+dsb-tlbiis-dsb+dsb-isb.errata: 0 (of 500000)
P0			P1			P2			P3			

Test WRC.TRT.inv+addrs:
 p1:x0=1  p2:x0=0  p2:x2=1  : 371312
 p1:x0=0  p2:x0=0  p2:x2=1  : 114021
 p1:x0=1  p2:x0=0  p2:x2=0  : 1948
 p1:x0=0  p2:x0=1  p2:x2=1  : 1014
 p1:x0=0  p2:x0=0  p2:x2=0  : 6808
 p1:x0=1  p2:x0=1  p2:x2=1  : 4808
 p1:x0=0  p2:x0=1  p2:x2=0  : 89
Observation WRC.TRT.inv+addrs.errata: 0 (of 500000)
42/100
++ echo Starting bin/host_litmus.exe
Starting bin/host_litmus.exe
+++ mktemp
++ tmp=/tmp/tmp.7AaqfBH3UT
++ base64 -d
++ zcat
++ qemu-system-aarch64 -nodefaults -machine virt,gic-version=host --enable-kvm -cpu host -device virtio-serial-device -device virtconsole -display none -serial stdio -kernel /tmp/tmp.7AaqfBH3UT -smp 4 -append 'MP.invRT* WRC.TRT.inv+addrs -p -n500000'
P0			P1			P2			P3			

Test MP.invRT1+dsb-isb-tlbiis-dsb-isb+dsb-isb:
 p1:x0=0  p1:x2=0  : 331114
 p1:x0=0  p1:x2=1  : 167237
 p1:x0=1  p1:x2=1  : 1649
Observation MP.invRT1+dsb-isb-tlbiis-dsb-isb+dsb-isb.errata: 0 (of 500000)
P0			P1			P2			P3			

Test MP.invRT1+dsb-tlbiis-dsb+dsb:
 p1:x0=0  p1:x2=0  : 324384
 p1:x0=0  p1:x2=1  : 174131
 p1:x0=1  p1:x2=1  : 1485
Observation MP.invRT1+dsb-tlbiis-dsb+dsb.errata: 0 (of 500000)
P0			P1			P2			P3			

Test MP.invRT1+dsb-tlbiis-dsb+dsb-isb:
 p1:x0=0  p1:x2=0  : 339898
 p1:x0=0  p1:x2=1  : 158455
 p1:x0=1  p1:x2=1  : 1647
Observation MP.invRT1+dsb-tlbiis-dsb+dsb-isb.errata: 0 (of 500000)
P0			P1			P2			P3			

Test WRC.TRT.inv+addrs:
 p1:x0=0  p2:x0=0  p2:x2=1  : 210562
 p1:x0=1  p2:x0=0  p2:x2=1  : 249746
 p1:x0=1  p2:x0=0  p2:x2=0  : 2283
 p1:x0=0  p2:x0=0  p2:x2=0  : 32284
 p1:x0=1  p2:x0=1  p2:x2=1  : 3741
 p1:x0=0  p2:x0=1  p2:x2=1  : 1302
 p1:x0=0  p2:x0=1  p2:x2=0  : 82
Observation WRC.TRT.inv+addrs.errata: 0 (of 500000)
43/100
++ echo Starting bin/host_litmus.exe
Starting bin/host_litmus.exe
+++ mktemp
++ tmp=/tmp/tmp.3DbgNwaR31
++ base64 -d
++ zcat
++ qemu-system-aarch64 -nodefaults -machine virt,gic-version=host --enable-kvm -cpu host -device virtio-serial-device -device virtconsole -display none -serial stdio -kernel /tmp/tmp.3DbgNwaR31 -smp 4 -append 'MP.invRT* WRC.TRT.inv+addrs -p -n500000'
P0			P1			P2			P3			

Test MP.invRT1+dsb-isb-tlbiis-dsb-isb+dsb-isb:
 p1:x0=0  p1:x2=0  : 335705
 p1:x0=0  p1:x2=1  : 163168
 p1:x0=1  p1:x2=1  : 1127
Observation MP.invRT1+dsb-isb-tlbiis-dsb-isb+dsb-isb.errata: 0 (of 500000)
P0			P1			P2			P3			

Test MP.invRT1+dsb-tlbiis-dsb+dsb:
 p1:x0=0  p1:x2=0  : 328460
 p1:x0=0  p1:x2=1  : 170603
 p1:x0=1  p1:x2=1  : 937
Observation MP.invRT1+dsb-tlbiis-dsb+dsb.errata: 0 (of 500000)
P0			P1			P2			P3			

Test MP.invRT1+dsb-tlbiis-dsb+dsb-isb:
 p1:x0=0  p1:x2=0  : 341938
 p1:x0=0  p1:x2=1  : 156840
 p1:x0=1  p1:x2=1  : 1222
Observation MP.invRT1+dsb-tlbiis-dsb+dsb-isb.errata: 0 (of 500000)
P0			P1			P2			P3			

Test WRC.TRT.inv+addrs:
 p1:x0=1  p2:x0=0  p2:x2=1  : 382595
 p1:x0=0  p2:x0=0  p2:x2=1  : 102104
 p1:x0=1  p2:x0=1  p2:x2=1  : 3935
 p1:x0=0  p2:x0=1  p2:x2=1  : 976
 p1:x0=1  p2:x0=0  p2:x2=0  : 1729
 p1:x0=0  p2:x0=0  p2:x2=0  : 8577
 p1:x0=0  p2:x0=1  p2:x2=0  : 84
Observation WRC.TRT.inv+addrs.errata: 0 (of 500000)
44/100
++ echo Starting bin/host_litmus.exe
Starting bin/host_litmus.exe
+++ mktemp
++ tmp=/tmp/tmp.3AQeJSg3C8
++ base64 -d
++ zcat
++ qemu-system-aarch64 -nodefaults -machine virt,gic-version=host --enable-kvm -cpu host -device virtio-serial-device -device virtconsole -display none -serial stdio -kernel /tmp/tmp.3AQeJSg3C8 -smp 4 -append 'MP.invRT* WRC.TRT.inv+addrs -p -n500000'
P0			P1			P2			P3			

Test MP.invRT1+dsb-isb-tlbiis-dsb-isb+dsb-isb:
 p1:x0=1  p1:x2=1  : 1527
 p1:x0=0  p1:x2=0  : 341991
 p1:x0=0  p1:x2=1  : 156482
Observation MP.invRT1+dsb-isb-tlbiis-dsb-isb+dsb-isb.errata: 0 (of 500000)
P0			P1			P2			P3			

Test MP.invRT1+dsb-tlbiis-dsb+dsb:
 p1:x0=1  p1:x2=0  : 1 *
 p1:x0=0  p1:x2=0  : 333992
 p1:x0=0  p1:x2=1  : 164440
 p1:x0=1  p1:x2=1  : 1567
Observation MP.invRT1+dsb-tlbiis-dsb+dsb.errata: 1 (of 500000)
P0			P1			P2			P3			

Test MP.invRT1+dsb-tlbiis-dsb+dsb-isb:
 p1:x0=0  p1:x2=1  : 154957
 p1:x0=0  p1:x2=0  : 343668
 p1:x0=1  p1:x2=1  : 1375
Observation MP.invRT1+dsb-tlbiis-dsb+dsb-isb.errata: 0 (of 500000)
P0			P1			P2			P3			

Test WRC.TRT.inv+addrs:
 p1:x0=1  p2:x0=0  p2:x2=1  : 374969
 p1:x0=0  p2:x0=0  p2:x2=1  : 107941
 p1:x0=1  p2:x0=0  p2:x2=0  : 1775
 p1:x0=1  p2:x0=1  p2:x2=1  : 5534
 p1:x0=0  p2:x0=1  p2:x2=1  : 1361
 p1:x0=0  p2:x0=0  p2:x2=0  : 8307
 p1:x0=0  p2:x0=1  p2:x2=0  : 113
Observation WRC.TRT.inv+addrs.errata: 0 (of 500000)
45/100
++ echo Starting bin/host_litmus.exe
Starting bin/host_litmus.exe
+++ mktemp
++ tmp=/tmp/tmp.dLr8XgZanq
++ base64 -d
++ zcat
++ qemu-system-aarch64 -nodefaults -machine virt,gic-version=host --enable-kvm -cpu host -device virtio-serial-device -device virtconsole -display none -serial stdio -kernel /tmp/tmp.dLr8XgZanq -smp 4 -append 'MP.invRT* WRC.TRT.inv+addrs -p -n500000'
P0			P1			P2			P3			

Test MP.invRT1+dsb-isb-tlbiis-dsb-isb+dsb-isb:
 p1:x0=0  p1:x2=0  : 333509
 p1:x0=0  p1:x2=1  : 165078
 p1:x0=1  p1:x2=1  : 1413
Observation MP.invRT1+dsb-isb-tlbiis-dsb-isb+dsb-isb.errata: 0 (of 500000)
P0			P1			P2			P3			

Test MP.invRT1+dsb-tlbiis-dsb+dsb:
 p1:x0=0  p1:x2=0  : 330506
 p1:x0=0  p1:x2=1  : 168283
 p1:x0=1  p1:x2=1  : 1211
Observation MP.invRT1+dsb-tlbiis-dsb+dsb.errata: 0 (of 500000)
P0			P1			P2			P3			

Test MP.invRT1+dsb-tlbiis-dsb+dsb-isb:
 p1:x0=0  p1:x2=0  : 338678
 p1:x0=0  p1:x2=1  : 160150
 p1:x0=1  p1:x2=1  : 1172
Observation MP.invRT1+dsb-tlbiis-dsb+dsb-isb.errata: 0 (of 500000)
P0			P1			P2			P3			

Test WRC.TRT.inv+addrs:
 p1:x0=1  p2:x0=1  p2:x2=1  : 3604
 p1:x0=1  p2:x0=0  p2:x2=1  : 390201
 p1:x0=0  p2:x0=0  p2:x2=1  : 95409
 p1:x0=0  p2:x0=0  p2:x2=0  : 7713
 p1:x0=1  p2:x0=0  p2:x2=0  : 1859
 p1:x0=0  p2:x0=1  p2:x2=1  : 1111
 p1:x0=0  p2:x0=1  p2:x2=0  : 103
Observation WRC.TRT.inv+addrs.errata: 0 (of 500000)
46/100
++ echo Starting bin/host_litmus.exe
Starting bin/host_litmus.exe
+++ mktemp
++ tmp=/tmp/tmp.L9ak9NnAor
++ base64 -d
++ zcat
++ qemu-system-aarch64 -nodefaults -machine virt,gic-version=host --enable-kvm -cpu host -device virtio-serial-device -device virtconsole -display none -serial stdio -kernel /tmp/tmp.L9ak9NnAor -smp 4 -append 'MP.invRT* WRC.TRT.inv+addrs -p -n500000'
P0			P1			P2			P3			

Test MP.invRT1+dsb-isb-tlbiis-dsb-isb+dsb-isb:
 p1:x0=0  p1:x2=0  : 331157
 p1:x0=0  p1:x2=1  : 167619
 p1:x0=1  p1:x2=1  : 1224
Observation MP.invRT1+dsb-isb-tlbiis-dsb-isb+dsb-isb.errata: 0 (of 500000)
P0			P1			P2			P3			

Test MP.invRT1+dsb-tlbiis-dsb+dsb:
 p1:x0=0  p1:x2=0  : 330780
 p1:x0=0  p1:x2=1  : 167874
 p1:x0=1  p1:x2=1  : 1346
Observation MP.invRT1+dsb-tlbiis-dsb+dsb.errata: 0 (of 500000)
P0			P1			P2			P3			

Test MP.invRT1+dsb-tlbiis-dsb+dsb-isb:
 p1:x0=0  p1:x2=1  : 166251
 p1:x0=0  p1:x2=0  : 332390
 p1:x0=1  p1:x2=1  : 1359
Observation MP.invRT1+dsb-tlbiis-dsb+dsb-isb.errata: 0 (of 500000)
P0			P1			P2			P3			

Test WRC.TRT.inv+addrs:
 p1:x0=0  p2:x0=0  p2:x2=1  : 96357
 p1:x0=1  p2:x0=0  p2:x2=1  : 389119
 p1:x0=1  p2:x0=0  p2:x2=0  : 2017
 p1:x0=0  p2:x0=0  p2:x2=0  : 7780
 p1:x0=1  p2:x0=1  p2:x2=1  : 3807
 p1:x0=0  p2:x0=1  p2:x2=1  : 840
 p1:x0=0  p2:x0=1  p2:x2=0  : 80
Observation WRC.TRT.inv+addrs.errata: 0 (of 500000)
47/100
++ echo Starting bin/host_litmus.exe
Starting bin/host_litmus.exe
+++ mktemp
++ tmp=/tmp/tmp.JexJDeSZsu
++ base64 -d
++ zcat
++ qemu-system-aarch64 -nodefaults -machine virt,gic-version=host --enable-kvm -cpu host -device virtio-serial-device -device virtconsole -display none -serial stdio -kernel /tmp/tmp.JexJDeSZsu -smp 4 -append 'MP.invRT* WRC.TRT.inv+addrs -p -n500000'
P0			P1			P2			P3			

Test MP.invRT1+dsb-isb-tlbiis-dsb-isb+dsb-isb:
 p1:x0=0  p1:x2=0  : 333945
 p1:x0=0  p1:x2=1  : 163707
 p1:x0=1  p1:x2=1  : 2348
Observation MP.invRT1+dsb-isb-tlbiis-dsb-isb+dsb-isb.errata: 0 (of 500000)
P0			P1			P2			P3			

Test MP.invRT1+dsb-tlbiis-dsb+dsb:
 p1:x0=0  p1:x2=0  : 327932
 p1:x0=0  p1:x2=1  : 170125
 p1:x0=1  p1:x2=1  : 1943
Observation MP.invRT1+dsb-tlbiis-dsb+dsb.errata: 0 (of 500000)
P0			P1			P2			P3			

Test MP.invRT1+dsb-tlbiis-dsb+dsb-isb:
 p1:x0=0  p1:x2=1  : 158062
 p1:x0=0  p1:x2=0  : 340040
 p1:x0=1  p1:x2=1  : 1898
Observation MP.invRT1+dsb-tlbiis-dsb+dsb-isb.errata: 0 (of 500000)
P0			P1			P2			P3			

Test WRC.TRT.inv+addrs:
 p1:x0=0  p2:x0=0  p2:x2=1  : 103686
 p1:x0=1  p2:x0=0  p2:x2=1  : 381029
 p1:x0=0  p2:x0=0  p2:x2=0  : 8257
 p1:x0=1  p2:x0=0  p2:x2=0  : 1953
 p1:x0=1  p2:x0=1  p2:x2=1  : 4070
 p1:x0=0  p2:x0=1  p2:x2=1  : 924
 p1:x0=0  p2:x0=1  p2:x2=0  : 81
Observation WRC.TRT.inv+addrs.errata: 0 (of 500000)
48/100
++ echo Starting bin/host_litmus.exe
Starting bin/host_litmus.exe
+++ mktemp
++ tmp=/tmp/tmp.e1oJJho2X6
++ base64 -d
++ zcat
++ qemu-system-aarch64 -nodefaults -machine virt,gic-version=host --enable-kvm -cpu host -device virtio-serial-device -device virtconsole -display none -serial stdio -kernel /tmp/tmp.e1oJJho2X6 -smp 4 -append 'MP.invRT* WRC.TRT.inv+addrs -p -n500000'
P0			P1			P2			P3			

Test MP.invRT1+dsb-isb-tlbiis-dsb-isb+dsb-isb:
 p1:x0=0  p1:x2=0  : 330759
 p1:x0=0  p1:x2=1  : 168133
 p1:x0=1  p1:x2=1  : 1108
Observation MP.invRT1+dsb-isb-tlbiis-dsb-isb+dsb-isb.errata: 0 (of 500000)
P0			P1			P2			P3			

Test MP.invRT1+dsb-tlbiis-dsb+dsb:
 p1:x0=0  p1:x2=0  : 331992
 p1:x0=0  p1:x2=1  : 166741
 p1:x0=1  p1:x2=1  : 1267
Observation MP.invRT1+dsb-tlbiis-dsb+dsb.errata: 0 (of 500000)
P0			P1			P2			P3			

Test MP.invRT1+dsb-tlbiis-dsb+dsb-isb:
 p1:x0=0  p1:x2=0  : 343017
 p1:x0=0  p1:x2=1  : 155763
 p1:x0=1  p1:x2=1  : 1220
Observation MP.invRT1+dsb-tlbiis-dsb+dsb-isb.errata: 0 (of 500000)
P0			P1			P2			P3			

Test WRC.TRT.inv+addrs:
 p1:x0=1  p2:x0=0  p2:x2=1  : 391586
 p1:x0=0  p2:x0=0  p2:x2=1  : 94935
 p1:x0=1  p2:x0=1  p2:x2=1  : 3462
 p1:x0=1  p2:x0=0  p2:x2=0  : 1912
 p1:x0=0  p2:x0=1  p2:x2=1  : 1079
 p1:x0=0  p2:x0=0  p2:x2=0  : 6913
 p1:x0=0  p2:x0=1  p2:x2=0  : 113
Observation WRC.TRT.inv+addrs.errata: 0 (of 500000)
49/100
++ echo Starting bin/host_litmus.exe
Starting bin/host_litmus.exe
+++ mktemp
++ tmp=/tmp/tmp.rxC97u5VVt
++ base64 -d
++ zcat
++ qemu-system-aarch64 -nodefaults -machine virt,gic-version=host --enable-kvm -cpu host -device virtio-serial-device -device virtconsole -display none -serial stdio -kernel /tmp/tmp.rxC97u5VVt -smp 4 -append 'MP.invRT* WRC.TRT.inv+addrs -p -n500000'
P0			P1			P2			P3			

Test MP.invRT1+dsb-isb-tlbiis-dsb-isb+dsb-isb:
 p1:x0=0  p1:x2=0  : 333319
 p1:x0=0  p1:x2=1  : 164853
 p1:x0=1  p1:x2=1  : 1828
Observation MP.invRT1+dsb-isb-tlbiis-dsb-isb+dsb-isb.errata: 0 (of 500000)
P0			P1			P2			P3			

Test MP.invRT1+dsb-tlbiis-dsb+dsb:
 p1:x0=0  p1:x2=0  : 329567
 p1:x0=0  p1:x2=1  : 168312
 p1:x0=1  p1:x2=1  : 2121
Observation MP.invRT1+dsb-tlbiis-dsb+dsb.errata: 0 (of 500000)
P0			P1			P2			P3			

Test MP.invRT1+dsb-tlbiis-dsb+dsb-isb:
 p1:x0=0  p1:x2=1  : 161506
 p1:x0=0  p1:x2=0  : 336310
 p1:x0=1  p1:x2=1  : 2184
Observation MP.invRT1+dsb-tlbiis-dsb+dsb-isb.errata: 0 (of 500000)
P0			P1			P2			P3			

Test WRC.TRT.inv+addrs:
 p1:x0=1  p2:x0=0  p2:x2=1  : 380488
 p1:x0=0  p2:x0=0  p2:x2=1  : 103380
 p1:x0=0  p2:x0=1  p2:x2=1  : 1077
 p1:x0=0  p2:x0=0  p2:x2=0  : 9058
 p1:x0=1  p2:x0=0  p2:x2=0  : 1698
 p1:x0=1  p2:x0=1  p2:x2=1  : 4221
 p1:x0=0  p2:x0=1  p2:x2=0  : 78
Observation WRC.TRT.inv+addrs.errata: 0 (of 500000)
50/100
++ echo Starting bin/host_litmus.exe
Starting bin/host_litmus.exe
+++ mktemp
++ tmp=/tmp/tmp.FxCb0M79YD
++ base64 -d
++ zcat
++ qemu-system-aarch64 -nodefaults -machine virt,gic-version=host --enable-kvm -cpu host -device virtio-serial-device -device virtconsole -display none -serial stdio -kernel /tmp/tmp.FxCb0M79YD -smp 4 -append 'MP.invRT* WRC.TRT.inv+addrs -p -n500000'
P0			P1			P2			P3			

Test MP.invRT1+dsb-isb-tlbiis-dsb-isb+dsb-isb:
 p1:x0=0  p1:x2=0  : 336903
 p1:x0=0  p1:x2=1  : 162031
 p1:x0=1  p1:x2=1  : 1066
Observation MP.invRT1+dsb-isb-tlbiis-dsb-isb+dsb-isb.errata: 0 (of 500000)
P0			P1			P2			P3			

Test MP.invRT1+dsb-tlbiis-dsb+dsb:
 p1:x0=0  p1:x2=0  : 325010
 p1:x0=0  p1:x2=1  : 174065
 p1:x0=1  p1:x2=1  : 925
Observation MP.invRT1+dsb-tlbiis-dsb+dsb.errata: 0 (of 500000)
P0			P1			P2			P3			

Test MP.invRT1+dsb-tlbiis-dsb+dsb-isb:
 p1:x0=0  p1:x2=1  : 153988
 p1:x0=0  p1:x2=0  : 345008
 p1:x0=1  p1:x2=1  : 1004
Observation MP.invRT1+dsb-tlbiis-dsb+dsb-isb.errata: 0 (of 500000)
P0			P1			P2			P3			

Test WRC.TRT.inv+addrs:
 p1:x0=1  p2:x0=0  p2:x2=1  : 385258
 p1:x0=0  p2:x0=0  p2:x2=1  : 100483
 p1:x0=0  p2:x0=0  p2:x2=0  : 6691
 p1:x0=1  p2:x0=1  p2:x2=1  : 4278
 p1:x0=1  p2:x0=0  p2:x2=0  : 2103
 p1:x0=0  p2:x0=1  p2:x2=0  : 116
 p1:x0=0  p2:x0=1  p2:x2=1  : 1071
Observation WRC.TRT.inv+addrs.errata: 0 (of 500000)
51/100
++ echo Starting bin/host_litmus.exe
Starting bin/host_litmus.exe
+++ mktemp
++ tmp=/tmp/tmp.TmWufCGjMG
++ base64 -d
++ zcat
++ qemu-system-aarch64 -nodefaults -machine virt,gic-version=host --enable-kvm -cpu host -device virtio-serial-device -device virtconsole -display none -serial stdio -kernel /tmp/tmp.TmWufCGjMG -smp 4 -append 'MP.invRT* WRC.TRT.inv+addrs -p -n500000'
P0			P1			P2			P3			

Test MP.invRT1+dsb-isb-tlbiis-dsb-isb+dsb-isb:
 p1:x0=0  p1:x2=0  : 327143
 p1:x0=0  p1:x2=1  : 171744
 p1:x0=1  p1:x2=1  : 1113
Observation MP.invRT1+dsb-isb-tlbiis-dsb-isb+dsb-isb.errata: 0 (of 500000)
P0			P1			P2			P3			

Test MP.invRT1+dsb-tlbiis-dsb+dsb:
 p1:x0=0  p1:x2=0  : 332575
 p1:x0=0  p1:x2=1  : 166088
 p1:x0=1  p1:x2=1  : 1337
Observation MP.invRT1+dsb-tlbiis-dsb+dsb.errata: 0 (of 500000)
P0			P1			P2			P3			

Test MP.invRT1+dsb-tlbiis-dsb+dsb-isb:
 p1:x0=1  p1:x2=1  : 1101
 p1:x0=0  p1:x2=0  : 339207
 p1:x0=0  p1:x2=1  : 159692
Observation MP.invRT1+dsb-tlbiis-dsb+dsb-isb.errata: 0 (of 500000)
P0			P1			P2			P3			

Test WRC.TRT.inv+addrs:
 p1:x0=0  p2:x0=0  p2:x2=1  : 96821
 p1:x0=1  p2:x0=0  p2:x2=1  : 387426
 p1:x0=0  p2:x0=0  p2:x2=0  : 8404
 p1:x0=1  p2:x0=1  p2:x2=1  : 4343
 p1:x0=1  p2:x0=0  p2:x2=0  : 1812
 p1:x0=0  p2:x0=1  p2:x2=1  : 1096
 p1:x0=0  p2:x0=1  p2:x2=0  : 98
Observation WRC.TRT.inv+addrs.errata: 0 (of 500000)
52/100
++ echo Starting bin/host_litmus.exe
Starting bin/host_litmus.exe
+++ mktemp
++ tmp=/tmp/tmp.myDy6ZNP2K
++ base64 -d
++ zcat
++ qemu-system-aarch64 -nodefaults -machine virt,gic-version=host --enable-kvm -cpu host -device virtio-serial-device -device virtconsole -display none -serial stdio -kernel /tmp/tmp.myDy6ZNP2K -smp 4 -append 'MP.invRT* WRC.TRT.inv+addrs -p -n500000'
P0			P1			P2			P3			

Test MP.invRT1+dsb-isb-tlbiis-dsb-isb+dsb-isb:
 p1:x0=0  p1:x2=0  : 328610
 p1:x0=0  p1:x2=1  : 170173
 p1:x0=1  p1:x2=1  : 1217
Observation MP.invRT1+dsb-isb-tlbiis-dsb-isb+dsb-isb.errata: 0 (of 500000)
P0			P1			P2			P3			

Test MP.invRT1+dsb-tlbiis-dsb+dsb:
 p1:x0=0  p1:x2=0  : 331381
 p1:x0=0  p1:x2=1  : 167277
 p1:x0=1  p1:x2=1  : 1342
Observation MP.invRT1+dsb-tlbiis-dsb+dsb.errata: 0 (of 500000)
P0			P1			P2			P3			

Test MP.invRT1+dsb-tlbiis-dsb+dsb-isb:
 p1:x0=0  p1:x2=1  : 160860
 p1:x0=0  p1:x2=0  : 337970
 p1:x0=1  p1:x2=1  : 1170
Observation MP.invRT1+dsb-tlbiis-dsb+dsb-isb.errata: 0 (of 500000)
P0			P1			P2			P3			

Test WRC.TRT.inv+addrs:
 p1:x0=1  p2:x0=0  p2:x2=1  : 383475
 p1:x0=0  p2:x0=0  p2:x2=1  : 101698
 p1:x0=1  p2:x0=0  p2:x2=0  : 1785
 p1:x0=1  p2:x0=1  p2:x2=1  : 4109
 p1:x0=0  p2:x0=0  p2:x2=0  : 7828
 p1:x0=0  p2:x0=1  p2:x2=1  : 1006
 p1:x0=0  p2:x0=1  p2:x2=0  : 99
Observation WRC.TRT.inv+addrs.errata: 0 (of 500000)
53/100
++ echo Starting bin/host_litmus.exe
Starting bin/host_litmus.exe
+++ mktemp
++ tmp=/tmp/tmp.kGR0ghHnnv
++ base64 -d
++ zcat
++ qemu-system-aarch64 -nodefaults -machine virt,gic-version=host --enable-kvm -cpu host -device virtio-serial-device -device virtconsole -display none -serial stdio -kernel /tmp/tmp.kGR0ghHnnv -smp 4 -append 'MP.invRT* WRC.TRT.inv+addrs -p -n500000'
P0			P1			P2			P3			

Test MP.invRT1+dsb-isb-tlbiis-dsb-isb+dsb-isb:
 p1:x0=0  p1:x2=0  : 326629
 p1:x0=0  p1:x2=1  : 172298
 p1:x0=1  p1:x2=1  : 1073
Observation MP.invRT1+dsb-isb-tlbiis-dsb-isb+dsb-isb.errata: 0 (of 500000)
P0			P1			P2			P3			

Test MP.invRT1+dsb-tlbiis-dsb+dsb:
 p1:x0=0  p1:x2=0  : 329897
 p1:x0=0  p1:x2=1  : 169110
 p1:x0=1  p1:x2=1  : 993
Observation MP.invRT1+dsb-tlbiis-dsb+dsb.errata: 0 (of 500000)
P0			P1			P2			P3			

Test MP.invRT1+dsb-tlbiis-dsb+dsb-isb:
 p1:x0=0  p1:x2=0  : 332503
 p1:x0=0  p1:x2=1  : 166443
 p1:x0=1  p1:x2=1  : 1054
Observation MP.invRT1+dsb-tlbiis-dsb+dsb-isb.errata: 0 (of 500000)
P0			P1			P2			P3			

Test WRC.TRT.inv+addrs:
 p1:x0=0  p2:x0=1  p2:x2=1  : 1098
 p1:x0=1  p2:x0=0  p2:x2=1  : 389395
 p1:x0=0  p2:x0=0  p2:x2=1  : 96051
 p1:x0=1  p2:x0=1  p2:x2=1  : 4034
 p1:x0=1  p2:x0=0  p2:x2=0  : 1701
 p1:x0=0  p2:x0=0  p2:x2=0  : 7605
 p1:x0=0  p2:x0=1  p2:x2=0  : 116
Observation WRC.TRT.inv+addrs.errata: 0 (of 500000)
54/100
++ echo Starting bin/host_litmus.exe
Starting bin/host_litmus.exe
+++ mktemp
++ tmp=/tmp/tmp.LYgqdLmrL9
++ base64 -d
++ zcat
++ qemu-system-aarch64 -nodefaults -machine virt,gic-version=host --enable-kvm -cpu host -device virtio-serial-device -device virtconsole -display none -serial stdio -kernel /tmp/tmp.LYgqdLmrL9 -smp 4 -append 'MP.invRT* WRC.TRT.inv+addrs -p -n500000'
P0			P1			P2			P3			

Test MP.invRT1+dsb-isb-tlbiis-dsb-isb+dsb-isb:
 p1:x0=0  p1:x2=0  : 337481
 p1:x0=0  p1:x2=1  : 161673
 p1:x0=1  p1:x2=1  : 846
Observation MP.invRT1+dsb-isb-tlbiis-dsb-isb+dsb-isb.errata: 0 (of 500000)
P0			P1			P2			P3			

Test MP.invRT1+dsb-tlbiis-dsb+dsb:
 p1:x0=0  p1:x2=0  : 331850
 p1:x0=0  p1:x2=1  : 167300
 p1:x0=1  p1:x2=1  : 850
Observation MP.invRT1+dsb-tlbiis-dsb+dsb.errata: 0 (of 500000)
P0			P1			P2			P3			

Test MP.invRT1+dsb-tlbiis-dsb+dsb-isb:
 p1:x0=0  p1:x2=1  : 168087
 p1:x0=0  p1:x2=0  : 331001
 p1:x0=1  p1:x2=1  : 912
Observation MP.invRT1+dsb-tlbiis-dsb+dsb-isb.errata: 0 (of 500000)
P0			P1			P2			P3			

Test WRC.TRT.inv+addrs:
 p1:x0=1  p2:x0=0  p2:x2=1  : 370374
 p1:x0=0  p2:x0=0  p2:x2=1  : 113973
 p1:x0=1  p2:x0=1  p2:x2=1  : 3288
 p1:x0=1  p2:x0=0  p2:x2=0  : 2227
 p1:x0=0  p2:x0=0  p2:x2=0  : 9061
 p1:x0=0  p2:x0=1  p2:x2=1  : 984
 p1:x0=0  p2:x0=1  p2:x2=0  : 93
Observation WRC.TRT.inv+addrs.errata: 0 (of 500000)
55/100
++ echo Starting bin/host_litmus.exe
Starting bin/host_litmus.exe
+++ mktemp
++ tmp=/tmp/tmp.woUOpeTQDo
++ base64 -d
++ zcat
++ qemu-system-aarch64 -nodefaults -machine virt,gic-version=host --enable-kvm -cpu host -device virtio-serial-device -device virtconsole -display none -serial stdio -kernel /tmp/tmp.woUOpeTQDo -smp 4 -append 'MP.invRT* WRC.TRT.inv+addrs -p -n500000'
P0			P1			P2			P3			

Test MP.invRT1+dsb-isb-tlbiis-dsb-isb+dsb-isb:
 p1:x0=0  p1:x2=0  : 327850
 p1:x0=0  p1:x2=1  : 170946
 p1:x0=1  p1:x2=1  : 1204
Observation MP.invRT1+dsb-isb-tlbiis-dsb-isb+dsb-isb.errata: 0 (of 500000)
P0			P1			P2			P3			

Test MP.invRT1+dsb-tlbiis-dsb+dsb:
 p1:x0=0  p1:x2=0  : 327412
 p1:x0=0  p1:x2=1  : 171323
 p1:x0=1  p1:x2=1  : 1265
Observation MP.invRT1+dsb-tlbiis-dsb+dsb.errata: 0 (of 500000)
P0			P1			P2			P3			

Test MP.invRT1+dsb-tlbiis-dsb+dsb-isb:
 p1:x0=0  p1:x2=1  : 167645
 p1:x0=0  p1:x2=0  : 331114
 p1:x0=1  p1:x2=1  : 1241
Observation MP.invRT1+dsb-tlbiis-dsb+dsb-isb.errata: 0 (of 500000)
P0			P1			P2			P3			

Test WRC.TRT.inv+addrs:
 p1:x0=1  p2:x0=0  p2:x2=1  : 376391
 p1:x0=0  p2:x0=0  p2:x2=1  : 106536
 p1:x0=0  p2:x0=1  p2:x2=1  : 1436
 p1:x0=1  p2:x0=0  p2:x2=0  : 1995
 p1:x0=0  p2:x0=0  p2:x2=0  : 8818
 p1:x0=1  p2:x0=1  p2:x2=1  : 4724
 p1:x0=0  p2:x0=1  p2:x2=0  : 100
Observation WRC.TRT.inv+addrs.errata: 0 (of 500000)
56/100
++ echo Starting bin/host_litmus.exe
Starting bin/host_litmus.exe
+++ mktemp
++ tmp=/tmp/tmp.0QBTUT9B8D
++ base64 -d
++ zcat
++ qemu-system-aarch64 -nodefaults -machine virt,gic-version=host --enable-kvm -cpu host -device virtio-serial-device -device virtconsole -display none -serial stdio -kernel /tmp/tmp.0QBTUT9B8D -smp 4 -append 'MP.invRT* WRC.TRT.inv+addrs -p -n500000'
P0			P1			P2			P3			

Test MP.invRT1+dsb-isb-tlbiis-dsb-isb+dsb-isb:
 p1:x0=0  p1:x2=0  : 329353
 p1:x0=0  p1:x2=1  : 169357
 p1:x0=1  p1:x2=1  : 1290
Observation MP.invRT1+dsb-isb-tlbiis-dsb-isb+dsb-isb.errata: 0 (of 500000)
P0			P1			P2			P3			

Test MP.invRT1+dsb-tlbiis-dsb+dsb:
 p1:x0=0  p1:x2=0  : 322158
 p1:x0=0  p1:x2=1  : 176332
 p1:x0=1  p1:x2=1  : 1510
Observation MP.invRT1+dsb-tlbiis-dsb+dsb.errata: 0 (of 500000)
P0			P1			P2			P3			

Test MP.invRT1+dsb-tlbiis-dsb+dsb-isb:
 p1:x0=0  p1:x2=1  : 164434
 p1:x0=0  p1:x2=0  : 334173
 p1:x0=1  p1:x2=1  : 1393
Observation MP.invRT1+dsb-tlbiis-dsb+dsb-isb.errata: 0 (of 500000)
P0			P1			P2			P3			

Test WRC.TRT.inv+addrs:
 p1:x0=1  p2:x0=0  p2:x2=1  : 390786
 p1:x0=0  p2:x0=0  p2:x2=1  : 92524
 p1:x0=0  p2:x0=1  p2:x2=1  : 911
 p1:x0=1  p2:x0=1  p2:x2=1  : 3948
 p1:x0=1  p2:x0=0  p2:x2=0  : 1990
 p1:x0=0  p2:x0=0  p2:x2=0  : 9751
 p1:x0=0  p2:x0=1  p2:x2=0  : 90
Observation WRC.TRT.inv+addrs.errata: 0 (of 500000)
57/100
++ echo Starting bin/host_litmus.exe
Starting bin/host_litmus.exe
+++ mktemp
++ tmp=/tmp/tmp.McWoGtXrhv
++ base64 -d
++ zcat
++ qemu-system-aarch64 -nodefaults -machine virt,gic-version=host --enable-kvm -cpu host -device virtio-serial-device -device virtconsole -display none -serial stdio -kernel /tmp/tmp.McWoGtXrhv -smp 4 -append 'MP.invRT* WRC.TRT.inv+addrs -p -n500000'
P0			P1			P2			P3			

Test MP.invRT1+dsb-isb-tlbiis-dsb-isb+dsb-isb:
 p1:x0=0  p1:x2=0  : 338639
 p1:x0=0  p1:x2=1  : 160422
 p1:x0=1  p1:x2=1  : 939
Observation MP.invRT1+dsb-isb-tlbiis-dsb-isb+dsb-isb.errata: 0 (of 500000)
P0			P1			P2			P3			

Test MP.invRT1+dsb-tlbiis-dsb+dsb:
 p1:x0=1  p1:x2=0  : 1 *
 p1:x0=0  p1:x2=0  : 333425
 p1:x0=1  p1:x2=1  : 915
 p1:x0=0  p1:x2=1  : 165659
Observation MP.invRT1+dsb-tlbiis-dsb+dsb.errata: 1 (of 500000)
P0			P1			P2			P3			

Test MP.invRT1+dsb-tlbiis-dsb+dsb-isb:
 p1:x0=0  p1:x2=0  : 344633
 p1:x0=0  p1:x2=1  : 154355
 p1:x0=1  p1:x2=1  : 1012
Observation MP.invRT1+dsb-tlbiis-dsb+dsb-isb.errata: 0 (of 500000)
P0			P1			P2			P3			

Test WRC.TRT.inv+addrs:
 p1:x0=0  p2:x0=1  p2:x2=1  : 986
 p1:x0=1  p2:x0=0  p2:x2=1  : 382636
 p1:x0=0  p2:x0=0  p2:x2=1  : 102829
 p1:x0=0  p2:x0=0  p2:x2=0  : 7205
 p1:x0=1  p2:x0=0  p2:x2=0  : 2107
 p1:x0=1  p2:x0=1  p2:x2=1  : 4122
 p1:x0=0  p2:x0=1  p2:x2=0  : 115
Observation WRC.TRT.inv+addrs.errata: 0 (of 500000)
58/100
++ echo Starting bin/host_litmus.exe
Starting bin/host_litmus.exe
+++ mktemp
++ tmp=/tmp/tmp.D0oDNcTviu
++ base64 -d
++ zcat
++ qemu-system-aarch64 -nodefaults -machine virt,gic-version=host --enable-kvm -cpu host -device virtio-serial-device -device virtconsole -display none -serial stdio -kernel /tmp/tmp.D0oDNcTviu -smp 4 -append 'MP.invRT* WRC.TRT.inv+addrs -p -n500000'
P0			P1			P2			P3			

Test MP.invRT1+dsb-isb-tlbiis-dsb-isb+dsb-isb:
 p1:x0=0  p1:x2=0  : 334146
 p1:x0=0  p1:x2=1  : 164955
 p1:x0=1  p1:x2=1  : 899
Observation MP.invRT1+dsb-isb-tlbiis-dsb-isb+dsb-isb.errata: 0 (of 500000)
P0			P1			P2			P3			

Test MP.invRT1+dsb-tlbiis-dsb+dsb:
 p1:x0=0  p1:x2=0  : 319660
 p1:x0=0  p1:x2=1  : 179391
 p1:x0=1  p1:x2=1  : 949
Observation MP.invRT1+dsb-tlbiis-dsb+dsb.errata: 0 (of 500000)
P0			P1			P2			P3			

Test MP.invRT1+dsb-tlbiis-dsb+dsb-isb:
 p1:x0=1  p1:x2=1  : 985
 p1:x0=0  p1:x2=0  : 339703
 p1:x0=0  p1:x2=1  : 159312
Observation MP.invRT1+dsb-tlbiis-dsb+dsb-isb.errata: 0 (of 500000)
P0			P1			P2			P3			

Test WRC.TRT.inv+addrs:
 p1:x0=0  p2:x0=0  p2:x2=1  : 102377
 p1:x0=1  p2:x0=0  p2:x2=1  : 381830
 p1:x0=0  p2:x0=0  p2:x2=0  : 8334
 p1:x0=1  p2:x0=0  p2:x2=0  : 2028
 p1:x0=1  p2:x0=1  p2:x2=1  : 4249
 p1:x0=0  p2:x0=1  p2:x2=1  : 1076
 p1:x0=0  p2:x0=1  p2:x2=0  : 106
Observation WRC.TRT.inv+addrs.errata: 0 (of 500000)
59/100
++ echo Starting bin/host_litmus.exe
Starting bin/host_litmus.exe
+++ mktemp
++ tmp=/tmp/tmp.aglBGC660k
++ base64 -d
++ zcat
++ qemu-system-aarch64 -nodefaults -machine virt,gic-version=host --enable-kvm -cpu host -device virtio-serial-device -device virtconsole -display none -serial stdio -kernel /tmp/tmp.aglBGC660k -smp 4 -append 'MP.invRT* WRC.TRT.inv+addrs -p -n500000'
P0			P1			P2			P3			

Test MP.invRT1+dsb-isb-tlbiis-dsb-isb+dsb-isb:
 p1:x0=0  p1:x2=0  : 331180
 p1:x0=0  p1:x2=1  : 167330
 p1:x0=1  p1:x2=1  : 1490
Observation MP.invRT1+dsb-isb-tlbiis-dsb-isb+dsb-isb.errata: 0 (of 500000)
P0			P1			P2			P3			

Test MP.invRT1+dsb-tlbiis-dsb+dsb:
 p1:x0=0  p1:x2=0  : 331097
 p1:x0=0  p1:x2=1  : 167539
 p1:x0=1  p1:x2=1  : 1364
Observation MP.invRT1+dsb-tlbiis-dsb+dsb.errata: 0 (of 500000)
P0			P1			P2			P3			

Test MP.invRT1+dsb-tlbiis-dsb+dsb-isb:
 p1:x0=0  p1:x2=0  : 337724
 p1:x0=0  p1:x2=1  : 161091
 p1:x0=1  p1:x2=1  : 1185
Observation MP.invRT1+dsb-tlbiis-dsb+dsb-isb.errata: 0 (of 500000)
P0			P1			P2			P3			

Test WRC.TRT.inv+addrs:
 p1:x0=1  p2:x0=1  p2:x2=1  : 3210
 p1:x0=1  p2:x0=0  p2:x2=1  : 238656
 p1:x0=0  p2:x0=0  p2:x2=1  : 225409
 p1:x0=1  p2:x0=0  p2:x2=0  : 1668
 p1:x0=0  p2:x0=0  p2:x2=0  : 29726
 p1:x0=0  p2:x0=1  p2:x2=1  : 1240
 p1:x0=0  p2:x0=1  p2:x2=0  : 91
Observation WRC.TRT.inv+addrs.errata: 0 (of 500000)
60/100
++ echo Starting bin/host_litmus.exe
Starting bin/host_litmus.exe
+++ mktemp
++ tmp=/tmp/tmp.Mri0cBbMBb
++ base64 -d
++ zcat
++ qemu-system-aarch64 -nodefaults -machine virt,gic-version=host --enable-kvm -cpu host -device virtio-serial-device -device virtconsole -display none -serial stdio -kernel /tmp/tmp.Mri0cBbMBb -smp 4 -append 'MP.invRT* WRC.TRT.inv+addrs -p -n500000'
P0			P1			P2			P3			

Test MP.invRT1+dsb-isb-tlbiis-dsb-isb+dsb-isb:
 p1:x0=0  p1:x2=0  : 333825
 p1:x0=0  p1:x2=1  : 165127
 p1:x0=1  p1:x2=1  : 1048
Observation MP.invRT1+dsb-isb-tlbiis-dsb-isb+dsb-isb.errata: 0 (of 500000)
P0			P1			P2			P3			

Test MP.invRT1+dsb-tlbiis-dsb+dsb:
 p1:x0=0  p1:x2=0  : 332315
 p1:x0=0  p1:x2=1  : 166641
 p1:x0=1  p1:x2=1  : 1044
Observation MP.invRT1+dsb-tlbiis-dsb+dsb.errata: 0 (of 500000)
P0			P1			P2			P3			

Test MP.invRT1+dsb-tlbiis-dsb+dsb-isb:
 p1:x0=0  p1:x2=0  : 338389
 p1:x0=0  p1:x2=1  : 160691
 p1:x0=1  p1:x2=1  : 920
Observation MP.invRT1+dsb-tlbiis-dsb+dsb-isb.errata: 0 (of 500000)
P0			P1			P2			P3			

Test WRC.TRT.inv+addrs:
 p1:x0=1  p2:x0=0  p2:x2=1  : 390265
 p1:x0=0  p2:x0=0  p2:x2=0  : 8395
 p1:x0=0  p2:x0=0  p2:x2=1  : 93923
 p1:x0=1  p2:x0=0  p2:x2=0  : 1886
 p1:x0=1  p2:x0=1  p2:x2=1  : 4412
 p1:x0=0  p2:x0=1  p2:x2=0  : 101
 p1:x0=0  p2:x0=1  p2:x2=1  : 1018
Observation WRC.TRT.inv+addrs.errata: 0 (of 500000)
61/100
++ echo Starting bin/host_litmus.exe
Starting bin/host_litmus.exe
+++ mktemp
++ tmp=/tmp/tmp.cuQP6TbTJq
++ base64 -d
++ zcat
++ qemu-system-aarch64 -nodefaults -machine virt,gic-version=host --enable-kvm -cpu host -device virtio-serial-device -device virtconsole -display none -serial stdio -kernel /tmp/tmp.cuQP6TbTJq -smp 4 -append 'MP.invRT* WRC.TRT.inv+addrs -p -n500000'
P0			P1			P2			P3			

Test MP.invRT1+dsb-isb-tlbiis-dsb-isb+dsb-isb:
 p1:x0=0  p1:x2=0  : 329319
 p1:x0=0  p1:x2=1  : 168888
 p1:x0=1  p1:x2=1  : 1793
Observation MP.invRT1+dsb-isb-tlbiis-dsb-isb+dsb-isb.errata: 0 (of 500000)
P0			P1			P2			P3			

Test MP.invRT1+dsb-tlbiis-dsb+dsb:
 p1:x0=0  p1:x2=0  : 312477
 p1:x0=0  p1:x2=1  : 185852
 p1:x0=1  p1:x2=1  : 1671
Observation MP.invRT1+dsb-tlbiis-dsb+dsb.errata: 0 (of 500000)
P0			P1			P2			P3			

Test MP.invRT1+dsb-tlbiis-dsb+dsb-isb:
 p1:x0=0  p1:x2=1  : 157334
 p1:x0=0  p1:x2=0  : 340664
 p1:x0=1  p1:x2=0  : 1 *
 p1:x0=1  p1:x2=1  : 2001
Observation MP.invRT1+dsb-tlbiis-dsb+dsb-isb.errata: 1 (of 500000)
P0			P1			P2			P3			

Test WRC.TRT.inv+addrs:
 p1:x0=0  p2:x0=0  p2:x2=1  : 102660
 p1:x0=1  p2:x0=0  p2:x2=1  : 384027
 p1:x0=0  p2:x0=0  p2:x2=0  : 6414
 p1:x0=1  p2:x0=0  p2:x2=0  : 2133
 p1:x0=0  p2:x0=1  p2:x2=1  : 912
 p1:x0=1  p2:x0=1  p2:x2=1  : 3768
 p1:x0=0  p2:x0=1  p2:x2=0  : 86
Observation WRC.TRT.inv+addrs.errata: 0 (of 500000)
62/100
++ echo Starting bin/host_litmus.exe
Starting bin/host_litmus.exe
+++ mktemp
++ tmp=/tmp/tmp.uxnXgAaMbo
++ base64 -d
++ zcat
++ qemu-system-aarch64 -nodefaults -machine virt,gic-version=host --enable-kvm -cpu host -device virtio-serial-device -device virtconsole -display none -serial stdio -kernel /tmp/tmp.uxnXgAaMbo -smp 4 -append 'MP.invRT* WRC.TRT.inv+addrs -p -n500000'
P0			P1			P2			P3			

Test MP.invRT1+dsb-isb-tlbiis-dsb-isb+dsb-isb:
 p1:x0=0  p1:x2=0  : 338476
 p1:x0=0  p1:x2=1  : 160498
 p1:x0=1  p1:x2=1  : 1026
Observation MP.invRT1+dsb-isb-tlbiis-dsb-isb+dsb-isb.errata: 0 (of 500000)
P0			P1			P2			P3			

Test MP.invRT1+dsb-tlbiis-dsb+dsb:
 p1:x0=0  p1:x2=0  : 337132
 p1:x0=0  p1:x2=1  : 161926
 p1:x0=1  p1:x2=1  : 942
Observation MP.invRT1+dsb-tlbiis-dsb+dsb.errata: 0 (of 500000)
P0			P1			P2			P3			

Test MP.invRT1+dsb-tlbiis-dsb+dsb-isb:
 p1:x0=0  p1:x2=1  : 153698
 p1:x0=0  p1:x2=0  : 345461
 p1:x0=1  p1:x2=1  : 841
Observation MP.invRT1+dsb-tlbiis-dsb+dsb-isb.errata: 0 (of 500000)
P0			P1			P2			P3			

Test WRC.TRT.inv+addrs:
 p1:x0=0  p2:x0=0  p2:x2=1  : 110828
 p1:x0=1  p2:x0=0  p2:x2=1  : 374905
 p1:x0=0  p2:x0=0  p2:x2=0  : 7445
 p1:x0=0  p2:x0=1  p2:x2=1  : 1242
 p1:x0=1  p2:x0=0  p2:x2=0  : 1948
 p1:x0=1  p2:x0=1  p2:x2=1  : 3546
 p1:x0=0  p2:x0=1  p2:x2=0  : 86
Observation WRC.TRT.inv+addrs.errata: 0 (of 500000)
63/100
++ echo Starting bin/host_litmus.exe
Starting bin/host_litmus.exe
+++ mktemp
++ tmp=/tmp/tmp.fBOQC5rxuS
++ base64 -d
++ zcat
++ qemu-system-aarch64 -nodefaults -machine virt,gic-version=host --enable-kvm -cpu host -device virtio-serial-device -device virtconsole -display none -serial stdio -kernel /tmp/tmp.fBOQC5rxuS -smp 4 -append 'MP.invRT* WRC.TRT.inv+addrs -p -n500000'
P0			P1			P2			P3			

Test MP.invRT1+dsb-isb-tlbiis-dsb-isb+dsb-isb:
 p1:x0=0  p1:x2=0  : 322177
 p1:x0=0  p1:x2=1  : 176748
 p1:x0=1  p1:x2=1  : 1075
Observation MP.invRT1+dsb-isb-tlbiis-dsb-isb+dsb-isb.errata: 0 (of 500000)
P0			P1			P2			P3			

Test MP.invRT1+dsb-tlbiis-dsb+dsb:
 p1:x0=0  p1:x2=0  : 325145
 p1:x0=0  p1:x2=1  : 173733
 p1:x0=1  p1:x2=1  : 1122
Observation MP.invRT1+dsb-tlbiis-dsb+dsb.errata: 0 (of 500000)
P0			P1			P2			P3			

Test MP.invRT1+dsb-tlbiis-dsb+dsb-isb:
 p1:x0=0  p1:x2=0  : 333080
 p1:x0=0  p1:x2=1  : 166110
 p1:x0=1  p1:x2=1  : 810
Observation MP.invRT1+dsb-tlbiis-dsb+dsb-isb.errata: 0 (of 500000)
P0			P1			P2			P3			

Test WRC.TRT.inv+addrs:
 p1:x0=1  p2:x0=0  p2:x2=1  : 392862
 p1:x0=0  p2:x0=0  p2:x2=1  : 91085
 p1:x0=0  p2:x0=0  p2:x2=0  : 8830
 p1:x0=1  p2:x0=0  p2:x2=0  : 1952
 p1:x0=1  p2:x0=1  p2:x2=1  : 4325
 p1:x0=0  p2:x0=1  p2:x2=1  : 853
 p1:x0=0  p2:x0=1  p2:x2=0  : 93
Observation WRC.TRT.inv+addrs.errata: 0 (of 500000)
64/100
++ echo Starting bin/host_litmus.exe
Starting bin/host_litmus.exe
+++ mktemp
++ tmp=/tmp/tmp.DOnOuMRDEY
++ base64 -d
++ zcat
++ qemu-system-aarch64 -nodefaults -machine virt,gic-version=host --enable-kvm -cpu host -device virtio-serial-device -device virtconsole -display none -serial stdio -kernel /tmp/tmp.DOnOuMRDEY -smp 4 -append 'MP.invRT* WRC.TRT.inv+addrs -p -n500000'
P0			P1			P2			P3			

Test MP.invRT1+dsb-isb-tlbiis-dsb-isb+dsb-isb:
 p1:x0=1  p1:x2=1  : 1305
 p1:x0=0  p1:x2=0  : 328528
 p1:x0=0  p1:x2=1  : 170167
Observation MP.invRT1+dsb-isb-tlbiis-dsb-isb+dsb-isb.errata: 0 (of 500000)
P0			P1			P2			P3			

Test MP.invRT1+dsb-tlbiis-dsb+dsb:
 p1:x0=1  p1:x2=0  : 1 *
 p1:x0=1  p1:x2=1  : 1519
 p1:x0=0  p1:x2=1  : 174268
 p1:x0=0  p1:x2=0  : 324212
Observation MP.invRT1+dsb-tlbiis-dsb+dsb.errata: 1 (of 500000)
P0			P1			P2			P3			

Test MP.invRT1+dsb-tlbiis-dsb+dsb-isb:
 p1:x0=0  p1:x2=1  : 163052
 p1:x0=0  p1:x2=0  : 335705
 p1:x0=1  p1:x2=1  : 1243
Observation MP.invRT1+dsb-tlbiis-dsb+dsb-isb.errata: 0 (of 500000)
P0			P1			P2			P3			

Test WRC.TRT.inv+addrs:
 p1:x0=1  p2:x0=1  p2:x2=1  : 3248
 p1:x0=0  p2:x0=0  p2:x2=0  : 10732
 p1:x0=1  p2:x0=0  p2:x2=1  : 368597
 p1:x0=0  p2:x0=0  p2:x2=1  : 113690
 p1:x0=1  p2:x0=0  p2:x2=0  : 2689
 p1:x0=0  p2:x0=1  p2:x2=0  : 91
 p1:x0=0  p2:x0=1  p2:x2=1  : 953
Observation WRC.TRT.inv+addrs.errata: 0 (of 500000)
65/100
++ echo Starting bin/host_litmus.exe
Starting bin/host_litmus.exe
+++ mktemp
++ tmp=/tmp/tmp.5zYmPJopIY
++ base64 -d
++ zcat
++ qemu-system-aarch64 -nodefaults -machine virt,gic-version=host --enable-kvm -cpu host -device virtio-serial-device -device virtconsole -display none -serial stdio -kernel /tmp/tmp.5zYmPJopIY -smp 4 -append 'MP.invRT* WRC.TRT.inv+addrs -p -n500000'
P0			P1			P2			P3			

Test MP.invRT1+dsb-isb-tlbiis-dsb-isb+dsb-isb:
 p1:x0=0  p1:x2=0  : 323721
 p1:x0=0  p1:x2=1  : 175307
 p1:x0=1  p1:x2=1  : 972
Observation MP.invRT1+dsb-isb-tlbiis-dsb-isb+dsb-isb.errata: 0 (of 500000)
P0			P1			P2			P3			

Test MP.invRT1+dsb-tlbiis-dsb+dsb:
 p1:x0=0  p1:x2=0  : 311367
 p1:x0=0  p1:x2=1  : 187849
 p1:x0=1  p1:x2=1  : 784
Observation MP.invRT1+dsb-tlbiis-dsb+dsb.errata: 0 (of 500000)
P0			P1			P2			P3			

Test MP.invRT1+dsb-tlbiis-dsb+dsb-isb:
 p1:x0=0  p1:x2=1  : 166744
 p1:x0=0  p1:x2=0  : 332363
 p1:x0=1  p1:x2=1  : 893
Observation MP.invRT1+dsb-tlbiis-dsb+dsb-isb.errata: 0 (of 500000)
P0			P1			P2			P3			

Test WRC.TRT.inv+addrs:
 p1:x0=1  p2:x0=0  p2:x2=1  : 389588
 p1:x0=1  p2:x0=1  p2:x2=1  : 3873
 p1:x0=0  p2:x0=0  p2:x2=1  : 97500
 p1:x0=0  p2:x0=0  p2:x2=0  : 6300
 p1:x0=1  p2:x0=0  p2:x2=0  : 1712
 p1:x0=0  p2:x0=1  p2:x2=1  : 925
 p1:x0=0  p2:x0=1  p2:x2=0  : 102
Observation WRC.TRT.inv+addrs.errata: 0 (of 500000)
66/100
++ echo Starting bin/host_litmus.exe
Starting bin/host_litmus.exe
+++ mktemp
++ tmp=/tmp/tmp.JVJF0scr7Z
++ base64 -d
++ zcat
++ qemu-system-aarch64 -nodefaults -machine virt,gic-version=host --enable-kvm -cpu host -device virtio-serial-device -device virtconsole -display none -serial stdio -kernel /tmp/tmp.JVJF0scr7Z -smp 4 -append 'MP.invRT* WRC.TRT.inv+addrs -p -n500000'
P0			P1			P2			P3			

Test MP.invRT1+dsb-isb-tlbiis-dsb-isb+dsb-isb:
 p1:x0=0  p1:x2=0  : 337065
 p1:x0=0  p1:x2=1  : 161732
 p1:x0=1  p1:x2=1  : 1203
Observation MP.invRT1+dsb-isb-tlbiis-dsb-isb+dsb-isb.errata: 0 (of 500000)
P0			P1			P2			P3			

Test MP.invRT1+dsb-tlbiis-dsb+dsb:
 p1:x0=0  p1:x2=0  : 323609
 p1:x0=0  p1:x2=1  : 175261
 p1:x0=1  p1:x2=1  : 1130
Observation MP.invRT1+dsb-tlbiis-dsb+dsb.errata: 0 (of 500000)
P0			P1			P2			P3			

Test MP.invRT1+dsb-tlbiis-dsb+dsb-isb:
 p1:x0=0  p1:x2=1  : 158775
 p1:x0=0  p1:x2=0  : 339875
 p1:x0=1  p1:x2=1  : 1350
Observation MP.invRT1+dsb-tlbiis-dsb+dsb-isb.errata: 0 (of 500000)
P0			P1			P2			P3			

Test WRC.TRT.inv+addrs:
 p1:x0=1  p2:x0=0  p2:x2=1  : 370045
 p1:x0=0  p2:x0=0  p2:x2=1  : 115874
 p1:x0=1  p2:x0=0  p2:x2=0  : 1911
 p1:x0=0  p2:x0=0  p2:x2=0  : 7523
 p1:x0=1  p2:x0=1  p2:x2=1  : 3518
 p1:x0=0  p2:x0=1  p2:x2=1  : 1023
 p1:x0=0  p2:x0=1  p2:x2=0  : 106
Observation WRC.TRT.inv+addrs.errata: 0 (of 500000)
67/100
++ echo Starting bin/host_litmus.exe
Starting bin/host_litmus.exe
+++ mktemp
++ tmp=/tmp/tmp.5k33km5U5e
++ base64 -d
++ zcat
++ qemu-system-aarch64 -nodefaults -machine virt,gic-version=host --enable-kvm -cpu host -device virtio-serial-device -device virtconsole -display none -serial stdio -kernel /tmp/tmp.5k33km5U5e -smp 4 -append 'MP.invRT* WRC.TRT.inv+addrs -p -n500000'
P0			P1			P2			P3			

Test MP.invRT1+dsb-isb-tlbiis-dsb-isb+dsb-isb:
 p1:x0=0  p1:x2=0  : 331243
 p1:x0=0  p1:x2=1  : 167473
 p1:x0=1  p1:x2=1  : 1284
Observation MP.invRT1+dsb-isb-tlbiis-dsb-isb+dsb-isb.errata: 0 (of 500000)
P0			P1			P2			P3			

Test MP.invRT1+dsb-tlbiis-dsb+dsb:
 p1:x0=0  p1:x2=0  : 331648
 p1:x0=0  p1:x2=1  : 166899
 p1:x0=1  p1:x2=1  : 1453
Observation MP.invRT1+dsb-tlbiis-dsb+dsb.errata: 0 (of 500000)
P0			P1			P2			P3			

Test MP.invRT1+dsb-tlbiis-dsb+dsb-isb:
 p1:x0=0  p1:x2=0  : 338336
 p1:x0=1  p1:x2=1  : 1357
 p1:x0=0  p1:x2=1  : 160307
Observation MP.invRT1+dsb-tlbiis-dsb+dsb-isb.errata: 0 (of 500000)
P0			P1			P2			P3			

Test WRC.TRT.inv+addrs:
 p1:x0=1  p2:x0=0  p2:x2=1  : 360937
 p1:x0=0  p2:x0=0  p2:x2=0  : 7627
 p1:x0=0  p2:x0=0  p2:x2=1  : 111816
 p1:x0=1  p2:x0=1  p2:x2=1  : 14429
 p1:x0=0  p2:x0=1  p2:x2=1  : 3521
 p1:x0=1  p2:x0=0  p2:x2=0  : 1547
 p1:x0=0  p2:x0=1  p2:x2=0  : 123
Observation WRC.TRT.inv+addrs.errata: 0 (of 500000)
68/100
++ echo Starting bin/host_litmus.exe
Starting bin/host_litmus.exe
+++ mktemp
++ tmp=/tmp/tmp.7lqmaAyvtb
++ base64 -d
++ zcat
++ qemu-system-aarch64 -nodefaults -machine virt,gic-version=host --enable-kvm -cpu host -device virtio-serial-device -device virtconsole -display none -serial stdio -kernel /tmp/tmp.7lqmaAyvtb -smp 4 -append 'MP.invRT* WRC.TRT.inv+addrs -p -n500000'
P0			P1			P2			P3			

Test MP.invRT1+dsb-isb-tlbiis-dsb-isb+dsb-isb:
 p1:x0=0  p1:x2=0  : 332537
 p1:x0=0  p1:x2=1  : 166353
 p1:x0=1  p1:x2=1  : 1110
Observation MP.invRT1+dsb-isb-tlbiis-dsb-isb+dsb-isb.errata: 0 (of 500000)
P0			P1			P2			P3			

Test MP.invRT1+dsb-tlbiis-dsb+dsb:
 p1:x0=0  p1:x2=0  : 315485
 p1:x0=0  p1:x2=1  : 182752
 p1:x0=1  p1:x2=1  : 1763
Observation MP.invRT1+dsb-tlbiis-dsb+dsb.errata: 0 (of 500000)
P0			P1			P2			P3			

Test MP.invRT1+dsb-tlbiis-dsb+dsb-isb:
 p1:x0=0  p1:x2=0  : 348504
 p1:x0=0  p1:x2=1  : 149913
 p1:x0=1  p1:x2=1  : 1583
Observation MP.invRT1+dsb-tlbiis-dsb+dsb-isb.errata: 0 (of 500000)
P0			P1			P2			P3			

Test WRC.TRT.inv+addrs:
 p1:x0=0  p2:x0=0  p2:x2=0  : 6728
 p1:x0=1  p2:x0=0  p2:x2=1  : 387138
 p1:x0=0  p2:x0=0  p2:x2=1  : 99083
 p1:x0=1  p2:x0=0  p2:x2=0  : 1793
 p1:x0=1  p2:x0=1  p2:x2=1  : 4163
 p1:x0=0  p2:x0=1  p2:x2=1  : 1008
 p1:x0=0  p2:x0=1  p2:x2=0  : 87
Observation WRC.TRT.inv+addrs.errata: 0 (of 500000)
69/100
++ echo Starting bin/host_litmus.exe
Starting bin/host_litmus.exe
+++ mktemp
++ tmp=/tmp/tmp.SUXkDwnNYF
++ base64 -d
++ zcat
++ qemu-system-aarch64 -nodefaults -machine virt,gic-version=host --enable-kvm -cpu host -device virtio-serial-device -device virtconsole -display none -serial stdio -kernel /tmp/tmp.SUXkDwnNYF -smp 4 -append 'MP.invRT* WRC.TRT.inv+addrs -p -n500000'
P0			P1			P2			P3			

Test MP.invRT1+dsb-isb-tlbiis-dsb-isb+dsb-isb:
 p1:x0=0  p1:x2=0  : 328428
 p1:x0=0  p1:x2=1  : 170111
 p1:x0=1  p1:x2=1  : 1461
Observation MP.invRT1+dsb-isb-tlbiis-dsb-isb+dsb-isb.errata: 0 (of 500000)
P0			P1			P2			P3			

Test MP.invRT1+dsb-tlbiis-dsb+dsb:
 p1:x0=0  p1:x2=0  : 323590
 p1:x0=0  p1:x2=1  : 175176
 p1:x0=1  p1:x2=1  : 1234
Observation MP.invRT1+dsb-tlbiis-dsb+dsb.errata: 0 (of 500000)
P0			P1			P2			P3			

Test MP.invRT1+dsb-tlbiis-dsb+dsb-isb:
 p1:x0=0  p1:x2=1  : 162217
 p1:x0=0  p1:x2=0  : 336400
 p1:x0=1  p1:x2=1  : 1383
Observation MP.invRT1+dsb-tlbiis-dsb+dsb-isb.errata: 0 (of 500000)
P0			P1			P2			P3			

Test WRC.TRT.inv+addrs:
 p1:x0=1  p2:x0=0  p2:x2=1  : 380835
 p1:x0=0  p2:x0=0  p2:x2=1  : 104546
 p1:x0=1  p2:x0=0  p2:x2=0  : 1554
 p1:x0=0  p2:x0=0  p2:x2=0  : 6556
 p1:x0=1  p2:x0=1  p2:x2=1  : 5017
 p1:x0=0  p2:x0=1  p2:x2=1  : 1352
 p1:x0=0  p2:x0=1  p2:x2=0  : 140
Observation WRC.TRT.inv+addrs.errata: 0 (of 500000)
70/100
++ echo Starting bin/host_litmus.exe
Starting bin/host_litmus.exe
+++ mktemp
++ tmp=/tmp/tmp.59vJ7Q5mds
++ base64 -d
++ zcat
++ qemu-system-aarch64 -nodefaults -machine virt,gic-version=host --enable-kvm -cpu host -device virtio-serial-device -device virtconsole -display none -serial stdio -kernel /tmp/tmp.59vJ7Q5mds -smp 4 -append 'MP.invRT* WRC.TRT.inv+addrs -p -n500000'
P0			P1			P2			P3			

Test MP.invRT1+dsb-isb-tlbiis-dsb-isb+dsb-isb:
 p1:x0=0  p1:x2=0  : 334911
 p1:x0=0  p1:x2=1  : 163888
 p1:x0=1  p1:x2=1  : 1201
Observation MP.invRT1+dsb-isb-tlbiis-dsb-isb+dsb-isb.errata: 0 (of 500000)
P0			P1			P2			P3			

Test MP.invRT1+dsb-tlbiis-dsb+dsb:
 p1:x0=0  p1:x2=0  : 327247
 p1:x0=0  p1:x2=1  : 171506
 p1:x0=1  p1:x2=1  : 1247
Observation MP.invRT1+dsb-tlbiis-dsb+dsb.errata: 0 (of 500000)
P0			P1			P2			P3			

Test MP.invRT1+dsb-tlbiis-dsb+dsb-isb:
 p1:x0=0  p1:x2=0  : 333391
 p1:x0=0  p1:x2=1  : 165275
 p1:x0=1  p1:x2=1  : 1334
Observation MP.invRT1+dsb-tlbiis-dsb+dsb-isb.errata: 0 (of 500000)
P0			P1			P2			P3			

Test WRC.TRT.inv+addrs:
 p1:x0=1  p2:x0=0  p2:x2=1  : 399374
 p1:x0=0  p2:x0=0  p2:x2=1  : 85884
 p1:x0=1  p2:x0=1  p2:x2=1  : 4265
 p1:x0=0  p2:x0=0  p2:x2=0  : 7763
 p1:x0=0  p2:x0=1  p2:x2=1  : 880
 p1:x0=0  p2:x0=1  p2:x2=0  : 82
 p1:x0=1  p2:x0=0  p2:x2=0  : 1752
Observation WRC.TRT.inv+addrs.errata: 0 (of 500000)
71/100
++ echo Starting bin/host_litmus.exe
Starting bin/host_litmus.exe
+++ mktemp
++ tmp=/tmp/tmp.Tn86umNRXX
++ base64 -d
++ zcat
++ qemu-system-aarch64 -nodefaults -machine virt,gic-version=host --enable-kvm -cpu host -device virtio-serial-device -device virtconsole -display none -serial stdio -kernel /tmp/tmp.Tn86umNRXX -smp 4 -append 'MP.invRT* WRC.TRT.inv+addrs -p -n500000'
P0			P1			P2			P3			

Test MP.invRT1+dsb-isb-tlbiis-dsb-isb+dsb-isb:
 p1:x0=0  p1:x2=0  : 330177
 p1:x0=0  p1:x2=1  : 168793
 p1:x0=1  p1:x2=1  : 1030
Observation MP.invRT1+dsb-isb-tlbiis-dsb-isb+dsb-isb.errata: 0 (of 500000)
P0			P1			P2			P3			

Test MP.invRT1+dsb-tlbiis-dsb+dsb:
 p1:x0=1  p1:x2=1  : 970
 p1:x0=0  p1:x2=0  : 321560
 p1:x0=0  p1:x2=1  : 177470
Observation MP.invRT1+dsb-tlbiis-dsb+dsb.errata: 0 (of 500000)
P0			P1			P2			P3			

Test MP.invRT1+dsb-tlbiis-dsb+dsb-isb:
 p1:x0=0  p1:x2=1  : 168144
 p1:x0=0  p1:x2=0  : 330899
 p1:x0=1  p1:x2=1  : 957
Observation MP.invRT1+dsb-tlbiis-dsb+dsb-isb.errata: 0 (of 500000)
P0			P1			P2			P3			

Test WRC.TRT.inv+addrs:
 p1:x0=1  p2:x0=1  p2:x2=1  : 6321
 p1:x0=1  p2:x0=0  p2:x2=1  : 390616
 p1:x0=0  p2:x0=0  p2:x2=1  : 93028
 p1:x0=1  p2:x0=0  p2:x2=0  : 1811
 p1:x0=0  p2:x0=1  p2:x2=1  : 1471
 p1:x0=0  p2:x0=0  p2:x2=0  : 6605
 p1:x0=0  p2:x0=1  p2:x2=0  : 148
Observation WRC.TRT.inv+addrs.errata: 0 (of 500000)
72/100
++ echo Starting bin/host_litmus.exe
Starting bin/host_litmus.exe
+++ mktemp
++ tmp=/tmp/tmp.OBSyFWc33X
++ base64 -d
++ zcat
++ qemu-system-aarch64 -nodefaults -machine virt,gic-version=host --enable-kvm -cpu host -device virtio-serial-device -device virtconsole -display none -serial stdio -kernel /tmp/tmp.OBSyFWc33X -smp 4 -append 'MP.invRT* WRC.TRT.inv+addrs -p -n500000'
P0			P1			P2			P3			

Test MP.invRT1+dsb-isb-tlbiis-dsb-isb+dsb-isb:
 p1:x0=0  p1:x2=0  : 330518
 p1:x0=0  p1:x2=1  : 162545
 p1:x0=1  p1:x2=1  : 6937
Observation MP.invRT1+dsb-isb-tlbiis-dsb-isb+dsb-isb.errata: 0 (of 500000)
P0			P1			P2			P3			
ce virtio-serial-device -device virtconsole -display none -serial stdio -kernel /tmp/tmp.BoNlFqxlv9 -smp 4 -append 'MP.invRT1+dsb-isb-tlbiis-dsb-isb+dsb-isb -p -n500000'
P0			P1			P2			P3			
bash: -c: line 1: syntax error: unexpected end of file
