Starting bin/litmus.exe
P0			P1			P2			P3			

Test MP+pos:
 p1:x0=0  p1:x2=0  : 245011
 p1:x0=1  p1:x2=1  : 113106
 p1:x0=0  p1:x2=1  : 85986
 p1:x0=1  p1:x2=0  : 55897 *
Observation MP+pos.errata: 55897 (of 500000)
P0			P1			P2			P3			

Test MP+dmbs:
 p1:x0=0  p1:x2=1  : 158938
 p1:x0=0  p1:x2=0  : 218133
 p1:x0=1  p1:x2=1  : 122929
Observation MP+dmbs.errata: 0 (of 500000)
P0			P1			P2			P3			

Test SB+pos:
 p0:x2=0  p1:x2=1  : 195044
 p0:x2=1  p1:x2=0  : 148605
 p0:x2=0  p1:x2=0  : 93622 *
 p0:x2=1  p1:x2=1  : 62729
Observation SB+pos.errata: 93622 (of 500000)
P0			P1			P2			P3			

Test SB+dmbs:
 p0:x2=0  p1:x2=1  : 249962
 p0:x2=1  p1:x2=0  : 154303
 p0:x2=1  p1:x2=1  : 95735
Observation SB+dmbs.errata: 0 (of 500000)
P0			P1			P2			P3			

Test WRC+pos:
 p1:x0=0  p2:x0=1  p2:x2=0  : 84125
 p1:x0=1  p2:x0=0  p2:x2=1  : 59412
 p1:x0=0  p2:x0=0  p2:x2=0  : 188612
 p1:x0=1  p2:x0=0  p2:x2=0  : 74110
 p1:x0=0  p2:x0=0  p2:x2=1  : 25973
 p1:x0=1  p2:x0=1  p2:x2=1  : 24206
 p1:x0=0  p2:x0=1  p2:x2=1  : 40188
 p1:x0=1  p2:x0=1  p2:x2=0  : 3374 *
Observation WRC+pos.errata: 3374 (of 500000)
P0			P1			P2			P3			

Test WRC+addrs:
 p1:x0=0  p2:x0=1  p2:x2=0  : 25530
 p1:x0=0  p2:x0=1  p2:x2=1  : 77653
 p1:x0=1  p2:x0=1  p2:x2=1  : 17411
 p1:x0=0  p2:x0=0  p2:x2=1  : 64716
 p1:x0=0  p2:x0=0  p2:x2=0  : 167337
 p1:x0=1  p2:x0=0  p2:x2=1  : 98421
 p1:x0=1  p2:x0=0  p2:x2=0  : 48932
Observation WRC+addrs.errata: 0 (of 500000)
P0			P1			P2			P3			

Test MP+dmb+svc:
 p1:x0=1  p1:x2=1  : 93764
 p1:x0=0  p1:x2=1  : 210895
 p1:x0=0  p1:x2=0  : 195341
Observation MP+dmb+svc.errata: 0 (of 500000)
P0			P1			P2			P3			

Test MP+dmb+eret:
 p1:x0=1  p1:x2=1  : 162961
 p1:x0=0  p1:x2=0  : 223091
 p1:x0=0  p1:x2=1  : 113948
Observation MP+dmb+eret.errata: 0 (of 500000)
P0			P1			P2			P3			

Test WRC.AT+ctrl+dsb:
 p1:x2=1  p2:x0=0  p2:x2=0  : 235854
 p1:x2=1  p2:x0=1  p2:x2=0  : 125803
 p1:x2=0  p2:x0=0  p2:x2=0  : 34383
 p1:x2=1  p2:x0=1  p2:x2=1  : 49272
 p1:x2=0  p2:x0=1  p2:x2=1  : 7282
 p1:x2=0  p2:x0=0  p2:x2=1  : 8306
 p1:x2=1  p2:x0=0  p2:x2=1  : 32282
 p1:x2=0  p2:x0=1  p2:x2=0  : 6818 *
Observation WRC.AT+ctrl+dsb.errata: 6818 (of 500000)
P0			P1			P2			P3			

Test CoWT1+dsb-tlbi-dsb:
 p0:x2=2  : 500000
Observation CoWT1+dsb-tlbi-dsb.errata: 0 (of 500000)
P0			P1			P2			P3			

Test CoWT+dsb-svc-tlbi-dsb:
 p0:x2=2  : 500000
Observation CoWT+dsb-svc-tlbi-dsb.errata: 0 (of 500000)
P0			P1			P2			P3			

Test MP.RT+svc-dsb-tlbiis-dsb+dsb-isb:
 p1:x0=1  p1:x2=1  : 3306
 p1:x0=0  p1:x2=0  : 391009
 p1:x0=0  p1:x2=1  : 105685
Observation MP.RT+svc-dsb-tlbiis-dsb+dsb-isb.errata: 0 (of 500000)
P0			P1			P2			P3			

Test MP.RT1+dsb-tlbiis-dsb+dsb-isb:
 p1:x0=0  p1:x2=0  : 367053
 p1:x0=0  p1:x2=1  : 128415
 p1:x0=1  p1:x2=1  : 4532
Observation MP.RT1+dsb-tlbiis-dsb+dsb-isb.errata: 0 (of 500000)
P0			P1			P2			P3			

Test CoWT.inv+dsb:
 p0:x4=0  : 499999
 p0:x4=1  : 1 *
Observation CoWT.inv+dsb.errata.errata: 1 (of 500000)
P0			P1			P2			P3			

Test CoWT+dsb:
 p0:x2=2  : 128412
 p0:x2=1  : 371588 *
Observation CoWT+dsb.errata: 371588 (of 500000)
P0			P1			P2			P3			

Test CoWT:
 p0:x2=1  : 362177 *
 p0:x2=2  : 137823
Observation CoWT.errata: 362177 (of 500000)
P0			P1			P2			P3			

Test CoWT.inv:
 p0:x4=0  : 500000
Observation CoWT.inv.errata: 0 (of 500000)
P0			P1			P2			P3			

Test CoWinvT:
 p0:x4=1  : 151033
 p0:x4=0  : 348967 *
Observation CoWinvT.errata: 348967 (of 500000)
P0			P1			P2			P3			

Test CoWinvT1+dsb-tlbi-dsb:
 p0:x4=1  : 500000
Observation CoWinvT1+dsb-tlbi-dsb.errata: 0 (of 500000)
P0			P1			P2			P3			

Test CoWT+dsb-isb:
 p0:x2=2  : 130609
 p0:x2=1  : 369391 *
Observation CoWT+dsb-isb.errata: 369391 (of 500000)
P0			P1			P2			P3			

Test CoTR:
 p1:x0=1  p1:x2=0  : 24665 *
 p1:x0=0  p1:x2=0  : 379769
 p1:x0=0  p1:x2=1  : 72232
 p1:x0=1  p1:x2=1  : 23334
Observation CoTR.errata: 24665 (of 500000)
P0			P1			P2			P3			

Test CoTR.inv:
 p1:x0=1  p1:x2=1  : 412935
 p1:x0=0  p1:x2=1  : 49280
 p1:x0=1  p1:x2=0  : 33418 *
 p1:x0=0  p1:x2=0  : 4367
Observation CoTR.inv.errata: 33418 (of 500000)
P0			P1			P2			P3			

Test CoTR.inv+dsb-isb:
 p1:x0=1  p1:x2=1  : 399564
 p1:x0=0  p1:x2=1  : 96021
 p1:x0=0  p1:x2=0  : 4415
Observation CoTR.inv+dsb-isb.errata: 0 (of 500000)
P0			P1			P2			P3			

Test CoTR+addr:
 p1:x0=1  p1:x2=0  : 2 *
 p1:x0=1  p1:x2=1  : 103815
 p1:x0=0  p1:x2=1  : 106928
 p1:x0=0  p1:x2=0  : 289255
Observation CoTR+addr.errata: 2 (of 500000)
P0			P1			P2			P3			

Test CoTR+dmb:
 p1:x0=0  p1:x2=1  : 344800
 p1:x0=0  p1:x2=0  : 25779
 p1:x0=1  p1:x2=1  : 129421
Observation CoTR+dmb.errata: 0 (of 500000)
P0			P1			P2			P3			

Test CoTR+dsb:
 p1:x0=1  p1:x2=0  : 2 *
 p1:x0=0  p1:x2=0  : 219859
 p1:x0=1  p1:x2=1  : 124187
 p1:x0=0  p1:x2=1  : 155952
Observation CoTR+dsb.errata: 2 (of 500000)
P0			P1			P2			P3			

Test CoTR+dsb-isb:
 p1:x0=0  p1:x2=0  : 207151
 p1:x0=1  p1:x2=0  : 2 *
 p1:x0=1  p1:x2=1  : 126614
 p1:x0=0  p1:x2=1  : 166233
Observation CoTR+dsb-isb.errata: 2 (of 500000)
P0			P1			P2			P3			

Test CoTR1.tlbi+dsb-isb:
 p1:x0=1  p1:x2=1  : 495536
 p1:x0=1  p1:x2=0  : 1 *
 p1:x0=0  p1:x2=0  : 4346
 p1:x0=0  p1:x2=1  : 117
Observation CoTR1.tlbi+dsb-isb.errata: 1 (of 500000)
P0			P1			P2			P3			

Test MP.RT+svc-dsb-tlbi-dsb+dsb-isb:
 p1:x0=1  p1:x2=1  : 2892
 p1:x0=0  p1:x2=0  : 380052
 p1:x0=0  p1:x2=1  : 117056
Observation MP.RT+svc-dsb-tlbi-dsb+dsb-isb.errata: 0 (of 500000)
P0			P1			P2			P3			

Test MP.RT1+dsb-tlbi-dsb+dsb-isb:
 p1:x0=0  p1:x2=1  : 101746
 p1:x0=0  p1:x2=0  : 394246
 p1:x0=1  p1:x2=1  : 4008
Observation MP.RT1+dsb-tlbi-dsb+dsb-isb.errata: 0 (of 500000)
P0			P1			P2			P3			

Test MP+dmb+eret:
 p1:x0=1  p1:x2=1  : 173435
 p1:x0=0  p1:x2=0  : 214466
 p1:x0=0  p1:x2=1  : 112099
Observation MP+dmb+eret.errata: 0 (of 500000)
P0			P1			P2			P3			

Test MP+dmb+svc:
 p1:x0=1  p1:x2=1  : 95318
 p1:x0=0  p1:x2=0  : 195905
 p1:x0=0  p1:x2=1  : 208777
Observation MP+dmb+svc.errata: 0 (of 500000)
P0			P1			P2			P3			

Test MP.RT.inv+dmb+addr:
 p1:x0=0  p1:x2=1  : 174549
 p1:x0=1  p1:x2=0  : 50387
 p1:x0=0  p1:x2=0  : 275064
Observation MP.RT.inv+dmb+addr.errata.errata: 0 (of 500000)
P0			P1			P2			P3			

Test WRC.TRR+addr+dmb:
 p1:x0=0  p2:x0=0  p2:x2=1  : 245483
 p1:x0=1  p2:x0=0  p2:x2=1  : 109144
 p1:x0=0  p2:x0=1  p2:x2=1  : 142374
 p1:x0=1  p2:x0=1  p2:x2=1  : 2999
Observation WRC.TRR+addr+dmb.errata: 0 (of 500000)
P0			P1			P2			P3			

Test WRC.TRR.inv+addrs:
 p1:x0=0  p2:x0=0  p2:x2=1  : 203624
 p1:x0=1  p2:x0=1  p2:x2=1  : 38714
 p1:x0=1  p2:x0=0  p2:x2=1  : 208037
 p1:x0=0  p2:x0=1  p2:x2=1  : 49625
Observation WRC.TRR.inv+addrs.errata: 0 (of 500000)
P0			P1			P2			P3			

Test WRC.TRT+addr+dmb:
 p1:x0=0  p2:x0=1  p2:x2=0  : 81687
 p1:x0=0  p2:x0=0  p2:x2=0  : 198414
 p1:x0=0  p2:x0=1  p2:x2=1  : 50922
 p1:x0=0  p2:x0=0  p2:x2=1  : 49270
 p1:x0=1  p2:x0=0  p2:x2=0  : 84058
 p1:x0=1  p2:x0=0  p2:x2=1  : 31663
 p1:x0=1  p2:x0=1  p2:x2=0  : 2276 *
 p1:x0=1  p2:x0=1  p2:x2=1  : 1710
Observation WRC.TRT+addr+dmb.errata: 2276 (of 500000)
P0			P1			P2			P3			

Test WRC.TRT+dmbs:
 p1:x0=0  p2:x0=0  p2:x2=0  : 193965
 p1:x0=1  p2:x0=0  p2:x2=1  : 21474
 p1:x0=0  p2:x0=0  p2:x2=1  : 40458
 p1:x0=1  p2:x0=0  p2:x2=0  : 82872
 p1:x0=1  p2:x0=1  p2:x2=0  : 4051 *
 p1:x0=0  p2:x0=1  p2:x2=1  : 50762
 p1:x0=0  p2:x0=1  p2:x2=0  : 98420
 p1:x0=1  p2:x0=1  p2:x2=1  : 7998
Observation WRC.TRT+dmbs.errata: 4051 (of 500000)
P0			P1			P2			P3			

Test WRC.TRT+dsb-isbs:
 p1:x0=1  p2:x0=0  p2:x2=1  : 21762
 p1:x0=0  p2:x0=0  p2:x2=0  : 205420
 p1:x0=0  p2:x0=1  p2:x2=1  : 44228
 p1:x0=0  p2:x0=1  p2:x2=0  : 85030
 p1:x0=0  p2:x0=0  p2:x2=1  : 39159
 p1:x0=1  p2:x0=1  p2:x2=0  : 2375 *
 p1:x0=1  p2:x0=0  p2:x2=0  : 92871
 p1:x0=1  p2:x0=1  p2:x2=1  : 9155
Observation WRC.TRT+dsb-isbs.errata: 2375 (of 500000)
P0			P1			P2			P3			

Test WRC.TRT.inv+dsb-isbs:
 p1:x0=0  p2:x0=0  p2:x2=0  : 271373
 p1:x0=1  p2:x0=0  p2:x2=0  : 215310
 p1:x0=0  p2:x0=1  p2:x2=0  : 3011
 p1:x0=1  p2:x0=0  p2:x2=1  : 7788
 p1:x0=0  p2:x0=0  p2:x2=1  : 1540
 p1:x0=1  p2:x0=1  p2:x2=0  : 955
 p1:x0=1  p2:x0=1  p2:x2=1  : 23
Observation WRC.TRT.inv+dsb-isbs.errata: 0 (of 500000)
P0			P1			P2			P3			

Test WRC.TRT1.broken+dsb-tlbiis-dsb+dmb:
 p1:x0=0  p2:x0=0  p2:x2=0  : 275120
 p1:x0=0  p2:x0=0  p2:x2=1  : 84916
 p1:x0=1  p2:x0=0  p2:x2=0  : 107303
 p1:x0=1  p2:x0=0  p2:x2=1  : 27309
 p1:x0=0  p2:x0=1  p2:x2=1  : 4135
 p1:x0=1  p2:x0=1  p2:x2=1  : 1175
 p1:x0=0  p2:x0=1  p2:x2=0  : 42
Observation WRC.TRT1.broken+dsb-tlbiis-dsb+dmb.errata: 0 (of 500000)
P0			P1			P2			P3			

Test WRC.TRT.inv+po+dmb:
 p1:x0=0  p2:x0=0  p2:x2=0  : 277707
 p1:x0=1  p2:x0=0  p2:x2=0  : 183623
 p1:x0=0  p2:x0=0  p2:x2=1  : 3851
 p1:x0=1  p2:x0=0  p2:x2=1  : 18902
 p1:x0=1  p2:x0=1  p2:x2=0  : 1910
 p1:x0=0  p2:x0=1  p2:x2=0  : 13930
 p1:x0=1  p2:x0=1  p2:x2=1  : 77
Observation WRC.TRT.inv+po+dmb.errata: 0 (of 500000)
P0			P1			P2			P3			

Test WRC.TRT.inv+po+addr:
 p1:x0=0  p2:x0=0  p2:x2=0  : 401724
 p1:x0=1  p2:x0=0  p2:x2=0  : 47957
 p1:x0=0  p2:x0=1  p2:x2=0  : 35765
 p1:x0=0  p2:x0=0  p2:x2=1  : 2750
 p1:x0=1  p2:x0=0  p2:x2=1  : 10853
 p1:x0=1  p2:x0=1  p2:x2=0  : 907
 p1:x0=1  p2:x0=1  p2:x2=1  : 44
Observation WRC.TRT.inv+po+addr.errata: 0 (of 500000)
P0			P1			P2			P3			

Test ISA2.TRR+dmb+po+dmb:
 p1:x0=0  p2:x0=0  p2:x2=0  : 224990
 p1:x0=0  p2:x0=1  p2:x2=1  : 106428
 p1:x0=0  p2:x0=0  p2:x2=1  : 131299
 p1:x0=0  p2:x0=1  p2:x2=0  : 37283
Observation ISA2.TRR+dmb+po+dmb.errata: 0 (of 500000)
[run took 11207 seconds]
[avg 5603 seconds]
Starting bin/litmus.exe
P0			P1			P2			P3			

Test MP+pos:
 p1:x0=1  p1:x2=1  : 112747
 p1:x0=0  p1:x2=1  : 89105
 p1:x0=0  p1:x2=0  : 249999
 p1:x0=1  p1:x2=0  : 48149 *
Observation MP+pos.errata: 48149 (of 500000)
P0			P1			P2			P3			

Test MP+dmbs:
 p1:x0=1  p1:x2=1  : 120278
 p1:x0=0  p1:x2=1  : 167871
 p1:x0=0  p1:x2=0  : 211851
Observation MP+dmbs.errata: 0 (of 500000)
P0			P1			P2			P3			

Test SB+pos:
 p0:x2=0  p1:x2=1  : 192431
 p0:x2=1  p1:x2=1  : 53032
 p0:x2=1  p1:x2=0  : 135605
 p0:x2=0  p1:x2=0  : 118932 *
Observation SB+pos.errata: 118932 (of 500000)
P0			P1			P2			P3			

Test SB+dmbs:
 p0:x2=0  p1:x2=1  : 247582
 p0:x2=1  p1:x2=0  : 163378
 p0:x2=1  p1:x2=1  : 89040
Observation SB+dmbs.errata: 0 (of 500000)
P0			P1			P2			P3			

Test WRC+pos:
 p1:x0=1  p2:x0=0  p2:x2=0  : 68820
 p1:x0=1  p2:x0=0  p2:x2=1  : 51644
 p1:x0=1  p2:x0=1  p2:x2=1  : 22551
 p1:x0=0  p2:x0=0  p2:x2=0  : 184567
 p1:x0=0  p2:x0=0  p2:x2=1  : 32728
 p1:x0=0  p2:x0=1  p2:x2=0  : 89808
 p1:x0=0  p2:x0=1  p2:x2=1  : 46601
 p1:x0=1  p2:x0=1  p2:x2=0  : 3281 *
Observation WRC+pos.errata: 3281 (of 500000)
P0			P1			P2			P3			

Test WRC+addrs:
 p1:x0=1  p2:x0=0  p2:x2=1  : 99685
 p1:x0=0  p2:x0=0  p2:x2=0  : 155032
 p1:x0=0  p2:x0=1  p2:x2=1  : 83509
 p1:x0=1  p2:x0=0  p2:x2=0  : 55766
 p1:x0=1  p2:x0=1  p2:x2=1  : 17532
 p1:x0=0  p2:x0=1  p2:x2=0  : 25267
 p1:x0=0  p2:x0=0  p2:x2=1  : 63209
Observation WRC+addrs.errata: 0 (of 500000)
P0			P1			P2			P3			

Test MP+dmb+svc:
 p1:x0=0  p1:x2=1  : 223673
 p1:x0=0  p1:x2=0  : 183347
 p1:x0=1  p1:x2=1  : 92980
Observation MP+dmb+svc.errata: 0 (of 500000)
P0			P1			P2			P3			

Test MP+dmb+eret:
 p1:x0=0  p1:x2=1  : 131178
 p1:x0=1  p1:x2=1  : 184194
 p1:x0=0  p1:x2=0  : 184628
Observation MP+dmb+eret.errata: 0 (of 500000)
P0			P1			P2			P3			

Test WRC.AT+ctrl+dsb:
 p1:x2=0  p2:x0=0  p2:x2=0  : 30767
 p1:x2=1  p2:x0=0  p2:x2=0  : 257765
 p1:x2=1  p2:x0=1  p2:x2=0  : 141872
 p1:x2=0  p2:x0=0  p2:x2=1  : 5811
 p1:x2=1  p2:x0=1  p2:x2=1  : 31840
 p1:x2=0  p2:x0=1  p2:x2=0  : 5863 *
 p1:x2=0  p2:x0=1  p2:x2=1  : 5411
 p1:x2=1  p2:x0=0  p2:x2=1  : 20671
Observation WRC.AT+ctrl+dsb.errata: 5863 (of 500000)
P0			P1			P2			P3			

Test CoWT1+dsb-tlbi-dsb:
 p0:x2=2  : 500000
Observation CoWT1+dsb-tlbi-dsb.errata: 0 (of 500000)
P0			P1			P2			P3			

Test CoWT+dsb-svc-tlbi-dsb:
 p0:x2=2  : 500000
Observation CoWT+dsb-svc-tlbi-dsb.errata: 0 (of 500000)
P0			P1			P2			P3			

Test MP.RT+svc-dsb-tlbiis-dsb+dsb-isb:
 p1:x0=1  p1:x2=1  : 2419
 p1:x0=0  p1:x2=0  : 303726
 p1:x0=0  p1:x2=1  : 193855
Observation MP.RT+svc-dsb-tlbiis-dsb+dsb-isb.errata: 0 (of 500000)
P0			P1			P2			P3			

Test MP.RT1+dsb-tlbiis-dsb+dsb-isb:
 p1:x0=0  p1:x2=1  : 126904
 p1:x0=0  p1:x2=0  : 369008
 p1:x0=1  p1:x2=1  : 4088
Observation MP.RT1+dsb-tlbiis-dsb+dsb-isb.errata: 0 (of 500000)
P0			P1			P2			P3			

Test CoWT.inv+dsb:
 p0:x4=0  : 499994
 p0:x4=1  : 6 *
Observation CoWT.inv+dsb.errata.errata: 6 (of 500000)
P0			P1			P2			P3			

Test CoWT+dsb:
 p0:x2=2  : 131237
 p0:x2=1  : 368763 *
Observation CoWT+dsb.errata: 368763 (of 500000)
P0			P1			P2			P3			

Test CoWT:
 p0:x2=2  : 131273
 p0:x2=1  : 368727 *
Observation CoWT.errata: 368727 (of 500000)
P0			P1			P2			P3			

Test CoWT.inv:
 p0:x4=0  : 499946
 p0:x4=1  : 54 *
Observation CoWT.inv.errata: 54 (of 500000)
P0			P1			P2			P3			

Test CoWinvT:
 p0:x4=0  : 348116 *
 p0:x4=1  : 151884
Observation CoWinvT.errata: 348116 (of 500000)
P0			P1			P2			P3			

Test CoWinvT1+dsb-tlbi-dsb:
 p0:x4=1  : 500000
Observation CoWinvT1+dsb-tlbi-dsb.errata: 0 (of 500000)
P0			P1			P2			P3			

Test CoWT+dsb-isb:
 p0:x2=2  : 131227
 p0:x2=1  : 368773 *
Observation CoWT+dsb-isb.errata: 368773 (of 500000)
P0			P1			P2			P3			

Test CoTR:
 p1:x0=0  p1:x2=0  : 392326
 p1:x0=1  p1:x2=0  : 26170 *
 p1:x0=0  p1:x2=1  : 61698
 p1:x0=1  p1:x2=1  : 19806
Observation CoTR.errata: 26170 (of 500000)
P0			P1			P2			P3			

Test CoTR.inv:
 p1:x0=0  p1:x2=1  : 120391
 p1:x0=1  p1:x2=1  : 344324
 p1:x0=1  p1:x2=0  : 30428 *
 p1:x0=0  p1:x2=0  : 4857
Observation CoTR.inv.errata: 30428 (of 500000)
P0			P1			P2			P3			

Test CoTR.inv+dsb-isb:
 p1:x0=1  p1:x2=1  : 367557
 p1:x0=0  p1:x2=1  : 128693
 p1:x0=0  p1:x2=0  : 3750
Observation CoTR.inv+dsb-isb.errata: 0 (of 500000)
P0			P1			P2			P3			

Test CoTR+addr:
 p1:x0=1  p1:x2=1  : 92855
 p1:x0=0  p1:x2=1  : 159599
 p1:x0=0  p1:x2=0  : 247546
Observation CoTR+addr.errata: 0 (of 500000)
P0			P1			P2			P3			

Test CoTR+dmb:
 p1:x0=0  p1:x2=0  : 36170
 p1:x0=1  p1:x2=1  : 125414
 p1:x0=0  p1:x2=1  : 338416
Observation CoTR+dmb.errata: 0 (of 500000)
P0			P1			P2			P3			

Test CoTR+dsb:
 p1:x0=1  p1:x2=1  : 80632
 p1:x0=0  p1:x2=0  : 247828
 p1:x0=0  p1:x2=1  : 171540
Observation CoTR+dsb.errata: 0 (of 500000)
P0			P1			P2			P3			

Test CoTR+dsb-isb:
 p1:x0=1  p1:x2=1  : 97346
 p1:x0=1  p1:x2=0  : 2 *
 p1:x0=0  p1:x2=1  : 208814
 p1:x0=0  p1:x2=0  : 193838
Observation CoTR+dsb-isb.errata: 2 (of 500000)
P0			P1			P2			P3			

Test CoTR1.tlbi+dsb-isb:
 p1:x0=1  p1:x2=1  : 496488
 p1:x0=1  p1:x2=0  : 1 *
 p1:x0=0  p1:x2=0  : 3341
 p1:x0=0  p1:x2=1  : 170
Observation CoTR1.tlbi+dsb-isb.errata: 1 (of 500000)
P0			P1			P2			P3			

Test MP.RT+svc-dsb-tlbi-dsb+dsb-isb:
 p1:x0=0  p1:x2=1  : 111063
 p1:x0=0  p1:x2=0  : 386292
 p1:x0=1  p1:x2=1  : 2645
Observation MP.RT+svc-dsb-tlbi-dsb+dsb-isb.errata: 0 (of 500000)
P0			P1			P2			P3			

Test MP.RT1+dsb-tlbi-dsb+dsb-isb:
 p1:x0=0  p1:x2=1  : 77245
 p1:x0=0  p1:x2=0  : 419852
 p1:x0=1  p1:x2=1  : 2903
Observation MP.RT1+dsb-tlbi-dsb+dsb-isb.errata: 0 (of 500000)
P0			P1			P2			P3			

Test MP+dmb+eret:
 p1:x0=1  p1:x2=1  : 183035
 p1:x0=0  p1:x2=0  : 189009
 p1:x0=0  p1:x2=1  : 127956
Observation MP+dmb+eret.errata: 0 (of 500000)
P0			P1			P2			P3			

Test MP+dmb+svc:
 p1:x0=0  p1:x2=1  : 223506
 p1:x0=0  p1:x2=0  : 177272
 p1:x0=1  p1:x2=1  : 99222
Observation MP+dmb+svc.errata: 0 (of 500000)
P0			P1			P2			P3			

Test MP.RT.inv+dmb+addr:
 p1:x0=0  p1:x2=0  : 261405
 p1:x0=0  p1:x2=1  : 172948
 p1:x0=1  p1:x2=0  : 65647
Observation MP.RT.inv+dmb+addr.errata.errata: 0 (of 500000)
P0			P1			P2			P3			

Test WRC.TRR+addr+dmb:
 p1:x0=0  p2:x0=1  p2:x2=1  : 146957
 p1:x0=0  p2:x0=0  p2:x2=1  : 268856
 p1:x0=1  p2:x0=0  p2:x2=1  : 80442
 p1:x0=1  p2:x0=1  p2:x2=1  : 3745
Observation WRC.TRR+addr+dmb.errata: 0 (of 500000)
P0			P1			P2			P3			

Test WRC.TRR.inv+addrs:
 p1:x0=0  p2:x0=0  p2:x2=1  : 229151
 p1:x0=1  p2:x0=0  p2:x2=1  : 165802
 p1:x0=1  p2:x0=1  p2:x2=1  : 32147
 p1:x0=0  p2:x0=1  p2:x2=1  : 72900
Observation WRC.TRR.inv+addrs.errata: 0 (of 500000)
P0			P1			P2			P3			

Test WRC.TRT+addr+dmb:
 p1:x0=1  p2:x0=0  p2:x2=0  : 67733
 p1:x0=0  p2:x0=0  p2:x2=0  : 223717
 p1:x0=0  p2:x0=1  p2:x2=0  : 88731
 p1:x0=0  p2:x0=1  p2:x2=1  : 50950
 p1:x0=0  p2:x0=0  p2:x2=1  : 41955
 p1:x0=1  p2:x0=0  p2:x2=1  : 22363
 p1:x0=1  p2:x0=1  p2:x2=1  : 2090
 p1:x0=1  p2:x0=1  p2:x2=0  : 2461 *
Observation WRC.TRT+addr+dmb.errata: 2461 (of 500000)
P0			P1			P2			P3			

Test WRC.TRT+dmbs:
 p1:x0=0  p2:x0=0  p2:x2=0  : 213532
 p1:x0=0  p2:x0=1  p2:x2=0  : 108750
 p1:x0=0  p2:x0=0  p2:x2=1  : 32579
 p1:x0=1  p2:x0=1  p2:x2=1  : 7066
 p1:x0=1  p2:x0=0  p2:x2=0  : 74578
 p1:x0=0  p2:x0=1  p2:x2=1  : 44358
 p1:x0=1  p2:x0=1  p2:x2=0  : 4062 *
 p1:x0=1  p2:x0=0  p2:x2=1  : 15075
Observation WRC.TRT+dmbs.errata: 4062 (of 500000)
P0			P1			P2			P3			

Test WRC.TRT+dsb-isbs:
 p1:x0=0  p2:x0=0  p2:x2=0  : 232772
 p1:x0=0  p2:x0=1  p2:x2=0  : 91159
 p1:x0=1  p2:x0=0  p2:x2=0  : 72050
 p1:x0=0  p2:x0=0  p2:x2=1  : 36616
 p1:x0=0  p2:x0=1  p2:x2=1  : 43208
 p1:x0=1  p2:x0=0  p2:x2=1  : 15071
 p1:x0=1  p2:x0=1  p2:x2=0  : 2654 *
 p1:x0=1  p2:x0=1  p2:x2=1  : 6470
Observation WRC.TRT+dsb-isbs.errata: 2654 (of 500000)
P0			P1			P2			P3			

Test WRC.TRT.inv+dsb-isbs:
 p1:x0=0  p2:x0=0  p2:x2=0  : 252025
 p1:x0=1  p2:x0=0  p2:x2=0  : 228509
 p1:x0=1  p2:x0=0  p2:x2=1  : 13499
 p1:x0=0  p2:x0=0  p2:x2=1  : 2050
 p1:x0=0  p2:x0=1  p2:x2=0  : 2626
 p1:x0=1  p2:x0=1  p2:x2=0  : 1266
 p1:x0=1  p2:x0=1  p2:x2=1  : 25
Observation WRC.TRT.inv+dsb-isbs.errata: 0 (of 500000)
P0			P1			P2			P3			

Test WRC.TRT1.broken+dsb-tlbiis-dsb+dmb:
 p1:x0=1  p2:x0=0  p2:x2=1  : 69473
 p1:x0=0  p2:x0=0  p2:x2=0  : 195359
 p1:x0=0  p2:x0=0  p2:x2=1  : 101023
 p1:x0=1  p2:x0=0  p2:x2=0  : 129892
 p1:x0=0  p2:x0=1  p2:x2=0  : 37
 p1:x0=1  p2:x0=1  p2:x2=1  : 1668
 p1:x0=0  p2:x0=1  p2:x2=1  : 2548
Observation WRC.TRT1.broken+dsb-tlbiis-dsb+dmb.errata: 0 (of 500000)
P0			P1			P2			P3			

Test WRC.TRT.inv+po+dmb:
 p1:x0=0  p2:x0=0  p2:x2=0  : 261572
 p1:x0=1  p2:x0=0  p2:x2=0  : 187601
 p1:x0=0  p2:x0=1  p2:x2=0  : 9549
 p1:x0=1  p2:x0=0  p2:x2=1  : 28825
 p1:x0=1  p2:x0=1  p2:x2=0  : 1875
 p1:x0=0  p2:x0=0  p2:x2=1  : 10496
 p1:x0=1  p2:x0=1  p2:x2=1  : 82
Observation WRC.TRT.inv+po+dmb.errata: 0 (of 500000)
P0			P1			P2			P3			

Test WRC.TRT.inv+po+addr:
 p1:x0=1  p2:x0=0  p2:x2=0  : 65900
 p1:x0=0  p2:x0=1  p2:x2=0  : 32228
 p1:x0=0  p2:x0=0  p2:x2=0  : 386775
 p1:x0=0  p2:x0=0  p2:x2=1  : 4613
 p1:x0=1  p2:x0=0  p2:x2=1  : 9198
 p1:x0=1  p2:x0=1  p2:x2=0  : 1246
 p1:x0=1  p2:x0=1  p2:x2=1  : 40
Observation WRC.TRT.inv+po+addr.errata: 0 (of 500000)
P0			P1			P2			P3			

Test ISA2.TRR+dmb+po+dmb:
 p1:x0=0  p2:x0=1  p2:x2=1  : 111319
 p1:x0=0  p2:x0=0  p2:x2=0  : 228771
 p1:x0=0  p2:x0=0  p2:x2=1  : 124099
 p1:x0=0  p2:x0=1  p2:x2=0  : 35811
Observation ISA2.TRR+dmb+po+dmb.errata: 0 (of 500000)
[run took 10955 seconds]
[avg 8279 seconds]
