++ echo Starting bin/litmus.exe
Starting bin/litmus.exe
+++ mktemp
++ tmp=/tmp/tmp.rtAyxFAyoY
++ base64 -d
++ zcat
++ qemu-system-aarch64 -nodefaults -machine virt,accel=kvm,gic-version=host -cpu host -device virtio-serial-device -device virtconsole -display none -serial stdio -kernel /tmp/tmp.rtAyxFAyoY -smp 4 -append '@all -n500000 --pgtable'
P0			P1			P2			P3			

Test MP+pos:
 p1:x0=1  p1:x2=1  : 228960
 p1:x0=0  p1:x2=1  : 65636
 p1:x0=0  p1:x2=0  : 193970
 p1:x0=1  p1:x2=0  : 11434 *
Observation MP+pos.errata: 11434 (of 500000)
P0			P1			P2			P3			

Test MP+dmbs:
 p1:x0=0  p1:x2=0  : 182251
 p1:x0=1  p1:x2=1  : 235905
 p1:x0=0  p1:x2=1  : 81844
Observation MP+dmbs.errata: 0 (of 500000)
P0			P1			P2			P3			

Test SB+pos:
 p0:x2=0  p1:x2=1  : 250099
 p0:x2=1  p1:x2=0  : 188589
 p0:x2=1  p1:x2=1  : 31988
 p0:x2=0  p1:x2=0  : 29324 *
Observation SB+pos.errata: 29324 (of 500000)
P0			P1			P2			P3			

Test SB+dmbs:
 p0:x2=0  p1:x2=1  : 254618
 p0:x2=1  p1:x2=0  : 186622
 p0:x2=1  p1:x2=1  : 58760
Observation SB+dmbs.errata: 0 (of 500000)
P0			P1			P2			P3			

Test WRC+pos:
 p1:x0=1  p2:x0=0  p2:x2=0  : 91122
 p1:x0=0  p2:x0=1  p2:x2=1  : 58258
 p1:x0=1  p2:x0=1  p2:x2=1  : 52032
 p1:x0=0  p2:x0=1  p2:x2=0  : 85988
 p1:x0=1  p2:x0=0  p2:x2=1  : 71726
 p1:x0=0  p2:x0=0  p2:x2=0  : 123046
 p1:x0=0  p2:x0=0  p2:x2=1  : 15353
 p1:x0=1  p2:x0=1  p2:x2=0  : 2475 *
Observation WRC+pos.errata: 2475 (of 500000)
P0			P1			P2			P3			

Test WRC+addrs:
 p1:x0=0  p2:x0=1  p2:x2=1  : 77501
 p1:x0=0  p2:x0=0  p2:x2=0  : 87359
 p1:x0=0  p2:x0=1  p2:x2=0  : 35004
 p1:x0=1  p2:x0=0  p2:x2=1  : 145377
 p1:x0=1  p2:x0=0  p2:x2=0  : 60622
 p1:x0=1  p2:x0=1  p2:x2=1  : 51725
 p1:x0=0  p2:x0=0  p2:x2=1  : 42412
Observation WRC+addrs.errata: 0 (of 500000)
P0			P1			P2			P3			

Test MP+dmb+svc:
 p1:x0=1  p1:x2=1  : 278019
 p1:x0=0  p1:x2=0  : 113289
 p1:x0=0  p1:x2=1  : 108692
Observation MP+dmb+svc.errata: 0 (of 500000)
P0			P1			P2			P3			

Test MP+dmb+eret:
 p1:x0=1  p1:x2=1  : 316527
 p1:x0=0  p1:x2=0  : 117826
 p1:x0=0  p1:x2=1  : 65647
Observation MP+dmb+eret.errata: 0 (of 500000)
P0			P1			P2			P3			

Test WRC.AT+ctrl+dsb:
 p1:x2=0  p2:x0=1  p2:x2=0  : 14022 *
 p1:x2=0  p2:x0=1  p2:x2=1  : 32421
 p1:x2=1  p2:x0=1  p2:x2=0  : 129693
 p1:x2=0  p2:x0=0  p2:x2=0  : 63690
 p1:x2=1  p2:x0=0  p2:x2=0  : 145928
 p1:x2=1  p2:x0=1  p2:x2=1  : 62333
 p1:x2=1  p2:x0=0  p2:x2=1  : 15075
 p1:x2=0  p2:x0=0  p2:x2=1  : 36838
Observation WRC.AT+ctrl+dsb.errata: 14022 (of 500000)
P0			P1			P2			P3			

Test CoWT1+dsb-tlbi-dsb:
 p0:x2=2  : 500000
Observation CoWT1+dsb-tlbi-dsb.errata: 0 (of 500000)
P0			P1			P2			P3			

Test CoWT+dsb-svc-tlbi-dsb:
 p0:x2=2  : 500000
Observation CoWT+dsb-svc-tlbi-dsb.errata: 0 (of 500000)
P0			P1			P2			P3			

Test MP.RT+svc-dsb-tlbiis-dsb+dsb-isb:
 p1:x0=0  p1:x2=0  : 338740
 p1:x0=1  p1:x2=1  : 56114
 p1:x0=0  p1:x2=1  : 105146
Observation MP.RT+svc-dsb-tlbiis-dsb+dsb-isb.errata: 0 (of 500000)
P0			P1			P2			P3			

Test MP.RT1+dsb-tlbiis-dsb+dsb-isb:
 p1:x0=1  p1:x2=1  : 119457
 p1:x0=0  p1:x2=0  : 283372
 p1:x0=0  p1:x2=1  : 97170
 p1:x0=1  p1:x2=0  : 1 *
Observation MP.RT1+dsb-tlbiis-dsb+dsb-isb.errata: 1 (of 500000)
P0			P1			P2			P3			

Test MP.RT1+dsb-tlbiall-dsb+dsb-isb:
 p1:x0=0  p1:x2=0  : 226013
 p1:x0=1  p1:x2=1  : 98278
 p1:x0=0  p1:x2=1  : 175708
 p1:x0=1  p1:x2=0  : 1 *
Observation MP.RT1+dsb-tlbiall-dsb+dsb-isb.errata: 1 (of 500000)
P0			P1			P2			P3			

Test MP.RT1+dsb-tlbiis-dsb-tlbiis-dsb+dsb-isb:
 p1:x0=0  p1:x2=0  : 282608
 p1:x0=1  p1:x2=1  : 99073
 p1:x0=0  p1:x2=1  : 118319
Observation MP.RT1+dsb-tlbiis-dsb-tlbiis-dsb+dsb-isb.errata: 0 (of 500000)
P0			P1			P2			P3			

Test CoWT.inv+dsb:
 p0:x4=0  : 500000
Observation CoWT.inv+dsb.errata.errata: 0 (of 500000)
P0			P1			P2			P3			

Test CoWT+dsb:
 p0:x2=2  : 229849
 p0:x2=1  : 270151 *
Observation CoWT+dsb.errata: 270151 (of 500000)
P0			P1			P2			P3			

Test CoWT:
 p0:x2=2  : 216487
 p0:x2=1  : 283513 *
Observation CoWT.errata: 283513 (of 500000)
P0			P1			P2			P3			

Test CoWT.inv:
 p0:x4=0  : 499984
 p0:x4=1  : 16 *
Observation CoWT.inv.errata: 16 (of 500000)
P0			P1			P2			P3			

Test CoWinvT:
 p0:x4=0  : 274177 *
 p0:x4=1  : 225823
Observation CoWinvT.errata: 274177 (of 500000)
P0			P1			P2			P3			

Test CoWinvT1+dsb-tlbi-dsb:
 p0:x4=1  : 500000
Observation CoWinvT1+dsb-tlbi-dsb.errata: 0 (of 500000)
P0			P1			P2			P3			

Test CoWT+dsb-isb:
 p0:x2=2  : 236812
 p0:x2=1  : 263188 *
Observation CoWT+dsb-isb.errata: 263188 (of 500000)
P0			P1			P2			P3			

Test CoTR:
 p1:x0=0  p1:x2=0  : 243230
 p1:x0=1  p1:x2=1  : 126178
 p1:x0=0  p1:x2=1  : 63238
 p1:x0=1  p1:x2=0  : 67354 *
Observation CoTR.errata: 67354 (of 500000)
P0			P1			P2			P3			

Test CoTR.inv:
 p1:x0=1  p1:x2=1  : 340755
 p1:x0=1  p1:x2=0  : 62810 *
 p1:x0=0  p1:x2=1  : 9583
 p1:x0=0  p1:x2=0  : 86852
Observation CoTR.inv.errata: 62810 (of 500000)
P0			P1			P2			P3			

Test CoTR.inv+dsb-isb:
 p1:x0=1  p1:x2=1  : 410764
 p1:x0=0  p1:x2=1  : 12191
 p1:x0=0  p1:x2=0  : 77045
Observation CoTR.inv+dsb-isb.errata: 0 (of 500000)
P0			P1			P2			P3			

Test CoTR+addr:
 p1:x0=0  p1:x2=0  : 229560
 p1:x0=0  p1:x2=1  : 70462
 p1:x0=1  p1:x2=1  : 199978
Observation CoTR+addr.errata: 0 (of 500000)
P0			P1			P2			P3			

Test CoTR+dmb:
 p1:x0=0  p1:x2=1  : 68107
 p1:x0=0  p1:x2=0  : 238972
 p1:x0=1  p1:x2=1  : 192921
Observation CoTR+dmb.errata: 0 (of 500000)
P0			P1			P2			P3			

Test CoTR+dsb:
 p1:x0=0  p1:x2=0  : 208900
 p1:x0=0  p1:x2=1  : 98316
 p1:x0=1  p1:x2=1  : 192783
 p1:x0=1  p1:x2=0  : 1 *
Observation CoTR+dsb.errata: 1 (of 500000)
P0			P1			P2			P3			
./litmus_cron.sh: line 20:  8347 Killed                  ./litmus.$YYYY-$ddd.exe @all -n500000 --pgtable
real 45361.03
user 0.02
sys 0.02
qemu-system-aarch64: terminating on signal 15 from pid 10491 (killall)
