++ echo Starting bin/host_litmus.exe
Starting bin/host_litmus.exe
+++ mktemp
++ tmp=/tmp/tmp.HCHUMPyaoY
++ base64 -d
++ zcat
++ qemu-system-aarch64 -nodefaults -machine virt,gic-version=host --enable-kvm -cpu host -device virtio-serial-device -device virtconsole -display none -serial stdio -kernel /tmp/tmp.HCHUMPyaoY -smp 4 -append 'WRC.TRT1+dsb-tlbiis-dsb+* WRC.TRT.inv+addrs -p -n500000'
P0			P1			P2			P3			

Test WRC.TRT1+dsb-tlbiis-dsb+dmb:
 p1:x0=1  p2:x0=0  p2:x2=0  : 99596
 p1:x0=0  p2:x0=0  p2:x2=0  : 198193
 p1:x0=1  p2:x0=0  p2:x2=1  : 58964
 p1:x0=0  p2:x0=0  p2:x2=1  : 138092
 p1:x0=0  p2:x0=1  p2:x2=1  : 3125
 p1:x0=1  p2:x0=1  p2:x2=1  : 1972
 p1:x0=0  p2:x0=1  p2:x2=0  : 58
Observation WRC.TRT1+dsb-tlbiis-dsb+dmb.errata: 0 (of 500000)
P0			P1			P2			P3			

Test WRC.TRT1+dsb-tlbiis-dsb+dsb-isb:
 p1:x0=1  p2:x0=0  p2:x2=0  : 107713
 p1:x0=0  p2:x0=0  p2:x2=1  : 132656
 p1:x0=1  p2:x0=0  p2:x2=1  : 60813
 p1:x0=0  p2:x0=0  p2:x2=0  : 193341
 p1:x0=1  p2:x0=1  p2:x2=1  : 2094
 p1:x0=0  p2:x0=1  p2:x2=0  : 60
 p1:x0=0  p2:x0=1  p2:x2=1  : 3323
Observation WRC.TRT1+dsb-tlbiis-dsb+dsb-isb.errata: 0 (of 500000)
P0			P1			P2			P3			

Test WRC.TRT.inv+addrs:
 p1:x0=0  p2:x0=1  p2:x2=1  : 874
 p1:x0=0  p2:x0=0  p2:x2=0  : 10621
 p1:x0=1  p2:x0=0  p2:x2=1  : 357099
 p1:x0=0  p2:x0=0  p2:x2=1  : 121684
 p1:x0=1  p2:x0=0  p2:x2=0  : 6299
 p1:x0=1  p2:x0=1  p2:x2=1  : 3335
 p1:x0=0  p2:x0=1  p2:x2=0  : 88
Observation WRC.TRT.inv+addrs.errata: 0 (of 500000)
1/100
++ echo Starting bin/host_litmus.exe
Starting bin/host_litmus.exe
+++ mktemp
++ tmp=/tmp/tmp.ECwVIogF6W
++ base64 -d
++ zcat
++ qemu-system-aarch64 -nodefaults -machine virt,gic-version=host --enable-kvm -cpu host -device virtio-serial-device -device virtconsole -display none -serial stdio -kernel /tmp/tmp.ECwVIogF6W -smp 4 -append 'WRC.TRT1+dsb-tlbiis-dsb+* WRC.TRT.inv+addrs -p -n500000'
P0			P1			P2			P3			

Test WRC.TRT1+dsb-tlbiis-dsb+dmb:
 p1:x0=0  p2:x0=0  p2:x2=0  : 177237
 p1:x0=0  p2:x0=0  p2:x2=1  : 151678
 p1:x0=1  p2:x0=0  p2:x2=1  : 68655
 p1:x0=1  p2:x0=0  p2:x2=0  : 97845
 p1:x0=1  p2:x0=1  p2:x2=1  : 1781
 p1:x0=0  p2:x0=1  p2:x2=1  : 2748
 p1:x0=0  p2:x0=1  p2:x2=0  : 56
Observation WRC.TRT1+dsb-tlbiis-dsb+dmb.errata: 0 (of 500000)
P0			P1			P2			P3			

Test WRC.TRT1+dsb-tlbiis-dsb+dsb-isb:
 p1:x0=0  p2:x0=0  p2:x2=0  : 184178
 p1:x0=1  p2:x0=0  p2:x2=0  : 108968
 p1:x0=0  p2:x0=0  p2:x2=1  : 134983
 p1:x0=1  p2:x0=0  p2:x2=1  : 65765
 p1:x0=0  p2:x0=1  p2:x2=1  : 3887
 p1:x0=0  p2:x0=1  p2:x2=0  : 60
 p1:x0=1  p2:x0=1  p2:x2=1  : 2159
Observation WRC.TRT1+dsb-tlbiis-dsb+dsb-isb.errata: 0 (of 500000)
P0			P1			P2			P3			

Test WRC.TRT.inv+addrs:
 p1:x0=0  p2:x0=0  p2:x2=0  : 9764
 p1:x0=0  p2:x0=1  p2:x2=1  : 928
 p1:x0=1  p2:x0=0  p2:x2=1  : 345204
 p1:x0=0  p2:x0=0  p2:x2=1  : 135282
 p1:x0=1  p2:x0=1  p2:x2=1  : 3810
 p1:x0=1  p2:x0=0  p2:x2=0  : 4916
 p1:x0=0  p2:x0=1  p2:x2=0  : 96
Observation WRC.TRT.inv+addrs.errata: 0 (of 500000)
2/100
++ echo Starting bin/host_litmus.exe
Starting bin/host_litmus.exe
+++ mktemp
++ tmp=/tmp/tmp.e5loljwl47
++ base64 -d
++ zcat
++ qemu-system-aarch64 -nodefaults -machine virt,gic-version=host --enable-kvm -cpu host -device virtio-serial-device -device virtconsole -display none -serial stdio -kernel /tmp/tmp.e5loljwl47 -smp 4 -append 'WRC.TRT1+dsb-tlbiis-dsb+* WRC.TRT.inv+addrs -p -n500000'
P0			P1			P2			P3			

Test WRC.TRT1+dsb-tlbiis-dsb+dmb:
 p1:x0=1  p2:x0=0  p2:x2=0  : 96932
 p1:x0=0  p2:x0=0  p2:x2=1  : 150690
 p1:x0=1  p2:x0=0  p2:x2=1  : 64027
 p1:x0=0  p2:x0=0  p2:x2=0  : 182541
 p1:x0=0  p2:x0=1  p2:x2=1  : 3730
 p1:x0=1  p2:x0=1  p2:x2=1  : 2045
 p1:x0=0  p2:x0=1  p2:x2=0  : 35
Observation WRC.TRT1+dsb-tlbiis-dsb+dmb.errata: 0 (of 500000)
P0			P1			P2			P3			

Test WRC.TRT1+dsb-tlbiis-dsb+dsb-isb:
 p1:x0=0  p2:x0=1  p2:x2=0  : 53
 p1:x0=0  p2:x0=1  p2:x2=1  : 2764
 p1:x0=1  p2:x0=1  p2:x2=1  : 1714
 p1:x0=1  p2:x0=0  p2:x2=0  : 103201
 p1:x0=0  p2:x0=0  p2:x2=0  : 187206
 p1:x0=1  p2:x0=0  p2:x2=1  : 63044
 p1:x0=0  p2:x0=0  p2:x2=1  : 142018
Observation WRC.TRT1+dsb-tlbiis-dsb+dsb-isb.errata: 0 (of 500000)
P0			P1			P2			P3			
++ echo Starting bin/host_litmus.exe
Starting bin/host_litmus.exe
+++ mktemp
++ tmp=/tmp/tmp.tSmAuDfFxF
++ base64 -d
++ zcat
++ qemu-system-aarch64 -nodefaults -machine virt,gic-version=host --enable-kvm -cpu host -device virtio-serial-device -device virtconsole -display none -serial stdio -kernel /tmp/tmp.tSmAuDfFxF -smp 4 -append 'WRC.TRT1+dsb-tlbiis-dsb+* WRC.TRT.inv+addrs CoTR1+dsb-tlbi-dsb-isb LB+pos -p -n500000'
P0			P1			P2			P3			

Test WRC.TRT1+dsb-tlbiis-dsb+dmb:
 p1:x0=0  p2:x0=0  p2:x2=1  : 146686
 p1:x0=0  p2:x0=0  p2:x2=0  : 174516
 p1:x0=1  p2:x0=0  p2:x2=0  : 102294
 p1:x0=1  p2:x0=0  p2:x2=1  : 71212
 p1:x0=0  p2:x0=1  p2:x2=1  : 3336
 p1:x0=1  p2:x0=1  p2:x2=1  : 1907
 p1:x0=0  p2:x0=1  p2:x2=0  : 49
Observation WRC.TRT1+dsb-tlbiis-dsb+dmb.errata: 0 (of 500000)
P0			P1			P2			P3			

Test WRC.TRT1+dsb-tlbiis-dsb+dsb-isb:
 p1:x0=0  p2:x0=1  p2:x2=0  : 49
 p1:x0=0  p2:x0=0  p2:x2=0  : 172957
 p1:x0=1  p2:x0=0  p2:x2=1  : 70207
 p1:x0=1  p2:x0=0  p2:x2=0  : 109089
 p1:x0=0  p2:x0=0  p2:x2=1  : 142260
 p1:x0=0  p2:x0=1  p2:x2=1  : 3245
 p1:x0=1  p2:x0=1  p2:x2=1  : 2193
Observation WRC.TRT1+dsb-tlbiis-dsb+dsb-isb.errata: 0 (of 500000)
P0			P1			P2			P3			

Test WRC.TRT.inv+addrs:
 p1:x0=1  p2:x0=1  p2:x2=1  : 6243
 p1:x0=1  p2:x0=0  p2:x2=1  : 367031
 p1:x0=0  p2:x0=0  p2:x2=1  : 110605
 p1:x0=0  p2:x0=0  p2:x2=0  : 9275
 p1:x0=1  p2:x0=0  p2:x2=0  : 4483
 p1:x0=0  p2:x0=1  p2:x2=1  : 2161
 p1:x0=0  p2:x0=1  p2:x2=0  : 202
Observation WRC.TRT.inv+addrs.errata: 0 (of 500000)
P0			P1			P2			P3			

Test CoTR1+dsb-tlbi-dsb-isb:
 p1:x0=1  p1:x2=0  : 3 *
 p1:x0=1  p1:x2=1  : 225381
 p1:x0=0  p1:x2=1  : 270880
 p1:x0=0  p1:x2=0  : 3736
Observation CoTR1+dsb-tlbi-dsb-isb.errata: 3 (of 500000)
P0			P1			P2			P3			

Test LB+pos:
 p0:x2=0  p1:x2=1  : 218840
 p0:x2=0  p1:x2=0  : 197080
 p0:x2=1  p1:x2=0  : 84080
Observation LB+pos.errata: 0 (of 500000)
1/100
++ echo Starting bin/host_litmus.exe
Starting bin/host_litmus.exe
+++ mktemp
++ tmp=/tmp/tmp.JHhtXxPDFT
++ base64 -d
++ zcat
++ qemu-system-aarch64 -nodefaults -machine virt,gic-version=host --enable-kvm -cpu host -device virtio-serial-device -device virtconsole -display none -serial stdio -kernel /tmp/tmp.JHhtXxPDFT -smp 4 -append 'WRC.TRT1+dsb-tlbiis-dsb+* WRC.TRT.inv+addrs CoTR1+dsb-tlbi-dsb-isb LB+pos -p -n500000'
P0			P1			P2			P3			

Test WRC.TRT1+dsb-tlbiis-dsb+dmb:
 p1:x0=1  p2:x0=1  p2:x2=1  : 2588
 p1:x0=1  p2:x0=0  p2:x2=0  : 103304
 p1:x0=1  p2:x0=0  p2:x2=1  : 61681
 p1:x0=0  p2:x0=0  p2:x2=1  : 138243
 p1:x0=0  p2:x0=0  p2:x2=0  : 189960
 p1:x0=0  p2:x0=1  p2:x2=0  : 37
 p1:x0=0  p2:x0=1  p2:x2=1  : 4187
Observation WRC.TRT1+dsb-tlbiis-dsb+dmb.errata: 0 (of 500000)
P0			P1			P2			P3			

Test WRC.TRT1+dsb-tlbiis-dsb+dsb-isb:
 p1:x0=0  p2:x0=1  p2:x2=0  : 27
 p1:x0=0  p2:x0=0  p2:x2=0  : 195842
 p1:x0=1  p2:x0=0  p2:x2=1  : 58289
 p1:x0=1  p2:x0=0  p2:x2=0  : 102172
 p1:x0=0  p2:x0=0  p2:x2=1  : 137556
 p1:x0=0  p2:x0=1  p2:x2=1  : 3730
 p1:x0=1  p2:x0=1  p2:x2=1  : 2384
Observation WRC.TRT1+dsb-tlbiis-dsb+dsb-isb.errata: 0 (of 500000)
P0			P1			P2			P3			

Test WRC.TRT.inv+addrs:
 p1:x0=1  p2:x0=0  p2:x2=1  : 364269
 p1:x0=1  p2:x0=1  p2:x2=1  : 4805
 p1:x0=0  p2:x0=0  p2:x2=1  : 116259
 p1:x0=1  p2:x0=0  p2:x2=0  : 5017
 p1:x0=0  p2:x0=0  p2:x2=0  : 8628
 p1:x0=0  p2:x0=1  p2:x2=1  : 947
 p1:x0=0  p2:x0=1  p2:x2=0  : 75
Observation WRC.TRT.inv+addrs.errata: 0 (of 500000)
P0			P1			P2			P3			

Test CoTR1+dsb-tlbi-dsb-isb:
 p1:x0=0  p1:x2=0  : 5692
 p1:x0=1  p1:x2=0  : 1 *
 p1:x0=0  p1:x2=1  : 271458
 p1:x0=1  p1:x2=1  : 222849
Observation CoTR1+dsb-tlbi-dsb-isb.errata: 1 (of 500000)
P0			P1			P2			P3			

Test LB+pos:
 p0:x2=0  p1:x2=1  : 230841
 p0:x2=0  p1:x2=0  : 189610
 p0:x2=1  p1:x2=0  : 79549
Observation LB+pos.errata: 0 (of 500000)
2/100
++ echo Starting bin/host_litmus.exe
Starting bin/host_litmus.exe
+++ mktemp
++ tmp=/tmp/tmp.praJLpWfnp
++ base64 -d
++ zcat
++ qemu-system-aarch64 -nodefaults -machine virt,gic-version=host --enable-kvm -cpu host -device virtio-serial-device -device virtconsole -display none -serial stdio -kernel /tmp/tmp.praJLpWfnp -smp 4 -append 'WRC.TRT1+dsb-tlbiis-dsb+* WRC.TRT.inv+addrs CoTR1+dsb-tlbi-dsb-isb LB+pos -p -n500000'
P0			P1			P2			P3			

Test WRC.TRT1+dsb-tlbiis-dsb+dmb:
 p1:x0=1  p2:x0=0  p2:x2=1  : 58798
 p1:x0=1  p2:x0=0  p2:x2=0  : 95076
 p1:x0=0  p2:x0=0  p2:x2=1  : 141982
 p1:x0=0  p2:x0=0  p2:x2=0  : 197782
 p1:x0=0  p2:x0=1  p2:x2=0  : 54
 p1:x0=0  p2:x0=1  p2:x2=1  : 4026
 p1:x0=1  p2:x0=1  p2:x2=1  : 2282
Observation WRC.TRT1+dsb-tlbiis-dsb+dmb.errata: 0 (of 500000)
P0			P1			P2			P3			

Test WRC.TRT1+dsb-tlbiis-dsb+dsb-isb:
 p1:x0=0  p2:x0=0  p2:x2=0  : 198026
 p1:x0=0  p2:x0=0  p2:x2=1  : 129322
 p1:x0=1  p2:x0=0  p2:x2=1  : 60176
 p1:x0=1  p2:x0=0  p2:x2=0  : 107304
 p1:x0=0  p2:x0=1  p2:x2=1  : 3144
 p1:x0=1  p2:x0=1  p2:x2=1  : 1978
 p1:x0=0  p2:x0=1  p2:x2=0  : 50
Observation WRC.TRT1+dsb-tlbiis-dsb+dsb-isb.errata: 0 (of 500000)
P0			P1			P2			P3			

Test WRC.TRT.inv+addrs:
 p1:x0=1  p2:x0=1  p2:x2=1  : 4592
 p1:x0=0  p2:x0=0  p2:x2=1  : 127469
 p1:x0=1  p2:x0=0  p2:x2=1  : 351980
 p1:x0=1  p2:x0=0  p2:x2=0  : 5020
 p1:x0=0  p2:x0=1  p2:x2=1  : 831
 p1:x0=0  p2:x0=0  p2:x2=0  : 10019
 p1:x0=0  p2:x0=1  p2:x2=0  : 89
Observation WRC.TRT.inv+addrs.errata: 0 (of 500000)
P0			P1			P2			P3			

Test CoTR1+dsb-tlbi-dsb-isb:
 p1:x0=0  p1:x2=1  : 270219
 p1:x0=1  p1:x2=1  : 225081
 p1:x0=0  p1:x2=0  : 4700
Observation CoTR1+dsb-tlbi-dsb-isb.errata: 0 (of 500000)
P0			P1			P2			P3			

Test LB+pos:
 p0:x2=1  p1:x2=0  : 85280
 p0:x2=0  p1:x2=0  : 200381
 p0:x2=0  p1:x2=1  : 214339
Observation LB+pos.errata: 0 (of 500000)
3/100
++ echo Starting bin/host_litmus.exe
Starting bin/host_litmus.exe
+++ mktemp
++ tmp=/tmp/tmp.Gaui4yEkAu
++ base64 -d
++ zcat
++ qemu-system-aarch64 -nodefaults -machine virt,gic-version=host --enable-kvm -cpu host -device virtio-serial-device -device virtconsole -display none -serial stdio -kernel /tmp/tmp.Gaui4yEkAu -smp 4 -append 'WRC.TRT1+dsb-tlbiis-dsb+* WRC.TRT.inv+addrs CoTR1+dsb-tlbi-dsb-isb LB+pos -p -n500000'
P0			P1			P2			P3			

Test WRC.TRT1+dsb-tlbiis-dsb+dmb:
 p1:x0=0  p2:x0=1  p2:x2=0  : 61
 p1:x0=1  p2:x0=0  p2:x2=0  : 109320
 p1:x0=0  p2:x0=0  p2:x2=1  : 123227
 p1:x0=0  p2:x0=0  p2:x2=0  : 199706
 p1:x0=1  p2:x0=0  p2:x2=1  : 60984
 p1:x0=0  p2:x0=1  p2:x2=1  : 4265
 p1:x0=1  p2:x0=1  p2:x2=1  : 2437
Observation WRC.TRT1+dsb-tlbiis-dsb+dmb.errata: 0 (of 500000)
P0			P1			P2			P3			

Test WRC.TRT1+dsb-tlbiis-dsb+dsb-isb:
 p1:x0=0  p2:x0=0  p2:x2=0  : 183338
 p1:x0=0  p2:x0=0  p2:x2=1  : 137629
 p1:x0=1  p2:x0=0  p2:x2=1  : 67876
 p1:x0=1  p2:x0=0  p2:x2=0  : 106490
 p1:x0=0  p2:x0=1  p2:x2=1  : 2813
 p1:x0=1  p2:x0=1  p2:x2=1  : 1801
 p1:x0=0  p2:x0=1  p2:x2=0  : 53
Observation WRC.TRT1+dsb-tlbiis-dsb+dsb-isb.errata: 0 (of 500000)
P0			P1			P2			P3			

Test WRC.TRT.inv+addrs:
 p1:x0=1  p2:x0=1  p2:x2=1  : 4713
 p1:x0=0  p2:x0=0  p2:x2=1  : 118387
 p1:x0=1  p2:x0=0  p2:x2=0  : 3846
 p1:x0=1  p2:x0=0  p2:x2=1  : 361703
 p1:x0=0  p2:x0=0  p2:x2=0  : 10045
 p1:x0=0  p2:x0=1  p2:x2=0  : 110
 p1:x0=0  p2:x0=1  p2:x2=1  : 1196
Observation WRC.TRT.inv+addrs.errata: 0 (of 500000)
P0			P1			P2			P3			

Test CoTR1+dsb-tlbi-dsb-isb:
 p1:x0=1  p1:x2=0  : 3 *
 p1:x0=0  p1:x2=1  : 269894
 p1:x0=1  p1:x2=1  : 223440
 p1:x0=0  p1:x2=0  : 6663
Observation CoTR1+dsb-tlbi-dsb-isb.errata: 3 (of 500000)
P0			P1			P2			P3			

Test LB+pos:
 p0:x2=1  p1:x2=0  : 86587
 p0:x2=0  p1:x2=1  : 218001
 p0:x2=0  p1:x2=0  : 195412
Observation LB+pos.errata: 0 (of 500000)
4/100
++ echo Starting bin/host_litmus.exe
Starting bin/host_litmus.exe
+++ mktemp
++ tmp=/tmp/tmp.OGvwebXt3L
++ base64 -d
++ zcat
++ qemu-system-aarch64 -nodefaults -machine virt,gic-version=host --enable-kvm -cpu host -device virtio-serial-device -device virtconsole -display none -serial stdio -kernel /tmp/tmp.OGvwebXt3L -smp 4 -append 'WRC.TRT1+dsb-tlbiis-dsb+* WRC.TRT.inv+addrs CoTR1+dsb-tlbi-dsb-isb LB+pos -p -n500000'
P0			P1			P2			P3			

Test WRC.TRT1+dsb-tlbiis-dsb+dmb:
 p1:x0=0  p2:x0=1  p2:x2=0  : 62
 p1:x0=0  p2:x0=0  p2:x2=0  : 188902
 p1:x0=0  p2:x0=0  p2:x2=1  : 135147
 p1:x0=1  p2:x0=0  p2:x2=1  : 65095
 p1:x0=1  p2:x0=0  p2:x2=0  : 104161
 p1:x0=0  p2:x0=1  p2:x2=1  : 4109
 p1:x0=1  p2:x0=1  p2:x2=1  : 2524
Observation WRC.TRT1+dsb-tlbiis-dsb+dmb.errata: 0 (of 500000)
P0			P1			P2			P3			

Test WRC.TRT1+dsb-tlbiis-dsb+dsb-isb:
 p1:x0=0  p2:x0=1  p2:x2=0  : 66
 p1:x0=1  p2:x0=0  p2:x2=0  : 101877
 p1:x0=0  p2:x0=0  p2:x2=1  : 137323
 p1:x0=0  p2:x0=1  p2:x2=1  : 3913
 p1:x0=1  p2:x0=0  p2:x2=1  : 61455
 p1:x0=0  p2:x0=0  p2:x2=0  : 193044
 p1:x0=1  p2:x0=1  p2:x2=1  : 2322
Observation WRC.TRT1+dsb-tlbiis-dsb+dsb-isb.errata: 0 (of 500000)
P0			P1			P2			P3			

Test WRC.TRT.inv+addrs:
 p1:x0=0  p2:x0=0  p2:x2=0  : 8869
 p1:x0=1  p2:x0=0  p2:x2=1  : 318042
 p1:x0=0  p2:x0=0  p2:x2=1  : 164201
 p1:x0=1  p2:x0=0  p2:x2=0  : 2207
 p1:x0=0  p2:x0=1  p2:x2=1  : 1861
 p1:x0=1  p2:x0=1  p2:x2=1  : 4721
 p1:x0=0  p2:x0=1  p2:x2=0  : 99
Observation WRC.TRT.inv+addrs.errata: 0 (of 500000)
P0			P1			P2			P3			

Test CoTR1+dsb-tlbi-dsb-isb:
 p1:x0=1  p1:x2=1  : 222263
 p1:x0=0  p1:x2=1  : 270761
 p1:x0=1  p1:x2=0  : 1 *
 p1:x0=0  p1:x2=0  : 6975
Observation CoTR1+dsb-tlbi-dsb-isb.errata: 1 (of 500000)
P0			P1			P2			P3			

Test LB+pos:
 p0:x2=0  p1:x2=1  : 220605
 p0:x2=0  p1:x2=0  : 196857
 p0:x2=1  p1:x2=0  : 82538
Observation LB+pos.errata: 0 (of 500000)
5/100
++ echo Starting bin/host_litmus.exe
Starting bin/host_litmus.exe
+++ mktemp
++ tmp=/tmp/tmp.gQHN4nNuBi
++ base64 -d
++ zcat
++ qemu-system-aarch64 -nodefaults -machine virt,gic-version=host --enable-kvm -cpu host -device virtio-serial-device -device virtconsole -display none -serial stdio -kernel /tmp/tmp.gQHN4nNuBi -smp 4 -append 'WRC.TRT1+dsb-tlbiis-dsb+* WRC.TRT.inv+addrs CoTR1+dsb-tlbi-dsb-isb LB+pos -p -n500000'
P0			P1			P2			P3			

Test WRC.TRT1+dsb-tlbiis-dsb+dmb:
 p1:x0=0  p2:x0=1  p2:x2=0  : 58
 p1:x0=0  p2:x0=0  p2:x2=1  : 143892
 p1:x0=1  p2:x0=0  p2:x2=0  : 99260
 p1:x0=1  p2:x0=0  p2:x2=1  : 67842
 p1:x0=0  p2:x0=0  p2:x2=0  : 182942
 p1:x0=0  p2:x0=1  p2:x2=1  : 3600
 p1:x0=1  p2:x0=1  p2:x2=1  : 2406
Observation WRC.TRT1+dsb-tlbiis-dsb+dmb.errata: 0 (of 500000)
P0			P1			P2			P3			

Test WRC.TRT1+dsb-tlbiis-dsb+dsb-isb:
 p1:x0=0  p2:x0=0  p2:x2=0  : 182935
 p1:x0=0  p2:x0=0  p2:x2=1  : 136245
 p1:x0=1  p2:x0=0  p2:x2=1  : 66304
 p1:x0=1  p2:x0=0  p2:x2=0  : 109222
 p1:x0=0  p2:x0=1  p2:x2=1  : 3165
 p1:x0=0  p2:x0=1  p2:x2=0  : 55
 p1:x0=1  p2:x0=1  p2:x2=1  : 2074
Observation WRC.TRT1+dsb-tlbiis-dsb+dsb-isb.errata: 0 (of 500000)
P0			P1			P2			P3			

Test WRC.TRT.inv+addrs:
 p1:x0=1  p2:x0=0  p2:x2=1  : 358889
 p1:x0=0  p2:x0=0  p2:x2=1  : 119058
 p1:x0=1  p2:x0=1  p2:x2=1  : 4483
 p1:x0=1  p2:x0=0  p2:x2=0  : 5839
 p1:x0=0  p2:x0=0  p2:x2=0  : 10629
 p1:x0=0  p2:x0=1  p2:x2=1  : 1011
 p1:x0=0  p2:x0=1  p2:x2=0  : 91
Observation WRC.TRT.inv+addrs.errata: 0 (of 500000)
P0			P1			P2			P3			

Test CoTR1+dsb-tlbi-dsb-isb:
 p1:x0=1  p1:x2=0  : 2 *
 p1:x0=0  p1:x2=0  : 5245
 p1:x0=1  p1:x2=1  : 219061
 p1:x0=0  p1:x2=1  : 275692
Observation CoTR1+dsb-tlbi-dsb-isb.errata: 2 (of 500000)
P0			P1			P2			P3			

Test LB+pos:
 p0:x2=1  p1:x2=0  : 85147
 p0:x2=0  p1:x2=0  : 200915
 p0:x2=0  p1:x2=1  : 213938
Observation LB+pos.errata: 0 (of 500000)
6/100
++ echo Starting bin/host_litmus.exe
Starting bin/host_litmus.exe
+++ mktemp
++ tmp=/tmp/tmp.4EyaAM4JoC
++ base64 -d
++ zcat
++ qemu-system-aarch64 -nodefaults -machine virt,gic-version=host --enable-kvm -cpu host -device virtio-serial-device -device virtconsole -display none -serial stdio -kernel /tmp/tmp.4EyaAM4JoC -smp 4 -append 'WRC.TRT1+dsb-tlbiis-dsb+* WRC.TRT.inv+addrs CoTR1+dsb-tlbi-dsb-isb LB+pos -p -n500000'
P0			P1			P2			P3			

Test WRC.TRT1+dsb-tlbiis-dsb+dmb:
 p1:x0=0  p2:x0=1  p2:x2=0  : 56
 p1:x0=0  p2:x0=0  p2:x2=1  : 141490
 p1:x0=1  p2:x0=0  p2:x2=1  : 66151
 p1:x0=1  p2:x0=0  p2:x2=0  : 101572
 p1:x0=0  p2:x0=0  p2:x2=0  : 186578
 p1:x0=1  p2:x0=1  p2:x2=1  : 1666
 p1:x0=0  p2:x0=1  p2:x2=1  : 2487
Observation WRC.TRT1+dsb-tlbiis-dsb+dmb.errata: 0 (of 500000)
P0			P1			P2			P3			

Test WRC.TRT1+dsb-tlbiis-dsb+dsb-isb:
 p1:x0=0  p2:x0=1  p2:x2=0  : 57
 p1:x0=0  p2:x0=0  p2:x2=0  : 178423
 p1:x0=1  p2:x0=0  p2:x2=1  : 70782
 p1:x0=0  p2:x0=0  p2:x2=1  : 138580
 p1:x0=0  p2:x0=1  p2:x2=1  : 4053
 p1:x0=1  p2:x0=1  p2:x2=1  : 2485
 p1:x0=1  p2:x0=0  p2:x2=0  : 105620
Observation WRC.TRT1+dsb-tlbiis-dsb+dsb-isb.errata: 0 (of 500000)
P0			P1			P2			P3			

Test WRC.TRT.inv+addrs:
 p1:x0=1  p2:x0=0  p2:x2=1  : 353334
 p1:x0=0  p2:x0=0  p2:x2=1  : 121808
 p1:x0=1  p2:x0=0  p2:x2=0  : 6319
 p1:x0=0  p2:x0=0  p2:x2=0  : 13112
 p1:x0=1  p2:x0=1  p2:x2=1  : 4258
 p1:x0=0  p2:x0=1  p2:x2=1  : 1074
 p1:x0=0  p2:x0=1  p2:x2=0  : 95
Observation WRC.TRT.inv+addrs.errata: 0 (of 500000)
P0			P1			P2			P3			

Test CoTR1+dsb-tlbi-dsb-isb:
 p1:x0=1  p1:x2=0  : 2 *
 p1:x0=1  p1:x2=1  : 221640
 p1:x0=0  p1:x2=1  : 274447
 p1:x0=0  p1:x2=0  : 3911
Observation CoTR1+dsb-tlbi-dsb-isb.errata: 2 (of 500000)
P0			P1			P2			P3			

Test LB+pos:
 p0:x2=0  p1:x2=1  : 215479
 p0:x2=1  p1:x2=0  : 85004
 p0:x2=0  p1:x2=0  : 199517
Observation LB+pos.errata: 0 (of 500000)
7/100
++ echo Starting bin/host_litmus.exe
Starting bin/host_litmus.exe
+++ mktemp
++ tmp=/tmp/tmp.120pq4vtGY
++ base64 -d
++ zcat
++ qemu-system-aarch64 -nodefaults -machine virt,gic-version=host --enable-kvm -cpu host -device virtio-serial-device -device virtconsole -display none -serial stdio -kernel /tmp/tmp.120pq4vtGY -smp 4 -append 'WRC.TRT1+dsb-tlbiis-dsb+* WRC.TRT.inv+addrs CoTR1+dsb-tlbi-dsb-isb LB+pos -p -n500000'
P0			P1			P2			P3			

Test WRC.TRT1+dsb-tlbiis-dsb+dmb:
 p1:x0=1  p2:x0=0  p2:x2=1  : 77423
 p1:x0=0  p2:x0=0  p2:x2=1  : 149816
 p1:x0=1  p2:x0=0  p2:x2=0  : 105462
 p1:x0=0  p2:x0=0  p2:x2=0  : 161662
 p1:x0=0  p2:x0=1  p2:x2=0  : 31
 p1:x0=0  p2:x0=1  p2:x2=1  : 3316
 p1:x0=1  p2:x0=1  p2:x2=1  : 2290
Observation WRC.TRT1+dsb-tlbiis-dsb+dmb.errata: 0 (of 500000)
P0			P1			P2			P3			

Test WRC.TRT1+dsb-tlbiis-dsb+dsb-isb:
 p1:x0=0  p2:x0=0  p2:x2=0  : 147748
 p1:x0=1  p2:x0=0  p2:x2=0  : 111260
 p1:x0=1  p2:x0=0  p2:x2=1  : 90786
 p1:x0=0  p2:x0=0  p2:x2=1  : 144787
 p1:x0=0  p2:x0=1  p2:x2=1  : 2958
 p1:x0=1  p2:x0=1  p2:x2=1  : 2421
 p1:x0=0  p2:x0=1  p2:x2=0  : 40
Observation WRC.TRT1+dsb-tlbiis-dsb+dsb-isb.errata: 0 (of 500000)
P0			P1			P2			P3			

Test WRC.TRT.inv+addrs:
 p1:x0=0  p2:x0=0  p2:x2=1  : 104688
 p1:x0=1  p2:x0=0  p2:x2=1  : 373218
 p1:x0=0  p2:x0=0  p2:x2=0  : 9153
 p1:x0=1  p2:x0=0  p2:x2=0  : 4476
 p1:x0=1  p2:x0=1  p2:x2=1  : 6454
 p1:x0=0  p2:x0=1  p2:x2=1  : 1877
 p1:x0=0  p2:x0=1  p2:x2=0  : 134
Observation WRC.TRT.inv+addrs.errata: 0 (of 500000)
P0			P1			P2			P3			

Test CoTR1+dsb-tlbi-dsb-isb:
 p1:x0=0  p1:x2=0  : 5825
 p1:x0=1  p1:x2=0  : 2 *
 p1:x0=0  p1:x2=1  : 267149
 p1:x0=1  p1:x2=1  : 227024
Observation CoTR1+dsb-tlbi-dsb-isb.errata: 2 (of 500000)
P0			P1			P2			P3			

Test LB+pos:
 p0:x2=0  p1:x2=1  : 217672
 p0:x2=1  p1:x2=0  : 85357
 p0:x2=0  p1:x2=0  : 196971
Observation LB+pos.errata: 0 (of 500000)
8/100
++ echo Starting bin/host_litmus.exe
Starting bin/host_litmus.exe
+++ mktemp
++ tmp=/tmp/tmp.pL6IZnvgsq
++ base64 -d
++ zcat
++ qemu-system-aarch64 -nodefaults -machine virt,gic-version=host --enable-kvm -cpu host -device virtio-serial-device -device virtconsole -display none -serial stdio -kernel /tmp/tmp.pL6IZnvgsq -smp 4 -append 'WRC.TRT1+dsb-tlbiis-dsb+* WRC.TRT.inv+addrs CoTR1+dsb-tlbi-dsb-isb LB+pos -p -n500000'
P0			P1			P2			P3			
./litmus.exe: line 7: 23333 Killed                  qemu-system-aarch64 -nodefaults -machine virt,gic-version=host --enable-kvm -cpu host -device virtio-serial-device -device virtconsole -display none -serial stdio -kernel $tmp -smp 4 -append "$*"
++ -nodefaults -machine virt,gic-version=host --enable-kvm -cpu host -device virtio-serial-device -device virtconsole -display none -serial stdio -kernel /tmp/tmp.pL6IZnvgsq -smp 4 -append 'WRC.TRT1+dsb-tlbiis-dsb+* WRC.TRT.inv+addrs CoTR1+dsb-tlbi-dsb-isb LB+pos -p -n500000'
./litmus.exe: line 8: -nodefaults: command not found
