++ echo Starting bin/litmus.exe
Starting bin/litmus.exe
+++ mktemp
++ tmp=/tmp/tmp.91s0cUzo4A
++ base64 -d
++ zcat
++ qemu-system-aarch64 -nodefaults -machine virt,accel=kvm,gic-version=host -cpu host -device virtio-serial-device -device virtconsole -display none -serial stdio -kernel /tmp/tmp.91s0cUzo4A -smp 4 -append '-p -n500000 MP.RT1+dsb-tlbiallis-dsb+dsb-isb'
P0			P1			P2			P3			

Test MP.RT1+dsb-tlbiallis-dsb+dsb-isb:
 p1:x0=1  p1:x2=1  : 111840
 p1:x0=0  p1:x2=1  : 171006
 p1:x0=0  p1:x2=0  : 217154
Observation MP.RT1+dsb-tlbiallis-dsb+dsb-isb.errata: 0 (of 500000)
1/10
++ echo Starting bin/litmus.exe
Starting bin/litmus.exe
+++ mktemp
++ tmp=/tmp/tmp.iObtBEEP8G
++ base64 -d
++ zcat
++ qemu-system-aarch64 -nodefaults -machine virt,accel=kvm,gic-version=host -cpu host -device virtio-serial-device -device virtconsole -display none -serial stdio -kernel /tmp/tmp.iObtBEEP8G -smp 4 -append '-p -n500000 MP.RT1+dsb-tlbiallis-dsb+dsb-isb'
P0			P1			P2			P3			

Test MP.RT1+dsb-tlbiallis-dsb+dsb-isb:
 p1:x0=1  p1:x2=1  : 57254
 p1:x0=0  p1:x2=0  : 240349
 p1:x0=0  p1:x2=1  : 202397
Observation MP.RT1+dsb-tlbiallis-dsb+dsb-isb.errata: 0 (of 500000)
2/10
++ echo Starting bin/litmus.exe
Starting bin/litmus.exe
+++ mktemp
++ tmp=/tmp/tmp.JdVbniSJQC
++ base64 -d
++ zcat
++ qemu-system-aarch64 -nodefaults -machine virt,accel=kvm,gic-version=host -cpu host -device virtio-serial-device -device virtconsole -display none -serial stdio -kernel /tmp/tmp.JdVbniSJQC -smp 4 -append '-p -n500000 MP.RT1+dsb-tlbiallis-dsb+dsb-isb'
P0			P1			P2			P3			

Test MP.RT1+dsb-tlbiallis-dsb+dsb-isb:
 p1:x0=0  p1:x2=1  : 197740
 p1:x0=1  p1:x2=1  : 54726
 p1:x0=0  p1:x2=0  : 247534
Observation MP.RT1+dsb-tlbiallis-dsb+dsb-isb.errata: 0 (of 500000)
3/10
++ echo Starting bin/litmus.exe
Starting bin/litmus.exe
+++ mktemp
++ tmp=/tmp/tmp.ZP5ws2oled
++ base64 -d
++ zcat
++ qemu-system-aarch64 -nodefaults -machine virt,accel=kvm,gic-version=host -cpu host -device virtio-serial-device -device virtconsole -display none -serial stdio -kernel /tmp/tmp.ZP5ws2oled -smp 4 -append '-p -n500000 MP.RT1+dsb-tlbiallis-dsb+dsb-isb'
P0			P1			P2			P3			

Test MP.RT1+dsb-tlbiallis-dsb+dsb-isb:
 p1:x0=1  p1:x2=1  : 76672
 p1:x0=0  p1:x2=0  : 237096
 p1:x0=0  p1:x2=1  : 186232
Observation MP.RT1+dsb-tlbiallis-dsb+dsb-isb.errata: 0 (of 500000)
4/10
++ echo Starting bin/litmus.exe
Starting bin/litmus.exe
+++ mktemp
++ tmp=/tmp/tmp.laOE6zQeJY
++ base64 -d
++ zcat
++ qemu-system-aarch64 -nodefaults -machine virt,accel=kvm,gic-version=host -cpu host -device virtio-serial-device -device virtconsole -display none -serial stdio -kernel /tmp/tmp.laOE6zQeJY -smp 4 -append '-p -n500000 MP.RT1+dsb-tlbiallis-dsb+dsb-isb'
P0			P1			P2			P3			

Test MP.RT1+dsb-tlbiallis-dsb+dsb-isb:
 p1:x0=1  p1:x2=1  : 74016
 p1:x0=0  p1:x2=0  : 237205
 p1:x0=0  p1:x2=1  : 188779
Observation MP.RT1+dsb-tlbiallis-dsb+dsb-isb.errata: 0 (of 500000)
5/10
++ echo Starting bin/litmus.exe
Starting bin/litmus.exe
+++ mktemp
++ tmp=/tmp/tmp.fsFHuReONL
++ base64 -d
++ zcat
++ qemu-system-aarch64 -nodefaults -machine virt,accel=kvm,gic-version=host -cpu host -device virtio-serial-device -device virtconsole -display none -serial stdio -kernel /tmp/tmp.fsFHuReONL -smp 4 -append '-p -n500000 MP.RT1+dsb-tlbiallis-dsb+dsb-isb'
P0			P1			P2			P3			

Test MP.RT1+dsb-tlbiallis-dsb+dsb-isb:
 p1:x0=0  p1:x2=0  : 236407
 p1:x0=0  p1:x2=1  : 184708
 p1:x0=1  p1:x2=1  : 78885
Observation MP.RT1+dsb-tlbiallis-dsb+dsb-isb.errata: 0 (of 500000)
6/10
++ echo Starting bin/litmus.exe
Starting bin/litmus.exe
+++ mktemp
++ tmp=/tmp/tmp.RU38QFXo7p
++ base64 -d
++ zcat
++ qemu-system-aarch64 -nodefaults -machine virt,accel=kvm,gic-version=host -cpu host -device virtio-serial-device -device virtconsole -display none -serial stdio -kernel /tmp/tmp.RU38QFXo7p -smp 4 -append '-p -n500000 MP.RT1+dsb-tlbiallis-dsb+dsb-isb'
P0			P1			P2			P3			

Test MP.RT1+dsb-tlbiallis-dsb+dsb-isb:
 p1:x0=0  p1:x2=0  : 230786
 p1:x0=1  p1:x2=1  : 87727
 p1:x0=0  p1:x2=1  : 181487
Observation MP.RT1+dsb-tlbiallis-dsb+dsb-isb.errata: 0 (of 500000)
7/10
++ echo Starting bin/litmus.exe
Starting bin/litmus.exe
+++ mktemp
++ tmp=/tmp/tmp.63xlUAcMrE
++ base64 -d
++ zcat
++ qemu-system-aarch64 -nodefaults -machine virt,accel=kvm,gic-version=host -cpu host -device virtio-serial-device -device virtconsole -display none -serial stdio -kernel /tmp/tmp.63xlUAcMrE -smp 4 -append '-p -n500000 MP.RT1+dsb-tlbiallis-dsb+dsb-isb'
P0			P1			P2			P3			

Test MP.RT1+dsb-tlbiallis-dsb+dsb-isb:
 p1:x0=1  p1:x2=1  : 63302
 p1:x0=1  p1:x2=0  : 1 *
 p1:x0=0  p1:x2=0  : 238402
 p1:x0=0  p1:x2=1  : 198295
Observation MP.RT1+dsb-tlbiallis-dsb+dsb-isb.errata: 1 (of 500000)
8/10
++ echo Starting bin/litmus.exe
Starting bin/litmus.exe
+++ mktemp
++ tmp=/tmp/tmp.WIKRRPKOl2
++ base64 -d
++ zcat
++ qemu-system-aarch64 -nodefaults -machine virt,accel=kvm,gic-version=host -cpu host -device virtio-serial-device -device virtconsole -display none -serial stdio -kernel /tmp/tmp.WIKRRPKOl2 -smp 4 -append '-p -n500000 MP.RT1+dsb-tlbiallis-dsb+dsb-isb'
P0			P1			P2			P3			

Test MP.RT1+dsb-tlbiallis-dsb+dsb-isb:
 p1:x0=1  p1:x2=1  : 58645
 p1:x0=0  p1:x2=0  : 235626
 p1:x0=0  p1:x2=1  : 205729
Observation MP.RT1+dsb-tlbiallis-dsb+dsb-isb.errata: 0 (of 500000)
9/10
++ echo Starting bin/litmus.exe
Starting bin/litmus.exe
+++ mktemp
++ tmp=/tmp/tmp.Cp0uWgrRnc
++ base64 -d
++ zcat
++ qemu-system-aarch64 -nodefaults -machine virt,accel=kvm,gic-version=host -cpu host -device virtio-serial-device -device virtconsole -display none -serial stdio -kernel /tmp/tmp.Cp0uWgrRnc -smp 4 -append '-p -n500000 MP.RT1+dsb-tlbiallis-dsb+dsb-isb'
P0			P1			P2			P3			
Starting bin/litmus.exe
++ echo Starting bin/litmus.exe
Starting bin/litmus.exe
+++ mktemp
++ tmp=/tmp/tmp.gUDvNvVrcf
++ base64 -d
++ zcat
++ qemu-system-aarch64 -nodefaults -machine virt,accel=kvm,gic-version=host -cpu host -device virtio-serial-device -device virtconsole -display none -serial stdio -kernel /tmp/tmp.gUDvNvVrcf -smp 4 -append 'MP.RT1+dsb-tlbiis-dsb-isb+dsb-isb -p -n500000'
P0			P1			P2			P3			

Test MP.RT1+dsb-tlbiis-dsb-isb+dsb-isb:
 p1:x0=0  p1:x2=0  : 281120
 p1:x0=0  p1:x2=1  : 213191
 p1:x0=1  p1:x2=1  : 5689
Observation MP.RT1+dsb-tlbiis-dsb-isb+dsb-isb.errata: 0 (of 500000)
1/10
++ echo Starting bin/litmus.exe
Starting bin/litmus.exe
+++ mktemp
++ tmp=/tmp/tmp.oUMxehZanU
++ base64 -d
++ zcat
++ qemu-system-aarch64 -nodefaults -machine virt,accel=kvm,gic-version=host -cpu host -device virtio-serial-device -device virtconsole -display none -serial stdio -kernel /tmp/tmp.oUMxehZanU -smp 4 -append 'MP.RT1+dsb-tlbiis-dsb-isb+dsb-isb -p -n500000'
P0			P1			P2			P3			

Test MP.RT1+dsb-tlbiis-dsb-isb+dsb-isb:
 p1:x0=0  p1:x2=0  : 280462
 p1:x0=0  p1:x2=1  : 212447
 p1:x0=1  p1:x2=1  : 7091
Observation MP.RT1+dsb-tlbiis-dsb-isb+dsb-isb.errata: 0 (of 500000)
2/10
++ echo Starting bin/litmus.exe
Starting bin/litmus.exe
+++ mktemp
++ tmp=/tmp/tmp.fZAstKrxmD
++ base64 -d
++ zcat
++ qemu-system-aarch64 -nodefaults -machine virt,accel=kvm,gic-version=host -cpu host -device virtio-serial-device -device virtconsole -display none -serial stdio -kernel /tmp/tmp.fZAstKrxmD -smp 4 -append 'MP.RT1+dsb-tlbiis-dsb-isb+dsb-isb -p -n500000'
P0			P1			P2			P3			

Test MP.RT1+dsb-tlbiis-dsb-isb+dsb-isb:
 p1:x0=0  p1:x2=0  : 280526
 p1:x0=0  p1:x2=1  : 214481
 p1:x0=1  p1:x2=1  : 4993
Observation MP.RT1+dsb-tlbiis-dsb-isb+dsb-isb.errata: 0 (of 500000)
3/10
++ echo Starting bin/litmus.exe
Starting bin/litmus.exe
+++ mktemp
++ tmp=/tmp/tmp.3vOCIZlfh0
++ base64 -d
++ zcat
++ qemu-system-aarch64 -nodefaults -machine virt,accel=kvm,gic-version=host -cpu host -device virtio-serial-device -device virtconsole -display none -serial stdio -kernel /tmp/tmp.3vOCIZlfh0 -smp 4 -append 'MP.RT1+dsb-tlbiis-dsb-isb+dsb-isb -p -n500000'
P0			P1			P2			P3			

Test MP.RT1+dsb-tlbiis-dsb-isb+dsb-isb:
 p1:x0=1  p1:x2=1  : 4366
 p1:x0=0  p1:x2=0  : 275839
 p1:x0=0  p1:x2=1  : 219795
Observation MP.RT1+dsb-tlbiis-dsb-isb+dsb-isb.errata: 0 (of 500000)
4/10
++ echo Starting bin/litmus.exe
Starting bin/litmus.exe
+++ mktemp
++ tmp=/tmp/tmp.jMQYQrAezM
++ base64 -d
++ zcat
++ qemu-system-aarch64 -nodefaults -machine virt,accel=kvm,gic-version=host -cpu host -device virtio-serial-device -device virtconsole -display none -serial stdio -kernel /tmp/tmp.jMQYQrAezM -smp 4 -append 'MP.RT1+dsb-tlbiis-dsb-isb+dsb-isb -p -n500000'
P0			P1			P2			P3			

Test MP.RT1+dsb-tlbiis-dsb-isb+dsb-isb:
 p1:x0=0  p1:x2=0  : 282481
 p1:x0=0  p1:x2=1  : 213113
 p1:x0=1  p1:x2=1  : 4406
Observation MP.RT1+dsb-tlbiis-dsb-isb+dsb-isb.errata: 0 (of 500000)
5/10
++ echo Starting bin/litmus.exe
Starting bin/litmus.exe
+++ mktemp
++ tmp=/tmp/tmp.qZF9iPexrY
++ base64 -d
++ zcat
++ qemu-system-aarch64 -nodefaults -machine virt,accel=kvm,gic-version=host -cpu host -device virtio-serial-device -device virtconsole -display none -serial stdio -kernel /tmp/tmp.qZF9iPexrY -smp 4 -append 'MP.RT1+dsb-tlbiis-dsb-isb+dsb-isb -p -n500000'
P0			P1			P2			P3			

Test MP.RT1+dsb-tlbiis-dsb-isb+dsb-isb:
 p1:x0=0  p1:x2=0  : 269016
 p1:x0=0  p1:x2=1  : 227419
 p1:x0=1  p1:x2=1  : 3565
Observation MP.RT1+dsb-tlbiis-dsb-isb+dsb-isb.errata: 0 (of 500000)
6/10
++ echo Starting bin/litmus.exe
Starting bin/litmus.exe
+++ mktemp
++ tmp=/tmp/tmp.pjvLk6Cnue
++ base64 -d
++ zcat
++ qemu-system-aarch64 -nodefaults -machine virt,accel=kvm,gic-version=host -cpu host -device virtio-serial-device -device virtconsole -display none -serial stdio -kernel /tmp/tmp.pjvLk6Cnue -smp 4 -append 'MP.RT1+dsb-tlbiis-dsb-isb+dsb-isb -p -n500000'
P0			P1			P2			P3			

Test MP.RT1+dsb-tlbiis-dsb-isb+dsb-isb:
 p1:x0=0  p1:x2=0  : 285444
 p1:x0=0  p1:x2=1  : 209374
 p1:x0=1  p1:x2=1  : 5182
Observation MP.RT1+dsb-tlbiis-dsb-isb+dsb-isb.errata: 0 (of 500000)
7/10
++ echo Starting bin/litmus.exe
Starting bin/litmus.exe
+++ mktemp
++ tmp=/tmp/tmp.mdGFKdvJXU
++ base64 -d
++ zcat
++ qemu-system-aarch64 -nodefaults -machine virt,accel=kvm,gic-version=host -cpu host -device virtio-serial-device -device virtconsole -display none -serial stdio -kernel /tmp/tmp.mdGFKdvJXU -smp 4 -append 'MP.RT1+dsb-tlbiis-dsb-isb+dsb-isb -p -n500000'
P0			P1			P2			P3			

Test MP.RT1+dsb-tlbiis-dsb-isb+dsb-isb:
 p1:x0=0  p1:x2=0  : 285439
 p1:x0=0  p1:x2=1  : 209901
 p1:x0=1  p1:x2=1  : 4660
Observation MP.RT1+dsb-tlbiis-dsb-isb+dsb-isb.errata: 0 (of 500000)
8/10
++ echo Starting bin/litmus.exe
Starting bin/litmus.exe
+++ mktemp
++ tmp=/tmp/tmp.6FeffMsh0f
++ base64 -d
++ zcat
++ qemu-system-aarch64 -nodefaults -machine virt,accel=kvm,gic-version=host -cpu host -device virtio-serial-device -device virtconsole -display none -serial stdio -kernel /tmp/tmp.6FeffMsh0f -smp 4 -append 'MP.RT1+dsb-tlbiis-dsb-isb+dsb-isb -p -n500000'
P0			P1			P2			P3			

Test MP.RT1+dsb-tlbiis-dsb-isb+dsb-isb:
 p1:x0=1  p1:x2=1  : 4838
 p1:x0=0  p1:x2=1  : 207175
 p1:x0=0  p1:x2=0  : 287987
Observation MP.RT1+dsb-tlbiis-dsb-isb+dsb-isb.errata: 0 (of 500000)
9/10
++ echo Starting bin/litmus.exe
Starting bin/litmus.exe
+++ mktemp
++ tmp=/tmp/tmp.00JB70Kuh0
++ base64 -d
++ zcat
++ qemu-system-aarch64 -nodefaults -machine virt,accel=kvm,gic-version=host -cpu host -device virtio-serial-device -device virtconsole -display none -serial stdio -kernel /tmp/tmp.00JB70Kuh0 -smp 4 -append 'MP.RT1+dsb-tlbiis-dsb-isb+dsb-isb -p -n500000'
P0			P1			P2			P3			

Test MP.RT1+dsb-tlbiis-dsb-isb+dsb-isb:
 p1:x0=0  p1:x2=0  : 279013
 p1:x0=0  p1:x2=1  : 215903
 p1:x0=1  p1:x2=1  : 5084
Observation MP.RT1+dsb-tlbiis-dsb-isb+dsb-isb.errata: 0 (of 500000)
10/10
++ echo Starting bin/litmus.exe
Starting bin/litmus.exe
+++ mktemp
++ tmp=/tmp/tmp.YBwdMXgtCL
++ base64 -d
++ zcat
++ qemu-system-aarch64 -nodefaults -machine virt,accel=kvm,gic-version=host -cpu host -device virtio-serial-device -device virtconsole -display none -serial stdio -kernel /tmp/tmp.YBwdMXgtCL -smp 4 -append 'MP.RT1+dsb-tlbiis-dsb-isb+dsb-isb CoWT1+dsb-tlbi-dsb -p -n500000'
P0			P1			P2			P3			

Test MP.RT1+dsb-tlbiis-dsb-isb+dsb-isb:
 p1:x0=0  p1:x2=0  : 285278
 p1:x0=0  p1:x2=1  : 209111
 p1:x0=1  p1:x2=1  : 5611
Observation MP.RT1+dsb-tlbiis-dsb-isb+dsb-isb.errata: 0 (of 500000)
P0			P1			P2			P3			

Test CoWT1+dsb-tlbi-dsb:
 p0:x2=2  : 500000
Observation CoWT1+dsb-tlbi-dsb.errata: 0 (of 500000)
1/100
++ echo Starting bin/litmus.exe
Starting bin/litmus.exe
+++ mktemp
++ tmp=/tmp/tmp.YIf7hrB9uH
++ base64 -d
++ zcat
++ qemu-system-aarch64 -nodefaults -machine virt,accel=kvm,gic-version=host -cpu host -device virtio-serial-device -device virtconsole -display none -serial stdio -kernel /tmp/tmp.YIf7hrB9uH -smp 4 -append 'MP.RT1+dsb-tlbiis-dsb-isb+dsb-isb CoWT1+dsb-tlbi-dsb -p -n500000'
P0			P1			P2			P3			

Test MP.RT1+dsb-tlbiis-dsb-isb+dsb-isb:
 p1:x0=0  p1:x2=0  : 284462
 p1:x0=0  p1:x2=1  : 210751
 p1:x0=1  p1:x2=1  : 4787
Observation MP.RT1+dsb-tlbiis-dsb-isb+dsb-isb.errata: 0 (of 500000)
P0			P1			P2			P3			

Test CoWT1+dsb-tlbi-dsb:
 p0:x2=2  : 500000
Observation CoWT1+dsb-tlbi-dsb.errata: 0 (of 500000)
2/100
++ echo Starting bin/litmus.exe
Starting bin/litmus.exe
+++ mktemp
++ tmp=/tmp/tmp.Yby74PZUSo
++ base64 -d
++ zcat
++ qemu-system-aarch64 -nodefaults -machine virt,accel=kvm,gic-version=host -cpu host -device virtio-serial-device -device virtconsole -display none -serial stdio -kernel /tmp/tmp.Yby74PZUSo -smp 4 -append 'MP.RT1+dsb-tlbiis-dsb-isb+dsb-isb CoWT1+dsb-tlbi-dsb -p -n500000'
P0			P1			P2			P3			

Test MP.RT1+dsb-tlbiis-dsb-isb+dsb-isb:
 p1:x0=0  p1:x2=0  : 307415
 p1:x0=1  p1:x2=1  : 6180
 p1:x0=0  p1:x2=1  : 186405
Observation MP.RT1+dsb-tlbiis-dsb-isb+dsb-isb.errata: 0 (of 500000)
P0			P1			P2			P3			

Test CoWT1+dsb-tlbi-dsb:
 p0:x2=2  : 500000
Observation CoWT1+dsb-tlbi-dsb.errata: 0 (of 500000)
3/100
++ echo Starting bin/litmus.exe
Starting bin/litmus.exe
+++ mktemp
++ tmp=/tmp/tmp.1htrJSGVrf
++ base64 -d
++ zcat
++ qemu-system-aarch64 -nodefaults -machine virt,accel=kvm,gic-version=host -cpu host -device virtio-serial-device -device virtconsole -display none -serial stdio -kernel /tmp/tmp.1htrJSGVrf -smp 4 -append 'MP.RT1+dsb-tlbiis-dsb-isb+dsb-isb CoWT1+dsb-tlbi-dsb -p -n500000'
P0			P1			P2			P3			

Test MP.RT1+dsb-tlbiis-dsb-isb+dsb-isb:
 p1:x0=0  p1:x2=0  : 278232
 p1:x0=0  p1:x2=1  : 217016
 p1:x0=1  p1:x2=1  : 4752
Observation MP.RT1+dsb-tlbiis-dsb-isb+dsb-isb.errata: 0 (of 500000)
P0			P1			P2			P3			

Test CoWT1+dsb-tlbi-dsb:
 p0:x2=2  : 500000
Observation CoWT1+dsb-tlbi-dsb.errata: 0 (of 500000)
4/100
++ echo Starting bin/litmus.exe
Starting bin/litmus.exe
+++ mktemp
++ tmp=/tmp/tmp.BagCuO4z30
++ base64 -d
++ zcat
++ qemu-system-aarch64 -nodefaults -machine virt,accel=kvm,gic-version=host -cpu host -device virtio-serial-device -device virtconsole -display none -serial stdio -kernel /tmp/tmp.BagCuO4z30 -smp 4 -append 'MP.RT1+dsb-tlbiis-dsb-isb+dsb-isb CoWT1+dsb-tlbi-dsb -p -n500000'
P0			P1			P2			P3			

Test MP.RT1+dsb-tlbiis-dsb-isb+dsb-isb:
 p1:x0=0  p1:x2=0  : 276834
 p1:x0=0  p1:x2=1  : 217551
 p1:x0=1  p1:x2=1  : 5615
Observation MP.RT1+dsb-tlbiis-dsb-isb+dsb-isb.errata: 0 (of 500000)
P0			P1			P2			P3			

Test CoWT1+dsb-tlbi-dsb:
 p0:x2=2  : 500000
Observation CoWT1+dsb-tlbi-dsb.errata: 0 (of 500000)
5/100
++ echo Starting bin/litmus.exe
Starting bin/litmus.exe
+++ mktemp
++ tmp=/tmp/tmp.pwfNxQAykI
++ base64 -d
++ zcat
++ qemu-system-aarch64 -nodefaults -machine virt,accel=kvm,gic-version=host -cpu host -device virtio-serial-device -device virtconsole -display none -serial stdio -kernel /tmp/tmp.pwfNxQAykI -smp 4 -append 'MP.RT1+dsb-tlbiis-dsb-isb+dsb-isb CoWT1+dsb-tlbi-dsb -p -n500000'
P0			P1			P2			P3			

Test MP.RT1+dsb-tlbiis-dsb-isb+dsb-isb:
 p1:x0=0  p1:x2=0  : 268544
 p1:x0=1  p1:x2=1  : 5709
 p1:x0=0  p1:x2=1  : 225747
Observation MP.RT1+dsb-tlbiis-dsb-isb+dsb-isb.errata: 0 (of 500000)
P0			P1			P2			P3			

Test CoWT1+dsb-tlbi-dsb:
 p0:x2=2  : 500000
Observation CoWT1+dsb-tlbi-dsb.errata: 0 (of 500000)
6/100
++ echo Starting bin/litmus.exe
Starting bin/litmus.exe
+++ mktemp
++ tmp=/tmp/tmp.wpX5XqDNv7
++ base64 -d
++ zcat
++ qemu-system-aarch64 -nodefaults -machine virt,accel=kvm,gic-version=host -cpu host -device virtio-serial-device -device virtconsole -display none -serial stdio -kernel /tmp/tmp.wpX5XqDNv7 -smp 4 -append 'MP.RT1+dsb-tlbiis-dsb-isb+dsb-isb CoWT1+dsb-tlbi-dsb -p -n500000'
P0			P1			P2			P3			

Test MP.RT1+dsb-tlbiis-dsb-isb+dsb-isb:
 p1:x0=0  p1:x2=1  : 217600
 p1:x0=0  p1:x2=0  : 278163
 p1:x0=1  p1:x2=1  : 4237
Observation MP.RT1+dsb-tlbiis-dsb-isb+dsb-isb.errata: 0 (of 500000)
P0			P1			P2			P3			

Test CoWT1+dsb-tlbi-dsb:
 p0:x2=2  : 500000
Observation CoWT1+dsb-tlbi-dsb.errata: 0 (of 500000)
7/100
++ echo Starting bin/litmus.exe
Starting bin/litmus.exe
+++ mktemp
++ tmp=/tmp/tmp.VmEvoWbIMi
++ base64 -d
++ zcat
++ qemu-system-aarch64 -nodefaults -machine virt,accel=kvm,gic-version=host -cpu host -device virtio-serial-device -device virtconsole -display none -serial stdio -kernel /tmp/tmp.VmEvoWbIMi -smp 4 -append 'MP.RT1+dsb-tlbiis-dsb-isb+dsb-isb CoWT1+dsb-tlbi-dsb -p -n500000'
P0			P1			P2			P3			

Test MP.RT1+dsb-tlbiis-dsb-isb+dsb-isb:
 p1:x0=1  p1:x2=0  : 2 *
 p1:x0=1  p1:x2=1  : 4350
 p1:x0=0  p1:x2=0  : 280189
 p1:x0=0  p1:x2=1  : 215459
Observation MP.RT1+dsb-tlbiis-dsb-isb+dsb-isb.errata: 2 (of 500000)
P0			P1			P2			P3			

Test CoWT1+dsb-tlbi-dsb:
 p0:x2=2  : 500000
Observation CoWT1+dsb-tlbi-dsb.errata: 0 (of 500000)
8/100
++ echo Starting bin/litmus.exe
Starting bin/litmus.exe
+++ mktemp
++ tmp=/tmp/tmp.d1MPd2DrFw
++ base64 -d
++ zcat
++ qemu-system-aarch64 -nodefaults -machine virt,accel=kvm,gic-version=host -cpu host -device virtio-serial-device -device virtconsole -display none -serial stdio -kernel /tmp/tmp.d1MPd2DrFw -smp 4 -append 'MP.RT1+dsb-tlbiis-dsb-isb+dsb-isb CoWT1+dsb-tlbi-dsb -p -n500000'
P0			P1			P2			P3			
