++ echo Starting bin/litmus.exe
Starting bin/litmus.exe
+++ mktemp
++ tmp=/tmp/tmp.aEmEkRJTKn
++ base64 -d
++ zcat
++ qemu-system-aarch64 -nodefaults -machine virt,accel=kvm,gic-version=host -cpu host -device virtio-serial-device -device virtconsole -display none -serial stdio -kernel /tmp/tmp.aEmEkRJTKn -smp 4 -append 'MP.BBM1+dsb-tlbiis-dsb-dsb+dsb-isb MP.BBM1+dsb-tlbiis-dsb-dsb+dsb MP.BBM1+dsb-tlbiis-dsb-dsb-isb+dsb MP.BBM1+dsb-tlbiis-dsb-dsb-isb+dsb-isb CoWT1+dsb-tlbi-dsb -p -n500000'
P0			P1			P2			P3			

Test MP.BBM1+dsb-tlbiis-dsb-dsb+dsb-isb:
 p1:x0=0  p1:x2=0  : 494132
 p1:x0=0  p1:x2=1  : 2836
 p1:x0=1  p1:x2=1  : 3032
Observation MP.BBM1+dsb-tlbiis-dsb-dsb+dsb-isb.errata: 0 (of 500000)
P0			P1			P2			P3			

Test MP.BBM1+dsb-tlbiis-dsb-dsb+dsb:
 p1:x0=0  p1:x2=0  : 494741
 p1:x0=0  p1:x2=1  : 1943
 p1:x0=1  p1:x2=1  : 3316
Observation MP.BBM1+dsb-tlbiis-dsb-dsb+dsb.errata: 0 (of 500000)
P0			P1			P2			P3			

Test MP.BBM1+dsb-tlbiis-dsb-dsb-isb+dsb:
 p1:x0=0  p1:x2=0  : 494664
 p1:x0=0  p1:x2=1  : 2296
 p1:x0=1  p1:x2=1  : 3040
Observation MP.BBM1+dsb-tlbiis-dsb-dsb-isb+dsb.errata: 0 (of 500000)
P0			P1			P2			P3			

Test MP.BBM1+dsb-tlbiis-dsb-dsb-isb+dsb-isb:
 p1:x0=0  p1:x2=0  : 494048
 p1:x0=1  p1:x2=1  : 3223
 p1:x0=0  p1:x2=1  : 2729
Observation MP.BBM1+dsb-tlbiis-dsb-dsb-isb+dsb-isb.errata: 0 (of 500000)
P0			P1			P2			P3			

Test CoWT1+dsb-tlbi-dsb:
 p0:x2=2  : 500000
Observation CoWT1+dsb-tlbi-dsb.errata: 0 (of 500000)
1/100
++ echo Starting bin/litmus.exe
Starting bin/litmus.exe
+++ mktemp
++ tmp=/tmp/tmp.KLrVyfK5vC
++ base64 -d
++ zcat
++ qemu-system-aarch64 -nodefaults -machine virt,accel=kvm,gic-version=host -cpu host -device virtio-serial-device -device virtconsole -display none -serial stdio -kernel /tmp/tmp.KLrVyfK5vC -smp 4 -append 'MP.BBM1+dsb-tlbiis-dsb-dsb+dsb-isb MP.BBM1+dsb-tlbiis-dsb-dsb+dsb MP.BBM1+dsb-tlbiis-dsb-dsb-isb+dsb MP.BBM1+dsb-tlbiis-dsb-dsb-isb+dsb-isb CoWT1+dsb-tlbi-dsb -p -n500000'
P0			P1			P2			P3			

Test MP.BBM1+dsb-tlbiis-dsb-dsb+dsb-isb:
 p1:x0=0  p1:x2=0  : 493533
 p1:x0=0  p1:x2=1  : 3153
 p1:x0=1  p1:x2=1  : 3314
Observation MP.BBM1+dsb-tlbiis-dsb-dsb+dsb-isb.errata: 0 (of 500000)
P0			P1			P2			P3			

Test MP.BBM1+dsb-tlbiis-dsb-dsb+dsb:
 p1:x0=0  p1:x2=0  : 494773
 p1:x0=0  p1:x2=1  : 2006
 p1:x0=1  p1:x2=1  : 3221
Observation MP.BBM1+dsb-tlbiis-dsb-dsb+dsb.errata: 0 (of 500000)
P0			P1			P2			P3			

Test MP.BBM1+dsb-tlbiis-dsb-dsb-isb+dsb:
 p1:x0=0  p1:x2=0  : 494733
 p1:x0=0  p1:x2=1  : 1867
 p1:x0=1  p1:x2=1  : 3400
Observation MP.BBM1+dsb-tlbiis-dsb-dsb-isb+dsb.errata: 0 (of 500000)
P0			P1			P2			P3			

Test MP.BBM1+dsb-tlbiis-dsb-dsb-isb+dsb-isb:
 p1:x0=0  p1:x2=0  : 493836
 p1:x0=0  p1:x2=1  : 2584
 p1:x0=1  p1:x2=1  : 3580
Observation MP.BBM1+dsb-tlbiis-dsb-dsb-isb+dsb-isb.errata: 0 (of 500000)
P0			P1			P2			P3			

Test CoWT1+dsb-tlbi-dsb:
 p0:x2=2  : 500000
Observation CoWT1+dsb-tlbi-dsb.errata: 0 (of 500000)
2/100
++ echo Starting bin/litmus.exe
Starting bin/litmus.exe
+++ mktemp
++ tmp=/tmp/tmp.RUe5ee0edO
++ base64 -d
++ zcat
++ qemu-system-aarch64 -nodefaults -machine virt,accel=kvm,gic-version=host -cpu host -device virtio-serial-device -device virtconsole -display none -serial stdio -kernel /tmp/tmp.RUe5ee0edO -smp 4 -append 'MP.BBM1+dsb-tlbiis-dsb-dsb+dsb-isb MP.BBM1+dsb-tlbiis-dsb-dsb+dsb MP.BBM1+dsb-tlbiis-dsb-dsb-isb+dsb MP.BBM1+dsb-tlbiis-dsb-dsb-isb+dsb-isb CoWT1+dsb-tlbi-dsb -p -n500000'
P0			P1			P2			P3			

Test MP.BBM1+dsb-tlbiis-dsb-dsb+dsb-isb:
 p1:x0=0  p1:x2=0  : 494629
 p1:x0=0  p1:x2=1  : 2841
 p1:x0=1  p1:x2=1  : 2530
Observation MP.BBM1+dsb-tlbiis-dsb-dsb+dsb-isb.errata: 0 (of 500000)
P0			P1			P2			P3			

Test MP.BBM1+dsb-tlbiis-dsb-dsb+dsb:
 p1:x0=0  p1:x2=0  : 495263
 p1:x0=1  p1:x2=1  : 2817
 p1:x0=0  p1:x2=1  : 1920
Observation MP.BBM1+dsb-tlbiis-dsb-dsb+dsb.errata: 0 (of 500000)
P0			P1			P2			P3			

Test MP.BBM1+dsb-tlbiis-dsb-dsb-isb+dsb:
 p1:x0=0  p1:x2=0  : 494981
 p1:x0=0  p1:x2=1  : 1702
 p1:x0=1  p1:x2=1  : 3317
Observation MP.BBM1+dsb-tlbiis-dsb-dsb-isb+dsb.errata: 0 (of 500000)
P0			P1			P2			P3			

Test MP.BBM1+dsb-tlbiis-dsb-dsb-isb+dsb-isb:
 p1:x0=0  p1:x2=0  : 494955
 p1:x0=0  p1:x2=1  : 2016
 p1:x0=1  p1:x2=1  : 3029
Observation MP.BBM1+dsb-tlbiis-dsb-dsb-isb+dsb-isb.errata: 0 (of 500000)
P0			P1			P2			P3			

Test CoWT1+dsb-tlbi-dsb:
 p0:x2=2  : 500000
Observation CoWT1+dsb-tlbi-dsb.errata: 0 (of 500000)
3/100
++ echo Starting bin/litmus.exe
Starting bin/litmus.exe
+++ mktemp
++ tmp=/tmp/tmp.0ZszrNILDT
++ base64 -d
++ zcat
++ qemu-system-aarch64 -nodefaults -machine virt,accel=kvm,gic-version=host -cpu host -device virtio-serial-device -device virtconsole -display none -serial stdio -kernel /tmp/tmp.0ZszrNILDT -smp 4 -append 'MP.BBM1+dsb-tlbiis-dsb-dsb+dsb-isb MP.BBM1+dsb-tlbiis-dsb-dsb+dsb MP.BBM1+dsb-tlbiis-dsb-dsb-isb+dsb MP.BBM1+dsb-tlbiis-dsb-dsb-isb+dsb-isb CoWT1+dsb-tlbi-dsb -p -n500000'
P0			P1			P2			P3			

Test MP.BBM1+dsb-tlbiis-dsb-dsb+dsb-isb:
 p1:x0=0  p1:x2=0  : 492429
 p1:x0=1  p1:x2=1  : 3280
 p1:x0=0  p1:x2=1  : 4291
Observation MP.BBM1+dsb-tlbiis-dsb-dsb+dsb-isb.errata: 0 (of 500000)
P0			P1			P2			P3			

Test MP.BBM1+dsb-tlbiis-dsb-dsb+dsb:
 p1:x0=0  p1:x2=0  : 493735
 p1:x0=0  p1:x2=1  : 3130
 p1:x0=1  p1:x2=1  : 3135
Observation MP.BBM1+dsb-tlbiis-dsb-dsb+dsb.errata: 0 (of 500000)
P0			P1			P2			P3			

Test MP.BBM1+dsb-tlbiis-dsb-dsb-isb+dsb:
 p1:x0=0  p1:x2=0  : 494914
 p1:x0=1  p1:x2=1  : 2775
 p1:x0=0  p1:x2=1  : 2311
Observation MP.BBM1+dsb-tlbiis-dsb-dsb-isb+dsb.errata: 0 (of 500000)
P0			P1			P2			P3			

Test MP.BBM1+dsb-tlbiis-dsb-dsb-isb+dsb-isb:
 p1:x0=1  p1:x2=1  : 3017
 p1:x0=0  p1:x2=0  : 494415
 p1:x0=0  p1:x2=1  : 2568
Observation MP.BBM1+dsb-tlbiis-dsb-dsb-isb+dsb-isb.errata: 0 (of 500000)
P0			P1			P2			P3			

Test CoWT1+dsb-tlbi-dsb:
 p0:x2=2  : 500000
Observation CoWT1+dsb-tlbi-dsb.errata: 0 (of 500000)
++ K7yPHs8eszav2ZOp49fj1ePT49Hj0+PN48vjye/LHpGz+++56NI6+v4u2P/DZyvHh8+K6v40zfePH48HjweOt47zjreO747Xjt7s++/LncF58djx1/XeCu46zjqnfzu4z5FRd/5NvIcdRx0zNcfRt13PT6/jLOjY+Oh45/jneOP45njl++ibqo5/HP1/veRt/Fcx/5IXI8cvzxjPr+MFPHI8cfxxvHF8cTx/fGC8cHP0Q918f/7vp+ir6Llz7yx8jxvvG9u75OZ+p43/jeeN743Xjd+Nl43Pjbp1HP9fG1u75xtutz/NfLfB85njZ+dtfXyUwdTxs/Gy8bjxoPG4ca7xrfGs/a/f/7+ayZB341XjUOtcgcjxp/Gm86163vjzHP4oiPfBc5vvTy7+l5uXoWdTzp+ntwnBs3GicahxkHGn8Z5xnXGcd51cxz08wTtxmnGX9ZZI7DjLuMs5zr1s8xMc/iZ4/8JHJc5Yd/Xp/nddRxlO2Ln4yXjI+MP4x/jDuMb4xnjF+8b+Z5aOaJV4xPXNzhEZnjD+MN4wvnuvU+eP9yXsWNHvlV5HjC+MEZru5iX/zg+r47zo0TjAuMA4z7i8OL64vju3jGU30+y7P30/3i9nbvvYuYQ3GOR34fOU4vLm9G/f066k930+fC48XfxdvF18XTxc/Fy8XHxcPFv8W7tRvOrRzf9quRfw7X9tUYjfwLrLsizXi6AgA=
./litmus.exe: line 8: K7yPHs8eszav2ZOp49fj1ePT49Hj0+PN48vjye/LHpGz+++56NI6+v4u2P/DZyvHh8+K6v40zfePH48HjweOt47zjreO747Xjt7s++/LncF58djx1/XeCu46zjqnfzu4z5FRd/5NvIcdRx0zNcfRt13PT6/jLOjY+Oh45/jneOP45njl++ibqo5/HP1/veRt/Fcx/5IXI8cvzxjPr+MFPHI8cfxxvHF8cTx/fGC8cHP0Q918f/7vp+ir6Llz7yx8jxvvG9u75OZ+p43/jeeN743Xjd+Nl43Pjbp1HP9fG1u75xtutz/NfLfB85njZ+dtfXyUwdTxs/Gy8bjxoPG4ca7xrfGs/a/f/7+ayZB341XjUOtcgcjxp/Gm86163vjzHP4oiPfBc5vvTy7+l5uXoWdTzp+ntwnBs3GicahxkHGn8Z5xnXGcd51cxz08wTtxmnGX9ZZI7DjLuMs5zr1s8xMc/iZ4/8JHJc5Yd/Xp/nddRxlO2Ln4yXjI+MP4x/jDuMb4xnjF+8b+Z5aOaJV4xPXNzhEZnjD+MN4wvnuvU+eP9yXsWNHvlV5HjC+MEZru5iX/zg+r47zo0TjAuMA4z7i8OL64vju3jGU30+y7P30/3i9nbvvYuYQ3GOR34fOU4vLm9G/f066k930+fC48XfxdvF18XTxc/Fy8XHxcPFv8W7tRvOrRzf9quRfw7X9tUYjfwLrLsizXi6AgA=: No such file or directory
++ BIN_EOF
./litmus.exe: line 9: BIN_EOF: command not found
++ qemu-system-aarch64 -nodefaults -machine virt,accel=kvm,gic-version=host -cpu host -device virtio-serial-device -device virtconsole -display none -serial stdio -kernel /tmp/tmp.0ZszrNILDT -smp 4 -append 'MP.BBM1+dsb-tlbiis-dsb-dsb+dsb-isb MP.BBM1+dsb-tlbiis-dsb-dsb+dsb MP.BBM1+dsb-tlbiis-dsb-dsb-isb+dsb MP.BBM1+dsb-tlbiis-dsb-dsb-isb+dsb-isb CoWT1+dsb-tlbi-dsb -p -n500000'
P0			P1			P2			P3			

Test MP.BBM1+dsb-tlbiis-dsb-dsb+dsb-isb:
 p1:x0=0  p1:x2=0  : 493133
 p1:x0=1  p1:x2=1  : 3242
 p1:x0=0  p1:x2=1  : 3625
Observation MP.BBM1+dsb-tlbiis-dsb-dsb+dsb-isb.errata: 0 (of 500000)
P0			P1			P2			P3			

Test MP.BBM1+dsb-tlbiis-dsb-dsb+dsb:
 p1:x0=0  p1:x2=0  : 494557
 p1:x0=1  p1:x2=1  : 3132
 p1:x0=0  p1:x2=1  : 2311
Observation MP.BBM1+dsb-tlbiis-dsb-dsb+dsb.errata: 0 (of 500000)
P0			P1			P2			P3			

Test MP.BBM1+dsb-tlbiis-dsb-dsb-isb+dsb:
 p1:x0=0  p1:x2=0  : 494381
 p1:x0=0  p1:x2=1  : 2004
 p1:x0=1  p1:x2=1  : 3615
Observation MP.BBM1+dsb-tlbiis-dsb-dsb-isb+dsb.errata: 0 (of 500000)
P0			P1			P2			P3			

Test MP.BBM1+dsb-tlbiis-dsb-dsb-isb+dsb-isb:
 p1:x0=0  p1:x2=0  : 493721
 p1:x0=0  p1:x2=1  : 2885
 p1:x0=1  p1:x2=1  : 3394
Observation MP.BBM1+dsb-tlbiis-dsb-dsb-isb+dsb-isb.errata: 0 (of 500000)
P0			P1			P2			P3			

Test CoWT1+dsb-tlbi-dsb:
 p0:x2=2  : 500000
Observation CoWT1+dsb-tlbi-dsb.errata: 0 (of 500000)
++ el /tmp/tmp.0ZszrNILDT -smp 4 -append 'MP.BBM1+dsb-tlbiis-dsb-dsb+dsb-isb MP.BBM1+dsb-tlbiis-dsb-dsb+dsb MP.BBM1+dsb-tlbiis-dsb-dsb-isb+dsb MP.BBM1+dsb-tlbiis-dsb-dsb-isb+dsb-isb CoWT1+dsb-tlbi-dsb -p -n500000'
./litmus.exe: line 11: el: command not found
4/100
++ echo Starting bin/litmus.exe
Starting bin/litmus.exe
+++ mktemp
++ tmp=/tmp/tmp.Tx7JaAsRy7
++ base64 -d
++ zcat
++ qemu-system-aarch64 -nodefaults -machine virt,accel=kvm,gic-version=host -cpu host -device virtio-serial-device -device virtconsole -display none -serial stdio -kernel /tmp/tmp.Tx7JaAsRy7 -smp 4 -append 'MP.BBM1+dsb-tlbiis-dsb-dsb+dsb-isb MP.BBM1+dsb-tlbiis-dsb-dsb+dsb MP.BBM1+dsb-tlbiis-dsb-dsb-isb+dsb MP.BBM1+dsb-tlbiis-dsb-dsb-isb+dsb-isb CoWT1+dsb-tlbi-dsb -p -n500000'
P0			P1			P2			P3			

Test MP.BBM1+dsb-tlbiis-dsb-dsb+dsb-isb:
 p1:x0=0  p1:x2=0  : 495454
 p1:x0=0  p1:x2=1  : 1488
 p1:x0=1  p1:x2=1  : 3058
Observation MP.BBM1+dsb-tlbiis-dsb-dsb+dsb-isb.errata: 0 (of 500000)
P0			P1			P2			P3			

Test MP.BBM1+dsb-tlbiis-dsb-dsb+dsb:
 p1:x0=0  p1:x2=0  : 494780
 p1:x0=0  p1:x2=1  : 1801
 p1:x0=1  p1:x2=1  : 3419
Observation MP.BBM1+dsb-tlbiis-dsb-dsb+dsb.errata: 0 (of 500000)
P0			P1			P2			P3			

Test MP.BBM1+dsb-tlbiis-dsb-dsb-isb+dsb:
 p1:x0=1  p1:x2=1  : 3235
 p1:x0=0  p1:x2=0  : 495687
 p1:x0=0  p1:x2=1  : 1078
Observation MP.BBM1+dsb-tlbiis-dsb-dsb-isb+dsb.errata: 0 (of 500000)
P0			P1			P2			P3			

Test MP.BBM1+dsb-tlbiis-dsb-dsb-isb+dsb-isb:
 p1:x0=0  p1:x2=0  : 495215
 p1:x0=0  p1:x2=1  : 1455
 p1:x0=1  p1:x2=1  : 3330
Observation MP.BBM1+dsb-tlbiis-dsb-dsb-isb+dsb-isb.errata: 0 (of 500000)
P0			P1			P2			P3			

Test CoWT1+dsb-tlbi-dsb:
 p0:x2=2  : 500000
Observation CoWT1+dsb-tlbi-dsb.errata: 0 (of 500000)
5/100
++ echo Starting bin/litmus.exe
Starting bin/litmus.exe
+++ mktemp
++ tmp=/tmp/tmp.T7dGxnvc5a
++ base64 -d
++ zcat
++ qemu-system-aarch64 -nodefaults -machine virt,accel=kvm,gic-version=host -cpu host -device virtio-serial-device -device virtconsole -display none -serial stdio -kernel /tmp/tmp.T7dGxnvc5a -smp 4 -append 'MP.BBM1+dsb-tlbiis-dsb-dsb+dsb-isb MP.BBM1+dsb-tlbiis-dsb-dsb+dsb MP.BBM1+dsb-tlbiis-dsb-dsb-isb+dsb MP.BBM1+dsb-tlbiis-dsb-dsb-isb+dsb-isb CoWT1+dsb-tlbi-dsb -p -n500000'
P0			P1			P2			P3			

Test MP.BBM1+dsb-tlbiis-dsb-dsb+dsb-isb:
 p1:x0=0  p1:x2=1  : 44327
 p1:x0=0  p1:x2=0  : 453045
 p1:x0=1  p1:x2=1  : 2628
Observation MP.BBM1+dsb-tlbiis-dsb-dsb+dsb-isb.errata: 0 (of 500000)
P0			P1			P2			P3			

Test MP.BBM1+dsb-tlbiis-dsb-dsb+dsb:
 p1:x0=0  p1:x2=0  : 495535
 p1:x0=0  p1:x2=1  : 1475
 p1:x0=1  p1:x2=1  : 2990
Observation MP.BBM1+dsb-tlbiis-dsb-dsb+dsb.errata: 0 (of 500000)
P0			P1			P2			P3			

Test MP.BBM1+dsb-tlbiis-dsb-dsb-isb+dsb:
 p1:x0=1  p1:x2=1  : 2805
 p1:x0=0  p1:x2=0  : 495878
 p1:x0=0  p1:x2=1  : 1317
Observation MP.BBM1+dsb-tlbiis-dsb-dsb-isb+dsb.errata: 0 (of 500000)
P0			P1			P2			P3			

Test MP.BBM1+dsb-tlbiis-dsb-dsb-isb+dsb-isb:
 p1:x0=0  p1:x2=0  : 494975
 p1:x0=0  p1:x2=1  : 2131
 p1:x0=1  p1:x2=1  : 2894
Observation MP.BBM1+dsb-tlbiis-dsb-dsb-isb+dsb-isb.errata: 0 (of 500000)
P0			P1			P2			P3			

Test CoWT1+dsb-tlbi-dsb:
 p0:x2=2  : 500000
Observation CoWT1+dsb-tlbi-dsb.errata: 0 (of 500000)
6/100
++ echo Starting bin/litmus.exe
Starting bin/litmus.exe
+++ mktemp
++ tmp=/tmp/tmp.NgK3MICEtE
++ base64 -d
++ zcat
++ qemu-system-aarch64 -nodefaults -machine virt,accel=kvm,gic-version=host -cpu host -device virtio-serial-device -device virtconsole -display none -serial stdio -kernel /tmp/tmp.NgK3MICEtE -smp 4 -append 'MP.BBM1+dsb-tlbiis-dsb-dsb+dsb-isb MP.BBM1+dsb-tlbiis-dsb-dsb+dsb MP.BBM1+dsb-tlbiis-dsb-dsb-isb+dsb MP.BBM1+dsb-tlbiis-dsb-dsb-isb+dsb-isb CoWT1+dsb-tlbi-dsb -p -n500000'
P0			P1			P2			P3			

Test MP.BBM1+dsb-tlbiis-dsb-dsb+dsb-isb:
 p1:x0=0  p1:x2=0  : 494632
 p1:x0=1  p1:x2=1  : 2841
 p1:x0=0  p1:x2=1  : 2527
Observation MP.BBM1+dsb-tlbiis-dsb-dsb+dsb-isb.errata: 0 (of 500000)
P0			P1			P2			P3			

Test MP.BBM1+dsb-tlbiis-dsb-dsb+dsb:
 p1:x0=0  p1:x2=0  : 495179
 p1:x0=0  p1:x2=1  : 2056
 p1:x0=1  p1:x2=1  : 2765
Observation MP.BBM1+dsb-tlbiis-dsb-dsb+dsb.errata: 0 (of 500000)
P0			P1			P2			P3			

Test MP.BBM1+dsb-tlbiis-dsb-dsb-isb+dsb:
 p1:x0=1  p1:x2=1  : 3069
 p1:x0=0  p1:x2=0  : 495568
 p1:x0=0  p1:x2=1  : 1363
Observation MP.BBM1+dsb-tlbiis-dsb-dsb-isb+dsb.errata: 0 (of 500000)
P0			P1			P2			P3			

Test MP.BBM1+dsb-tlbiis-dsb-dsb-isb+dsb-isb:
 p1:x0=1  p1:x2=1  : 3000
 p1:x0=1  p1:x2=0  : 1 *
 p1:x0=0  p1:x2=0  : 494761
 p1:x0=0  p1:x2=1  : 2238
Observation MP.BBM1+dsb-tlbiis-dsb-dsb-isb+dsb-isb.errata: 1 (of 500000)
P0			P1			P2			P3			

Test CoWT1+dsb-tlbi-dsb:
 p0:x2=2  : 500000
Observation CoWT1+dsb-tlbi-dsb.errata: 0 (of 500000)
7/100
++ echo Starting bin/litmus.exe
Starting bin/litmus.exe
+++ mktemp
++ tmp=/tmp/tmp.Ah1mGoZIqa
++ base64 -d
++ zcat
++ qemu-system-aarch64 -nodefaults -machine virt,accel=kvm,gic-version=host -cpu host -device virtio-serial-device -device virtconsole -display none -serial stdio -kernel /tmp/tmp.Ah1mGoZIqa -smp 4 -append 'MP.BBM1+dsb-tlbiis-dsb-dsb+dsb-isb MP.BBM1+dsb-tlbiis-dsb-dsb+dsb MP.BBM1+dsb-tlbiis-dsb-dsb-isb+dsb MP.BBM1+dsb-tlbiis-dsb-dsb-isb+dsb-isb CoWT1+dsb-tlbi-dsb -p -n500000'
P0			P1			P2			P3			

Test MP.BBM1+dsb-tlbiis-dsb-dsb+dsb-isb:
 p1:x0=0  p1:x2=0  : 495860
 p1:x0=1  p1:x2=1  : 2863
 p1:x0=0  p1:x2=1  : 1277
Observation MP.BBM1+dsb-tlbiis-dsb-dsb+dsb-isb.errata: 0 (of 500000)
P0			P1			P2			P3			

Test MP.BBM1+dsb-tlbiis-dsb-dsb+dsb:
 p1:x0=0  p1:x2=0  : 495565
 p1:x0=0  p1:x2=1  : 1292
 p1:x0=1  p1:x2=1  : 3143
Observation MP.BBM1+dsb-tlbiis-dsb-dsb+dsb.errata: 0 (of 500000)
P0			P1			P2			P3			

Test MP.BBM1+dsb-tlbiis-dsb-dsb-isb+dsb:
 p1:x0=1  p1:x2=0  : 1 *
 p1:x0=0  p1:x2=0  : 495869
 p1:x0=0  p1:x2=1  : 1026
 p1:x0=1  p1:x2=1  : 3104
Observation MP.BBM1+dsb-tlbiis-dsb-dsb-isb+dsb.errata: 1 (of 500000)
P0			P1			P2			P3			

Test MP.BBM1+dsb-tlbiis-dsb-dsb-isb+dsb-isb:
 p1:x0=0  p1:x2=0  : 495378
 p1:x0=0  p1:x2=1  : 1416
 p1:x0=1  p1:x2=1  : 3206
Observation MP.BBM1+dsb-tlbiis-dsb-dsb-isb+dsb-isb.errata: 0 (of 500000)
P0			P1			P2			P3			

Test CoWT1+dsb-tlbi-dsb:
 p0:x2=2  : 500000
Observation CoWT1+dsb-tlbi-dsb.errata: 0 (of 500000)
8/100
++ echo Starting bin/litmus.exe
Starting bin/litmus.exe
+++ mktemp
++ tmp=/tmp/tmp.3e4GHYEEA9
++ base64 -d
++ zcat
++ qemu-system-aarch64 -nodefaults -machine virt,accel=kvm,gic-version=host -cpu host -device virtio-serial-device -device virtconsole -display none -serial stdio -kernel /tmp/tmp.3e4GHYEEA9 -smp 4 -append 'MP.BBM1+dsb-tlbiis-dsb-dsb+dsb-isb MP.BBM1+dsb-tlbiis-dsb-dsb+dsb MP.BBM1+dsb-tlbiis-dsb-dsb-isb+dsb MP.BBM1+dsb-tlbiis-dsb-dsb-isb+dsb-isb CoWT1+dsb-tlbi-dsb -p -n500000'
P0			P1			P2			P3			

Test MP.BBM1+dsb-tlbiis-dsb-dsb+dsb-isb:
 p1:x0=0  p1:x2=0  : 495056
 p1:x0=0  p1:x2=1  : 2340
 p1:x0=1  p1:x2=1  : 2604
Observation MP.BBM1+dsb-tlbiis-dsb-dsb+dsb-isb.errata: 0 (of 500000)
P0			P1			P2			P3			

Test MP.BBM1+dsb-tlbiis-dsb-dsb+dsb:
 p1:x0=0  p1:x2=0  : 495996
 p1:x0=0  p1:x2=1  : 1117
 p1:x0=1  p1:x2=1  : 2887
Observation MP.BBM1+dsb-tlbiis-dsb-dsb+dsb.errata: 0 (of 500000)
P0			P1			P2			P3			

Test MP.BBM1+dsb-tlbiis-dsb-dsb-isb+dsb:
 p1:x0=1  p1:x2=0  : 1 *
 p1:x0=0  p1:x2=0  : 496313
 p1:x0=0  p1:x2=1  : 1003
 p1:x0=1  p1:x2=1  : 2683
Observation MP.BBM1+dsb-tlbiis-dsb-dsb-isb+dsb.errata: 1 (of 500000)
P0			P1			P2			P3			

Test MP.BBM1+dsb-tlbiis-dsb-dsb-isb+dsb-isb:
 p1:x0=0  p1:x2=0  : 495000
 p1:x0=0  p1:x2=1  : 1788
 p1:x0=1  p1:x2=1  : 3212
Observation MP.BBM1+dsb-tlbiis-dsb-dsb-isb+dsb-isb.errata: 0 (of 500000)
P0			P1			P2			P3			

Test CoWT1+dsb-tlbi-dsb:
 p0:x2=2  : 500000
Observation CoWT1+dsb-tlbi-dsb.errata: 0 (of 500000)
9/100
++ echo Starting bin/litmus.exe
Starting bin/litmus.exe
+++ mktemp
++ tmp=/tmp/tmp.me4V6xQ0pm
++ base64 -d
++ zcat
++ qemu-system-aarch64 -nodefaults -machine virt,accel=kvm,gic-version=host -cpu host -device virtio-serial-device -device virtconsole -display none -serial stdio -kernel /tmp/tmp.me4V6xQ0pm -smp 4 -append 'MP.BBM1+dsb-tlbiis-dsb-dsb+dsb-isb MP.BBM1+dsb-tlbiis-dsb-dsb+dsb MP.BBM1+dsb-tlbiis-dsb-dsb-isb+dsb MP.BBM1+dsb-tlbiis-dsb-dsb-isb+dsb-isb CoWT1+dsb-tlbi-dsb -p -n500000'
P0			P1			P2			P3			

Test MP.BBM1+dsb-tlbiis-dsb-dsb+dsb-isb:
 p1:x0=0  p1:x2=0  : 494435
 p1:x0=0  p1:x2=1  : 2519
 p1:x0=1  p1:x2=1  : 3046
Observation MP.BBM1+dsb-tlbiis-dsb-dsb+dsb-isb.errata: 0 (of 500000)
P0			P1			P2			P3			

Test MP.BBM1+dsb-tlbiis-dsb-dsb+dsb:
 p1:x0=0  p1:x2=0  : 495091
 p1:x0=0  p1:x2=1  : 1687
 p1:x0=1  p1:x2=1  : 3222
Observation MP.BBM1+dsb-tlbiis-dsb-dsb+dsb.errata: 0 (of 500000)
P0			P1			P2			P3			

Test MP.BBM1+dsb-tlbiis-dsb-dsb-isb+dsb:
 p1:x0=1  p1:x2=0  : 1 *
 p1:x0=0  p1:x2=0  : 495308
 p1:x0=1  p1:x2=1  : 3309
 p1:x0=0  p1:x2=1  : 1382
Observation MP.BBM1+dsb-tlbiis-dsb-dsb-isb+dsb.errata: 1 (of 500000)
P0			P1			P2			P3			

Test MP.BBM1+dsb-tlbiis-dsb-dsb-isb+dsb-isb:
 p1:x0=0  p1:x2=1  : 2105
 p1:x0=0  p1:x2=0  : 494642
 p1:x0=1  p1:x2=1  : 3253
Observation MP.BBM1+dsb-tlbiis-dsb-dsb-isb+dsb-isb.errata: 0 (of 500000)
P0			P1			P2			P3			

Test CoWT1+dsb-tlbi-dsb:
 p0:x2=2  : 500000
Observation CoWT1+dsb-tlbi-dsb.errata: 0 (of 500000)
10/100
++ echo Starting bin/litmus.exe
Starting bin/litmus.exe
+++ mktemp
++ tmp=/tmp/tmp.LZ2VfzBAfL
++ base64 -d
++ zcat
++ qemu-system-aarch64 -nodefaults -machine virt,accel=kvm,gic-version=host -cpu host -device virtio-serial-device -device virtconsole -display none -serial stdio -kernel /tmp/tmp.LZ2VfzBAfL -smp 4 -append 'MP.BBM1+dsb-tlbiis-dsb-dsb+dsb-isb MP.BBM1+dsb-tlbiis-dsb-dsb+dsb MP.BBM1+dsb-tlbiis-dsb-dsb-isb+dsb MP.BBM1+dsb-tlbiis-dsb-dsb-isb+dsb-isb CoWT1+dsb-tlbi-dsb -p -n500000'
P0			P1			P2			P3			

Test MP.BBM1+dsb-tlbiis-dsb-dsb+dsb-isb:
 p1:x0=0  p1:x2=0  : 495017
 p1:x0=1  p1:x2=1  : 2932
 p1:x0=0  p1:x2=1  : 2051
Observation MP.BBM1+dsb-tlbiis-dsb-dsb+dsb-isb.errata: 0 (of 500000)
P0			P1			P2			P3			

Test MP.BBM1+dsb-tlbiis-dsb-dsb+dsb:
 p1:x0=0  p1:x2=0  : 495846
 p1:x0=0  p1:x2=1  : 1346
 p1:x0=1  p1:x2=1  : 2808
Observation MP.BBM1+dsb-tlbiis-dsb-dsb+dsb.errata: 0 (of 500000)
P0			P1			P2			P3			

Test MP.BBM1+dsb-tlbiis-dsb-dsb-isb+dsb:
 p1:x0=1  p1:x2=0  : 1 *
 p1:x0=0  p1:x2=0  : 495736
 p1:x0=1  p1:x2=1  : 3003
 p1:x0=0  p1:x2=1  : 1260
Observation MP.BBM1+dsb-tlbiis-dsb-dsb-isb+dsb.errata: 1 (of 500000)
P0			P1			P2			P3			

Test MP.BBM1+dsb-tlbiis-dsb-dsb-isb+dsb-isb:
 p1:x0=0  p1:x2=0  : 495456
 p1:x0=0  p1:x2=1  : 1624
 p1:x0=1  p1:x2=1  : 2920
Observation MP.BBM1+dsb-tlbiis-dsb-dsb-isb+dsb-isb.errata: 0 (of 500000)
P0			P1			P2			P3			

Test CoWT1+dsb-tlbi-dsb:
 p0:x2=2  : 500000
Observation CoWT1+dsb-tlbi-dsb.errata: 0 (of 500000)
11/100
++ echo Starting bin/litmus.exe
Starting bin/litmus.exe
+++ mktemp
++ tmp=/tmp/tmp.7sNLmzVEx3
++ base64 -d
++ zcat
++ qemu-system-aarch64 -nodefaults -machine virt,accel=kvm,gic-version=host -cpu host -device virtio-serial-device -device virtconsole -display none -serial stdio -kernel /tmp/tmp.7sNLmzVEx3 -smp 4 -append 'MP.BBM1+dsb-tlbiis-dsb-dsb+dsb-isb MP.BBM1+dsb-tlbiis-dsb-dsb+dsb MP.BBM1+dsb-tlbiis-dsb-dsb-isb+dsb MP.BBM1+dsb-tlbiis-dsb-dsb-isb+dsb-isb CoWT1+dsb-tlbi-dsb -p -n500000'
P0			P1			P2			P3			

Test MP.BBM1+dsb-tlbiis-dsb-dsb+dsb-isb:
 p1:x0=0  p1:x2=0  : 495133
 p1:x0=1  p1:x2=1  : 3463
 p1:x0=0  p1:x2=1  : 1404
Observation MP.BBM1+dsb-tlbiis-dsb-dsb+dsb-isb.errata: 0 (of 500000)
P0			P1			P2			P3			

Test MP.BBM1+dsb-tlbiis-dsb-dsb+dsb:
 p1:x0=0  p1:x2=0  : 495346
 p1:x0=1  p1:x2=1  : 3399
 p1:x0=0  p1:x2=1  : 1255
Observation MP.BBM1+dsb-tlbiis-dsb-dsb+dsb.errata: 0 (of 500000)
P0			P1			P2			P3			

Test MP.BBM1+dsb-tlbiis-dsb-dsb-isb+dsb:
 p1:x0=1  p1:x2=1  : 3276
 p1:x0=0  p1:x2=0  : 495661
 p1:x0=1  p1:x2=0  : 1 *
 p1:x0=0  p1:x2=1  : 1062
Observation MP.BBM1+dsb-tlbiis-dsb-dsb-isb+dsb.errata: 1 (of 500000)
P0			P1			P2			P3			

Test MP.BBM1+dsb-tlbiis-dsb-dsb-isb+dsb-isb:
 p1:x0=0  p1:x2=0  : 495849
 p1:x0=1  p1:x2=1  : 2920
 p1:x0=0  p1:x2=1  : 1231
Observation MP.BBM1+dsb-tlbiis-dsb-dsb-isb+dsb-isb.errata: 0 (of 500000)
P0			P1			P2			P3			

Test CoWT1+dsb-tlbi-dsb:
 p0:x2=2  : 500000
Observation CoWT1+dsb-tlbi-dsb.errata: 0 (of 500000)
12/100
++ echo Starting bin/litmus.exe
Starting bin/litmus.exe
+++ mktemp
++ tmp=/tmp/tmp.7d66Fpl3t0
++ base64 -d
++ zcat
++ qemu-system-aarch64 -nodefaults -machine virt,accel=kvm,gic-version=host -cpu host -device virtio-serial-device -device virtconsole -display none -serial stdio -kernel /tmp/tmp.7d66Fpl3t0 -smp 4 -append 'MP.BBM1+dsb-tlbiis-dsb-dsb+dsb-isb MP.BBM1+dsb-tlbiis-dsb-dsb+dsb MP.BBM1+dsb-tlbiis-dsb-dsb-isb+dsb MP.BBM1+dsb-tlbiis-dsb-dsb-isb+dsb-isb CoWT1+dsb-tlbi-dsb -p -n500000'
P0			P1			P2			P3			

Test MP.BBM1+dsb-tlbiis-dsb-dsb+dsb-isb:
 p1:x0=0  p1:x2=0  : 495499
 p1:x0=1  p1:x2=1  : 3115
 p1:x0=0  p1:x2=1  : 1386
Observation MP.BBM1+dsb-tlbiis-dsb-dsb+dsb-isb.errata: 0 (of 500000)
P0			P1			P2			P3			

Test MP.BBM1+dsb-tlbiis-dsb-dsb+dsb:
 p1:x0=0  p1:x2=0  : 495216
 p1:x0=0  p1:x2=1  : 1201
 p1:x0=1  p1:x2=1  : 3583
Observation MP.BBM1+dsb-tlbiis-dsb-dsb+dsb.errata: 0 (of 500000)
P0			P1			P2			P3			
