++ echo Starting bin/litmus.exe
Starting bin/litmus.exe
+++ mktemp
++ tmp=/tmp/tmp.CLlvpNWDdm
++ base64 -d
++ zcat
++ qemu-system-aarch64 -nodefaults -machine virt,accel=kvm,gic-version=host -cpu host -device virtio-serial-device -device virtconsole -display none -serial stdio -kernel /tmp/tmp.CLlvpNWDdm -smp 4 -append 'MP.RT1+dc-dsb-tlbiall-dsb+dsb-isb WRC.TRT1.broken+dsb-tlbiis-dsb+dmb -p -n500000'
P0			P1			P2			P3			

Test MP.RT1+dc-dsb-tlbiall-dsb+dsb-isb:
 p1:x0=0  p1:x2=0  : 153896
 p1:x0=0  p1:x2=1  : 341192
 p1:x0=1  p1:x2=1  : 4912
Observation MP.RT1+dc-dsb-tlbiall-dsb+dsb-isb: 0 (of 500000)
P0			P1			P2			P3			

Test WRC.TRT1.broken+dsb-tlbiis-dsb+dmb:
 p1:x0=0  p2:x0=1  p2:x2=0  : 34
 p1:x0=0  p2:x0=0  p2:x2=0  : 161915
 p1:x0=1  p2:x0=0  p2:x2=1  : 81559
 p1:x0=1  p2:x0=0  p2:x2=0  : 114455
 p1:x0=0  p2:x0=0  p2:x2=1  : 138068
 p1:x0=0  p2:x0=1  p2:x2=1  : 2196
 p1:x0=1  p2:x0=1  p2:x2=1  : 1773
Observation WRC.TRT1.broken+dsb-tlbiis-dsb+dmb: 0 (of 500000)
++ echo Starting bin/litmus.exe
Starting bin/litmus.exe
+++ mktemp
++ tmp=/tmp/tmp.hH30F0vdlq
++ base64 -d
++ zcat
++ qemu-system-aarch64 -nodefaults -machine virt,accel=kvm,gic-version=host -cpu host -device virtio-serial-device -device virtconsole -display none -serial stdio -kernel /tmp/tmp.hH30F0vdlq -smp 4 -append 'MP.RT1+dc-dsb-tlbiall-dsb+dsb-isb WRC.TRT1.broken+dsb-tlbiis-dsb+dmb -p -n500000'
P0			P1			P2			P3			

Test MP.RT1+dc-dsb-tlbiall-dsb+dsb-isb:
 p1:x0=0  p1:x2=0  : 149660
 p1:x0=0  p1:x2=1  : 346171
 p1:x0=1  p1:x2=1  : 4169
Observation MP.RT1+dc-dsb-tlbiall-dsb+dsb-isb: 0 (of 500000)
P0			P1			P2			P3			

Test WRC.TRT1.broken+dsb-tlbiis-dsb+dmb:
 p1:x0=0  p2:x0=1  p2:x2=0  : 44
 p1:x0=0  p2:x0=0  p2:x2=0  : 111774
 p1:x0=1  p2:x0=0  p2:x2=1  : 103652
 p1:x0=1  p2:x0=0  p2:x2=0  : 108099
 p1:x0=0  p2:x0=0  p2:x2=1  : 169278
 p1:x0=0  p2:x0=1  p2:x2=1  : 3679
 p1:x0=1  p2:x0=1  p2:x2=1  : 3474
Observation WRC.TRT1.broken+dsb-tlbiis-dsb+dmb: 0 (of 500000)
++ echo Starting bin/litmus.exe
Starting bin/litmus.exe
+++ mktemp
++ tmp=/tmp/tmp.XhxEWFoznS
++ base64 -d
++ zcat
++ qemu-system-aarch64 -nodefaults -machine virt,accel=kvm,gic-version=host -cpu host -device virtio-serial-device -device virtconsole -display none -serial stdio -kernel /tmp/tmp.XhxEWFoznS -smp 4 -append 'MP.RT1+dc-dsb-tlbiall-dsb+dsb-isb WRC.TRT1.broken+dsb-tlbiis-dsb+dmb -p -n500000'
P0			P1			P2			P3			

Test MP.RT1+dc-dsb-tlbiall-dsb+dsb-isb:
 p1:x0=0  p1:x2=0  : 159344
 p1:x0=0  p1:x2=1  : 336685
 p1:x0=1  p1:x2=1  : 3971
Observation MP.RT1+dc-dsb-tlbiall-dsb+dsb-isb: 0 (of 500000)
P0			P1			P2			P3			

Test WRC.TRT1.broken+dsb-tlbiis-dsb+dmb:
 p1:x0=0  p2:x0=1  p2:x2=0  : 34
 p1:x0=0  p2:x0=0  p2:x2=1  : 138737
 p1:x0=1  p2:x0=0  p2:x2=1  : 80808
 p1:x0=0  p2:x0=0  p2:x2=0  : 163598
 p1:x0=1  p2:x0=0  p2:x2=0  : 111934
 p1:x0=0  p2:x0=1  p2:x2=1  : 2716
 p1:x0=1  p2:x0=1  p2:x2=1  : 2173
Observation WRC.TRT1.broken+dsb-tlbiis-dsb+dmb: 0 (of 500000)
++ echo Starting bin/litmus.exe
Starting bin/litmus.exe
+++ mktemp
++ tmp=/tmp/tmp.RhonhuDXET
++ base64 -d
++ zcat
++ qemu-system-aarch64 -nodefaults -machine virt,accel=kvm,gic-version=host -cpu host -device virtio-serial-device -device virtconsole -display none -serial stdio -kernel /tmp/tmp.RhonhuDXET -smp 4 -append 'MP.RT1+dc-dsb-tlbiall-dsb+dsb-isb WRC.TRT1.broken+dsb-tlbiis-dsb+dmb -p -n500000'
P0			P1			P2			P3			

Test MP.RT1+dc-dsb-tlbiall-dsb+dsb-isb:
 p1:x0=0  p1:x2=0  : 155217
 p1:x0=0  p1:x2=1  : 341349
 p1:x0=1  p1:x2=1  : 3434
Observation MP.RT1+dc-dsb-tlbiall-dsb+dsb-isb: 0 (of 500000)
P0			P1			P2			P3			

Test WRC.TRT1.broken+dsb-tlbiis-dsb+dmb:
 p1:x0=0  p2:x0=0  p2:x2=0  : 122033
 p1:x0=1  p2:x0=0  p2:x2=1  : 91753
 p1:x0=1  p2:x0=0  p2:x2=0  : 103623
 p1:x0=0  p2:x0=0  p2:x2=1  : 178299
 p1:x0=0  p2:x0=1  p2:x2=1  : 2436
 p1:x0=1  p2:x0=1  p2:x2=1  : 1818
 p1:x0=0  p2:x0=1  p2:x2=0  : 38
Observation WRC.TRT1.broken+dsb-tlbiis-dsb+dmb: 0 (of 500000)
++ echo Starting bin/litmus.exe
Starting bin/litmus.exe
+++ mktemp
++ tmp=/tmp/tmp.P7o0aqYwSA
++ base64 -d
++ zcat
++ qemu-system-aarch64 -nodefaults -machine virt,accel=kvm,gic-version=host -cpu host -device virtio-serial-device -device virtconsole -display none -serial stdio -kernel /tmp/tmp.P7o0aqYwSA -smp 4 -append 'MP.RT1+dc-dsb-tlbiall-dsb+dsb-isb WRC.TRT1.broken+dsb-tlbiis-dsb+dmb -p -n500000'
P0			P1			P2			P3			

Test MP.RT1+dc-dsb-tlbiall-dsb+dsb-isb:
 p1:x0=0  p1:x2=0  : 158777
 p1:x0=0  p1:x2=1  : 335234
 p1:x0=1  p1:x2=1  : 5989
Observation MP.RT1+dc-dsb-tlbiall-dsb+dsb-isb: 0 (of 500000)
P0			P1			P2			P3			

Test WRC.TRT1.broken+dsb-tlbiis-dsb+dmb:
 p1:x0=1  p2:x0=1  p2:x2=1  : 1448
 p1:x0=0  p2:x0=0  p2:x2=0  : 162481
 p1:x0=1  p2:x0=0  p2:x2=1  : 80598
 p1:x0=0  p2:x0=0  p2:x2=1  : 141068
 p1:x0=1  p2:x0=0  p2:x2=0  : 112380
 p1:x0=0  p2:x0=1  p2:x2=1  : 1986
 p1:x0=0  p2:x0=1  p2:x2=0  : 39
Observation WRC.TRT1.broken+dsb-tlbiis-dsb+dmb: 0 (of 500000)
++ echo Starting bin/litmus.exe
Starting bin/litmus.exe
+++ mktemp
++ tmp=/tmp/tmp.o3PF4KdkGe
++ base64 -d
++ zcat
++ qemu-system-aarch64 -nodefaults -machine virt,accel=kvm,gic-version=host -cpu host -device virtio-serial-device -device virtconsole -display none -serial stdio -kernel /tmp/tmp.o3PF4KdkGe -smp 4 -append 'MP.RT1+dc-dsb-tlbiall-dsb+dsb-isb WRC.TRT1.broken+dsb-tlbiis-dsb+dmb -p -n500000'
P0			P1			P2			P3			

Test MP.RT1+dc-dsb-tlbiall-dsb+dsb-isb:
 p1:x0=0  p1:x2=0  : 151246
 p1:x0=0  p1:x2=1  : 344047
 p1:x0=1  p1:x2=1  : 4707
Observation MP.RT1+dc-dsb-tlbiall-dsb+dsb-isb: 0 (of 500000)
P0			P1			P2			P3			

Test WRC.TRT1.broken+dsb-tlbiis-dsb+dmb:
 p1:x0=0  p2:x0=1  p2:x2=0  : 26
 p1:x0=0  p2:x0=0  p2:x2=0  : 156817
 p1:x0=1  p2:x0=0  p2:x2=1  : 87354
 p1:x0=1  p2:x0=0  p2:x2=0  : 116523
 p1:x0=0  p2:x0=0  p2:x2=1  : 135532
 p1:x0=0  p2:x0=1  p2:x2=1  : 2094
 p1:x0=1  p2:x0=1  p2:x2=1  : 1654
Observation WRC.TRT1.broken+dsb-tlbiis-dsb+dmb: 0 (of 500000)
++ echo Starting bin/litmus.exe
Starting bin/litmus.exe
+++ mktemp
++ tmp=/tmp/tmp.EhstUuMU6C
++ base64 -d
++ zcat
++ qemu-system-aarch64 -nodefaults -machine virt,accel=kvm,gic-version=host -cpu host -device virtio-serial-device -device virtconsole -display none -serial stdio -kernel /tmp/tmp.EhstUuMU6C -smp 4 -append 'MP.RT1+dc-dsb-tlbiall-dsb+dsb-isb WRC.TRT1.broken+dsb-tlbiis-dsb+dmb -p -n500000'
P0			P1			P2			P3			

Test MP.RT1+dc-dsb-tlbiall-dsb+dsb-isb:
 p1:x0=1  p1:x2=1  : 4337
 p1:x0=0  p1:x2=1  : 337926
 p1:x0=0  p1:x2=0  : 157737
Observation MP.RT1+dc-dsb-tlbiall-dsb+dsb-isb: 0 (of 500000)
P0			P1			P2			P3			

Test WRC.TRT1.broken+dsb-tlbiis-dsb+dmb:
 p1:x0=0  p2:x0=1  p2:x2=0  : 30
 p1:x0=0  p2:x0=0  p2:x2=0  : 156786
 p1:x0=1  p2:x0=0  p2:x2=1  : 85010
 p1:x0=1  p2:x0=0  p2:x2=0  : 116656
 p1:x0=0  p2:x0=0  p2:x2=1  : 137589
 p1:x0=0  p2:x0=1  p2:x2=1  : 2189
 p1:x0=1  p2:x0=1  p2:x2=1  : 1740
Observation WRC.TRT1.broken+dsb-tlbiis-dsb+dmb: 0 (of 500000)
++ echo Starting bin/litmus.exe
Starting bin/litmus.exe
+++ mktemp
++ tmp=/tmp/tmp.q3w4HzlCep
++ base64 -d
++ zcat
++ qemu-system-aarch64 -nodefaults -machine virt,accel=kvm,gic-version=host -cpu host -device virtio-serial-device -device virtconsole -display none -serial stdio -kernel /tmp/tmp.q3w4HzlCep -smp 4 -append 'MP.RT1+dc-dsb-tlbiall-dsb+dsb-isb WRC.TRT1.broken+dsb-tlbiis-dsb+dmb -p -n500000'
P0			P1			P2			P3			

Test MP.RT1+dc-dsb-tlbiall-dsb+dsb-isb:
 p1:x0=0  p1:x2=0  : 149172
 p1:x0=0  p1:x2=1  : 343995
 p1:x0=1  p1:x2=1  : 6833
Observation MP.RT1+dc-dsb-tlbiall-dsb+dsb-isb: 0 (of 500000)
P0			P1			P2			P3			

Test WRC.TRT1.broken+dsb-tlbiis-dsb+dmb:
 p1:x0=0  p2:x0=0  p2:x2=0  : 158260
 p1:x0=1  p2:x0=0  p2:x2=1  : 82823
 p1:x0=0  p2:x0=0  p2:x2=1  : 138477
 p1:x0=1  p2:x0=0  p2:x2=0  : 114367
 p1:x0=0  p2:x0=1  p2:x2=1  : 3388
 p1:x0=1  p2:x0=1  p2:x2=1  : 2653
 p1:x0=0  p2:x0=1  p2:x2=0  : 32
Observation WRC.TRT1.broken+dsb-tlbiis-dsb+dmb: 0 (of 500000)
++ echo Starting bin/litmus.exe
Starting bin/litmus.exe
+++ mktemp
++ tmp=/tmp/tmp.qQVXEZCkNy
++ base64 -d
++ zcat
++ qemu-system-aarch64 -nodefaults -machine virt,accel=kvm,gic-version=host -cpu host -device virtio-serial-device -device virtconsole -display none -serial stdio -kernel /tmp/tmp.qQVXEZCkNy -smp 4 -append 'MP.RT1+dc-dsb-tlbiall-dsb+dsb-isb WRC.TRT1.broken+dsb-tlbiis-dsb+dmb -p -n500000'
P0			P1			P2			P3			

Test MP.RT1+dc-dsb-tlbiall-dsb+dsb-isb:
 p1:x0=0  p1:x2=0  : 161803
 p1:x0=1  p1:x2=1  : 4740
 p1:x0=0  p1:x2=1  : 333457
Observation MP.RT1+dc-dsb-tlbiall-dsb+dsb-isb: 0 (of 500000)
P0			P1			P2			P3			

Test WRC.TRT1.broken+dsb-tlbiis-dsb+dmb:
 p1:x0=0  p2:x0=0  p2:x2=0  : 122123
 p1:x0=1  p2:x0=0  p2:x2=1  : 91848
 p1:x0=0  p2:x0=0  p2:x2=1  : 176939
 p1:x0=1  p2:x0=0  p2:x2=0  : 103352
 p1:x0=0  p2:x0=1  p2:x2=1  : 3298
 p1:x0=1  p2:x0=1  p2:x2=1  : 2394
 p1:x0=0  p2:x0=1  p2:x2=0  : 46
Observation WRC.TRT1.broken+dsb-tlbiis-dsb+dmb: 0 (of 500000)
++ echo Starting bin/litmus.exe
Starting bin/litmus.exe
+++ mktemp
++ tmp=/tmp/tmp.Or7FIagOWZ
++ base64 -d
++ zcat
++ qemu-system-aarch64 -nodefaults -machine virt,accel=kvm,gic-version=host -cpu host -device virtio-serial-device -device virtconsole -display none -serial stdio -kernel /tmp/tmp.Or7FIagOWZ -smp 4 -append 'MP.RT1+dc-dsb-tlbiall-dsb+dsb-isb WRC.TRT1.broken+dsb-tlbiis-dsb+dmb -p -n500000'
P0			P1			P2			P3			

Test MP.RT1+dc-dsb-tlbiall-dsb+dsb-isb:
 p1:x0=0  p1:x2=0  : 172415
 p1:x0=0  p1:x2=1  : 322332
 p1:x0=1  p1:x2=1  : 5253
Observation MP.RT1+dc-dsb-tlbiall-dsb+dsb-isb: 0 (of 500000)
P0			P1			P2			P3			

Test WRC.TRT1.broken+dsb-tlbiis-dsb+dmb:
 p1:x0=0  p2:x0=0  p2:x2=0  : 172464
 p1:x0=0  p2:x0=0  p2:x2=1  : 134948
 p1:x0=1  p2:x0=0  p2:x2=0  : 111859
 p1:x0=1  p2:x0=0  p2:x2=1  : 74589
 p1:x0=0  p2:x0=1  p2:x2=1  : 3587
 p1:x0=1  p2:x0=1  p2:x2=1  : 2516
 p1:x0=0  p2:x0=1  p2:x2=0  : 37
Observation WRC.TRT1.broken+dsb-tlbiis-dsb+dmb: 0 (of 500000)
++ echo Starting bin/litmus.exe
Starting bin/litmus.exe
+++ mktemp
++ tmp=/tmp/tmp.p3oJFqNk3E
++ base64 -d
++ zcat
++ qemu-system-aarch64 -nodefaults -machine virt,accel=kvm,gic-version=host -cpu host -device virtio-serial-device -device virtconsole -display none -serial stdio -kernel /tmp/tmp.p3oJFqNk3E -smp 4 -append 'MP.RT1+dc-dsb-tlbiall-dsb+dsb-isb WRC.TRT1.broken+dsb-tlbiis-dsb+dmb -p -n500000'
P0			P1			P2			P3			

Test MP.RT1+dc-dsb-tlbiall-dsb+dsb-isb:
 p1:x0=0  p1:x2=0  : 148406
 p1:x0=0  p1:x2=1  : 347203
 p1:x0=1  p1:x2=1  : 4391
Observation MP.RT1+dc-dsb-tlbiall-dsb+dsb-isb: 0 (of 500000)
P0			P1			P2			P3			

Test WRC.TRT1.broken+dsb-tlbiis-dsb+dmb:
 p1:x0=0  p2:x0=0  p2:x2=0  : 157959
 p1:x0=1  p2:x0=0  p2:x2=1  : 84236
 p1:x0=1  p2:x0=0  p2:x2=0  : 113707
 p1:x0=0  p2:x0=0  p2:x2=1  : 139603
 p1:x0=0  p2:x0=1  p2:x2=0  : 37
 p1:x0=0  p2:x0=1  p2:x2=1  : 2410
 p1:x0=1  p2:x0=1  p2:x2=1  : 2048
Observation WRC.TRT1.broken+dsb-tlbiis-dsb+dmb: 0 (of 500000)
++ echo Starting bin/litmus.exe
Starting bin/litmus.exe
+++ mktemp
++ tmp=/tmp/tmp.fEWegwQheS
++ base64 -d
++ zcat
++ qemu-system-aarch64 -nodefaults -machine virt,accel=kvm,gic-version=host -cpu host -device virtio-serial-device -device virtconsole -display none -serial stdio -kernel /tmp/tmp.fEWegwQheS -smp 4 -append 'MP.RT1+dc-dsb-tlbiall-dsb+dsb-isb WRC.TRT1.broken+dsb-tlbiis-dsb+dmb -p -n500000'
P0			P1			P2			P3			

Test MP.RT1+dc-dsb-tlbiall-dsb+dsb-isb:
 p1:x0=0  p1:x2=0  : 155446
 p1:x0=0  p1:x2=1  : 340417
 p1:x0=1  p1:x2=1  : 4137
Observation MP.RT1+dc-dsb-tlbiall-dsb+dsb-isb: 0 (of 500000)
P0			P1			P2			P3			

Test WRC.TRT1.broken+dsb-tlbiis-dsb+dmb:
 p1:x0=0  p2:x0=0  p2:x2=0  : 164951
 p1:x0=0  p2:x0=0  p2:x2=1  : 139956
 p1:x0=1  p2:x0=0  p2:x2=0  : 111182
 p1:x0=1  p2:x0=0  p2:x2=1  : 79310
 p1:x0=0  p2:x0=1  p2:x2=1  : 2705
 p1:x0=1  p2:x0=1  p2:x2=1  : 1852
 p1:x0=0  p2:x0=1  p2:x2=0  : 44
Observation WRC.TRT1.broken+dsb-tlbiis-dsb+dmb: 0 (of 500000)
++ echo Starting bin/litmus.exe
Starting bin/litmus.exe
+++ mktemp
++ tmp=/tmp/tmp.GrHDnrYHRj
++ base64 -d
++ zcat
++ qemu-system-aarch64 -nodefaults -machine virt,accel=kvm,gic-version=host -cpu host -device virtio-serial-device -device virtconsole -display none -serial stdio -kernel /tmp/tmp.GrHDnrYHRj -smp 4 -append 'MP.RT1+dc-dsb-tlbiall-dsb+dsb-isb WRC.TRT1.broken+dsb-tlbiis-dsb+dmb -p -n500000'
P0			P1			P2			P3			

Test MP.RT1+dc-dsb-tlbiall-dsb+dsb-isb:
 p1:x0=1  p1:x2=1  : 5228
 p1:x0=0  p1:x2=0  : 151397
 p1:x0=0  p1:x2=1  : 343375
Observation MP.RT1+dc-dsb-tlbiall-dsb+dsb-isb: 0 (of 500000)
P0			P1			P2			P3			

Test WRC.TRT1.broken+dsb-tlbiis-dsb+dmb:
 p1:x0=0  p2:x0=1  p2:x2=0  : 24
 p1:x0=0  p2:x0=0  p2:x2=0  : 147873
 p1:x0=1  p2:x0=0  p2:x2=1  : 91701
 p1:x0=1  p2:x0=0  p2:x2=0  : 115586
 p1:x0=0  p2:x0=0  p2:x2=1  : 138693
 p1:x0=0  p2:x0=1  p2:x2=1  : 3265
 p1:x0=1  p2:x0=1  p2:x2=1  : 2858
Observation WRC.TRT1.broken+dsb-tlbiis-dsb+dmb: 0 (of 500000)
++ echo Starting bin/litmus.exe
Starting bin/litmus.exe
+++ mktemp
++ tmp=/tmp/tmp.WfY5G9LtlH
++ base64 -d
++ zcat
++ qemu-system-aarch64 -nodefaults -machine virt,accel=kvm,gic-version=host -cpu host -device virtio-serial-device -device virtconsole -display none -serial stdio -kernel /tmp/tmp.WfY5G9LtlH -smp 4 -append 'MP.RT1+dc-dsb-tlbiall-dsb+dsb-isb WRC.TRT1.broken+dsb-tlbiis-dsb+dmb -p -n500000'
P0			P1			P2			P3			

Test MP.RT1+dc-dsb-tlbiall-dsb+dsb-isb:
 p1:x0=0  p1:x2=0  : 162750
 p1:x0=0  p1:x2=1  : 333098
 p1:x0=1  p1:x2=1  : 4152
Observation MP.RT1+dc-dsb-tlbiall-dsb+dsb-isb: 0 (of 500000)
P0			P1			P2			P3			

Test WRC.TRT1.broken+dsb-tlbiis-dsb+dmb:
 p1:x0=1  p2:x0=0  p2:x2=1  : 80130
 p1:x0=0  p2:x0=0  p2:x2=0  : 163127
 p1:x0=1  p2:x0=0  p2:x2=0  : 112653
 p1:x0=0  p2:x0=0  p2:x2=1  : 137751
 p1:x0=0  p2:x0=1  p2:x2=1  : 3461
 p1:x0=1  p2:x0=1  p2:x2=1  : 2834
 p1:x0=0  p2:x0=1  p2:x2=0  : 44
Observation WRC.TRT1.broken+dsb-tlbiis-dsb+dmb: 0 (of 500000)
++ echo Starting bin/litmus.exe
Starting bin/litmus.exe
+++ mktemp
++ tmp=/tmp/tmp.74w8v2SjTh
++ base64 -d
++ zcat
++ qemu-system-aarch64 -nodefaults -machine virt,accel=kvm,gic-version=host -cpu host -device virtio-serial-device -device virtconsole -display none -serial stdio -kernel /tmp/tmp.74w8v2SjTh -smp 4 -append 'MP.RT1+dc-dsb-tlbiall-dsb+dsb-isb WRC.TRT1.broken+dsb-tlbiis-dsb+dmb -p -n500000'
P0			P1			P2			P3			

Test MP.RT1+dc-dsb-tlbiall-dsb+dsb-isb:
 p1:x0=0  p1:x2=0  : 155648
 p1:x0=0  p1:x2=1  : 339802
 p1:x0=1  p1:x2=1  : 4550
Observation MP.RT1+dc-dsb-tlbiall-dsb+dsb-isb: 0 (of 500000)
P0			P1			P2			P3			

Test WRC.TRT1.broken+dsb-tlbiis-dsb+dmb:
 p1:x0=0  p2:x0=1  p2:x2=0  : 38
 p1:x0=0  p2:x0=0  p2:x2=0  : 127005
 p1:x0=1  p2:x0=0  p2:x2=1  : 92646
 p1:x0=1  p2:x0=1  p2:x2=1  : 3563
 p1:x0=1  p2:x0=0  p2:x2=0  : 106345
 p1:x0=0  p2:x0=1  p2:x2=1  : 4470
 p1:x0=0  p2:x0=0  p2:x2=1  : 165933
Observation WRC.TRT1.broken+dsb-tlbiis-dsb+dmb: 0 (of 500000)
++ echo Starting bin/litmus.exe
Starting bin/litmus.exe
+++ mktemp
++ tmp=/tmp/tmp.NTefcjYp2N
++ base64 -d
++ zcat
++ qemu-system-aarch64 -nodefaults -machine virt,accel=kvm,gic-version=host -cpu host -device virtio-serial-device -device virtconsole -display none -serial stdio -kernel /tmp/tmp.NTefcjYp2N -smp 4 -append 'MP.RT1+dc-dsb-tlbiall-dsb+dsb-isb WRC.TRT1.broken+dsb-tlbiis-dsb+dmb -p -n500000'
P0			P1			P2			P3			

Test MP.RT1+dc-dsb-tlbiall-dsb+dsb-isb:
 p1:x0=0  p1:x2=0  : 151679
 p1:x0=0  p1:x2=1  : 343843
 p1:x0=1  p1:x2=1  : 4478
Observation MP.RT1+dc-dsb-tlbiall-dsb+dsb-isb: 0 (of 500000)
P0			P1			P2			P3			

Test WRC.TRT1.broken+dsb-tlbiis-dsb+dmb:
 p1:x0=0  p2:x0=0  p2:x2=0  : 156274
 p1:x0=1  p2:x0=0  p2:x2=0  : 113755
 p1:x0=0  p2:x0=0  p2:x2=1  : 140481
 p1:x0=1  p2:x0=0  p2:x2=1  : 84555
 p1:x0=1  p2:x0=1  p2:x2=1  : 2161
 p1:x0=0  p2:x0=1  p2:x2=1  : 2742
 p1:x0=0  p2:x0=1  p2:x2=0  : 32
Observation WRC.TRT1.broken+dsb-tlbiis-dsb+dmb: 0 (of 500000)
++ echo Starting bin/litmus.exe
Starting bin/litmus.exe
+++ mktemp
++ tmp=/tmp/tmp.SyQ5kFqWAj
++ base64 -d
++ zcat
++ qemu-system-aarch64 -nodefaults -machine virt,accel=kvm,gic-version=host -cpu host -device virtio-serial-device -device virtconsole -display none -serial stdio -kernel /tmp/tmp.SyQ5kFqWAj -smp 4 -append 'MP.RT1+dc-dsb-tlbiall-dsb+dsb-isb WRC.TRT1.broken+dsb-tlbiis-dsb+dmb -p -n500000'
P0			P1			P2			P3			

Test MP.RT1+dc-dsb-tlbiall-dsb+dsb-isb:
 p1:x0=0  p1:x2=0  : 152137
 p1:x0=0  p1:x2=1  : 341555
 p1:x0=1  p1:x2=1  : 6308
Observation MP.RT1+dc-dsb-tlbiall-dsb+dsb-isb: 0 (of 500000)
P0			P1			P2			P3			

Test WRC.TRT1.broken+dsb-tlbiis-dsb+dmb:
 p1:x0=0  p2:x0=0  p2:x2=0  : 162840
 p1:x0=1  p2:x0=0  p2:x2=1  : 82252
 p1:x0=1  p2:x0=0  p2:x2=0  : 111507
 p1:x0=0  p2:x0=0  p2:x2=1  : 136772
 p1:x0=0  p2:x0=1  p2:x2=1  : 3717
 p1:x0=1  p2:x0=1  p2:x2=1  : 2887
 p1:x0=0  p2:x0=1  p2:x2=0  : 25
Observation WRC.TRT1.broken+dsb-tlbiis-dsb+dmb: 0 (of 500000)
++ echo Starting bin/litmus.exe
Starting bin/litmus.exe
+++ mktemp
++ tmp=/tmp/tmp.fINKzhYjoo
++ base64 -d
++ zcat
++ qemu-system-aarch64 -nodefaults -machine virt,accel=kvm,gic-version=host -cpu host -device virtio-serial-device -device virtconsole -display none -serial stdio -kernel /tmp/tmp.fINKzhYjoo -smp 4 -append 'MP.RT1+dc-dsb-tlbiall-dsb+dsb-isb WRC.TRT1.broken+dsb-tlbiis-dsb+dmb -p -n500000'
P0			P1			P2			P3			

Test MP.RT1+dc-dsb-tlbiall-dsb+dsb-isb:
 p1:x0=0  p1:x2=0  : 157466
 p1:x0=0  p1:x2=1  : 339970
 p1:x0=1  p1:x2=1  : 2564
Observation MP.RT1+dc-dsb-tlbiall-dsb+dsb-isb: 0 (of 500000)
P0			P1			P2			P3			

Test WRC.TRT1.broken+dsb-tlbiis-dsb+dmb:
 p1:x0=0  p2:x0=0  p2:x2=0  : 157875
 p1:x0=1  p2:x0=0  p2:x2=1  : 84394
 p1:x0=0  p2:x0=0  p2:x2=1  : 137307
 p1:x0=1  p2:x0=0  p2:x2=0  : 113700
 p1:x0=0  p2:x0=1  p2:x2=1  : 3620
 p1:x0=1  p2:x0=1  p2:x2=1  : 3074
 p1:x0=0  p2:x0=1  p2:x2=0  : 30
Observation WRC.TRT1.broken+dsb-tlbiis-dsb+dmb: 0 (of 500000)
++ echo Starting bin/litmus.exe
Starting bin/litmus.exe
+++ mktemp
++ tmp=/tmp/tmp.om6ptBd03S
++ base64 -d
++ zcat
++ qemu-system-aarch64 -nodefaults -machine virt,accel=kvm,gic-version=host -cpu host -device virtio-serial-device -device virtconsole -display none -serial stdio -kernel /tmp/tmp.om6ptBd03S -smp 4 -append 'MP.RT1+dc-dsb-tlbiall-dsb+dsb-isb WRC.TRT1.broken+dsb-tlbiis-dsb+dmb -p -n500000'
P0			P1			P2			P3			

Test MP.RT1+dc-dsb-tlbiall-dsb+dsb-isb:
 p1:x0=0  p1:x2=0  : 161936
 p1:x0=0  p1:x2=1  : 333973
 p1:x0=1  p1:x2=1  : 4091
Observation MP.RT1+dc-dsb-tlbiall-dsb+dsb-isb: 0 (of 500000)
P0			P1			P2			P3			

Test WRC.TRT1.broken+dsb-tlbiis-dsb+dmb:
 p1:x0=0  p2:x0=0  p2:x2=0  : 119962
 p1:x0=1  p2:x0=0  p2:x2=1  : 94573
 p1:x0=0  p2:x0=0  p2:x2=1  : 174941
 p1:x0=1  p2:x0=0  p2:x2=0  : 104370
 p1:x0=0  p2:x0=1  p2:x2=1  : 3383
 p1:x0=1  p2:x0=1  p2:x2=1  : 2739
 p1:x0=0  p2:x0=1  p2:x2=0  : 32
Observation WRC.TRT1.broken+dsb-tlbiis-dsb+dmb: 0 (of 500000)
++ echo Starting bin/litmus.exe
Starting bin/litmus.exe
+++ mktemp
++ tmp=/tmp/tmp.Is7fSZWuHx
++ base64 -d
++ zcat
++ qemu-system-aarch64 -nodefaults -machine virt,accel=kvm,gic-version=host -cpu host -device virtio-serial-device -device virtconsole -display none -serial stdio -kernel /tmp/tmp.Is7fSZWuHx -smp 4 -append 'MP.RT1+dc-dsb-tlbiall-dsb+dsb-isb WRC.TRT1.broken+dsb-tlbiis-dsb+dmb -p -n500000'
P0			P1			P2			P3			

Test MP.RT1+dc-dsb-tlbiall-dsb+dsb-isb:
 p1:x0=1  p1:x2=1  : 2890
 p1:x0=0  p1:x2=1  : 349838
 p1:x0=0  p1:x2=0  : 147272
Observation MP.RT1+dc-dsb-tlbiall-dsb+dsb-isb: 0 (of 500000)
P0			P1			P2			P3			

Test WRC.TRT1.broken+dsb-tlbiis-dsb+dmb:
 p1:x0=0  p2:x0=1  p2:x2=0  : 32
 p1:x0=1  p2:x0=1  p2:x2=1  : 1911
 p1:x0=1  p2:x0=0  p2:x2=1  : 98551
 p1:x0=0  p2:x0=0  p2:x2=0  : 121058
 p1:x0=1  p2:x0=0  p2:x2=0  : 109298
 p1:x0=0  p2:x0=1  p2:x2=1  : 2532
 p1:x0=0  p2:x0=0  p2:x2=1  : 166618
Observation WRC.TRT1.broken+dsb-tlbiis-dsb+dmb: 0 (of 500000)
++ echo Starting bin/litmus.exe
Starting bin/litmus.exe
+++ mktemp
++ tmp=/tmp/tmp.aJi1Or2dGp
++ base64 -d
++ zcat
++ qemu-system-aarch64 -nodefaults -machine virt,accel=kvm,gic-version=host -cpu host -device virtio-serial-device -device virtconsole -display none -serial stdio -kernel /tmp/tmp.aJi1Or2dGp -smp 4 -append 'MP.RT1+dc-dsb-tlbiall-dsb+dsb-isb WRC.TRT1.broken+dsb-tlbiis-dsb+dmb -p -n500000'
P0			P1			P2			P3			

Test MP.RT1+dc-dsb-tlbiall-dsb+dsb-isb:
 p1:x0=0  p1:x2=0  : 150765
 p1:x0=0  p1:x2=1  : 345130
 p1:x0=1  p1:x2=1  : 4105
Observation MP.RT1+dc-dsb-tlbiall-dsb+dsb-isb: 0 (of 500000)
P0			P1			P2			P3			

Test WRC.TRT1.broken+dsb-tlbiis-dsb+dmb:
 p1:x0=0  p2:x0=0  p2:x2=0  : 166054
 p1:x0=1  p2:x0=0  p2:x2=1  : 79398
 p1:x0=0  p2:x0=0  p2:x2=1  : 139029
 p1:x0=1  p2:x0=0  p2:x2=0  : 111021
 p1:x0=1  p2:x0=1  p2:x2=1  : 1878
 p1:x0=0  p2:x0=1  p2:x2=1  : 2580
 p1:x0=0  p2:x0=1  p2:x2=0  : 40
Observation WRC.TRT1.broken+dsb-tlbiis-dsb+dmb: 0 (of 500000)
++ echo Starting bin/litmus.exe
Starting bin/litmus.exe
+++ mktemp
++ tmp=/tmp/tmp.CWMsnD15oz
++ base64 -d
++ zcat
++ qemu-system-aarch64 -nodefaults -machine virt,accel=kvm,gic-version=host -cpu host -device virtio-serial-device -device virtconsole -display none -serial stdio -kernel /tmp/tmp.CWMsnD15oz -smp 4 -append 'MP.RT1+dc-dsb-tlbiall-dsb+dsb-isb WRC.TRT1.broken+dsb-tlbiis-dsb+dmb -p -n500000'
P0			P1			P2			P3			

Test MP.RT1+dc-dsb-tlbiall-dsb+dsb-isb:
 p1:x0=1  p1:x2=1  : 5131
 p1:x0=0  p1:x2=1  : 333334
 p1:x0=0  p1:x2=0  : 161535
Observation MP.RT1+dc-dsb-tlbiall-dsb+dsb-isb: 0 (of 500000)
P0			P1			P2			P3			

Test WRC.TRT1.broken+dsb-tlbiis-dsb+dmb:
 p1:x0=0  p2:x0=1  p2:x2=0  : 34
 p1:x0=0  p2:x0=0  p2:x2=0  : 128729
 p1:x0=1  p2:x0=0  p2:x2=1  : 88981
 p1:x0=0  p2:x0=0  p2:x2=1  : 175973
 p1:x0=1  p2:x0=0  p2:x2=0  : 101354
 p1:x0=1  p2:x0=1  p2:x2=1  : 2225
 p1:x0=0  p2:x0=1  p2:x2=1  : 2704
Observation WRC.TRT1.broken+dsb-tlbiis-dsb+dmb: 0 (of 500000)
++ echo Starting bin/litmus.exe
Starting bin/litmus.exe
+++ mktemp
++ tmp=/tmp/tmp.fzc3uaflaU
++ base64 -d
++ zcat
++ qemu-system-aarch64 -nodefaults -machine virt,accel=kvm,gic-version=host -cpu host -device virtio-serial-device -device virtconsole -display none -serial stdio -kernel /tmp/tmp.fzc3uaflaU -smp 4 -append 'MP.RT1+dc-dsb-tlbiall-dsb+dsb-isb WRC.TRT1.broken+dsb-tlbiis-dsb+dmb -p -n500000'
P0			P1			P2			P3			

Test MP.RT1+dc-dsb-tlbiall-dsb+dsb-isb:
 p1:x0=0  p1:x2=0  : 155557
 p1:x0=0  p1:x2=1  : 340614
 p1:x0=1  p1:x2=1  : 3829
Observation MP.RT1+dc-dsb-tlbiall-dsb+dsb-isb: 0 (of 500000)
P0			P1			P2			P3			

Test WRC.TRT1.broken+dsb-tlbiis-dsb+dmb:
 p1:x0=0  p2:x0=0  p2:x2=0  : 166999
 p1:x0=1  p2:x0=0  p2:x2=1  : 79639
 p1:x0=0  p2:x0=0  p2:x2=1  : 132860
 p1:x0=1  p2:x0=0  p2:x2=0  : 116466
 p1:x0=0  p2:x0=1  p2:x2=1  : 2250
 p1:x0=1  p2:x0=1  p2:x2=1  : 1761
 p1:x0=0  p2:x0=1  p2:x2=0  : 25
Observation WRC.TRT1.broken+dsb-tlbiis-dsb+dmb: 0 (of 500000)
++ echo Starting bin/litmus.exe
Starting bin/litmus.exe
+++ mktemp
++ tmp=/tmp/tmp.B8yEJYiCxV
++ base64 -d
++ zcat
++ qemu-system-aarch64 -nodefaults -machine virt,accel=kvm,gic-version=host -cpu host -device virtio-serial-device -device virtconsole -display none -serial stdio -kernel /tmp/tmp.B8yEJYiCxV -smp 4 -append 'MP.RT1+dc-dsb-tlbiall-dsb+dsb-isb WRC.TRT1.broken+dsb-tlbiis-dsb+dmb -p -n500000'
P0			P1			P2			P3			

Test MP.RT1+dc-dsb-tlbiall-dsb+dsb-isb:
 p1:x0=1  p1:x2=0  : 2 *
 p1:x0=1  p1:x2=1  : 5170
 p1:x0=0  p1:x2=0  : 155411
 p1:x0=0  p1:x2=1  : 339417
Observation MP.RT1+dc-dsb-tlbiall-dsb+dsb-isb: 2 (of 500000)
P0			P1			P2			P3			

Test WRC.TRT1.broken+dsb-tlbiis-dsb+dmb:
 p1:x0=0  p2:x0=0  p2:x2=0  : 156587
 p1:x0=0  p2:x0=0  p2:x2=1  : 138798
 p1:x0=1  p2:x0=0  p2:x2=1  : 84811
 p1:x0=1  p2:x0=0  p2:x2=0  : 113783
 p1:x0=0  p2:x0=1  p2:x2=1  : 3238
 p1:x0=1  p2:x0=1  p2:x2=1  : 2751
 p1:x0=0  p2:x0=1  p2:x2=0  : 32
Observation WRC.TRT1.broken+dsb-tlbiis-dsb+dmb: 0 (of 500000)
++ echo Starting bin/litmus.exe
Starting bin/litmus.exe
+++ mktemp
++ tmp=/tmp/tmp.jmic31AJMQ
++ base64 -d
++ zcat
++ qemu-system-aarch64 -nodefaults -machine virt,accel=kvm,gic-version=host -cpu host -device virtio-serial-device -device virtconsole -display none -serial stdio -kernel /tmp/tmp.jmic31AJMQ -smp 4 -append 'MP.RT1+dc-dsb-tlbiall-dsb+dsb-isb WRC.TRT1.broken+dsb-tlbiis-dsb+dmb -p -n500000'
P0			P1			P2			P3			

Test MP.RT1+dc-dsb-tlbiall-dsb+dsb-isb:
 p1:x0=1  p1:x2=0  : 1 *
 p1:x0=0  p1:x2=0  : 148826
 p1:x0=0  p1:x2=1  : 347430
 p1:x0=1  p1:x2=1  : 3743
Observation MP.RT1+dc-dsb-tlbiall-dsb+dsb-isb: 1 (of 500000)
P0			P1			P2			P3			

Test WRC.TRT1.broken+dsb-tlbiis-dsb+dmb:
 p1:x0=0  p2:x0=0  p2:x2=0  : 128437
 p1:x0=1  p2:x0=0  p2:x2=1  : 90198
 p1:x0=0  p2:x0=0  p2:x2=1  : 171876
 p1:x0=1  p2:x0=0  p2:x2=0  : 104690
 p1:x0=1  p2:x0=1  p2:x2=1  : 2148
 p1:x0=0  p2:x0=1  p2:x2=1  : 2620
 p1:x0=0  p2:x0=1  p2:x2=0  : 31
Observation WRC.TRT1.broken+dsb-tlbiis-dsb+dmb: 0 (of 500000)
++ echo Starting bin/litmus.exe
Starting bin/litmus.exe
+++ mktemp
++ tmp=/tmp/tmp.PrkjJhdlzX
++ base64 -d
++ zcat
++ qemu-system-aarch64 -nodefaults -machine virt,accel=kvm,gic-version=host -cpu host -device virtio-serial-device -device virtconsole -display none -serial stdio -kernel /tmp/tmp.PrkjJhdlzX -smp 4 -append 'MP.RT1+dc-dsb-tlbiall-dsb+dsb-isb WRC.TRT1.broken+dsb-tlbiis-dsb+dmb -p -n500000'
P0			P1			P2			P3			

Test MP.RT1+dc-dsb-tlbiall-dsb+dsb-isb:
 p1:x0=0  p1:x2=0  : 148568
 p1:x0=0  p1:x2=1  : 347757
 p1:x0=1  p1:x2=1  : 3675
Observation MP.RT1+dc-dsb-tlbiall-dsb+dsb-isb: 0 (of 500000)
P0			P1			P2			P3			

Test WRC.TRT1.broken+dsb-tlbiis-dsb+dmb:
 p1:x0=0  p2:x0=0  p2:x2=0  : 156399
 p1:x0=1  p2:x0=0  p2:x2=0  : 114517
 p1:x0=0  p2:x0=0  p2:x2=1  : 139241
 p1:x0=1  p2:x0=0  p2:x2=1  : 84783
 p1:x0=0  p2:x0=1  p2:x2=1  : 2857
 p1:x0=1  p2:x0=1  p2:x2=1  : 2162
 p1:x0=0  p2:x0=1  p2:x2=0  : 41
Observation WRC.TRT1.broken+dsb-tlbiis-dsb+dmb: 0 (of 500000)
++ echo Starting bin/litmus.exe
Starting bin/litmus.exe
+++ mktemp
++ tmp=/tmp/tmp.xar0VeWdPQ
++ base64 -d
++ zcat
++ qemu-system-aarch64 -nodefaults -machine virt,accel=kvm,gic-version=host -cpu host -device virtio-serial-device -device virtconsole -display none -serial stdio -kernel /tmp/tmp.xar0VeWdPQ -smp 4 -append 'MP.RT1+dc-dsb-tlbiall-dsb+dsb-isb WRC.TRT1.broken+dsb-tlbiis-dsb+dmb -p -n500000'
P0			P1			P2			P3			

Test MP.RT1+dc-dsb-tlbiall-dsb+dsb-isb:
 p1:x0=1  p1:x2=1  : 3747
 p1:x0=0  p1:x2=1  : 343481
 p1:x0=0  p1:x2=0  : 152772
Observation MP.RT1+dc-dsb-tlbiall-dsb+dsb-isb: 0 (of 500000)
P0			P1			P2			P3			

Test WRC.TRT1.broken+dsb-tlbiis-dsb+dmb:
 p1:x0=0  p2:x0=1  p2:x2=0  : 28
 p1:x0=0  p2:x0=0  p2:x2=0  : 165743
 p1:x0=1  p2:x0=0  p2:x2=1  : 77794
 p1:x0=1  p2:x0=0  p2:x2=0  : 111353
 p1:x0=0  p2:x0=0  p2:x2=1  : 139678
 p1:x0=0  p2:x0=1  p2:x2=1  : 3006
 p1:x0=1  p2:x0=1  p2:x2=1  : 2398
Observation WRC.TRT1.broken+dsb-tlbiis-dsb+dmb: 0 (of 500000)
++ echo Starting bin/litmus.exe
Starting bin/litmus.exe
+++ mktemp
++ tmp=/tmp/tmp.U8Yor3NC0l
++ base64 -d
++ zcat
++ qemu-system-aarch64 -nodefaults -machine virt,accel=kvm,gic-version=host -cpu host -device virtio-serial-device -device virtconsole -display none -serial stdio -kernel /tmp/tmp.U8Yor3NC0l -smp 4 -append 'MP.RT1+dc-dsb-tlbiall-dsb+dsb-isb WRC.TRT1.broken+dsb-tlbiis-dsb+dmb -p -n500000'
P0			P1			P2			P3			

Test MP.RT1+dc-dsb-tlbiall-dsb+dsb-isb:
 p1:x0=0  p1:x2=0  : 157462
 p1:x0=0  p1:x2=1  : 338789
 p1:x0=1  p1:x2=1  : 3749
Observation MP.RT1+dc-dsb-tlbiall-dsb+dsb-isb: 0 (of 500000)
P0			P1			P2			P3			

Test WRC.TRT1.broken+dsb-tlbiis-dsb+dmb:
 p1:x0=0  p2:x0=1  p2:x2=0  : 35
 p1:x0=0  p2:x0=0  p2:x2=0  : 124533
 p1:x0=1  p2:x0=0  p2:x2=1  : 91503
 p1:x0=0  p2:x0=0  p2:x2=1  : 175981
 p1:x0=1  p2:x0=0  p2:x2=0  : 103165
 p1:x0=0  p2:x0=1  p2:x2=1  : 2661
 p1:x0=1  p2:x0=1  p2:x2=1  : 2122
Observation WRC.TRT1.broken+dsb-tlbiis-dsb+dmb: 0 (of 500000)
++ echo Starting bin/litmus.exe
Starting bin/litmus.exe
+++ mktemp
++ tmp=/tmp/tmp.VamWWDkbAm
++ base64 -d
++ zcat
++ qemu-system-aarch64 -nodefaults -machine virt,accel=kvm,gic-version=host -cpu host -device virtio-serial-device -device virtconsole -display none -serial stdio -kernel /tmp/tmp.VamWWDkbAm -smp 4 -append 'MP.RT1+dc-dsb-tlbiall-dsb+dsb-isb WRC.TRT1.broken+dsb-tlbiis-dsb+dmb -p -n500000'
P0			P1			P2			P3			

Test MP.RT1+dc-dsb-tlbiall-dsb+dsb-isb:
 p1:x0=0  p1:x2=0  : 164257
 p1:x0=0  p1:x2=1  : 330437
 p1:x0=1  p1:x2=1  : 5306
Observation MP.RT1+dc-dsb-tlbiall-dsb+dsb-isb: 0 (of 500000)
P0			P1			P2			P3			

Test WRC.TRT1.broken+dsb-tlbiis-dsb+dmb:
 p1:x0=0  p2:x0=0  p2:x2=0  : 159345
 p1:x0=1  p2:x0=0  p2:x2=1  : 85168
 p1:x0=0  p2:x0=0  p2:x2=1  : 134321
 p1:x0=1  p2:x0=0  p2:x2=0  : 115981
 p1:x0=0  p2:x0=1  p2:x2=1  : 2878
 p1:x0=1  p2:x0=1  p2:x2=1  : 2275
 p1:x0=0  p2:x0=1  p2:x2=0  : 32
Observation WRC.TRT1.broken+dsb-tlbiis-dsb+dmb: 0 (of 500000)
++ echo Starting bin/litmus.exe
Starting bin/litmus.exe
+++ mktemp
++ tmp=/tmp/tmp.6H0OfVZk8E
++ base64 -d
++ zcat
++ qemu-system-aarch64 -nodefaults -machine virt,accel=kvm,gic-version=host -cpu host -device virtio-serial-device -device virtconsole -display none -serial stdio -kernel /tmp/tmp.6H0OfVZk8E -smp 4 -append 'MP.RT1+dc-dsb-tlbiall-dsb+dsb-isb WRC.TRT1.broken+dsb-tlbiis-dsb+dmb -p -n500000'
P0			P1			P2			P3			

Test MP.RT1+dc-dsb-tlbiall-dsb+dsb-isb:
 p1:x0=0  p1:x2=0  : 153762
 p1:x0=0  p1:x2=1  : 341011
 p1:x0=1  p1:x2=1  : 5227
Observation MP.RT1+dc-dsb-tlbiall-dsb+dsb-isb: 0 (of 500000)
P0			P1			P2			P3			

Test WRC.TRT1.broken+dsb-tlbiis-dsb+dmb:
 p1:x0=0  p2:x0=0  p2:x2=0  : 154053
 p1:x0=1  p2:x0=0  p2:x2=1  : 89634
 p1:x0=1  p2:x0=0  p2:x2=0  : 119142
 p1:x0=0  p2:x0=0  p2:x2=1  : 132539
 p1:x0=1  p2:x0=1  p2:x2=1  : 1999
 p1:x0=0  p2:x0=1  p2:x2=1  : 2600
 p1:x0=0  p2:x0=1  p2:x2=0  : 33
Observation WRC.TRT1.broken+dsb-tlbiis-dsb+dmb: 0 (of 500000)
++ echo Starting bin/litmus.exe
Starting bin/litmus.exe
+++ mktemp
++ tmp=/tmp/tmp.Envu7Q9XwN
++ base64 -d
++ zcat
++ qemu-system-aarch64 -nodefaults -machine virt,accel=kvm,gic-version=host -cpu host -device virtio-serial-device -device virtconsole -display none -serial stdio -kernel /tmp/tmp.Envu7Q9XwN -smp 4 -append 'MP.RT1+dc-dsb-tlbiall-dsb+dsb-isb WRC.TRT1.broken+dsb-tlbiis-dsb+dmb -p -n500000'
P0			P1			P2			P3			

Test MP.RT1+dc-dsb-tlbiall-dsb+dsb-isb:
 p1:x0=0  p1:x2=0  : 161127
 p1:x0=0  p1:x2=1  : 334759
 p1:x0=1  p1:x2=1  : 4114
Observation MP.RT1+dc-dsb-tlbiall-dsb+dsb-isb: 0 (of 500000)
P0			P1			P2			P3			

Test WRC.TRT1.broken+dsb-tlbiis-dsb+dmb:
 p1:x0=0  p2:x0=1  p2:x2=0  : 33
 p1:x0=1  p2:x0=0  p2:x2=1  : 84387
 p1:x0=0  p2:x0=0  p2:x2=0  : 160966
 p1:x0=0  p2:x0=0  p2:x2=1  : 135193
 p1:x0=1  p2:x0=1  p2:x2=1  : 2325
 p1:x0=1  p2:x0=0  p2:x2=0  : 114010
 p1:x0=0  p2:x0=1  p2:x2=1  : 3086
Observation WRC.TRT1.broken+dsb-tlbiis-dsb+dmb: 0 (of 500000)
++ echo Starting bin/litmus.exe
Starting bin/litmus.exe
+++ mktemp
++ tmp=/tmp/tmp.d5b67LiW50
++ base64 -d
++ zcat
++ qemu-system-aarch64 -nodefaults -machine virt,accel=kvm,gic-version=host -cpu host -device virtio-serial-device -device virtconsole -display none -serial stdio -kernel /tmp/tmp.d5b67LiW50 -smp 4 -append 'MP.RT1+dc-dsb-tlbiall-dsb+dsb-isb WRC.TRT1.broken+dsb-tlbiis-dsb+dmb -p -n500000'
P0			P1			P2			P3			

Test MP.RT1+dc-dsb-tlbiall-dsb+dsb-isb:
 p1:x0=1  p1:x2=1  : 4286
 p1:x0=0  p1:x2=1  : 329801
 p1:x0=0  p1:x2=0  : 165913
Observation MP.RT1+dc-dsb-tlbiall-dsb+dsb-isb: 0 (of 500000)
P0			P1			P2			P3			

Test WRC.TRT1.broken+dsb-tlbiis-dsb+dmb:
 p1:x0=0  p2:x0=0  p2:x2=0  : 164265
 p1:x0=1  p2:x0=0  p2:x2=1  : 80416
 p1:x0=1  p2:x0=0  p2:x2=0  : 113081
 p1:x0=0  p2:x0=0  p2:x2=1  : 136603
 p1:x0=0  p2:x0=1  p2:x2=1  : 3205
 p1:x0=1  p2:x0=1  p2:x2=1  : 2396
 p1:x0=0  p2:x0=1  p2:x2=0  : 34
Observation WRC.TRT1.broken+dsb-tlbiis-dsb+dmb: 0 (of 500000)
++ echo Starting bin/litmus.exe
Starting bin/litmus.exe
+++ mktemp
++ tmp=/tmp/tmp.xVusneT2aP
++ base64 -d
++ zcat
++ qemu-system-aarch64 -nodefaults -machine virt,accel=kvm,gic-version=host -cpu host -device virtio-serial-device -device virtconsole -display none -serial stdio -kernel /tmp/tmp.xVusneT2aP -smp 4 -append 'MP.RT1+dc-dsb-tlbiall-dsb+dsb-isb WRC.TRT1.broken+dsb-tlbiis-dsb+dmb -p -n500000'
P0			P1			P2			P3			

Test MP.RT1+dc-dsb-tlbiall-dsb+dsb-isb:
 p1:x0=0  p1:x2=0  : 154572
 p1:x0=0  p1:x2=1  : 340035
 p1:x0=1  p1:x2=1  : 5393
Observation MP.RT1+dc-dsb-tlbiall-dsb+dsb-isb: 0 (of 500000)
P0			P1			P2			P3			

Test WRC.TRT1.broken+dsb-tlbiis-dsb+dmb:
 p1:x0=0  p2:x0=0  p2:x2=0  : 123415
 p1:x0=1  p2:x0=0  p2:x2=1  : 94699
 p1:x0=0  p2:x0=0  p2:x2=1  : 173335
 p1:x0=1  p2:x0=0  p2:x2=0  : 103593
 p1:x0=0  p2:x0=1  p2:x2=1  : 2804
 p1:x0=1  p2:x0=1  p2:x2=1  : 2126
 p1:x0=0  p2:x0=1  p2:x2=0  : 28
Observation WRC.TRT1.broken+dsb-tlbiis-dsb+dmb: 0 (of 500000)
++ echo Starting bin/litmus.exe
Starting bin/litmus.exe
+++ mktemp
++ tmp=/tmp/tmp.PN9FIvnIvw
++ base64 -d
++ zcat
++ qemu-system-aarch64 -nodefaults -machine virt,accel=kvm,gic-version=host -cpu host -device virtio-serial-device -device virtconsole -display none -serial stdio -kernel /tmp/tmp.PN9FIvnIvw -smp 4 -append 'MP.RT1+dc-dsb-tlbiall-dsb+dsb-isb WRC.TRT1.broken+dsb-tlbiis-dsb+dmb -p -n500000'
P0			P1			P2			P3			

Test MP.RT1+dc-dsb-tlbiall-dsb+dsb-isb:
 p1:x0=0  p1:x2=0  : 161407
 p1:x0=0  p1:x2=1  : 333058
 p1:x0=1  p1:x2=1  : 5535
Observation MP.RT1+dc-dsb-tlbiall-dsb+dsb-isb: 0 (of 500000)
P0			P1			P2			P3			

Test WRC.TRT1.broken+dsb-tlbiis-dsb+dmb:
 p1:x0=0  p2:x0=0  p2:x2=0  : 161912
 p1:x0=1  p2:x0=0  p2:x2=1  : 80494
 p1:x0=1  p2:x0=0  p2:x2=0  : 111429
 p1:x0=0  p2:x0=0  p2:x2=1  : 140810
 p1:x0=0  p2:x0=1  p2:x2=1  : 3158
 p1:x0=1  p2:x0=1  p2:x2=1  : 2168
 p1:x0=0  p2:x0=1  p2:x2=0  : 29
Observation WRC.TRT1.broken+dsb-tlbiis-dsb+dmb: 0 (of 500000)
++ echo Starting bin/litmus.exe
Starting bin/litmus.exe
+++ mktemp
++ tmp=/tmp/tmp.kD4pLIadc8
++ base64 -d
++ zcat
++ qemu-system-aarch64 -nodefaults -machine virt,accel=kvm,gic-version=host -cpu host -device virtio-serial-device -device virtconsole -display none -serial stdio -kernel /tmp/tmp.kD4pLIadc8 -smp 4 -append 'MP.RT1+dc-dsb-tlbiall-dsb+dsb-isb WRC.TRT1.broken+dsb-tlbiis-dsb+dmb -p -n500000'
P0			P1			P2			P3			

Test MP.RT1+dc-dsb-tlbiall-dsb+dsb-isb:
 p1:x0=0  p1:x2=0  : 159915
 p1:x0=0  p1:x2=1  : 335805
 p1:x0=1  p1:x2=1  : 4280
Observation MP.RT1+dc-dsb-tlbiall-dsb+dsb-isb: 0 (of 500000)
P0			P1			P2			P3			

Test WRC.TRT1.broken+dsb-tlbiis-dsb+dmb:
 p1:x0=0  p2:x0=1  p2:x2=0  : 39
 p1:x0=0  p2:x0=0  p2:x2=0  : 165752
 p1:x0=1  p2:x0=0  p2:x2=1  : 79989
 p1:x0=0  p2:x0=0  p2:x2=1  : 137513
 p1:x0=1  p2:x0=0  p2:x2=0  : 112363
 p1:x0=0  p2:x0=1  p2:x2=1  : 2531
 p1:x0=1  p2:x0=1  p2:x2=1  : 1813
Observation WRC.TRT1.broken+dsb-tlbiis-dsb+dmb: 0 (of 500000)
++ echo Starting bin/litmus.exe
Starting bin/litmus.exe
+++ mktemp
++ tmp=/tmp/tmp.IJ29KfRPXV
++ base64 -d
++ zcat
++ qemu-system-aarch64 -nodefaults -machine virt,accel=kvm,gic-version=host -cpu host -device virtio-serial-device -device virtconsole -display none -serial stdio -kernel /tmp/tmp.IJ29KfRPXV -smp 4 -append 'MP.RT1+dc-dsb-tlbiall-dsb+dsb-isb WRC.TRT1.broken+dsb-tlbiis-dsb+dmb -p -n500000'
P0			P1			P2			P3			

Test MP.RT1+dc-dsb-tlbiall-dsb+dsb-isb:
 p1:x0=1  p1:x2=1  : 4767
 p1:x0=0  p1:x2=0  : 165830
 p1:x0=0  p1:x2=1  : 329403
Observation MP.RT1+dc-dsb-tlbiall-dsb+dsb-isb: 0 (of 500000)
P0			P1			P2			P3			

Test WRC.TRT1.broken+dsb-tlbiis-dsb+dmb:
 p1:x0=0  p2:x0=0  p2:x2=0  : 129738
 p1:x0=0  p2:x0=0  p2:x2=1  : 175280
 p1:x0=1  p2:x0=0  p2:x2=1  : 87121
 p1:x0=1  p2:x0=0  p2:x2=0  : 103285
 p1:x0=0  p2:x0=1  p2:x2=1  : 2562
 p1:x0=1  p2:x0=1  p2:x2=1  : 1974
 p1:x0=0  p2:x0=1  p2:x2=0  : 40
Observation WRC.TRT1.broken+dsb-tlbiis-dsb+dmb: 0 (of 500000)
++ echo Starting bin/litmus.exe
Starting bin/litmus.exe
+++ mktemp
++ tmp=/tmp/tmp.oaLrlO1BLL
++ base64 -d
++ zcat
++ qemu-system-aarch64 -nodefaults -machine virt,accel=kvm,gic-version=host -cpu host -device virtio-serial-device -device virtconsole -display none -serial stdio -kernel /tmp/tmp.oaLrlO1BLL -smp 4 -append 'MP.RT1+dc-dsb-tlbiall-dsb+dsb-isb WRC.TRT1.broken+dsb-tlbiis-dsb+dmb -p -n500000'
P0			P1			P2			P3			

Test MP.RT1+dc-dsb-tlbiall-dsb+dsb-isb:
 p1:x0=0  p1:x2=0  : 157093
 p1:x0=0  p1:x2=1  : 337182
 p1:x0=1  p1:x2=1  : 5725
Observation MP.RT1+dc-dsb-tlbiall-dsb+dsb-isb: 0 (of 500000)
P0			P1			P2			P3			

Test WRC.TRT1.broken+dsb-tlbiis-dsb+dmb:
 p1:x0=0  p2:x0=1  p2:x2=0  : 28
 p1:x0=0  p2:x0=0  p2:x2=0  : 163867
 p1:x0=1  p2:x0=0  p2:x2=1  : 80267
 p1:x0=1  p2:x0=0  p2:x2=0  : 111919
 p1:x0=0  p2:x0=0  p2:x2=1  : 139167
 p1:x0=0  p2:x0=1  p2:x2=1  : 2707
 p1:x0=1  p2:x0=1  p2:x2=1  : 2045
Observation WRC.TRT1.broken+dsb-tlbiis-dsb+dmb: 0 (of 500000)
++ echo Starting bin/litmus.exe
Starting bin/litmus.exe
+++ mktemp
++ tmp=/tmp/tmp.FJovAlZysB
++ base64 -d
++ zcat
++ qemu-system-aarch64 -nodefaults -machine virt,accel=kvm,gic-version=host -cpu host -device virtio-serial-device -device virtconsole -display none -serial stdio -kernel /tmp/tmp.FJovAlZysB -smp 4 -append 'MP.RT1+dc-dsb-tlbiall-dsb+dsb-isb WRC.TRT1.broken+dsb-tlbiis-dsb+dmb -p -n500000'
P0			P1			P2			P3			

Test MP.RT1+dc-dsb-tlbiall-dsb+dsb-isb:
 p1:x0=0  p1:x2=0  : 159595
 p1:x0=0  p1:x2=1  : 336292
 p1:x0=1  p1:x2=1  : 4113
Observation MP.RT1+dc-dsb-tlbiall-dsb+dsb-isb: 0 (of 500000)
P0			P1			P2			P3			

Test WRC.TRT1.broken+dsb-tlbiis-dsb+dmb:
 p1:x0=0  p2:x0=1  p2:x2=0  : 42
 p1:x0=0  p2:x0=0  p2:x2=0  : 161249
 p1:x0=0  p2:x0=0  p2:x2=1  : 130112
 p1:x0=1  p2:x0=0  p2:x2=0  : 118634
 p1:x0=1  p2:x0=0  p2:x2=1  : 84697
 p1:x0=1  p2:x0=1  p2:x2=1  : 2468
 p1:x0=0  p2:x0=1  p2:x2=1  : 2798
Observation WRC.TRT1.broken+dsb-tlbiis-dsb+dmb: 0 (of 500000)
++ echo Starting bin/litmus.exe
Starting bin/litmus.exe
+++ mktemp
++ tmp=/tmp/tmp.4pv6ggxZUq
++ base64 -d
++ zcat
++ qemu-system-aarch64 -nodefaults -machine virt,accel=kvm,gic-version=host -cpu host -device virtio-serial-device -device virtconsole -display none -serial stdio -kernel /tmp/tmp.4pv6ggxZUq -smp 4 -append 'MP.RT1+dc-dsb-tlbiall-dsb+dsb-isb WRC.TRT1.broken+dsb-tlbiis-dsb+dmb -p -n500000'
P0			P1			P2			P3			

Test MP.RT1+dc-dsb-tlbiall-dsb+dsb-isb:
 p1:x0=0  p1:x2=0  : 161056
 p1:x0=0  p1:x2=1  : 334548
 p1:x0=1  p1:x2=1  : 4396
Observation MP.RT1+dc-dsb-tlbiall-dsb+dsb-isb: 0 (of 500000)
P0			P1			P2			P3			

Test WRC.TRT1.broken+dsb-tlbiis-dsb+dmb:
 p1:x0=1  p2:x0=0  p2:x2=0  : 110953
 p1:x0=0  p2:x0=0  p2:x2=0  : 164341
 p1:x0=1  p2:x0=0  p2:x2=1  : 79175
 p1:x0=0  p2:x0=0  p2:x2=1  : 139786
 p1:x0=0  p2:x0=1  p2:x2=1  : 3172
 p1:x0=1  p2:x0=1  p2:x2=1  : 2527
 p1:x0=0  p2:x0=1  p2:x2=0  : 46
Observation WRC.TRT1.broken+dsb-tlbiis-dsb+dmb: 0 (of 500000)
++ echo Starting bin/litmus.exe
Starting bin/litmus.exe
+++ mktemp
++ tmp=/tmp/tmp.dZDQBjI0cq
++ base64 -d
++ zcat
++ qemu-system-aarch64 -nodefaults -machine virt,accel=kvm,gic-version=host -cpu host -device virtio-serial-device -device virtconsole -display none -serial stdio -kernel /tmp/tmp.dZDQBjI0cq -smp 4 -append 'MP.RT1+dc-dsb-tlbiall-dsb+dsb-isb WRC.TRT1.broken+dsb-tlbiis-dsb+dmb -p -n500000'
P0			P1			P2			P3			

Test MP.RT1+dc-dsb-tlbiall-dsb+dsb-isb:
 p1:x0=0  p1:x2=0  : 167285
 p1:x0=0  p1:x2=1  : 327243
 p1:x0=1  p1:x2=1  : 5472
Observation MP.RT1+dc-dsb-tlbiall-dsb+dsb-isb: 0 (of 500000)
P0			P1			P2			P3			

Test WRC.TRT1.broken+dsb-tlbiis-dsb+dmb:
 p1:x0=0  p2:x0=0  p2:x2=0  : 131494
 p1:x0=1  p2:x0=0  p2:x2=1  : 84694
 p1:x0=0  p2:x0=0  p2:x2=1  : 174291
 p1:x0=1  p2:x0=0  p2:x2=0  : 103449
 p1:x0=0  p2:x0=1  p2:x2=1  : 3520
 p1:x0=1  p2:x0=1  p2:x2=1  : 2526
 p1:x0=0  p2:x0=1  p2:x2=0  : 26
Observation WRC.TRT1.broken+dsb-tlbiis-dsb+dmb: 0 (of 500000)
++ echo Starting bin/litmus.exe
Starting bin/litmus.exe
+++ mktemp
++ tmp=/tmp/tmp.ITSbafvuv7
++ base64 -d
++ zcat
++ qemu-system-aarch64 -nodefaults -machine virt,accel=kvm,gic-version=host -cpu host -device virtio-serial-device -device virtconsole -display none -serial stdio -kernel /tmp/tmp.ITSbafvuv7 -smp 4 -append 'MP.RT1+dc-dsb-tlbiall-dsb+dsb-isb WRC.TRT1.broken+dsb-tlbiis-dsb+dmb -p -n500000'
P0			P1			P2			P3			

Test MP.RT1+dc-dsb-tlbiall-dsb+dsb-isb:
 p1:x0=0  p1:x2=0  : 162395
 p1:x0=0  p1:x2=1  : 331772
 p1:x0=1  p1:x2=1  : 5833
Observation MP.RT1+dc-dsb-tlbiall-dsb+dsb-isb: 0 (of 500000)
P0			P1			P2			P3			

Test WRC.TRT1.broken+dsb-tlbiis-dsb+dmb:
 p1:x0=0  p2:x0=1  p2:x2=0  : 24
 p1:x0=0  p2:x0=0  p2:x2=0  : 165463
 p1:x0=1  p2:x0=0  p2:x2=0  : 113812
 p1:x0=0  p2:x0=0  p2:x2=1  : 134426
 p1:x0=1  p2:x0=0  p2:x2=1  : 79710
 p1:x0=0  p2:x0=1  p2:x2=1  : 3837
 p1:x0=1  p2:x0=1  p2:x2=1  : 2728
Observation WRC.TRT1.broken+dsb-tlbiis-dsb+dmb: 0 (of 500000)
++ echo Starting bin/litmus.exe
Starting bin/litmus.exe
+++ mktemp
++ tmp=/tmp/tmp.stzHFkmMSl
++ base64 -d
++ zcat
++ qemu-system-aarch64 -nodefaults -machine virt,accel=kvm,gic-version=host -cpu host -device virtio-serial-device -device virtconsole -display none -serial stdio -kernel /tmp/tmp.stzHFkmMSl -smp 4 -append 'MP.RT1+dc-dsb-tlbiall-dsb+dsb-isb WRC.TRT1.broken+dsb-tlbiis-dsb+dmb -p -n500000'
P0			P1			P2			P3			

Test MP.RT1+dc-dsb-tlbiall-dsb+dsb-isb:
 p1:x0=0  p1:x2=0  : 159589
 p1:x0=0  p1:x2=1  : 337075
 p1:x0=1  p1:x2=1  : 3336
Observation MP.RT1+dc-dsb-tlbiall-dsb+dsb-isb: 0 (of 500000)
P0			P1			P2			P3			

Test WRC.TRT1.broken+dsb-tlbiis-dsb+dmb:
 p1:x0=0  p2:x0=0  p2:x2=0  : 158379
 p1:x0=1  p2:x0=0  p2:x2=1  : 84235
 p1:x0=1  p2:x0=0  p2:x2=0  : 114725
 p1:x0=0  p2:x0=0  p2:x2=1  : 137217
 p1:x0=0  p2:x0=1  p2:x2=1  : 3134
 p1:x0=1  p2:x0=1  p2:x2=1  : 2277
 p1:x0=0  p2:x0=1  p2:x2=0  : 33
Observation WRC.TRT1.broken+dsb-tlbiis-dsb+dmb: 0 (of 500000)
++ echo Starting bin/litmus.exe
Starting bin/litmus.exe
+++ mktemp
++ tmp=/tmp/tmp.nDLIjBQqNv
++ base64 -d
++ zcat
++ qemu-system-aarch64 -nodefaults -machine virt,accel=kvm,gic-version=host -cpu host -device virtio-serial-device -device virtconsole -display none -serial stdio -kernel /tmp/tmp.nDLIjBQqNv -smp 4 -append 'MP.RT1+dc-dsb-tlbiall-dsb+dsb-isb WRC.TRT1.broken+dsb-tlbiis-dsb+dmb -p -n500000'
P0			P1			P2			P3			

Test MP.RT1+dc-dsb-tlbiall-dsb+dsb-isb:
 p1:x0=0  p1:x2=0  : 159520
 p1:x0=0  p1:x2=1  : 335694
 p1:x0=1  p1:x2=1  : 4786
Observation MP.RT1+dc-dsb-tlbiall-dsb+dsb-isb: 0 (of 500000)
P0			P1			P2			P3			

Test WRC.TRT1.broken+dsb-tlbiis-dsb+dmb:
 p1:x0=0  p2:x0=1  p2:x2=0  : 35
 p1:x0=0  p2:x0=0  p2:x2=0  : 160646
 p1:x0=1  p2:x0=0  p2:x2=1  : 81865
 p1:x0=0  p2:x0=0  p2:x2=1  : 135386
 p1:x0=1  p2:x0=0  p2:x2=0  : 114213
 p1:x0=1  p2:x0=1  p2:x2=1  : 3355
 p1:x0=0  p2:x0=1  p2:x2=1  : 4500
Observation WRC.TRT1.broken+dsb-tlbiis-dsb+dmb: 0 (of 500000)
++ echo Starting bin/litmus.exe
Starting bin/litmus.exe
+++ mktemp
++ tmp=/tmp/tmp.0PmCvK0CAA
++ base64 -d
++ zcat
++ qemu-system-aarch64 -nodefaults -machine virt,accel=kvm,gic-version=host -cpu host -device virtio-serial-device -device virtconsole -display none -serial stdio -kernel /tmp/tmp.0PmCvK0CAA -smp 4 -append 'MP.RT1+dc-dsb-tlbiall-dsb+dsb-isb WRC.TRT1.broken+dsb-tlbiis-dsb+dmb -p -n500000'
P0			P1			P2			P3			

Test MP.RT1+dc-dsb-tlbiall-dsb+dsb-isb:
 p1:x0=0  p1:x2=0  : 157758
 p1:x0=0  p1:x2=1  : 337443
 p1:x0=1  p1:x2=1  : 4799
Observation MP.RT1+dc-dsb-tlbiall-dsb+dsb-isb: 0 (of 500000)
P0			P1			P2			P3			

Test WRC.TRT1.broken+dsb-tlbiis-dsb+dmb:
 p1:x0=0  p2:x0=0  p2:x2=0  : 126188
 p1:x0=1  p2:x0=0  p2:x2=1  : 89339
 p1:x0=0  p2:x0=0  p2:x2=1  : 177146
 p1:x0=1  p2:x0=0  p2:x2=0  : 102141
 p1:x0=0  p2:x0=1  p2:x2=1  : 2848
 p1:x0=0  p2:x0=1  p2:x2=0  : 35
 p1:x0=1  p2:x0=1  p2:x2=1  : 2303
Observation WRC.TRT1.broken+dsb-tlbiis-dsb+dmb: 0 (of 500000)
++ echo Starting bin/litmus.exe
Starting bin/litmus.exe
+++ mktemp
++ tmp=/tmp/tmp.H1abxErZHs
++ base64 -d
++ zcat
++ qemu-system-aarch64 -nodefaults -machine virt,accel=kvm,gic-version=host -cpu host -device virtio-serial-device -device virtconsole -display none -serial stdio -kernel /tmp/tmp.H1abxErZHs -smp 4 -append 'MP.RT1+dc-dsb-tlbiall-dsb+dsb-isb WRC.TRT1.broken+dsb-tlbiis-dsb+dmb -p -n500000'
P0			P1			P2			P3			

Test MP.RT1+dc-dsb-tlbiall-dsb+dsb-isb:
 p1:x0=0  p1:x2=0  : 157549
 p1:x0=0  p1:x2=1  : 338474
 p1:x0=1  p1:x2=1  : 3977
Observation MP.RT1+dc-dsb-tlbiall-dsb+dsb-isb: 0 (of 500000)
P0			P1			P2			P3			

Test WRC.TRT1.broken+dsb-tlbiis-dsb+dmb:
 p1:x0=0  p2:x0=1  p2:x2=0  : 27
 p1:x0=0  p2:x0=0  p2:x2=0  : 156613
 p1:x0=1  p2:x0=0  p2:x2=1  : 84853
 p1:x0=1  p2:x0=0  p2:x2=0  : 113310
 p1:x0=0  p2:x0=0  p2:x2=1  : 140868
 p1:x0=0  p2:x0=1  p2:x2=1  : 2446
 p1:x0=1  p2:x0=1  p2:x2=1  : 1883
Observation WRC.TRT1.broken+dsb-tlbiis-dsb+dmb: 0 (of 500000)
++ echo Starting bin/litmus.exe
Starting bin/litmus.exe
+++ mktemp
++ tmp=/tmp/tmp.COf2xnxxzt
++ base64 -d
++ zcat
++ qemu-system-aarch64 -nodefaults -machine virt,accel=kvm,gic-version=host -cpu host -device virtio-serial-device -device virtconsole -display none -serial stdio -kernel /tmp/tmp.COf2xnxxzt -smp 4 -append 'MP.RT1+dc-dsb-tlbiall-dsb+dsb-isb WRC.TRT1.broken+dsb-tlbiis-dsb+dmb -p -n500000'
P0			P1			P2			P3			

Test MP.RT1+dc-dsb-tlbiall-dsb+dsb-isb:
 p1:x0=0  p1:x2=0  : 152258
 p1:x0=0  p1:x2=1  : 342867
 p1:x0=1  p1:x2=1  : 4875
Observation MP.RT1+dc-dsb-tlbiall-dsb+dsb-isb: 0 (of 500000)
P0			P1			P2			P3			

Test WRC.TRT1.broken+dsb-tlbiis-dsb+dmb:
 p1:x0=0  p2:x0=0  p2:x2=0  : 129010
 p1:x0=1  p2:x0=0  p2:x2=1  : 91511
 p1:x0=1  p2:x0=0  p2:x2=0  : 104917
 p1:x0=0  p2:x0=0  p2:x2=1  : 169166
 p1:x0=0  p2:x0=1  p2:x2=1  : 3022
 p1:x0=1  p2:x0=1  p2:x2=1  : 2344
 p1:x0=0  p2:x0=1  p2:x2=0  : 30
Observation WRC.TRT1.broken+dsb-tlbiis-dsb+dmb: 0 (of 500000)
++ echo Starting bin/litmus.exe
Starting bin/litmus.exe
+++ mktemp
++ tmp=/tmp/tmp.PqjXhNXShv
++ base64 -d
++ zcat
++ qemu-system-aarch64 -nodefaults -machine virt,accel=kvm,gic-version=host -cpu host -device virtio-serial-device -device virtconsole -display none -serial stdio -kernel /tmp/tmp.PqjXhNXShv -smp 4 -append 'MP.RT1+dc-dsb-tlbiall-dsb+dsb-isb WRC.TRT1.broken+dsb-tlbiis-dsb+dmb -p -n500000'
P0			P1			P2			P3			

Test MP.RT1+dc-dsb-tlbiall-dsb+dsb-isb:
 p1:x0=0  p1:x2=0  : 154538
 p1:x0=0  p1:x2=1  : 341778
 p1:x0=1  p1:x2=1  : 3684
Observation MP.RT1+dc-dsb-tlbiall-dsb+dsb-isb: 0 (of 500000)
P0			P1			P2			P3			

Test WRC.TRT1.broken+dsb-tlbiis-dsb+dmb:
 p1:x0=0  p2:x0=1  p2:x2=1  : 3404
 p1:x0=0  p2:x0=0  p2:x2=0  : 162807
 p1:x0=1  p2:x0=0  p2:x2=1  : 80143
 p1:x0=0  p2:x0=0  p2:x2=1  : 138818
 p1:x0=1  p2:x0=0  p2:x2=0  : 112146
 p1:x0=1  p2:x0=1  p2:x2=1  : 2645
 p1:x0=0  p2:x0=1  p2:x2=0  : 37
Observation WRC.TRT1.broken+dsb-tlbiis-dsb+dmb: 0 (of 500000)
++ echo Starting bin/litmus.exe
Starting bin/litmus.exe
+++ mktemp
++ tmp=/tmp/tmp.RJZ4gNh5z4
++ base64 -d
++ zcat
++ qemu-system-aarch64 -nodefaults -machine virt,accel=kvm,gic-version=host -cpu host -device virtio-serial-device -device virtconsole -display none -serial stdio -kernel /tmp/tmp.RJZ4gNh5z4 -smp 4 -append 'MP.RT1+dc-dsb-tlbiall-dsb+dsb-isb WRC.TRT1.broken+dsb-tlbiis-dsb+dmb -p -n500000'
P0			P1			P2			P3			

Test MP.RT1+dc-dsb-tlbiall-dsb+dsb-isb:
 p1:x0=0  p1:x2=0  : 158771
 p1:x0=0  p1:x2=1  : 334468
 p1:x0=1  p1:x2=1  : 6761
Observation MP.RT1+dc-dsb-tlbiall-dsb+dsb-isb: 0 (of 500000)
P0			P1			P2			P3			

Test WRC.TRT1.broken+dsb-tlbiis-dsb+dmb:
 p1:x0=1  p2:x0=0  p2:x2=1  : 84675
 p1:x0=0  p2:x0=0  p2:x2=0  : 157012
 p1:x0=0  p2:x0=0  p2:x2=1  : 140550
 p1:x0=1  p2:x0=0  p2:x2=0  : 112011
 p1:x0=0  p2:x0=1  p2:x2=1  : 3341
 p1:x0=1  p2:x0=1  p2:x2=1  : 2385
 p1:x0=0  p2:x0=1  p2:x2=0  : 26
Observation WRC.TRT1.broken+dsb-tlbiis-dsb+dmb: 0 (of 500000)
++ echo Starting bin/litmus.exe
Starting bin/litmus.exe
+++ mktemp
++ tmp=/tmp/tmp.zDH8cH8a9o
++ base64 -d
++ zcat
++ qemu-system-aarch64 -nodefaults -machine virt,accel=kvm,gic-version=host -cpu host -device virtio-serial-device -device virtconsole -display none -serial stdio -kernel /tmp/tmp.zDH8cH8a9o -smp 4 -append 'MP.RT1+dc-dsb-tlbiall-dsb+dsb-isb WRC.TRT1.broken+dsb-tlbiis-dsb+dmb -p -n500000'
P0			P1			P2			P3			

Test MP.RT1+dc-dsb-tlbiall-dsb+dsb-isb:
 p1:x0=0  p1:x2=0  : 166924
 p1:x0=0  p1:x2=1  : 329183
 p1:x0=1  p1:x2=1  : 3893
Observation MP.RT1+dc-dsb-tlbiall-dsb+dsb-isb: 0 (of 500000)
P0			P1			P2			P3			

Test WRC.TRT1.broken+dsb-tlbiis-dsb+dmb:
 p1:x0=0  p2:x0=0  p2:x2=0  : 166220
 p1:x0=1  p2:x0=0  p2:x2=1  : 78873
 p1:x0=0  p2:x0=0  p2:x2=1  : 134704
 p1:x0=1  p2:x0=0  p2:x2=0  : 113174
 p1:x0=1  p2:x0=1  p2:x2=1  : 2899
 p1:x0=0  p2:x0=1  p2:x2=1  : 4099
 p1:x0=0  p2:x0=1  p2:x2=0  : 31
Observation WRC.TRT1.broken+dsb-tlbiis-dsb+dmb: 0 (of 500000)
++ echo Starting bin/litmus.exe
Starting bin/litmus.exe
+++ mktemp
++ tmp=/tmp/tmp.1vx2xPjiwH
++ base64 -d
++ zcat
++ qemu-system-aarch64 -nodefaults -machine virt,accel=kvm,gic-version=host -cpu host -device virtio-serial-device -device virtconsole -display none -serial stdio -kernel /tmp/tmp.1vx2xPjiwH -smp 4 -append 'MP.RT1+dc-dsb-tlbiall-dsb+dsb-isb WRC.TRT1.broken+dsb-tlbiis-dsb+dmb -p -n500000'
P0			P1			P2			P3			

Test MP.RT1+dc-dsb-tlbiall-dsb+dsb-isb:
 p1:x0=0  p1:x2=0  : 155269
 p1:x0=0  p1:x2=1  : 339882
 p1:x0=1  p1:x2=1  : 4849
Observation MP.RT1+dc-dsb-tlbiall-dsb+dsb-isb: 0 (of 500000)
P0			P1			P2			P3			

Test WRC.TRT1.broken+dsb-tlbiis-dsb+dmb:
 p1:x0=0  p2:x0=1  p2:x2=0  : 33
 p1:x0=0  p2:x0=0  p2:x2=0  : 166547
 p1:x0=1  p2:x0=0  p2:x2=1  : 77840
 p1:x0=1  p2:x0=0  p2:x2=0  : 111313
 p1:x0=0  p2:x0=0  p2:x2=1  : 139384
 p1:x0=0  p2:x0=1  p2:x2=1  : 2714
 p1:x0=1  p2:x0=1  p2:x2=1  : 2169
Observation WRC.TRT1.broken+dsb-tlbiis-dsb+dmb: 0 (of 500000)
++ echo Starting bin/litmus.exe
Starting bin/litmus.exe
+++ mktemp
++ tmp=/tmp/tmp.HSNIwYiIFp
++ base64 -d
++ zcat
++ qemu-system-aarch64 -nodefaults -machine virt,accel=kvm,gic-version=host -cpu host -device virtio-serial-device -device virtconsole -display none -serial stdio -kernel /tmp/tmp.HSNIwYiIFp -smp 4 -append 'MP.RT1+dc-dsb-tlbiall-dsb+dsb-isb WRC.TRT1.broken+dsb-tlbiis-dsb+dmb -p -n500000'
P0			P1			P2			P3			

Test MP.RT1+dc-dsb-tlbiall-dsb+dsb-isb:
 p1:x0=0  p1:x2=0  : 161071
 p1:x0=0  p1:x2=1  : 335416
 p1:x0=1  p1:x2=1  : 3513
Observation MP.RT1+dc-dsb-tlbiall-dsb+dsb-isb: 0 (of 500000)
P0			P1			P2			P3			

Test WRC.TRT1.broken+dsb-tlbiis-dsb+dmb:
 p1:x0=0  p2:x0=0  p2:x2=0  : 160070
 p1:x0=1  p2:x0=0  p2:x2=1  : 82286
 p1:x0=1  p2:x0=0  p2:x2=0  : 113907
 p1:x0=0  p2:x0=0  p2:x2=1  : 137892
 p1:x0=0  p2:x0=1  p2:x2=1  : 3181
 p1:x0=1  p2:x0=1  p2:x2=1  : 2614
 p1:x0=0  p2:x0=1  p2:x2=0  : 50
Observation WRC.TRT1.broken+dsb-tlbiis-dsb+dmb: 0 (of 500000)
++ echo Starting bin/litmus.exe
Starting bin/litmus.exe
+++ mktemp
++ tmp=/tmp/tmp.GRjyY5B1NT
++ base64 -d
++ zcat
++ qemu-system-aarch64 -nodefaults -machine virt,accel=kvm,gic-version=host -cpu host -device virtio-serial-device -device virtconsole -display none -serial stdio -kernel /tmp/tmp.GRjyY5B1NT -smp 4 -append 'MP.RT1+dc-dsb-tlbiall-dsb+dsb-isb WRC.TRT1.broken+dsb-tlbiis-dsb+dmb -p -n500000'
P0			P1			P2			P3			

Test MP.RT1+dc-dsb-tlbiall-dsb+dsb-isb:
 p1:x0=0  p1:x2=0  : 162993
 p1:x0=0  p1:x2=1  : 332918
 p1:x0=1  p1:x2=1  : 4089
Observation MP.RT1+dc-dsb-tlbiall-dsb+dsb-isb: 0 (of 500000)
P0			P1			P2			P3			

Test WRC.TRT1.broken+dsb-tlbiis-dsb+dmb:
 p1:x0=0  p2:x0=0  p2:x2=0  : 156397
 p1:x0=1  p2:x0=0  p2:x2=1  : 84161
 p1:x0=0  p2:x0=0  p2:x2=1  : 138323
 p1:x0=1  p2:x0=0  p2:x2=0  : 114538
 p1:x0=0  p2:x0=1  p2:x2=1  : 3664
 p1:x0=1  p2:x0=1  p2:x2=1  : 2875
 p1:x0=0  p2:x0=1  p2:x2=0  : 42
Observation WRC.TRT1.broken+dsb-tlbiis-dsb+dmb: 0 (of 500000)
++ echo Starting bin/litmus.exe
Starting bin/litmus.exe
+++ mktemp
++ tmp=/tmp/tmp.vPPR9n77vK
++ base64 -d
++ zcat
++ qemu-system-aarch64 -nodefaults -machine virt,accel=kvm,gic-version=host -cpu host -device virtio-serial-device -device virtconsole -display none -serial stdio -kernel /tmp/tmp.vPPR9n77vK -smp 4 -append 'MP.RT1+dc-dsb-tlbiall-dsb+dsb-isb WRC.TRT1.broken+dsb-tlbiis-dsb+dmb -p -n500000'
P0			P1			P2			P3			

Test MP.RT1+dc-dsb-tlbiall-dsb+dsb-isb:
 p1:x0=0  p1:x2=0  : 154994
 p1:x0=0  p1:x2=1  : 339860
 p1:x0=1  p1:x2=1  : 5146
Observation MP.RT1+dc-dsb-tlbiall-dsb+dsb-isb: 0 (of 500000)
P0			P1			P2			P3			

Test WRC.TRT1.broken+dsb-tlbiis-dsb+dmb:
 p1:x0=0  p2:x0=0  p2:x2=0  : 165280
 p1:x0=1  p2:x0=0  p2:x2=1  : 77835
 p1:x0=0  p2:x0=0  p2:x2=1  : 141060
 p1:x0=1  p2:x0=0  p2:x2=0  : 110997
 p1:x0=1  p2:x0=1  p2:x2=1  : 1929
 p1:x0=0  p2:x0=1  p2:x2=1  : 2857
 p1:x0=0  p2:x0=1  p2:x2=0  : 42
Observation WRC.TRT1.broken+dsb-tlbiis-dsb+dmb: 0 (of 500000)
++ echo Starting bin/litmus.exe
Starting bin/litmus.exe
+++ mktemp
++ tmp=/tmp/tmp.gzWeT3hrDg
++ base64 -d
++ zcat
++ qemu-system-aarch64 -nodefaults -machine virt,accel=kvm,gic-version=host -cpu host -device virtio-serial-device -device virtconsole -display none -serial stdio -kernel /tmp/tmp.gzWeT3hrDg -smp 4 -append 'MP.RT1+dc-dsb-tlbiall-dsb+dsb-isb WRC.TRT1.broken+dsb-tlbiis-dsb+dmb -p -n500000'
P0			P1			P2			P3			

Test MP.RT1+dc-dsb-tlbiall-dsb+dsb-isb:
 p1:x0=0  p1:x2=0  : 145936
 p1:x0=0  p1:x2=1  : 350813
 p1:x0=1  p1:x2=1  : 3251
Observation MP.RT1+dc-dsb-tlbiall-dsb+dsb-isb: 0 (of 500000)
P0			P1			P2			P3			

Test WRC.TRT1.broken+dsb-tlbiis-dsb+dmb:
 p1:x0=0  p2:x0=0  p2:x2=0  : 165401
 p1:x0=1  p2:x0=0  p2:x2=1  : 79475
 p1:x0=1  p2:x0=0  p2:x2=0  : 113563
 p1:x0=0  p2:x0=0  p2:x2=1  : 136739
 p1:x0=1  p2:x0=1  p2:x2=1  : 2130
 p1:x0=0  p2:x0=1  p2:x2=1  : 2663
 p1:x0=0  p2:x0=1  p2:x2=0  : 29
Observation WRC.TRT1.broken+dsb-tlbiis-dsb+dmb: 0 (of 500000)
++ echo Starting bin/litmus.exe
Starting bin/litmus.exe
+++ mktemp
++ tmp=/tmp/tmp.EeO0B9zRSo
++ base64 -d
++ zcat
++ qemu-system-aarch64 -nodefaults -machine virt,accel=kvm,gic-version=host -cpu host -device virtio-serial-device -device virtconsole -display none -serial stdio -kernel /tmp/tmp.EeO0B9zRSo -smp 4 -append 'MP.RT1+dc-dsb-tlbiall-dsb+dsb-isb WRC.TRT1.broken+dsb-tlbiis-dsb+dmb -p -n500000'
P0			P1			P2			P3			

Test MP.RT1+dc-dsb-tlbiall-dsb+dsb-isb:
 p1:x0=0  p1:x2=0  : 172764
 p1:x0=0  p1:x2=1  : 322940
 p1:x0=1  p1:x2=1  : 4296
Observation MP.RT1+dc-dsb-tlbiall-dsb+dsb-isb: 0 (of 500000)
P0			P1			P2			P3			

Test WRC.TRT1.broken+dsb-tlbiis-dsb+dmb:
 p1:x0=0  p2:x0=0  p2:x2=0  : 159318
 p1:x0=1  p2:x0=0  p2:x2=1  : 80682
 p1:x0=0  p2:x0=0  p2:x2=1  : 142826
 p1:x0=1  p2:x0=0  p2:x2=0  : 109522
 p1:x0=0  p2:x0=1  p2:x2=1  : 4375
 p1:x0=1  p2:x0=1  p2:x2=1  : 3230
 p1:x0=0  p2:x0=1  p2:x2=0  : 47
Observation WRC.TRT1.broken+dsb-tlbiis-dsb+dmb: 0 (of 500000)
++ echo Starting bin/litmus.exe
Starting bin/litmus.exe
+++ mktemp
++ tmp=/tmp/tmp.pJXa1GhQSU
++ base64 -d
++ zcat
++ qemu-system-aarch64 -nodefaults -machine virt,accel=kvm,gic-version=host -cpu host -device virtio-serial-device -device virtconsole -display none -serial stdio -kernel /tmp/tmp.pJXa1GhQSU -smp 4 -append 'MP.RT1+dc-dsb-tlbiall-dsb+dsb-isb WRC.TRT1.broken+dsb-tlbiis-dsb+dmb -p -n500000'
P0			P1			P2			P3			

Test MP.RT1+dc-dsb-tlbiall-dsb+dsb-isb:
 p1:x0=0  p1:x2=0  : 153374
 p1:x0=0  p1:x2=1  : 342695
 p1:x0=1  p1:x2=1  : 3931
Observation MP.RT1+dc-dsb-tlbiall-dsb+dsb-isb: 0 (of 500000)
P0			P1			P2			P3			

Test WRC.TRT1.broken+dsb-tlbiis-dsb+dmb:
 p1:x0=0  p2:x0=0  p2:x2=0  : 161108
 p1:x0=0  p2:x0=0  p2:x2=1  : 133044
 p1:x0=1  p2:x0=0  p2:x2=0  : 115885
 p1:x0=1  p2:x0=0  p2:x2=1  : 83602
 p1:x0=0  p2:x0=1  p2:x2=1  : 3584
 p1:x0=1  p2:x0=1  p2:x2=1  : 2745
 p1:x0=0  p2:x0=1  p2:x2=0  : 32
Observation WRC.TRT1.broken+dsb-tlbiis-dsb+dmb: 0 (of 500000)
++ echo Starting bin/litmus.exe
Starting bin/litmus.exe
+++ mktemp
++ tmp=/tmp/tmp.bdfdYNWOwU
++ base64 -d
++ zcat
++ qemu-system-aarch64 -nodefaults -machine virt,accel=kvm,gic-version=host -cpu host -device virtio-serial-device -device virtconsole -display none -serial stdio -kernel /tmp/tmp.bdfdYNWOwU -smp 4 -append 'MP.RT1+dc-dsb-tlbiall-dsb+dsb-isb WRC.TRT1.broken+dsb-tlbiis-dsb+dmb -p -n500000'
P0			P1			P2			P3			

Test MP.RT1+dc-dsb-tlbiall-dsb+dsb-isb:
 p1:x0=0  p1:x2=0  : 173510
 p1:x0=0  p1:x2=1  : 321263
 p1:x0=1  p1:x2=1  : 5227
Observation MP.RT1+dc-dsb-tlbiall-dsb+dsb-isb: 0 (of 500000)
P0			P1			P2			P3			

Test WRC.TRT1.broken+dsb-tlbiis-dsb+dmb:
 p1:x0=0  p2:x0=0  p2:x2=0  : 127326
 p1:x0=1  p2:x0=0  p2:x2=0  : 104358
 p1:x0=1  p2:x0=0  p2:x2=1  : 90267
 p1:x0=0  p2:x0=0  p2:x2=1  : 171489
 p1:x0=0  p2:x0=1  p2:x2=1  : 3683
 p1:x0=1  p2:x0=1  p2:x2=1  : 2832
 p1:x0=0  p2:x0=1  p2:x2=0  : 45
Observation WRC.TRT1.broken+dsb-tlbiis-dsb+dmb: 0 (of 500000)
++ echo Starting bin/litmus.exe
Starting bin/litmus.exe
+++ mktemp
++ tmp=/tmp/tmp.1JxdbUY9oA
++ base64 -d
++ zcat
++ qemu-system-aarch64 -nodefaults -machine virt,accel=kvm,gic-version=host -cpu host -device virtio-serial-device -device virtconsole -display none -serial stdio -kernel /tmp/tmp.1JxdbUY9oA -smp 4 -append 'MP.RT1+dc-dsb-tlbiall-dsb+dsb-isb WRC.TRT1.broken+dsb-tlbiis-dsb+dmb -p -n500000'
P0			P1			P2			P3			

Test MP.RT1+dc-dsb-tlbiall-dsb+dsb-isb:
 p1:x0=1  p1:x2=0  : 1 *
 p1:x0=0  p1:x2=1  : 325141
 p1:x0=0  p1:x2=0  : 170085
 p1:x0=1  p1:x2=1  : 4773
Observation MP.RT1+dc-dsb-tlbiall-dsb+dsb-isb: 1 (of 500000)
P0			P1			P2			P3			

Test WRC.TRT1.broken+dsb-tlbiis-dsb+dmb:
 p1:x0=0  p2:x0=0  p2:x2=0  : 166581
 p1:x0=0  p2:x0=0  p2:x2=1  : 137349
 p1:x0=1  p2:x0=0  p2:x2=0  : 114359
 p1:x0=1  p2:x0=0  p2:x2=1  : 78074
 p1:x0=0  p2:x0=1  p2:x2=1  : 2098
 p1:x0=1  p2:x0=1  p2:x2=1  : 1510
 p1:x0=0  p2:x0=1  p2:x2=0  : 29
Observation WRC.TRT1.broken+dsb-tlbiis-dsb+dmb: 0 (of 500000)
++ echo Starting bin/litmus.exe
Starting bin/litmus.exe
+++ mktemp
++ tmp=/tmp/tmp.JpBlZn5HEI
++ base64 -d
++ zcat
++ qemu-system-aarch64 -nodefaults -machine virt,accel=kvm,gic-version=host -cpu host -device virtio-serial-device -device virtconsole -display none -serial stdio -kernel /tmp/tmp.JpBlZn5HEI -smp 4 -append 'MP.RT1+dc-dsb-tlbiall-dsb+dsb-isb WRC.TRT1.broken+dsb-tlbiis-dsb+dmb -p -n500000'
P0			P1			P2			P3			

Test MP.RT1+dc-dsb-tlbiall-dsb+dsb-isb:
 p1:x0=0  p1:x2=0  : 159366
 p1:x0=0  p1:x2=1  : 336477
 p1:x0=1  p1:x2=1  : 4157
Observation MP.RT1+dc-dsb-tlbiall-dsb+dsb-isb: 0 (of 500000)
P0			P1			P2			P3			

Test WRC.TRT1.broken+dsb-tlbiis-dsb+dmb:
 p1:x0=0  p2:x0=1  p2:x2=0  : 46
 p1:x0=1  p2:x0=1  p2:x2=1  : 2996
 p1:x0=1  p2:x0=0  p2:x2=1  : 85748
 p1:x0=0  p2:x0=0  p2:x2=1  : 136474
 p1:x0=0  p2:x0=0  p2:x2=0  : 155719
 p1:x0=0  p2:x0=1  p2:x2=1  : 3738
 p1:x0=1  p2:x0=0  p2:x2=0  : 115279
Observation WRC.TRT1.broken+dsb-tlbiis-dsb+dmb: 0 (of 500000)
++ echo Starting bin/litmus.exe
Starting bin/litmus.exe
+++ mktemp
++ tmp=/tmp/tmp.pHiYmkRkrE
++ base64 -d
++ zcat
++ qemu-system-aarch64 -nodefaults -machine virt,accel=kvm,gic-version=host -cpu host -device virtio-serial-device -device virtconsole -display none -serial stdio -kernel /tmp/tmp.pHiYmkRkrE -smp 4 -append 'MP.RT1+dc-dsb-tlbiall-dsb+dsb-isb WRC.TRT1.broken+dsb-tlbiis-dsb+dmb -p -n500000'
P0			P1			P2			P3			

Test MP.RT1+dc-dsb-tlbiall-dsb+dsb-isb:
 p1:x0=0  p1:x2=0  : 160996
 p1:x0=0  p1:x2=1  : 334885
 p1:x0=1  p1:x2=1  : 4119
Observation MP.RT1+dc-dsb-tlbiall-dsb+dsb-isb: 0 (of 500000)
P0			P1			P2			P3			

Test WRC.TRT1.broken+dsb-tlbiis-dsb+dmb:
 p1:x0=0  p2:x0=0  p2:x2=0  : 119875
 p1:x0=1  p2:x0=0  p2:x2=1  : 93970
 p1:x0=0  p2:x0=0  p2:x2=1  : 177590
 p1:x0=1  p2:x0=0  p2:x2=0  : 104376
 p1:x0=0  p2:x0=1  p2:x2=1  : 2345
 p1:x0=1  p2:x0=1  p2:x2=1  : 1822
 p1:x0=0  p2:x0=1  p2:x2=0  : 22
Observation WRC.TRT1.broken+dsb-tlbiis-dsb+dmb: 0 (of 500000)
++ echo Starting bin/litmus.exe
Starting bin/litmus.exe
+++ mktemp
++ tmp=/tmp/tmp.ot434WpO5U
++ base64 -d
++ zcat
++ qemu-system-aarch64 -nodefaults -machine virt,accel=kvm,gic-version=host -cpu host -device virtio-serial-device -device virtconsole -display none -serial stdio -kernel /tmp/tmp.ot434WpO5U -smp 4 -append 'MP.RT1+dc-dsb-tlbiall-dsb+dsb-isb WRC.TRT1.broken+dsb-tlbiis-dsb+dmb -p -n500000'
P0			P1			P2			P3			

Test MP.RT1+dc-dsb-tlbiall-dsb+dsb-isb:
 p1:x0=0  p1:x2=0  : 157747
 p1:x0=0  p1:x2=1  : 337783
 p1:x0=1  p1:x2=1  : 4470
Observation MP.RT1+dc-dsb-tlbiall-dsb+dsb-isb: 0 (of 500000)
P0			P1			P2			P3			

Test WRC.TRT1.broken+dsb-tlbiis-dsb+dmb:
 p1:x0=1  p2:x0=0  p2:x2=0  : 113109
 p1:x0=0  p2:x0=0  p2:x2=0  : 162563
 p1:x0=1  p2:x0=0  p2:x2=1  : 80686
 p1:x0=0  p2:x0=0  p2:x2=1  : 138173
 p1:x0=0  p2:x0=1  p2:x2=1  : 3071
 p1:x0=1  p2:x0=1  p2:x2=1  : 2362
 p1:x0=0  p2:x0=1  p2:x2=0  : 36
Observation WRC.TRT1.broken+dsb-tlbiis-dsb+dmb: 0 (of 500000)
++ echo Starting bin/litmus.exe
Starting bin/litmus.exe
+++ mktemp
++ tmp=/tmp/tmp.kEli2hPjIx
++ base64 -d
++ zcat
++ qemu-system-aarch64 -nodefaults -machine virt,accel=kvm,gic-version=host -cpu host -device virtio-serial-device -device virtconsole -display none -serial stdio -kernel /tmp/tmp.kEli2hPjIx -smp 4 -append 'MP.RT1+dc-dsb-tlbiall-dsb+dsb-isb WRC.TRT1.broken+dsb-tlbiis-dsb+dmb -p -n500000'
P0			P1			P2			P3			

Test MP.RT1+dc-dsb-tlbiall-dsb+dsb-isb:
 p1:x0=0  p1:x2=0  : 152058
 p1:x0=0  p1:x2=1  : 344328
 p1:x0=1  p1:x2=1  : 3614
Observation MP.RT1+dc-dsb-tlbiall-dsb+dsb-isb: 0 (of 500000)
P0			P1			P2			P3			

Test WRC.TRT1.broken+dsb-tlbiis-dsb+dmb:
 p1:x0=1  p2:x0=0  p2:x2=0  : 115222
 p1:x0=0  p2:x0=0  p2:x2=0  : 155130
 p1:x0=1  p2:x0=0  p2:x2=1  : 85692
 p1:x0=0  p2:x0=0  p2:x2=1  : 138490
 p1:x0=0  p2:x0=1  p2:x2=1  : 3096
 p1:x0=0  p2:x0=1  p2:x2=0  : 36
 p1:x0=1  p2:x0=1  p2:x2=1  : 2334
Observation WRC.TRT1.broken+dsb-tlbiis-dsb+dmb: 0 (of 500000)
++ echo Starting bin/litmus.exe
Starting bin/litmus.exe
+++ mktemp
++ tmp=/tmp/tmp.rcovNnKRV2
++ base64 -d
++ zcat
++ qemu-system-aarch64 -nodefaults -machine virt,accel=kvm,gic-version=host -cpu host -device virtio-serial-device -device virtconsole -display none -serial stdio -kernel /tmp/tmp.rcovNnKRV2 -smp 4 -append 'MP.RT1+dc-dsb-tlbiall-dsb+dsb-isb WRC.TRT1.broken+dsb-tlbiis-dsb+dmb -p -n500000'
P0			P1			P2			P3			

Test MP.RT1+dc-dsb-tlbiall-dsb+dsb-isb:
 p1:x0=0  p1:x2=0  : 155847
 p1:x0=0  p1:x2=1  : 339693
 p1:x0=1  p1:x2=1  : 4460
Observation MP.RT1+dc-dsb-tlbiall-dsb+dsb-isb: 0 (of 500000)
P0			P1			P2			P3			

Test WRC.TRT1.broken+dsb-tlbiis-dsb+dmb:
 p1:x0=0  p2:x0=0  p2:x2=0  : 120485
 p1:x0=1  p2:x0=0  p2:x2=0  : 105008
 p1:x0=1  p2:x0=0  p2:x2=1  : 93418
 p1:x0=0  p2:x0=0  p2:x2=1  : 176267
 p1:x0=0  p2:x0=1  p2:x2=1  : 2645
 p1:x0=0  p2:x0=1  p2:x2=0  : 40
 p1:x0=1  p2:x0=1  p2:x2=1  : 2137
Observation WRC.TRT1.broken+dsb-tlbiis-dsb+dmb: 0 (of 500000)
++ echo Starting bin/litmus.exe
Starting bin/litmus.exe
+++ mktemp
++ tmp=/tmp/tmp.t978RI6tiW
++ base64 -d
++ zcat
++ qemu-system-aarch64 -nodefaults -machine virt,accel=kvm,gic-version=host -cpu host -device virtio-serial-device -device virtconsole -display none -serial stdio -kernel /tmp/tmp.t978RI6tiW -smp 4 -append 'MP.RT1+dc-dsb-tlbiall-dsb+dsb-isb WRC.TRT1.broken+dsb-tlbiis-dsb+dmb -p -n500000'
P0			P1			P2			P3			

Test MP.RT1+dc-dsb-tlbiall-dsb+dsb-isb:
 p1:x0=0  p1:x2=0  : 157299
 p1:x0=0  p1:x2=1  : 339621
 p1:x0=1  p1:x2=1  : 3080
Observation MP.RT1+dc-dsb-tlbiall-dsb+dsb-isb: 0 (of 500000)
P0			P1			P2			P3			

Test WRC.TRT1.broken+dsb-tlbiis-dsb+dmb:
 p1:x0=0  p2:x0=0  p2:x2=0  : 164738
 p1:x0=1  p2:x0=0  p2:x2=1  : 80926
 p1:x0=1  p2:x0=0  p2:x2=0  : 112970
 p1:x0=0  p2:x0=0  p2:x2=1  : 136487
 p1:x0=0  p2:x0=1  p2:x2=1  : 2656
 p1:x0=1  p2:x0=1  p2:x2=1  : 2184
 p1:x0=0  p2:x0=1  p2:x2=0  : 39
Observation WRC.TRT1.broken+dsb-tlbiis-dsb+dmb: 0 (of 500000)
++ echo Starting bin/litmus.exe
Starting bin/litmus.exe
+++ mktemp
++ tmp=/tmp/tmp.A1L4Iqw2YC
++ base64 -d
++ zcat
++ qemu-system-aarch64 -nodefaults -machine virt,accel=kvm,gic-version=host -cpu host -device virtio-serial-device -device virtconsole -display none -serial stdio -kernel /tmp/tmp.A1L4Iqw2YC -smp 4 -append 'MP.RT1+dc-dsb-tlbiall-dsb+dsb-isb WRC.TRT1.broken+dsb-tlbiis-dsb+dmb -p -n500000'
P0			P1			P2			P3			

Test MP.RT1+dc-dsb-tlbiall-dsb+dsb-isb:
 p1:x0=1  p1:x2=1  : 4107
 p1:x0=0  p1:x2=1  : 337275
 p1:x0=0  p1:x2=0  : 158618
Observation MP.RT1+dc-dsb-tlbiall-dsb+dsb-isb: 0 (of 500000)
P0			P1			P2			P3			

Test WRC.TRT1.broken+dsb-tlbiis-dsb+dmb:
 p1:x0=0  p2:x0=0  p2:x2=0  : 157794
 p1:x0=1  p2:x0=0  p2:x2=1  : 82807
 p1:x0=1  p2:x0=0  p2:x2=0  : 113597
 p1:x0=0  p2:x0=0  p2:x2=1  : 138152
 p1:x0=0  p2:x0=1  p2:x2=1  : 4255
 p1:x0=1  p2:x0=1  p2:x2=1  : 3354
 p1:x0=0  p2:x0=1  p2:x2=0  : 41
Observation WRC.TRT1.broken+dsb-tlbiis-dsb+dmb: 0 (of 500000)
++ echo Starting bin/litmus.exe
Starting bin/litmus.exe
+++ mktemp
++ tmp=/tmp/tmp.UcKLusJVus
++ base64 -d
++ zcat
++ qemu-system-aarch64 -nodefaults -machine virt,accel=kvm,gic-version=host -cpu host -device virtio-serial-device -device virtconsole -display none -serial stdio -kernel /tmp/tmp.UcKLusJVus -smp 4 -append 'MP.RT1+dc-dsb-tlbiall-dsb+dsb-isb WRC.TRT1.broken+dsb-tlbiis-dsb+dmb -p -n500000'
P0			P1			P2			P3			

Test MP.RT1+dc-dsb-tlbiall-dsb+dsb-isb:
 p1:x0=0  p1:x2=0  : 159941
 p1:x0=0  p1:x2=1  : 335129
 p1:x0=1  p1:x2=1  : 4930
Observation MP.RT1+dc-dsb-tlbiall-dsb+dsb-isb: 0 (of 500000)
P0			P1			P2			P3			

Test WRC.TRT1.broken+dsb-tlbiis-dsb+dmb:
 p1:x0=0  p2:x0=0  p2:x2=0  : 154877
 p1:x0=1  p2:x0=0  p2:x2=1  : 85935
 p1:x0=1  p2:x0=0  p2:x2=0  : 115599
 p1:x0=0  p2:x0=0  p2:x2=1  : 137028
 p1:x0=0  p2:x0=1  p2:x2=1  : 3541
 p1:x0=1  p2:x0=1  p2:x2=1  : 2978
 p1:x0=0  p2:x0=1  p2:x2=0  : 42
Observation WRC.TRT1.broken+dsb-tlbiis-dsb+dmb: 0 (of 500000)
++ echo Starting bin/litmus.exe
Starting bin/litmus.exe
+++ mktemp
++ tmp=/tmp/tmp.ln9V6rg5A3
++ base64 -d
++ zcat
++ qemu-system-aarch64 -nodefaults -machine virt,accel=kvm,gic-version=host -cpu host -device virtio-serial-device -device virtconsole -display none -serial stdio -kernel /tmp/tmp.ln9V6rg5A3 -smp 4 -append 'MP.RT1+dc-dsb-tlbiall-dsb+dsb-isb WRC.TRT1.broken+dsb-tlbiis-dsb+dmb -p -n500000'
P0			P1			P2			P3			

Test MP.RT1+dc-dsb-tlbiall-dsb+dsb-isb:
 p1:x0=0  p1:x2=0  : 153866
 p1:x0=0  p1:x2=1  : 343191
 p1:x0=1  p1:x2=1  : 2943
Observation MP.RT1+dc-dsb-tlbiall-dsb+dsb-isb: 0 (of 500000)
P0			P1			P2			P3			

Test WRC.TRT1.broken+dsb-tlbiis-dsb+dmb:
 p1:x0=0  p2:x0=1  p2:x2=0  : 36
 p1:x0=0  p2:x0=0  p2:x2=0  : 165170
 p1:x0=1  p2:x0=0  p2:x2=1  : 82674
 p1:x0=0  p2:x0=0  p2:x2=1  : 132579
 p1:x0=1  p2:x0=0  p2:x2=0  : 114506
 p1:x0=0  p2:x0=1  p2:x2=1  : 2801
 p1:x0=1  p2:x0=1  p2:x2=1  : 2234
Observation WRC.TRT1.broken+dsb-tlbiis-dsb+dmb: 0 (of 500000)
++ echo Starting bin/litmus.exe
Starting bin/litmus.exe
+++ mktemp
++ tmp=/tmp/tmp.rEtYswf6HM
++ base64 -d
++ zcat
++ qemu-system-aarch64 -nodefaults -machine virt,accel=kvm,gic-version=host -cpu host -device virtio-serial-device -device virtconsole -display none -serial stdio -kernel /tmp/tmp.rEtYswf6HM -smp 4 -append 'MP.RT1+dc-dsb-tlbiall-dsb+dsb-isb WRC.TRT1.broken+dsb-tlbiis-dsb+dmb -p -n500000'
P0			P1			P2			P3			

Test MP.RT1+dc-dsb-tlbiall-dsb+dsb-isb:
 p1:x0=0  p1:x2=0  : 169924
 p1:x0=0  p1:x2=1  : 325738
 p1:x0=1  p1:x2=1  : 4338
Observation MP.RT1+dc-dsb-tlbiall-dsb+dsb-isb: 0 (of 500000)
P0			P1			P2			P3			

Test WRC.TRT1.broken+dsb-tlbiis-dsb+dmb:
 p1:x0=0  p2:x0=0  p2:x2=0  : 160282
 p1:x0=0  p2:x0=0  p2:x2=1  : 142470
 p1:x0=0  p2:x0=1  p2:x2=0  : 31
 p1:x0=1  p2:x0=0  p2:x2=1  : 80598
 p1:x0=1  p2:x0=0  p2:x2=0  : 110580
 p1:x0=1  p2:x0=1  p2:x2=1  : 2603
 p1:x0=0  p2:x0=1  p2:x2=1  : 3436
Observation WRC.TRT1.broken+dsb-tlbiis-dsb+dmb: 0 (of 500000)
++ echo Starting bin/litmus.exe
Starting bin/litmus.exe
+++ mktemp
++ tmp=/tmp/tmp.ieVUPHsp1l
++ base64 -d
++ zcat
++ qemu-system-aarch64 -nodefaults -machine virt,accel=kvm,gic-version=host -cpu host -device virtio-serial-device -device virtconsole -display none -serial stdio -kernel /tmp/tmp.ieVUPHsp1l -smp 4 -append 'MP.RT1+dc-dsb-tlbiall-dsb+dsb-isb WRC.TRT1.broken+dsb-tlbiis-dsb+dmb -p -n500000'
P0			P1			P2			P3			

Test MP.RT1+dc-dsb-tlbiall-dsb+dsb-isb:
 p1:x0=0  p1:x2=0  : 153080
 p1:x0=0  p1:x2=1  : 342576
 p1:x0=1  p1:x2=1  : 4344
Observation MP.RT1+dc-dsb-tlbiall-dsb+dsb-isb: 0 (of 500000)
P0			P1			P2			P3			

Test WRC.TRT1.broken+dsb-tlbiis-dsb+dmb:
 p1:x0=0  p2:x0=1  p2:x2=0  : 32
 p1:x0=0  p2:x0=0  p2:x2=0  : 127925
 p1:x0=1  p2:x0=0  p2:x2=1  : 94586
 p1:x0=0  p2:x0=0  p2:x2=1  : 165764
 p1:x0=1  p2:x0=0  p2:x2=0  : 107302
 p1:x0=1  p2:x0=1  p2:x2=1  : 1899
 p1:x0=0  p2:x0=1  p2:x2=1  : 2492
Observation WRC.TRT1.broken+dsb-tlbiis-dsb+dmb: 0 (of 500000)
++ echo Starting bin/litmus.exe
Starting bin/litmus.exe
+++ mktemp
++ tmp=/tmp/tmp.z2o2YVUnyF
++ base64 -d
++ zcat
++ qemu-system-aarch64 -nodefaults -machine virt,accel=kvm,gic-version=host -cpu host -device virtio-serial-device -device virtconsole -display none -serial stdio -kernel /tmp/tmp.z2o2YVUnyF -smp 4 -append 'MP.RT1+dc-dsb-tlbiall-dsb+dsb-isb WRC.TRT1.broken+dsb-tlbiis-dsb+dmb -p -n500000'
P0			P1			P2			P3			

Test MP.RT1+dc-dsb-tlbiall-dsb+dsb-isb:
 p1:x0=0  p1:x2=0  : 168692
 p1:x0=0  p1:x2=1  : 327819
 p1:x0=1  p1:x2=1  : 3489
Observation MP.RT1+dc-dsb-tlbiall-dsb+dsb-isb: 0 (of 500000)
P0			P1			P2			P3			

Test WRC.TRT1.broken+dsb-tlbiis-dsb+dmb:
 p1:x0=0  p2:x0=1  p2:x2=0  : 26
 p1:x0=0  p2:x0=0  p2:x2=0  : 129579
 p1:x0=0  p2:x0=0  p2:x2=1  : 176451
 p1:x0=1  p2:x0=0  p2:x2=1  : 85201
 p1:x0=1  p2:x0=0  p2:x2=0  : 104309
 p1:x0=1  p2:x0=1  p2:x2=1  : 1958
 p1:x0=0  p2:x0=1  p2:x2=1  : 2476
Observation WRC.TRT1.broken+dsb-tlbiis-dsb+dmb: 0 (of 500000)
++ echo Starting bin/litmus.exe
Starting bin/litmus.exe
+++ mktemp
++ tmp=/tmp/tmp.fhtscpdXl9
++ base64 -d
++ zcat
++ qemu-system-aarch64 -nodefaults -machine virt,accel=kvm,gic-version=host -cpu host -device virtio-serial-device -device virtconsole -display none -serial stdio -kernel /tmp/tmp.fhtscpdXl9 -smp 4 -append 'MP.RT1+dc-dsb-tlbiall-dsb+dsb-isb WRC.TRT1.broken+dsb-tlbiis-dsb+dmb -p -n500000'
P0			P1			P2			P3			

Test MP.RT1+dc-dsb-tlbiall-dsb+dsb-isb:
 p1:x0=0  p1:x2=0  : 150308
 p1:x0=0  p1:x2=1  : 344729
 p1:x0=1  p1:x2=1  : 4963
Observation MP.RT1+dc-dsb-tlbiall-dsb+dsb-isb: 0 (of 500000)
P0			P1			P2			P3			

Test WRC.TRT1.broken+dsb-tlbiis-dsb+dmb:
 p1:x0=0  p2:x0=1  p2:x2=0  : 26
 p1:x0=0  p2:x0=0  p2:x2=0  : 155779
 p1:x0=1  p2:x0=0  p2:x2=1  : 87395
 p1:x0=0  p2:x0=0  p2:x2=1  : 135523
 p1:x0=1  p2:x0=0  p2:x2=0  : 116128
 p1:x0=0  p2:x0=1  p2:x2=1  : 2803
 p1:x0=1  p2:x0=1  p2:x2=1  : 2346
Observation WRC.TRT1.broken+dsb-tlbiis-dsb+dmb: 0 (of 500000)
++ echo Starting bin/litmus.exe
Starting bin/litmus.exe
+++ mktemp
++ tmp=/tmp/tmp.fFg3icVhJf
++ base64 -d
++ zcat
++ qemu-system-aarch64 -nodefaults -machine virt,accel=kvm,gic-version=host -cpu host -device virtio-serial-device -device virtconsole -display none -serial stdio -kernel /tmp/tmp.fFg3icVhJf -smp 4 -append 'MP.RT1+dc-dsb-tlbiall-dsb+dsb-isb WRC.TRT1.broken+dsb-tlbiis-dsb+dmb -p -n500000'
P0			P1			P2			P3			

Test MP.RT1+dc-dsb-tlbiall-dsb+dsb-isb:
 p1:x0=0  p1:x2=0  : 163386
 p1:x0=0  p1:x2=1  : 332147
 p1:x0=1  p1:x2=1  : 4467
Observation MP.RT1+dc-dsb-tlbiall-dsb+dsb-isb: 0 (of 500000)
P0			P1			P2			P3			

Test WRC.TRT1.broken+dsb-tlbiis-dsb+dmb:
 p1:x0=0  p2:x0=1  p2:x2=0  : 35
 p1:x0=0  p2:x0=1  p2:x2=1  : 2319
 p1:x0=0  p2:x0=0  p2:x2=0  : 159984
 p1:x0=1  p2:x0=0  p2:x2=0  : 118889
 p1:x0=1  p2:x0=0  p2:x2=1  : 84606
 p1:x0=0  p2:x0=0  p2:x2=1  : 132501
 p1:x0=1  p2:x0=1  p2:x2=1  : 1666
Observation WRC.TRT1.broken+dsb-tlbiis-dsb+dmb: 0 (of 500000)
++ echo Starting bin/litmus.exe
Starting bin/litmus.exe
+++ mktemp
++ tmp=/tmp/tmp.ulq8FjzHEg
++ base64 -d
++ zcat
++ qemu-system-aarch64 -nodefaults -machine virt,accel=kvm,gic-version=host -cpu host -device virtio-serial-device -device virtconsole -display none -serial stdio -kernel /tmp/tmp.ulq8FjzHEg -smp 4 -append 'MP.RT1+dc-dsb-tlbiall-dsb+dsb-isb WRC.TRT1.broken+dsb-tlbiis-dsb+dmb -p -n500000'
P0			P1			P2			P3			

Test MP.RT1+dc-dsb-tlbiall-dsb+dsb-isb:
 p1:x0=0  p1:x2=0  : 165136
 p1:x0=0  p1:x2=1  : 328812
 p1:x0=1  p1:x2=1  : 6052
Observation MP.RT1+dc-dsb-tlbiall-dsb+dsb-isb: 0 (of 500000)
P0			P1			P2			P3			

Test WRC.TRT1.broken+dsb-tlbiis-dsb+dmb:
 p1:x0=0  p2:x0=0  p2:x2=0  : 160366
 p1:x0=1  p2:x0=0  p2:x2=1  : 82138
 p1:x0=1  p2:x0=0  p2:x2=0  : 115142
 p1:x0=0  p2:x0=0  p2:x2=1  : 136546
 p1:x0=0  p2:x0=1  p2:x2=1  : 3322
 p1:x0=1  p2:x0=1  p2:x2=1  : 2453
 p1:x0=0  p2:x0=1  p2:x2=0  : 33
Observation WRC.TRT1.broken+dsb-tlbiis-dsb+dmb: 0 (of 500000)
++ echo Starting bin/litmus.exe
Starting bin/litmus.exe
+++ mktemp
++ tmp=/tmp/tmp.YWNLXj0j1m
++ base64 -d
++ zcat
++ qemu-system-aarch64 -nodefaults -machine virt,accel=kvm,gic-version=host -cpu host -device virtio-serial-device -device virtconsole -display none -serial stdio -kernel /tmp/tmp.YWNLXj0j1m -smp 4 -append 'MP.RT1+dc-dsb-tlbiall-dsb+dsb-isb WRC.TRT1.broken+dsb-tlbiis-dsb+dmb -p -n500000'
P0			P1			P2			P3			

Test MP.RT1+dc-dsb-tlbiall-dsb+dsb-isb:
 p1:x0=0  p1:x2=0  : 161840
 p1:x0=0  p1:x2=1  : 332591
 p1:x0=1  p1:x2=1  : 5569
Observation MP.RT1+dc-dsb-tlbiall-dsb+dsb-isb: 0 (of 500000)
P0			P1			P2			P3			

Test WRC.TRT1.broken+dsb-tlbiis-dsb+dmb:
 p1:x0=0  p2:x0=1  p2:x2=0  : 26
 p1:x0=0  p2:x0=0  p2:x2=0  : 157106
 p1:x0=1  p2:x0=0  p2:x2=1  : 85909
 p1:x0=1  p2:x0=0  p2:x2=0  : 117272
 p1:x0=0  p2:x0=0  p2:x2=1  : 134348
 p1:x0=0  p2:x0=1  p2:x2=1  : 3012
 p1:x0=1  p2:x0=1  p2:x2=1  : 2327
Observation WRC.TRT1.broken+dsb-tlbiis-dsb+dmb: 0 (of 500000)
++ echo Starting bin/litmus.exe
Starting bin/litmus.exe
+++ mktemp
++ tmp=/tmp/tmp.GUAtEXjgtZ
++ base64 -d
++ zcat
++ qemu-system-aarch64 -nodefaults -machine virt,accel=kvm,gic-version=host -cpu host -device virtio-serial-device -device virtconsole -display none -serial stdio -kernel /tmp/tmp.GUAtEXjgtZ -smp 4 -append 'MP.RT1+dc-dsb-tlbiall-dsb+dsb-isb WRC.TRT1.broken+dsb-tlbiis-dsb+dmb -p -n500000'
P0			P1			P2			P3			

Test MP.RT1+dc-dsb-tlbiall-dsb+dsb-isb:
 p1:x0=0  p1:x2=0  : 156063
 p1:x0=0  p1:x2=1  : 339619
 p1:x0=1  p1:x2=1  : 4318
Observation MP.RT1+dc-dsb-tlbiall-dsb+dsb-isb: 0 (of 500000)
P0			P1			P2			P3			

Test WRC.TRT1.broken+dsb-tlbiis-dsb+dmb:
 p1:x0=0  p2:x0=0  p2:x2=0  : 160183
 p1:x0=1  p2:x0=0  p2:x2=1  : 82629
 p1:x0=0  p2:x0=0  p2:x2=1  : 138168
 p1:x0=1  p2:x0=0  p2:x2=0  : 114773
 p1:x0=1  p2:x0=1  p2:x2=1  : 1842
 p1:x0=0  p2:x0=1  p2:x2=1  : 2367
 p1:x0=0  p2:x0=1  p2:x2=0  : 38
Observation WRC.TRT1.broken+dsb-tlbiis-dsb+dmb: 0 (of 500000)
++ echo Starting bin/litmus.exe
Starting bin/litmus.exe
+++ mktemp
++ tmp=/tmp/tmp.rCTUEYdQqU
++ base64 -d
++ zcat
++ qemu-system-aarch64 -nodefaults -machine virt,accel=kvm,gic-version=host -cpu host -device virtio-serial-device -device virtconsole -display none -serial stdio -kernel /tmp/tmp.rCTUEYdQqU -smp 4 -append 'MP.RT1+dc-dsb-tlbiall-dsb+dsb-isb WRC.TRT1.broken+dsb-tlbiis-dsb+dmb -p -n500000'
P0			P1			P2			P3			

Test MP.RT1+dc-dsb-tlbiall-dsb+dsb-isb:
 p1:x0=0  p1:x2=0  : 174482
 p1:x0=0  p1:x2=1  : 322733
 p1:x0=1  p1:x2=1  : 2785
Observation MP.RT1+dc-dsb-tlbiall-dsb+dsb-isb: 0 (of 500000)
P0			P1			P2			P3			

Test WRC.TRT1.broken+dsb-tlbiis-dsb+dmb:
 p1:x0=0  p2:x0=0  p2:x2=0  : 163620
 p1:x0=0  p2:x0=1  p2:x2=0  : 20
 p1:x0=1  p2:x0=1  p2:x2=1  : 3421
 p1:x0=0  p2:x0=1  p2:x2=1  : 4301
 p1:x0=0  p2:x0=0  p2:x2=1  : 137516
 p1:x0=1  p2:x0=0  p2:x2=0  : 111819
 p1:x0=1  p2:x0=0  p2:x2=1  : 79303
Observation WRC.TRT1.broken+dsb-tlbiis-dsb+dmb: 0 (of 500000)
++ echo Starting bin/litmus.exe
Starting bin/litmus.exe
+++ mktemp
++ tmp=/tmp/tmp.qOxH3AIvc8
++ base64 -d
++ zcat
++ qemu-system-aarch64 -nodefaults -machine virt,accel=kvm,gic-version=host -cpu host -device virtio-serial-device -device virtconsole -display none -serial stdio -kernel /tmp/tmp.qOxH3AIvc8 -smp 4 -append 'MP.RT1+dc-dsb-tlbiall-dsb+dsb-isb WRC.TRT1.broken+dsb-tlbiis-dsb+dmb -p -n500000'
P0			P1			P2			P3			

Test MP.RT1+dc-dsb-tlbiall-dsb+dsb-isb:
 p1:x0=0  p1:x2=0  : 146483
 p1:x0=0  p1:x2=1  : 348478
 p1:x0=1  p1:x2=1  : 5039
Observation MP.RT1+dc-dsb-tlbiall-dsb+dsb-isb: 0 (of 500000)
P0			P1			P2			P3			

Test WRC.TRT1.broken+dsb-tlbiis-dsb+dmb:
 p1:x0=0  p2:x0=1  p2:x2=1  : 2388
 p1:x0=0  p2:x0=0  p2:x2=0  : 145540
 p1:x0=1  p2:x0=1  p2:x2=1  : 2197
 p1:x0=0  p2:x0=0  p2:x2=1  : 132419
 p1:x0=1  p2:x0=0  p2:x2=1  : 97252
 p1:x0=1  p2:x0=0  p2:x2=0  : 120171
 p1:x0=0  p2:x0=1  p2:x2=0  : 33
Observation WRC.TRT1.broken+dsb-tlbiis-dsb+dmb: 0 (of 500000)
++ echo Starting bin/litmus.exe
Starting bin/litmus.exe
+++ mktemp
++ tmp=/tmp/tmp.5AYAnvkUmB
++ base64 -d
++ zcat
++ qemu-system-aarch64 -nodefaults -machine virt,accel=kvm,gic-version=host -cpu host -device virtio-serial-device -device virtconsole -display none -serial stdio -kernel /tmp/tmp.5AYAnvkUmB -smp 4 -append 'MP.RT1+dc-dsb-tlbiall-dsb+dsb-isb WRC.TRT1.broken+dsb-tlbiis-dsb+dmb -p -n500000'
P0			P1			P2			P3			

Test MP.RT1+dc-dsb-tlbiall-dsb+dsb-isb:
 p1:x0=1  p1:x2=0  : 1 *
 p1:x0=0  p1:x2=1  : 328657
 p1:x0=0  p1:x2=0  : 166773
 p1:x0=1  p1:x2=1  : 4569
Observation MP.RT1+dc-dsb-tlbiall-dsb+dsb-isb: 1 (of 500000)
P0			P1			P2			P3			

Test WRC.TRT1.broken+dsb-tlbiis-dsb+dmb:
 p1:x0=0  p2:x0=1  p2:x2=0  : 36
 p1:x0=0  p2:x0=0  p2:x2=0  : 156795
 p1:x0=1  p2:x0=0  p2:x2=1  : 83417
 p1:x0=0  p2:x0=0  p2:x2=1  : 140033
 p1:x0=1  p2:x0=0  p2:x2=0  : 115145
 p1:x0=0  p2:x0=1  p2:x2=1  : 2624
 p1:x0=1  p2:x0=1  p2:x2=1  : 1950
Observation WRC.TRT1.broken+dsb-tlbiis-dsb+dmb: 0 (of 500000)
++ echo Starting bin/litmus.exe
Starting bin/litmus.exe
+++ mktemp
++ tmp=/tmp/tmp.u58zYqHAze
++ base64 -d
++ zcat
++ qemu-system-aarch64 -nodefaults -machine virt,accel=kvm,gic-version=host -cpu host -device virtio-serial-device -device virtconsole -display none -serial stdio -kernel /tmp/tmp.u58zYqHAze -smp 4 -append 'MP.RT1+dc-dsb-tlbiall-dsb+dsb-isb WRC.TRT1.broken+dsb-tlbiis-dsb+dmb -p -n500000'
P0			P1			P2			P3			

Test MP.RT1+dc-dsb-tlbiall-dsb+dsb-isb:
 p1:x0=0  p1:x2=0  : 150459
 p1:x0=0  p1:x2=1  : 344901
 p1:x0=1  p1:x2=1  : 4640
Observation MP.RT1+dc-dsb-tlbiall-dsb+dsb-isb: 0 (of 500000)
P0			P1			P2			P3			

Test WRC.TRT1.broken+dsb-tlbiis-dsb+dmb:
 p1:x0=0  p2:x0=1  p2:x2=1  : 2756
 p1:x0=0  p2:x0=0  p2:x2=0  : 160456
 p1:x0=1  p2:x0=0  p2:x2=1  : 82333
 p1:x0=0  p2:x0=0  p2:x2=1  : 137810
 p1:x0=1  p2:x0=0  p2:x2=0  : 114558
 p1:x0=0  p2:x0=1  p2:x2=0  : 42
 p1:x0=1  p2:x0=1  p2:x2=1  : 2045
Observation WRC.TRT1.broken+dsb-tlbiis-dsb+dmb: 0 (of 500000)
++ echo Starting bin/litmus.exe
Starting bin/litmus.exe
+++ mktemp
++ tmp=/tmp/tmp.js5ET53KpR
++ base64 -d
++ zcat
++ qemu-system-aarch64 -nodefaults -machine virt,accel=kvm,gic-version=host -cpu host -device virtio-serial-device -device virtconsole -display none -serial stdio -kernel /tmp/tmp.js5ET53KpR -smp 4 -append 'MP.RT1+dc-dsb-tlbiall-dsb+dsb-isb WRC.TRT1.broken+dsb-tlbiis-dsb+dmb -p -n500000'
P0			P1			P2			P3			

Test MP.RT1+dc-dsb-tlbiall-dsb+dsb-isb:
 p1:x0=1  p1:x2=1  : 5213
 p1:x0=0  p1:x2=1  : 339274
 p1:x0=0  p1:x2=0  : 155513
Observation MP.RT1+dc-dsb-tlbiall-dsb+dsb-isb: 0 (of 500000)
P0			P1			P2			P3			

Test WRC.TRT1.broken+dsb-tlbiis-dsb+dmb:
 p1:x0=0  p2:x0=1  p2:x2=0  : 38
 p1:x0=0  p2:x0=0  p2:x2=0  : 159357
 p1:x0=1  p2:x0=0  p2:x2=1  : 84391
 p1:x0=0  p2:x0=0  p2:x2=1  : 137780
 p1:x0=1  p2:x0=0  p2:x2=0  : 113576
 p1:x0=1  p2:x0=1  p2:x2=1  : 2098
 p1:x0=0  p2:x0=1  p2:x2=1  : 2760
Observation WRC.TRT1.broken+dsb-tlbiis-dsb+dmb: 0 (of 500000)
++ echo Starting bin/litmus.exe
Starting bin/litmus.exe
+++ mktemp
++ tmp=/tmp/tmp.6rT6zUdk1R
++ base64 -d
++ zcat
++ qemu-system-aarch64 -nodefaults -machine virt,accel=kvm,gic-version=host -cpu host -device virtio-serial-device -device virtconsole -display none -serial stdio -kernel /tmp/tmp.6rT6zUdk1R -smp 4 -append 'MP.RT1+dc-dsb-tlbiall-dsb+dsb-isb WRC.TRT1.broken+dsb-tlbiis-dsb+dmb -p -n500000'
P0			P1			P2			P3			

Test MP.RT1+dc-dsb-tlbiall-dsb+dsb-isb:
 p1:x0=0  p1:x2=0  : 160770
 p1:x0=0  p1:x2=1  : 335997
 p1:x0=1  p1:x2=1  : 3233
Observation MP.RT1+dc-dsb-tlbiall-dsb+dsb-isb: 0 (of 500000)
P0			P1			P2			P3			

Test WRC.TRT1.broken+dsb-tlbiis-dsb+dmb:
 p1:x0=0  p2:x0=0  p2:x2=0  : 166571
 p1:x0=1  p2:x0=0  p2:x2=0  : 115053
 p1:x0=1  p2:x0=0  p2:x2=1  : 76755
 p1:x0=0  p2:x0=0  p2:x2=1  : 136977
 p1:x0=1  p2:x0=1  p2:x2=1  : 2004
 p1:x0=0  p2:x0=1  p2:x2=1  : 2607
 p1:x0=0  p2:x0=1  p2:x2=0  : 33
Observation WRC.TRT1.broken+dsb-tlbiis-dsb+dmb: 0 (of 500000)
++ echo Starting bin/litmus.exe
Starting bin/litmus.exe
+++ mktemp
++ tmp=/tmp/tmp.tI6xhCzaqM
++ base64 -d
++ zcat
++ qemu-system-aarch64 -nodefaults -machine virt,accel=kvm,gic-version=host -cpu host -device virtio-serial-device -device virtconsole -display none -serial stdio -kernel /tmp/tmp.tI6xhCzaqM -smp 4 -append 'MP.RT1+dc-dsb-tlbiall-dsb+dsb-isb WRC.TRT1.broken+dsb-tlbiis-dsb+dmb -p -n500000'
P0			P1			P2			P3			

Test MP.RT1+dc-dsb-tlbiall-dsb+dsb-isb:
 p1:x0=0  p1:x2=1  : 333702
 p1:x0=0  p1:x2=0  : 161141
 p1:x0=1  p1:x2=1  : 5157
Observation MP.RT1+dc-dsb-tlbiall-dsb+dsb-isb: 0 (of 500000)
P0			P1			P2			P3			

Test WRC.TRT1.broken+dsb-tlbiis-dsb+dmb:
 p1:x0=0  p2:x0=0  p2:x2=0  : 163716
 p1:x0=1  p2:x0=0  p2:x2=1  : 76152
 p1:x0=0  p2:x0=0  p2:x2=1  : 134284
 p1:x0=1  p2:x0=0  p2:x2=0  : 112423
 p1:x0=0  p2:x0=1  p2:x2=1  : 7037
 p1:x0=1  p2:x0=1  p2:x2=1  : 5240
 p1:x0=0  p2:x0=1  p2:x2=0  : 1148
Observation WRC.TRT1.broken+dsb-tlbiis-dsb+dmb: 0 (of 500000)
++ echo Starting bin/litmus.exe
Starting bin/litmus.exe
+++ mktemp
++ tmp=/tmp/tmp.4zrPKGdeFT
++ base64 -d
++ zcat
++ qemu-system-aarch64 -nodefaults -machine virt,accel=kvm,gic-version=host -cpu host -device virtio-serial-device -device virtconsole -display none -serial stdio -kernel /tmp/tmp.4zrPKGdeFT -smp 4 -append 'MP.RT1+dc-dsb-tlbiall-dsb+dsb-isb WRC.TRT1.broken+dsb-tlbiis-dsb+dmb -p -n500000'
P0			P1			P2			P3			

Test MP.RT1+dc-dsb-tlbiall-dsb+dsb-isb:
 p1:x0=0  p1:x2=0  : 198426
 p1:x0=0  p1:x2=1  : 265543
 p1:x0=1  p1:x2=1  : 36031
Observation MP.RT1+dc-dsb-tlbiall-dsb+dsb-isb: 0 (of 500000)
P0			P1			P2			P3			

Test WRC.TRT1.broken+dsb-tlbiis-dsb+dmb:
 p1:x0=0  p2:x0=0  p2:x2=0  : 171325
 p1:x0=0  p2:x0=1  p2:x2=0  : 2267
 p1:x0=1  p2:x0=1  p2:x2=1  : 7298
 p1:x0=0  p2:x0=0  p2:x2=1  : 127571
 p1:x0=1  p2:x0=0  p2:x2=1  : 67795
 p1:x0=1  p2:x0=0  p2:x2=0  : 113698
 p1:x0=0  p2:x0=1  p2:x2=1  : 10046
Observation WRC.TRT1.broken+dsb-tlbiis-dsb+dmb: 0 (of 500000)
