++ echo Starting bin/litmus.exe
Starting bin/litmus.exe
+++ mktemp
++ tmp=/tmp/tmp.FL1z5HjVLe
++ base64 -d
++ zcat
++ qemu-system-aarch64 -nodefaults -machine virt,accel=kvm,gic-version=host -cpu host -device virtio-serial-device -device virtconsole -display none -serial stdio -kernel /tmp/tmp.FL1z5HjVLe -smp 4 -append '-p -n500000 CoWT1+dsb-tlbi-dsb-isb CoWT1+dsb-tlbi-dsb CoWT.inv+dsb CoWT.inv+dsb-isb'
P0			P1			P2			P3			

Test CoWT1+dsb-tlbi-dsb-isb:
 p0:x2=2  : 500000
Observation CoWT1+dsb-tlbi-dsb-isb.errata: 0 (of 500000)
P0			P1			P2			P3			

Test CoWT1+dsb-tlbi-dsb:
 p0:x2=2  : 500000
Observation CoWT1+dsb-tlbi-dsb.errata: 0 (of 500000)
P0			P1			P2			P3			

Test CoWT.inv+dsb:
 p0:x4=0  : 500000
Observation CoWT.inv+dsb.errata.errata: 0 (of 500000)
P0			P1			P2			P3			

Test CoWT.inv+dsb-isb:
 p0:x4=0  : 500000
Observation CoWT.inv+dsb-isb.errata: 0 (of 500000)
1/100
++ echo Starting bin/litmus.exe
Starting bin/litmus.exe
+++ mktemp
++ tmp=/tmp/tmp.cfS7l843M5
++ base64 -d
++ zcat
++ qemu-system-aarch64 -nodefaults -machine virt,accel=kvm,gic-version=host -cpu host -device virtio-serial-device -device virtconsole -display none -serial stdio -kernel /tmp/tmp.cfS7l843M5 -smp 4 -append '-p -n500000 CoWT1+dsb-tlbi-dsb-isb CoWT1+dsb-tlbi-dsb CoWT.inv+dsb CoWT.inv+dsb-isb'
P0			P1			P2			P3			

Test CoWT1+dsb-tlbi-dsb-isb:
 p0:x2=2  : 500000
Observation CoWT1+dsb-tlbi-dsb-isb.errata: 0 (of 500000)
P0			P1			P2			P3			

Test CoWT1+dsb-tlbi-dsb:
 p0:x2=2  : 500000
Observation CoWT1+dsb-tlbi-dsb.errata: 0 (of 500000)
P0			P1			P2			P3			

Test CoWT.inv+dsb:
 p0:x4=0  : 500000
Observation CoWT.inv+dsb.errata.errata: 0 (of 500000)
P0			P1			P2			P3			

Test CoWT.inv+dsb-isb:
 p0:x4=0  : 500000
Observation CoWT.inv+dsb-isb.errata: 0 (of 500000)
2/100
++ echo Starting bin/litmus.exe
Starting bin/litmus.exe
+++ mktemp
++ tmp=/tmp/tmp.usUbo4TrXc
++ base64 -d
++ zcat
++ qemu-system-aarch64 -nodefaults -machine virt,accel=kvm,gic-version=host -cpu host -device virtio-serial-device -device virtconsole -display none -serial stdio -kernel /tmp/tmp.usUbo4TrXc -smp 4 -append '-p -n500000 CoWT1+dsb-tlbi-dsb-isb CoWT1+dsb-tlbi-dsb CoWT.inv+dsb CoWT.inv+dsb-isb'
P0			P1			P2			P3			

Test CoWT1+dsb-tlbi-dsb-isb:
 p0:x2=2  : 500000
Observation CoWT1+dsb-tlbi-dsb-isb.errata: 0 (of 500000)
P0			P1			P2			P3			

Test CoWT1+dsb-tlbi-dsb:
 p0:x2=2  : 500000
Observation CoWT1+dsb-tlbi-dsb.errata: 0 (of 500000)
P0			P1			P2			P3			

Test CoWT.inv+dsb:
 p0:x4=0  : 500000
Observation CoWT.inv+dsb.errata.errata: 0 (of 500000)
P0			P1			P2			P3			

Test CoWT.inv+dsb-isb:
 p0:x4=0  : 500000
Observation CoWT.inv+dsb-isb.errata: 0 (of 500000)
3/100
++ echo Starting bin/litmus.exe
Starting bin/litmus.exe
+++ mktemp
++ tmp=/tmp/tmp.KRbMA0HIoh
++ base64 -d
++ zcat
++ qemu-system-aarch64 -nodefaults -machine virt,accel=kvm,gic-version=host -cpu host -device virtio-serial-device -device virtconsole -display none -serial stdio -kernel /tmp/tmp.KRbMA0HIoh -smp 4 -append '-p -n500000 CoWT1+dsb-tlbi-dsb-isb CoWT1+dsb-tlbi-dsb CoWT.inv+dsb CoWT.inv+dsb-isb'
P0			P1			P2			P3			

Test CoWT1+dsb-tlbi-dsb-isb:
 p0:x2=2  : 500000
Observation CoWT1+dsb-tlbi-dsb-isb.errata: 0 (of 500000)
P0			P1			P2			P3			

Test CoWT1+dsb-tlbi-dsb:
 p0:x2=2  : 500000
Observation CoWT1+dsb-tlbi-dsb.errata: 0 (of 500000)
P0			P1			P2			P3			

Test CoWT.inv+dsb:
 p0:x4=0  : 499998
 p0:x4=1  : 2 *
Observation CoWT.inv+dsb.errata.errata: 2 (of 500000)
P0			P1			P2			P3			

Test CoWT.inv+dsb-isb:
 p0:x4=0  : 500000
Observation CoWT.inv+dsb-isb.errata: 0 (of 500000)
4/100
++ echo Starting bin/litmus.exe
Starting bin/litmus.exe
+++ mktemp
++ tmp=/tmp/tmp.zs2BIwpLVH
++ base64 -d
++ zcat
++ qemu-system-aarch64 -nodefaults -machine virt,accel=kvm,gic-version=host -cpu host -device virtio-serial-device -device virtconsole -display none -serial stdio -kernel /tmp/tmp.zs2BIwpLVH -smp 4 -append '-p -n500000 CoWT1+dsb-tlbi-dsb-isb CoWT1+dsb-tlbi-dsb CoWT.inv+dsb CoWT.inv+dsb-isb'
P0			P1			P2			P3			

Test CoWT1+dsb-tlbi-dsb-isb:
 p0:x2=2  : 500000
Observation CoWT1+dsb-tlbi-dsb-isb.errata: 0 (of 500000)
P0			P1			P2			P3			

Test CoWT1+dsb-tlbi-dsb:
 p0:x2=2  : 500000
Observation CoWT1+dsb-tlbi-dsb.errata: 0 (of 500000)
P0			P1			P2			P3			

Test CoWT.inv+dsb:
 p0:x4=0  : 500000
Observation CoWT.inv+dsb.errata.errata: 0 (of 500000)
P0			P1			P2			P3			

Test CoWT.inv+dsb-isb:
 p0:x4=0  : 500000
Observation CoWT.inv+dsb-isb.errata: 0 (of 500000)
5/100
++ echo Starting bin/litmus.exe
Starting bin/litmus.exe
+++ mktemp
++ tmp=/tmp/tmp.RjuSszFJlH
++ base64 -d
++ zcat
++ qemu-system-aarch64 -nodefaults -machine virt,accel=kvm,gic-version=host -cpu host -device virtio-serial-device -device virtconsole -display none -serial stdio -kernel /tmp/tmp.RjuSszFJlH -smp 4 -append '-p -n500000 CoWT1+dsb-tlbi-dsb-isb CoWT1+dsb-tlbi-dsb CoWT.inv+dsb CoWT.inv+dsb-isb'
P0			P1			P2			P3			

Test CoWT1+dsb-tlbi-dsb-isb:
 p0:x2=2  : 500000
Observation CoWT1+dsb-tlbi-dsb-isb.errata: 0 (of 500000)
P0			P1			P2			P3			

Test CoWT1+dsb-tlbi-dsb:
 p0:x2=2  : 500000
Observation CoWT1+dsb-tlbi-dsb.errata: 0 (of 500000)
P0			P1			P2			P3			

Test CoWT.inv+dsb:
 p0:x4=0  : 500000
Observation CoWT.inv+dsb.errata.errata: 0 (of 500000)
P0			P1			P2			P3			

Test CoWT.inv+dsb-isb:
 p0:x4=0  : 500000
Observation CoWT.inv+dsb-isb.errata: 0 (of 500000)
6/100
++ echo Starting bin/litmus.exe
Starting bin/litmus.exe
+++ mktemp
++ tmp=/tmp/tmp.xT4mNynNuO
++ base64 -d
++ zcat
++ qemu-system-aarch64 -nodefaults -machine virt,accel=kvm,gic-version=host -cpu host -device virtio-serial-device -device virtconsole -display none -serial stdio -kernel /tmp/tmp.xT4mNynNuO -smp 4 -append '-p -n500000 CoWT1+dsb-tlbi-dsb-isb CoWT1+dsb-tlbi-dsb CoWT.inv+dsb CoWT.inv+dsb-isb'
P0			P1			P2			P3			

Test CoWT1+dsb-tlbi-dsb-isb:
 p0:x2=2  : 500000
Observation CoWT1+dsb-tlbi-dsb-isb.errata: 0 (of 500000)
P0			P1			P2			P3			

Test CoWT1+dsb-tlbi-dsb:
 p0:x2=2  : 500000
Observation CoWT1+dsb-tlbi-dsb.errata: 0 (of 500000)
P0			P1			P2			P3			

Test CoWT.inv+dsb:
 p0:x4=0  : 500000
Observation CoWT.inv+dsb.errata.errata: 0 (of 500000)
P0			P1			P2			P3			

Test CoWT.inv+dsb-isb:
 p0:x4=0  : 500000
Observation CoWT.inv+dsb-isb.errata: 0 (of 500000)
7/100
++ echo Starting bin/litmus.exe
Starting bin/litmus.exe
+++ mktemp
++ tmp=/tmp/tmp.aGBav5t9XP
++ base64 -d
++ zcat
++ qemu-system-aarch64 -nodefaults -machine virt,accel=kvm,gic-version=host -cpu host -device virtio-serial-device -device virtconsole -display none -serial stdio -kernel /tmp/tmp.aGBav5t9XP -smp 4 -append '-p -n500000 CoWT1+dsb-tlbi-dsb-isb CoWT1+dsb-tlbi-dsb CoWT.inv+dsb CoWT.inv+dsb-isb'
P0			P1			P2			P3			

Test CoWT1+dsb-tlbi-dsb-isb:
 p0:x2=2  : 500000
Observation CoWT1+dsb-tlbi-dsb-isb.errata: 0 (of 500000)
P0			P1			P2			P3			

Test CoWT1+dsb-tlbi-dsb:
 p0:x2=2  : 500000
Observation CoWT1+dsb-tlbi-dsb.errata: 0 (of 500000)
P0			P1			P2			P3			

Test CoWT.inv+dsb:
 p0:x4=0  : 500000
Observation CoWT.inv+dsb.errata.errata: 0 (of 500000)
P0			P1			P2			P3			

Test CoWT.inv+dsb-isb:
 p0:x4=0  : 500000
Observation CoWT.inv+dsb-isb.errata: 0 (of 500000)
8/100
++ echo Starting bin/litmus.exe
Starting bin/litmus.exe
+++ mktemp
++ tmp=/tmp/tmp.bn4qcwBodj
++ base64 -d
++ zcat
++ qemu-system-aarch64 -nodefaults -machine virt,accel=kvm,gic-version=host -cpu host -device virtio-serial-device -device virtconsole -display none -serial stdio -kernel /tmp/tmp.bn4qcwBodj -smp 4 -append '-p -n500000 CoWT1+dsb-tlbi-dsb-isb CoWT1+dsb-tlbi-dsb CoWT.inv+dsb CoWT.inv+dsb-isb'
P0			P1			P2			P3			

Test CoWT1+dsb-tlbi-dsb-isb:
 p0:x2=2  : 500000
Observation CoWT1+dsb-tlbi-dsb-isb.errata: 0 (of 500000)
P0			P1			P2			P3			

Test CoWT1+dsb-tlbi-dsb:
 p0:x2=2  : 500000
Observation CoWT1+dsb-tlbi-dsb.errata: 0 (of 500000)
P0			P1			P2			P3			

Test CoWT.inv+dsb:
 p0:x4=0  : 499998
 p0:x4=1  : 2 *
Observation CoWT.inv+dsb.errata.errata: 2 (of 500000)
P0			P1			P2			P3			

Test CoWT.inv+dsb-isb:
 p0:x4=0  : 500000
Observation CoWT.inv+dsb-isb.errata: 0 (of 500000)
9/100
++ echo Starting bin/litmus.exe
Starting bin/litmus.exe
+++ mktemp
++ tmp=/tmp/tmp.C6gcgQKkt9
++ base64 -d
++ zcat
++ qemu-system-aarch64 -nodefaults -machine virt,accel=kvm,gic-version=host -cpu host -device virtio-serial-device -device virtconsole -display none -serial stdio -kernel /tmp/tmp.C6gcgQKkt9 -smp 4 -append '-p -n500000 CoWT1+dsb-tlbi-dsb-isb CoWT1+dsb-tlbi-dsb CoWT.inv+dsb CoWT.inv+dsb-isb'
P0			P1			P2			P3			

Test CoWT1+dsb-tlbi-dsb-isb:
 p0:x2=2  : 500000
Observation CoWT1+dsb-tlbi-dsb-isb.errata: 0 (of 500000)
P0			P1			P2			P3			

Test CoWT1+dsb-tlbi-dsb:
 p0:x2=2  : 500000
Observation CoWT1+dsb-tlbi-dsb.errata: 0 (of 500000)
P0			P1			P2			P3			

Test CoWT.inv+dsb:
 p0:x4=0  : 500000
Observation CoWT.inv+dsb.errata.errata: 0 (of 500000)
P0			P1			P2			P3			

Test CoWT.inv+dsb-isb:
 p0:x4=0  : 500000
Observation CoWT.inv+dsb-isb.errata: 0 (of 500000)
10/100
++ echo Starting bin/litmus.exe
Starting bin/litmus.exe
+++ mktemp
++ tmp=/tmp/tmp.FzmUG22dvo
++ base64 -d
++ zcat
++ qemu-system-aarch64 -nodefaults -machine virt,accel=kvm,gic-version=host -cpu host -device virtio-serial-device -device virtconsole -display none -serial stdio -kernel /tmp/tmp.FzmUG22dvo -smp 4 -append '-p -n500000 CoWT1+dsb-tlbi-dsb-isb CoWT1+dsb-tlbi-dsb CoWT.inv+dsb CoWT.inv+dsb-isb'
P0			P1			P2			P3			

Test CoWT1+dsb-tlbi-dsb-isb:
 p0:x2=2  : 500000
Observation CoWT1+dsb-tlbi-dsb-isb.errata: 0 (of 500000)
P0			P1			P2			P3			

Test CoWT1+dsb-tlbi-dsb:
 p0:x2=2  : 500000
Observation CoWT1+dsb-tlbi-dsb.errata: 0 (of 500000)
P0			P1			P2			P3			

Test CoWT.inv+dsb:
 p0:x4=0  : 500000
Observation CoWT.inv+dsb.errata.errata: 0 (of 500000)
P0			P1			P2			P3			

Test CoWT.inv+dsb-isb:
 p0:x4=0  : 500000
Observation CoWT.inv+dsb-isb.errata: 0 (of 500000)
11/100
++ echo Starting bin/litmus.exe
Starting bin/litmus.exe
+++ mktemp
++ tmp=/tmp/tmp.9q6zOlo3YX
++ base64 -d
++ zcat
++ qemu-system-aarch64 -nodefaults -machine virt,accel=kvm,gic-version=host -cpu host -device virtio-serial-device -device virtconsole -display none -serial stdio -kernel /tmp/tmp.9q6zOlo3YX -smp 4 -append '-p -n500000 CoWT1+dsb-tlbi-dsb-isb CoWT1+dsb-tlbi-dsb CoWT.inv+dsb CoWT.inv+dsb-isb'
P0			P1			P2			P3			

Test CoWT1+dsb-tlbi-dsb-isb:
 p0:x2=2  : 500000
Observation CoWT1+dsb-tlbi-dsb-isb.errata: 0 (of 500000)
P0			P1			P2			P3			

Test CoWT1+dsb-tlbi-dsb:
 p0:x2=2  : 500000
Observation CoWT1+dsb-tlbi-dsb.errata: 0 (of 500000)
P0			P1			P2			P3			

Test CoWT.inv+dsb:
 p0:x4=0  : 500000
Observation CoWT.inv+dsb.errata.errata: 0 (of 500000)
P0			P1			P2			P3			

Test CoWT.inv+dsb-isb:
 p0:x4=0  : 500000
Observation CoWT.inv+dsb-isb.errata: 0 (of 500000)
12/100
++ echo Starting bin/litmus.exe
Starting bin/litmus.exe
+++ mktemp
++ tmp=/tmp/tmp.7oR8xH6NGi
++ base64 -d
++ zcat
++ qemu-system-aarch64 -nodefaults -machine virt,accel=kvm,gic-version=host -cpu host -device virtio-serial-device -device virtconsole -display none -serial stdio -kernel /tmp/tmp.7oR8xH6NGi -smp 4 -append '-p -n500000 CoWT1+dsb-tlbi-dsb-isb CoWT1+dsb-tlbi-dsb CoWT.inv+dsb CoWT.inv+dsb-isb'
P0			P1			P2			P3			

Test CoWT1+dsb-tlbi-dsb-isb:
 p0:x2=2  : 500000
Observation CoWT1+dsb-tlbi-dsb-isb.errata: 0 (of 500000)
P0			P1			P2			P3			

Test CoWT1+dsb-tlbi-dsb:
 p0:x2=2  : 500000
Observation CoWT1+dsb-tlbi-dsb.errata: 0 (of 500000)
P0			P1			P2			P3			

Test CoWT.inv+dsb:
 p0:x4=0  : 500000
Observation CoWT.inv+dsb.errata.errata: 0 (of 500000)
P0			P1			P2			P3			

Test CoWT.inv+dsb-isb:
 p0:x4=0  : 500000
Observation CoWT.inv+dsb-isb.errata: 0 (of 500000)
13/100
++ echo Starting bin/litmus.exe
Starting bin/litmus.exe
+++ mktemp
++ tmp=/tmp/tmp.3vaoPiwjBh
++ base64 -d
++ zcat
++ qemu-system-aarch64 -nodefaults -machine virt,accel=kvm,gic-version=host -cpu host -device virtio-serial-device -device virtconsole -display none -serial stdio -kernel /tmp/tmp.3vaoPiwjBh -smp 4 -append '-p -n500000 CoWT1+dsb-tlbi-dsb-isb CoWT1+dsb-tlbi-dsb CoWT.inv+dsb CoWT.inv+dsb-isb'
P0			P1			P2			P3			

Test CoWT1+dsb-tlbi-dsb-isb:
 p0:x2=2  : 500000
Observation CoWT1+dsb-tlbi-dsb-isb.errata: 0 (of 500000)
P0			P1			P2			P3			

Test CoWT1+dsb-tlbi-dsb:
 p0:x2=2  : 500000
Observation CoWT1+dsb-tlbi-dsb.errata: 0 (of 500000)
P0			P1			P2			P3			

Test CoWT.inv+dsb:
 p0:x4=0  : 500000
Observation CoWT.inv+dsb.errata.errata: 0 (of 500000)
P0			P1			P2			P3			

Test CoWT.inv+dsb-isb:
 p0:x4=0  : 500000
Observation CoWT.inv+dsb-isb.errata: 0 (of 500000)
14/100
++ echo Starting bin/litmus.exe
Starting bin/litmus.exe
+++ mktemp
++ tmp=/tmp/tmp.ywgz8c521f
++ base64 -d
++ zcat
++ qemu-system-aarch64 -nodefaults -machine virt,accel=kvm,gic-version=host -cpu host -device virtio-serial-device -device virtconsole -display none -serial stdio -kernel /tmp/tmp.ywgz8c521f -smp 4 -append '-p -n500000 CoWT1+dsb-tlbi-dsb-isb CoWT1+dsb-tlbi-dsb CoWT.inv+dsb CoWT.inv+dsb-isb'
P0			P1			P2			P3			

Test CoWT1+dsb-tlbi-dsb-isb:
 p0:x2=2  : 500000
Observation CoWT1+dsb-tlbi-dsb-isb.errata: 0 (of 500000)
P0			P1			P2			P3			

Test CoWT1+dsb-tlbi-dsb:
 p0:x2=2  : 500000
Observation CoWT1+dsb-tlbi-dsb.errata: 0 (of 500000)
P0			P1			P2			P3			

Test CoWT.inv+dsb:
 p0:x4=0  : 500000
Observation CoWT.inv+dsb.errata.errata: 0 (of 500000)
P0			P1			P2			P3			

Test CoWT.inv+dsb-isb:
 p0:x4=0  : 500000
Observation CoWT.inv+dsb-isb.errata: 0 (of 500000)
15/100
++ echo Starting bin/litmus.exe
Starting bin/litmus.exe
+++ mktemp
++ tmp=/tmp/tmp.NKCehyHh2E
++ base64 -d
++ zcat
++ qemu-system-aarch64 -nodefaults -machine virt,accel=kvm,gic-version=host -cpu host -device virtio-serial-device -device virtconsole -display none -serial stdio -kernel /tmp/tmp.NKCehyHh2E -smp 4 -append '-p -n500000 CoWT1+dsb-tlbi-dsb-isb CoWT1+dsb-tlbi-dsb CoWT.inv+dsb CoWT.inv+dsb-isb'
P0			P1			P2			P3			

Test CoWT1+dsb-tlbi-dsb-isb:
 p0:x2=2  : 500000
Observation CoWT1+dsb-tlbi-dsb-isb.errata: 0 (of 500000)
P0			P1			P2			P3			

Test CoWT1+dsb-tlbi-dsb:
 p0:x2=2  : 500000
Observation CoWT1+dsb-tlbi-dsb.errata: 0 (of 500000)
P0			P1			P2			P3			

Test CoWT.inv+dsb:
 p0:x4=0  : 500000
Observation CoWT.inv+dsb.errata.errata: 0 (of 500000)
P0			P1			P2			P3			

Test CoWT.inv+dsb-isb:
 p0:x4=0  : 500000
Observation CoWT.inv+dsb-isb.errata: 0 (of 500000)
16/100
++ echo Starting bin/litmus.exe
Starting bin/litmus.exe
+++ mktemp
++ tmp=/tmp/tmp.x4q4r9bImz
++ base64 -d
++ zcat
++ qemu-system-aarch64 -nodefaults -machine virt,accel=kvm,gic-version=host -cpu host -device virtio-serial-device -device virtconsole -display none -serial stdio -kernel /tmp/tmp.x4q4r9bImz -smp 4 -append '-p -n500000 CoWT1+dsb-tlbi-dsb-isb CoWT1+dsb-tlbi-dsb CoWT.inv+dsb CoWT.inv+dsb-isb'
P0			P1			P2			P3			

Test CoWT1+dsb-tlbi-dsb-isb:
 p0:x2=2  : 500000
Observation CoWT1+dsb-tlbi-dsb-isb.errata: 0 (of 500000)
P0			P1			P2			P3			

Test CoWT1+dsb-tlbi-dsb:
 p0:x2=2  : 500000
Observation CoWT1+dsb-tlbi-dsb.errata: 0 (of 500000)
P0			P1			P2			P3			

Test CoWT.inv+dsb:
 p0:x4=0  : 500000
Observation CoWT.inv+dsb.errata.errata: 0 (of 500000)
P0			P1			P2			P3			

Test CoWT.inv+dsb-isb:
 p0:x4=0  : 500000
Observation CoWT.inv+dsb-isb.errata: 0 (of 500000)
17/100
++ echo Starting bin/litmus.exe
Starting bin/litmus.exe
+++ mktemp
++ tmp=/tmp/tmp.rCmqsWo7UO
++ base64 -d
++ zcat
++ qemu-system-aarch64 -nodefaults -machine virt,accel=kvm,gic-version=host -cpu host -device virtio-serial-device -device virtconsole -display none -serial stdio -kernel /tmp/tmp.rCmqsWo7UO -smp 4 -append '-p -n500000 CoWT1+dsb-tlbi-dsb-isb CoWT1+dsb-tlbi-dsb CoWT.inv+dsb CoWT.inv+dsb-isb'
P0			P1			P2			P3			

Test CoWT1+dsb-tlbi-dsb-isb:
 p0:x2=2  : 500000
Observation CoWT1+dsb-tlbi-dsb-isb.errata: 0 (of 500000)
P0			P1			P2			P3			

Test CoWT1+dsb-tlbi-dsb:
 p0:x2=2  : 500000
Observation CoWT1+dsb-tlbi-dsb.errata: 0 (of 500000)
P0			P1			P2			P3			

Test CoWT.inv+dsb:
 p0:x4=0  : 500000
Observation CoWT.inv+dsb.errata.errata: 0 (of 500000)
P0			P1			P2			P3			

Test CoWT.inv+dsb-isb:
 p0:x4=0  : 500000
Observation CoWT.inv+dsb-isb.errata: 0 (of 500000)
18/100
++ echo Starting bin/litmus.exe
Starting bin/litmus.exe
+++ mktemp
++ tmp=/tmp/tmp.D1PYTnKC3F
++ base64 -d
++ zcat
++ qemu-system-aarch64 -nodefaults -machine virt,accel=kvm,gic-version=host -cpu host -device virtio-serial-device -device virtconsole -display none -serial stdio -kernel /tmp/tmp.D1PYTnKC3F -smp 4 -append '-p -n500000 CoWT1+dsb-tlbi-dsb-isb CoWT1+dsb-tlbi-dsb CoWT.inv+dsb CoWT.inv+dsb-isb'
P0			P1			P2			P3			

Test CoWT1+dsb-tlbi-dsb-isb:
 p0:x2=2  : 500000
Observation CoWT1+dsb-tlbi-dsb-isb.errata: 0 (of 500000)
P0			P1			P2			P3			

Test CoWT1+dsb-tlbi-dsb:
 p0:x2=2  : 500000
Observation CoWT1+dsb-tlbi-dsb.errata: 0 (of 500000)
P0			P1			P2			P3			

Test CoWT.inv+dsb:
 p0:x4=0  : 499997
 p0:x4=1  : 3 *
Observation CoWT.inv+dsb.errata.errata: 3 (of 500000)
P0			P1			P2			P3			

Test CoWT.inv+dsb-isb:
 p0:x4=0  : 500000
Observation CoWT.inv+dsb-isb.errata: 0 (of 500000)
19/100
++ echo Starting bin/litmus.exe
Starting bin/litmus.exe
+++ mktemp
++ tmp=/tmp/tmp.3ktHt0FoTV
++ base64 -d
++ zcat
++ qemu-system-aarch64 -nodefaults -machine virt,accel=kvm,gic-version=host -cpu host -device virtio-serial-device -device virtconsole -display none -serial stdio -kernel /tmp/tmp.3ktHt0FoTV -smp 4 -append '-p -n500000 CoWT1+dsb-tlbi-dsb-isb CoWT1+dsb-tlbi-dsb CoWT.inv+dsb CoWT.inv+dsb-isb'
P0			P1			P2			P3			

Test CoWT1+dsb-tlbi-dsb-isb:
 p0:x2=2  : 500000
Observation CoWT1+dsb-tlbi-dsb-isb.errata: 0 (of 500000)
P0			P1			P2			P3			

Test CoWT1+dsb-tlbi-dsb:
 p0:x2=2  : 500000
Observation CoWT1+dsb-tlbi-dsb.errata: 0 (of 500000)
P0			P1			P2			P3			

Test CoWT.inv+dsb:
 p0:x4=0  : 500000
Observation CoWT.inv+dsb.errata.errata: 0 (of 500000)
P0			P1			P2			P3			

Test CoWT.inv+dsb-isb:
 p0:x4=0  : 500000
Observation CoWT.inv+dsb-isb.errata: 0 (of 500000)
20/100
++ echo Starting bin/litmus.exe
Starting bin/litmus.exe
+++ mktemp
++ tmp=/tmp/tmp.m4WG4cDYIC
++ base64 -d
++ zcat
++ qemu-system-aarch64 -nodefaults -machine virt,accel=kvm,gic-version=host -cpu host -device virtio-serial-device -device virtconsole -display none -serial stdio -kernel /tmp/tmp.m4WG4cDYIC -smp 4 -append '-p -n500000 CoWT1+dsb-tlbi-dsb-isb CoWT1+dsb-tlbi-dsb CoWT.inv+dsb CoWT.inv+dsb-isb'
P0			P1			P2			P3			

Test CoWT1+dsb-tlbi-dsb-isb:
 p0:x2=2  : 500000
Observation CoWT1+dsb-tlbi-dsb-isb.errata: 0 (of 500000)
P0			P1			P2			P3			

Test CoWT1+dsb-tlbi-dsb:
 p0:x2=2  : 500000
Observation CoWT1+dsb-tlbi-dsb.errata: 0 (of 500000)
P0			P1			P2			P3			

Test CoWT.inv+dsb:
 p0:x4=0  : 499999
 p0:x4=1  : 1 *
Observation CoWT.inv+dsb.errata.errata: 1 (of 500000)
P0			P1			P2			P3			

Test CoWT.inv+dsb-isb:
 p0:x4=0  : 500000
Observation CoWT.inv+dsb-isb.errata: 0 (of 500000)
21/100
++ echo Starting bin/litmus.exe
Starting bin/litmus.exe
+++ mktemp
++ tmp=/tmp/tmp.WPKfDkHgDZ
++ base64 -d
++ zcat
++ qemu-system-aarch64 -nodefaults -machine virt,accel=kvm,gic-version=host -cpu host -device virtio-serial-device -device virtconsole -display none -serial stdio -kernel /tmp/tmp.WPKfDkHgDZ -smp 4 -append '-p -n500000 CoWT1+dsb-tlbi-dsb-isb CoWT1+dsb-tlbi-dsb CoWT.inv+dsb CoWT.inv+dsb-isb'
P0			P1			P2			P3			

Test CoWT1+dsb-tlbi-dsb-isb:
 p0:x2=2  : 500000
Observation CoWT1+dsb-tlbi-dsb-isb.errata: 0 (of 500000)
P0			P1			P2			P3			

Test CoWT1+dsb-tlbi-dsb:
 p0:x2=2  : 500000
Observation CoWT1+dsb-tlbi-dsb.errata: 0 (of 500000)
P0			P1			P2			P3			

Test CoWT.inv+dsb:
 p0:x4=0  : 500000
Observation CoWT.inv+dsb.errata.errata: 0 (of 500000)
P0			P1			P2			P3			

Test CoWT.inv+dsb-isb:
 p0:x4=0  : 500000
Observation CoWT.inv+dsb-isb.errata: 0 (of 500000)
22/100
++ echo Starting bin/litmus.exe
Starting bin/litmus.exe
+++ mktemp
++ tmp=/tmp/tmp.kihL3vnTnL
++ base64 -d
++ zcat
++ qemu-system-aarch64 -nodefaults -machine virt,accel=kvm,gic-version=host -cpu host -device virtio-serial-device -device virtconsole -display none -serial stdio -kernel /tmp/tmp.kihL3vnTnL -smp 4 -append '-p -n500000 CoWT1+dsb-tlbi-dsb-isb CoWT1+dsb-tlbi-dsb CoWT.inv+dsb CoWT.inv+dsb-isb'
P0			P1			P2			P3			

Test CoWT1+dsb-tlbi-dsb-isb:
 p0:x2=2  : 500000
Observation CoWT1+dsb-tlbi-dsb-isb.errata: 0 (of 500000)
P0			P1			P2			P3			

Test CoWT1+dsb-tlbi-dsb:
 p0:x2=2  : 500000
Observation CoWT1+dsb-tlbi-dsb.errata: 0 (of 500000)
P0			P1			P2			P3			

Test CoWT.inv+dsb:
 p0:x4=0  : 500000
Observation CoWT.inv+dsb.errata.errata: 0 (of 500000)
P0			P1			P2			P3			

Test CoWT.inv+dsb-isb:
 p0:x4=0  : 500000
Observation CoWT.inv+dsb-isb.errata: 0 (of 500000)
23/100
++ echo Starting bin/litmus.exe
Starting bin/litmus.exe
+++ mktemp
++ tmp=/tmp/tmp.hl5XAjjgax
++ base64 -d
++ zcat
++ qemu-system-aarch64 -nodefaults -machine virt,accel=kvm,gic-version=host -cpu host -device virtio-serial-device -device virtconsole -display none -serial stdio -kernel /tmp/tmp.hl5XAjjgax -smp 4 -append '-p -n500000 CoWT1+dsb-tlbi-dsb-isb CoWT1+dsb-tlbi-dsb CoWT.inv+dsb CoWT.inv+dsb-isb'
P0			P1			P2			P3			

Test CoWT1+dsb-tlbi-dsb-isb:
 p0:x2=2  : 500000
Observation CoWT1+dsb-tlbi-dsb-isb.errata: 0 (of 500000)
P0			P1			P2			P3			

Test CoWT1+dsb-tlbi-dsb:
 p0:x2=2  : 500000
Observation CoWT1+dsb-tlbi-dsb.errata: 0 (of 500000)
P0			P1			P2			P3			

Test CoWT.inv+dsb:
 p0:x4=0  : 500000
Observation CoWT.inv+dsb.errata.errata: 0 (of 500000)
P0			P1			P2			P3			

Test CoWT.inv+dsb-isb:
 p0:x4=0  : 500000
Observation CoWT.inv+dsb-isb.errata: 0 (of 500000)
24/100
++ echo Starting bin/litmus.exe
Starting bin/litmus.exe
+++ mktemp
++ tmp=/tmp/tmp.nopMUBkRGa
++ base64 -d
++ zcat
++ qemu-system-aarch64 -nodefaults -machine virt,accel=kvm,gic-version=host -cpu host -device virtio-serial-device -device virtconsole -display none -serial stdio -kernel /tmp/tmp.nopMUBkRGa -smp 4 -append '-p -n500000 CoWT1+dsb-tlbi-dsb-isb CoWT1+dsb-tlbi-dsb CoWT.inv+dsb CoWT.inv+dsb-isb'
P0			P1			P2			P3			

Test CoWT1+dsb-tlbi-dsb-isb:
 p0:x2=2  : 500000
Observation CoWT1+dsb-tlbi-dsb-isb.errata: 0 (of 500000)
P0			P1			P2			P3			

Test CoWT1+dsb-tlbi-dsb:
 p0:x2=2  : 500000
Observation CoWT1+dsb-tlbi-dsb.errata: 0 (of 500000)
P0			P1			P2			P3			

Test CoWT.inv+dsb:
 p0:x4=0  : 500000
Observation CoWT.inv+dsb.errata.errata: 0 (of 500000)
P0			P1			P2			P3			

Test CoWT.inv+dsb-isb:
 p0:x4=0  : 500000
Observation CoWT.inv+dsb-isb.errata: 0 (of 500000)
25/100
++ echo Starting bin/litmus.exe
Starting bin/litmus.exe
+++ mktemp
++ tmp=/tmp/tmp.UXoVuktC6W
++ base64 -d
++ zcat
++ qemu-system-aarch64 -nodefaults -machine virt,accel=kvm,gic-version=host -cpu host -device virtio-serial-device -device virtconsole -display none -serial stdio -kernel /tmp/tmp.UXoVuktC6W -smp 4 -append '-p -n500000 CoWT1+dsb-tlbi-dsb-isb CoWT1+dsb-tlbi-dsb CoWT.inv+dsb CoWT.inv+dsb-isb'
P0			P1			P2			P3			

Test CoWT1+dsb-tlbi-dsb-isb:
 p0:x2=2  : 500000
Observation CoWT1+dsb-tlbi-dsb-isb.errata: 0 (of 500000)
P0			P1			P2			P3			

Test CoWT1+dsb-tlbi-dsb:
 p0:x2=2  : 500000
Observation CoWT1+dsb-tlbi-dsb.errata: 0 (of 500000)
P0			P1			P2			P3			

Test CoWT.inv+dsb:
 p0:x4=0  : 500000
Observation CoWT.inv+dsb.errata.errata: 0 (of 500000)
P0			P1			P2			P3			

Test CoWT.inv+dsb-isb:
 p0:x4=0  : 500000
Observation CoWT.inv+dsb-isb.errata: 0 (of 500000)
26/100
++ echo Starting bin/litmus.exe
Starting bin/litmus.exe
+++ mktemp
++ tmp=/tmp/tmp.wDwuEm6NLU
++ base64 -d
++ zcat
++ qemu-system-aarch64 -nodefaults -machine virt,accel=kvm,gic-version=host -cpu host -device virtio-serial-device -device virtconsole -display none -serial stdio -kernel /tmp/tmp.wDwuEm6NLU -smp 4 -append '-p -n500000 CoWT1+dsb-tlbi-dsb-isb CoWT1+dsb-tlbi-dsb CoWT.inv+dsb CoWT.inv+dsb-isb'
P0			P1			P2			P3			

Test CoWT1+dsb-tlbi-dsb-isb:
 p0:x2=2  : 500000
Observation CoWT1+dsb-tlbi-dsb-isb.errata: 0 (of 500000)
P0			P1			P2			P3			

Test CoWT1+dsb-tlbi-dsb:
 p0:x2=2  : 500000
Observation CoWT1+dsb-tlbi-dsb.errata: 0 (of 500000)
P0			P1			P2			P3			

Test CoWT.inv+dsb:
 p0:x4=0  : 500000
Observation CoWT.inv+dsb.errata.errata: 0 (of 500000)
P0			P1			P2			P3			

Test CoWT.inv+dsb-isb:
 p0:x4=0  : 500000
Observation CoWT.inv+dsb-isb.errata: 0 (of 500000)
27/100
++ echo Starting bin/litmus.exe
Starting bin/litmus.exe
+++ mktemp
++ tmp=/tmp/tmp.Ne7aVQAmvJ
++ base64 -d
++ zcat
++ qemu-system-aarch64 -nodefaults -machine virt,accel=kvm,gic-version=host -cpu host -device virtio-serial-device -device virtconsole -display none -serial stdio -kernel /tmp/tmp.Ne7aVQAmvJ -smp 4 -append '-p -n500000 CoWT1+dsb-tlbi-dsb-isb CoWT1+dsb-tlbi-dsb CoWT.inv+dsb CoWT.inv+dsb-isb'
P0			P1			P2			P3			

Test CoWT1+dsb-tlbi-dsb-isb:
 p0:x2=2  : 500000
Observation CoWT1+dsb-tlbi-dsb-isb.errata: 0 (of 500000)
P0			P1			P2			P3			

Test CoWT1+dsb-tlbi-dsb:
 p0:x2=2  : 500000
Observation CoWT1+dsb-tlbi-dsb.errata: 0 (of 500000)
P0			P1			P2			P3			

Test CoWT.inv+dsb:
 p0:x4=0  : 500000
Observation CoWT.inv+dsb.errata.errata: 0 (of 500000)
P0			P1			P2			P3			

Test CoWT.inv+dsb-isb:
 p0:x4=0  : 500000
Observation CoWT.inv+dsb-isb.errata: 0 (of 500000)
28/100
++ echo Starting bin/litmus.exe
Starting bin/litmus.exe
+++ mktemp
++ tmp=/tmp/tmp.mPJPzdGkuA
++ base64 -d
++ zcat
++ qemu-system-aarch64 -nodefaults -machine virt,accel=kvm,gic-version=host -cpu host -device virtio-serial-device -device virtconsole -display none -serial stdio -kernel /tmp/tmp.mPJPzdGkuA -smp 4 -append '-p -n500000 CoWT1+dsb-tlbi-dsb-isb CoWT1+dsb-tlbi-dsb CoWT.inv+dsb CoWT.inv+dsb-isb'
P0			P1			P2			P3			

Test CoWT1+dsb-tlbi-dsb-isb:
 p0:x2=2  : 500000
Observation CoWT1+dsb-tlbi-dsb-isb.errata: 0 (of 500000)
P0			P1			P2			P3			

Test CoWT1+dsb-tlbi-dsb:
 p0:x2=2  : 500000
Observation CoWT1+dsb-tlbi-dsb.errata: 0 (of 500000)
P0			P1			P2			P3			

Test CoWT.inv+dsb:
 p0:x4=0  : 500000
Observation CoWT.inv+dsb.errata.errata: 0 (of 500000)
P0			P1			P2			P3			

Test CoWT.inv+dsb-isb:
 p0:x4=0  : 500000
Observation CoWT.inv+dsb-isb.errata: 0 (of 500000)
29/100
++ echo Starting bin/litmus.exe
Starting bin/litmus.exe
+++ mktemp
++ tmp=/tmp/tmp.AODDTiQeQK
++ base64 -d
++ zcat
++ qemu-system-aarch64 -nodefaults -machine virt,accel=kvm,gic-version=host -cpu host -device virtio-serial-device -device virtconsole -display none -serial stdio -kernel /tmp/tmp.AODDTiQeQK -smp 4 -append '-p -n500000 CoWT1+dsb-tlbi-dsb-isb CoWT1+dsb-tlbi-dsb CoWT.inv+dsb CoWT.inv+dsb-isb'
P0			P1			P2			P3			

Test CoWT1+dsb-tlbi-dsb-isb:
 p0:x2=2  : 500000
Observation CoWT1+dsb-tlbi-dsb-isb.errata: 0 (of 500000)
P0			P1			P2			P3			

Test CoWT1+dsb-tlbi-dsb:
 p0:x2=2  : 500000
Observation CoWT1+dsb-tlbi-dsb.errata: 0 (of 500000)
P0			P1			P2			P3			

Test CoWT.inv+dsb:
 p0:x4=0  : 500000
Observation CoWT.inv+dsb.errata.errata: 0 (of 500000)
P0			P1			P2			P3			

Test CoWT.inv+dsb-isb:
 p0:x4=0  : 500000
Observation CoWT.inv+dsb-isb.errata: 0 (of 500000)
30/100
++ echo Starting bin/litmus.exe
Starting bin/litmus.exe
+++ mktemp
++ tmp=/tmp/tmp.VtKpZmkfp6
++ base64 -d
++ zcat
++ qemu-system-aarch64 -nodefaults -machine virt,accel=kvm,gic-version=host -cpu host -device virtio-serial-device -device virtconsole -display none -serial stdio -kernel /tmp/tmp.VtKpZmkfp6 -smp 4 -append '-p -n500000 CoWT1+dsb-tlbi-dsb-isb CoWT1+dsb-tlbi-dsb CoWT.inv+dsb CoWT.inv+dsb-isb'
P0			P1			P2			P3			

Test CoWT1+dsb-tlbi-dsb-isb:
 p0:x2=2  : 500000
Observation CoWT1+dsb-tlbi-dsb-isb.errata: 0 (of 500000)
P0			P1			P2			P3			

Test CoWT1+dsb-tlbi-dsb:
 p0:x2=2  : 500000
Observation CoWT1+dsb-tlbi-dsb.errata: 0 (of 500000)
P0			P1			P2			P3			

Test CoWT.inv+dsb:
 p0:x4=0  : 500000
Observation CoWT.inv+dsb.errata.errata: 0 (of 500000)
P0			P1			P2			P3			

Test CoWT.inv+dsb-isb:
 p0:x4=0  : 500000
Observation CoWT.inv+dsb-isb.errata: 0 (of 500000)
31/100
++ echo Starting bin/litmus.exe
Starting bin/litmus.exe
+++ mktemp
++ tmp=/tmp/tmp.RfvMQwldw2
++ base64 -d
++ zcat
++ qemu-system-aarch64 -nodefaults -machine virt,accel=kvm,gic-version=host -cpu host -device virtio-serial-device -device virtconsole -display none -serial stdio -kernel /tmp/tmp.RfvMQwldw2 -smp 4 -append '-p -n500000 CoWT1+dsb-tlbi-dsb-isb CoWT1+dsb-tlbi-dsb CoWT.inv+dsb CoWT.inv+dsb-isb'
P0			P1			P2			P3			

Test CoWT1+dsb-tlbi-dsb-isb:
 p0:x2=2  : 500000
Observation CoWT1+dsb-tlbi-dsb-isb.errata: 0 (of 500000)
P0			P1			P2			P3			

Test CoWT1+dsb-tlbi-dsb:
 p0:x2=2  : 500000
Observation CoWT1+dsb-tlbi-dsb.errata: 0 (of 500000)
P0			P1			P2			P3			

Test CoWT.inv+dsb:
 p0:x4=0  : 500000
Observation CoWT.inv+dsb.errata.errata: 0 (of 500000)
P0			P1			P2			P3			

Test CoWT.inv+dsb-isb:
 p0:x4=0  : 500000
Observation CoWT.inv+dsb-isb.errata: 0 (of 500000)
32/100
++ echo Starting bin/litmus.exe
Starting bin/litmus.exe
+++ mktemp
++ tmp=/tmp/tmp.gRYfoboiQ4
++ base64 -d
++ zcat
++ qemu-system-aarch64 -nodefaults -machine virt,accel=kvm,gic-version=host -cpu host -device virtio-serial-device -device virtconsole -display none -serial stdio -kernel /tmp/tmp.gRYfoboiQ4 -smp 4 -append '-p -n500000 CoWT1+dsb-tlbi-dsb-isb CoWT1+dsb-tlbi-dsb CoWT.inv+dsb CoWT.inv+dsb-isb'
P0			P1			P2			P3			

Test CoWT1+dsb-tlbi-dsb-isb:
 p0:x2=2  : 500000
Observation CoWT1+dsb-tlbi-dsb-isb.errata: 0 (of 500000)
P0			P1			P2			P3			

Test CoWT1+dsb-tlbi-dsb:
 p0:x2=2  : 500000
Observation CoWT1+dsb-tlbi-dsb.errata: 0 (of 500000)
P0			P1			P2			P3			

Test CoWT.inv+dsb:
 p0:x4=0  : 500000
Observation CoWT.inv+dsb.errata.errata: 0 (of 500000)
P0			P1			P2			P3			

Test CoWT.inv+dsb-isb:
 p0:x4=0  : 500000
Observation CoWT.inv+dsb-isb.errata: 0 (of 500000)
33/100
++ echo Starting bin/litmus.exe
Starting bin/litmus.exe
+++ mktemp
++ tmp=/tmp/tmp.9fNDLuVKIr
++ base64 -d
++ zcat
++ qemu-system-aarch64 -nodefaults -machine virt,accel=kvm,gic-version=host -cpu host -device virtio-serial-device -device virtconsole -display none -serial stdio -kernel /tmp/tmp.9fNDLuVKIr -smp 4 -append '-p -n500000 CoWT1+dsb-tlbi-dsb-isb CoWT1+dsb-tlbi-dsb CoWT.inv+dsb CoWT.inv+dsb-isb'
P0			P1			P2			P3			

Test CoWT1+dsb-tlbi-dsb-isb:
 p0:x2=2  : 500000
Observation CoWT1+dsb-tlbi-dsb-isb.errata: 0 (of 500000)
P0			P1			P2			P3			

Test CoWT1+dsb-tlbi-dsb:
 p0:x2=2  : 500000
Observation CoWT1+dsb-tlbi-dsb.errata: 0 (of 500000)
P0			P1			P2			P3			

Test CoWT.inv+dsb:
 p0:x4=0  : 500000
Observation CoWT.inv+dsb.errata.errata: 0 (of 500000)
P0			P1			P2			P3			

Test CoWT.inv+dsb-isb:
 p0:x4=0  : 500000
Observation CoWT.inv+dsb-isb.errata: 0 (of 500000)
34/100
++ echo Starting bin/litmus.exe
Starting bin/litmus.exe
+++ mktemp
++ tmp=/tmp/tmp.XBvKMGBeaz
++ base64 -d
++ zcat
++ qemu-system-aarch64 -nodefaults -machine virt,accel=kvm,gic-version=host -cpu host -device virtio-serial-device -device virtconsole -display none -serial stdio -kernel /tmp/tmp.XBvKMGBeaz -smp 4 -append '-p -n500000 CoWT1+dsb-tlbi-dsb-isb CoWT1+dsb-tlbi-dsb CoWT.inv+dsb CoWT.inv+dsb-isb'
P0			P1			P2			P3			

Test CoWT1+dsb-tlbi-dsb-isb:
 p0:x2=2  : 500000
Observation CoWT1+dsb-tlbi-dsb-isb.errata: 0 (of 500000)
P0			P1			P2			P3			

Test CoWT1+dsb-tlbi-dsb:
 p0:x2=2  : 500000
Observation CoWT1+dsb-tlbi-dsb.errata: 0 (of 500000)
P0			P1			P2			P3			

Test CoWT.inv+dsb:
 p0:x4=0  : 500000
Observation CoWT.inv+dsb.errata.errata: 0 (of 500000)
P0			P1			P2			P3			

Test CoWT.inv+dsb-isb:
 p0:x4=0  : 500000
Observation CoWT.inv+dsb-isb.errata: 0 (of 500000)
35/100
++ echo Starting bin/litmus.exe
Starting bin/litmus.exe
+++ mktemp
++ tmp=/tmp/tmp.rZQaT6ejn4
++ base64 -d
++ zcat
++ qemu-system-aarch64 -nodefaults -machine virt,accel=kvm,gic-version=host -cpu host -device virtio-serial-device -device virtconsole -display none -serial stdio -kernel /tmp/tmp.rZQaT6ejn4 -smp 4 -append '-p -n500000 CoWT1+dsb-tlbi-dsb-isb CoWT1+dsb-tlbi-dsb CoWT.inv+dsb CoWT.inv+dsb-isb'
P0			P1			P2			P3			

Test CoWT1+dsb-tlbi-dsb-isb:
 p0:x2=2  : 500000
Observation CoWT1+dsb-tlbi-dsb-isb.errata: 0 (of 500000)
P0			P1			P2			P3			

Test CoWT1+dsb-tlbi-dsb:
 p0:x2=2  : 500000
Observation CoWT1+dsb-tlbi-dsb.errata: 0 (of 500000)
P0			P1			P2			P3			

Test CoWT.inv+dsb:
 p0:x4=0  : 500000
Observation CoWT.inv+dsb.errata.errata: 0 (of 500000)
P0			P1			P2			P3			

Test CoWT.inv+dsb-isb:
 p0:x4=0  : 500000
Observation CoWT.inv+dsb-isb.errata: 0 (of 500000)
36/100
++ echo Starting bin/litmus.exe
Starting bin/litmus.exe
+++ mktemp
++ tmp=/tmp/tmp.yTdpbcEg5B
++ base64 -d
++ zcat
++ qemu-system-aarch64 -nodefaults -machine virt,accel=kvm,gic-version=host -cpu host -device virtio-serial-device -device virtconsole -display none -serial stdio -kernel /tmp/tmp.yTdpbcEg5B -smp 4 -append '-p -n500000 CoWT1+dsb-tlbi-dsb-isb CoWT1+dsb-tlbi-dsb CoWT.inv+dsb CoWT.inv+dsb-isb'
P0			P1			P2			P3			

Test CoWT1+dsb-tlbi-dsb-isb:
 p0:x2=2  : 500000
Observation CoWT1+dsb-tlbi-dsb-isb.errata: 0 (of 500000)
P0			P1			P2			P3			

Test CoWT1+dsb-tlbi-dsb:
 p0:x2=2  : 500000
Observation CoWT1+dsb-tlbi-dsb.errata: 0 (of 500000)
P0			P1			P2			P3			

Test CoWT.inv+dsb:
 p0:x4=0  : 499998
 p0:x4=1  : 2 *
Observation CoWT.inv+dsb.errata.errata: 2 (of 500000)
P0			P1			P2			P3			

Test CoWT.inv+dsb-isb:
 p0:x4=0  : 500000
Observation CoWT.inv+dsb-isb.errata: 0 (of 500000)
37/100
++ echo Starting bin/litmus.exe
Starting bin/litmus.exe
+++ mktemp
++ tmp=/tmp/tmp.NOH6G3jk69
++ base64 -d
++ zcat
++ qemu-system-aarch64 -nodefaults -machine virt,accel=kvm,gic-version=host -cpu host -device virtio-serial-device -device virtconsole -display none -serial stdio -kernel /tmp/tmp.NOH6G3jk69 -smp 4 -append '-p -n500000 CoWT1+dsb-tlbi-dsb-isb CoWT1+dsb-tlbi-dsb CoWT.inv+dsb CoWT.inv+dsb-isb'
P0			P1			P2			P3			

Test CoWT1+dsb-tlbi-dsb-isb:
 p0:x2=2  : 500000
Observation CoWT1+dsb-tlbi-dsb-isb.errata: 0 (of 500000)
P0			P1			P2			P3			

Test CoWT1+dsb-tlbi-dsb:
 p0:x2=2  : 500000
Observation CoWT1+dsb-tlbi-dsb.errata: 0 (of 500000)
P0			P1			P2			P3			

Test CoWT.inv+dsb:
 p0:x4=0  : 499999
 p0:x4=1  : 1 *
Observation CoWT.inv+dsb.errata.errata: 1 (of 500000)
P0			P1			P2			P3			

Test CoWT.inv+dsb-isb:
 p0:x4=0  : 500000
Observation CoWT.inv+dsb-isb.errata: 0 (of 500000)
38/100
++ echo Starting bin/litmus.exe
Starting bin/litmus.exe
+++ mktemp
++ tmp=/tmp/tmp.bS3cTdKYM9
++ base64 -d
++ zcat
++ qemu-system-aarch64 -nodefaults -machine virt,accel=kvm,gic-version=host -cpu host -device virtio-serial-device -device virtconsole -display none -serial stdio -kernel /tmp/tmp.bS3cTdKYM9 -smp 4 -append '-p -n500000 CoWT1+dsb-tlbi-dsb-isb CoWT1+dsb-tlbi-dsb CoWT.inv+dsb CoWT.inv+dsb-isb'
P0			P1			P2			P3			

Test CoWT1+dsb-tlbi-dsb-isb:
 p0:x2=2  : 500000
Observation CoWT1+dsb-tlbi-dsb-isb.errata: 0 (of 500000)
P0			P1			P2			P3			

Test CoWT1+dsb-tlbi-dsb:
 p0:x2=2  : 500000
Observation CoWT1+dsb-tlbi-dsb.errata: 0 (of 500000)
P0			P1			P2			P3			

Test CoWT.inv+dsb:
 p0:x4=0  : 500000
Observation CoWT.inv+dsb.errata.errata: 0 (of 500000)
P0			P1			P2			P3			

Test CoWT.inv+dsb-isb:
 p0:x4=0  : 500000
Observation CoWT.inv+dsb-isb.errata: 0 (of 500000)
39/100
++ echo Starting bin/litmus.exe
Starting bin/litmus.exe
+++ mktemp
++ tmp=/tmp/tmp.VZ7a8CT6YL
++ base64 -d
++ zcat
++ qemu-system-aarch64 -nodefaults -machine virt,accel=kvm,gic-version=host -cpu host -device virtio-serial-device -device virtconsole -display none -serial stdio -kernel /tmp/tmp.VZ7a8CT6YL -smp 4 -append '-p -n500000 CoWT1+dsb-tlbi-dsb-isb CoWT1+dsb-tlbi-dsb CoWT.inv+dsb CoWT.inv+dsb-isb'
P0			P1			P2			P3			

Test CoWT1+dsb-tlbi-dsb-isb:
 p0:x2=2  : 500000
Observation CoWT1+dsb-tlbi-dsb-isb.errata: 0 (of 500000)
P0			P1			P2			P3			

Test CoWT1+dsb-tlbi-dsb:
 p0:x2=2  : 500000
Observation CoWT1+dsb-tlbi-dsb.errata: 0 (of 500000)
P0			P1			P2			P3			

Test CoWT.inv+dsb:
 p0:x4=0  : 499999
 p0:x4=1  : 1 *
Observation CoWT.inv+dsb.errata.errata: 1 (of 500000)
P0			P1			P2			P3			

Test CoWT.inv+dsb-isb:
 p0:x4=0  : 500000
Observation CoWT.inv+dsb-isb.errata: 0 (of 500000)
40/100
++ echo Starting bin/litmus.exe
Starting bin/litmus.exe
+++ mktemp
++ tmp=/tmp/tmp.LZuUYDQmZu
++ base64 -d
++ zcat
++ qemu-system-aarch64 -nodefaults -machine virt,accel=kvm,gic-version=host -cpu host -device virtio-serial-device -device virtconsole -display none -serial stdio -kernel /tmp/tmp.LZuUYDQmZu -smp 4 -append '-p -n500000 CoWT1+dsb-tlbi-dsb-isb CoWT1+dsb-tlbi-dsb CoWT.inv+dsb CoWT.inv+dsb-isb'
P0			P1			P2			P3			

Test CoWT1+dsb-tlbi-dsb-isb:
 p0:x2=2  : 500000
Observation CoWT1+dsb-tlbi-dsb-isb.errata: 0 (of 500000)
P0			P1			P2			P3			

Test CoWT1+dsb-tlbi-dsb:
 p0:x2=2  : 500000
Observation CoWT1+dsb-tlbi-dsb.errata: 0 (of 500000)
P0			P1			P2			P3			

Test CoWT.inv+dsb:
 p0:x4=0  : 500000
Observation CoWT.inv+dsb.errata.errata: 0 (of 500000)
P0			P1			P2			P3			

Test CoWT.inv+dsb-isb:
 p0:x4=0  : 500000
Observation CoWT.inv+dsb-isb.errata: 0 (of 500000)
41/100
++ echo Starting bin/litmus.exe
Starting bin/litmus.exe
+++ mktemp
++ tmp=/tmp/tmp.cs9A7sCNhg
++ base64 -d
++ zcat
++ qemu-system-aarch64 -nodefaults -machine virt,accel=kvm,gic-version=host -cpu host -device virtio-serial-device -device virtconsole -display none -serial stdio -kernel /tmp/tmp.cs9A7sCNhg -smp 4 -append '-p -n500000 CoWT1+dsb-tlbi-dsb-isb CoWT1+dsb-tlbi-dsb CoWT.inv+dsb CoWT.inv+dsb-isb'
P0			P1			P2			P3			

Test CoWT1+dsb-tlbi-dsb-isb:
 p0:x2=2  : 500000
Observation CoWT1+dsb-tlbi-dsb-isb.errata: 0 (of 500000)
P0			P1			P2			P3			

Test CoWT1+dsb-tlbi-dsb:
 p0:x2=2  : 500000
Observation CoWT1+dsb-tlbi-dsb.errata: 0 (of 500000)
P0			P1			P2			P3			

Test CoWT.inv+dsb:
 p0:x4=0  : 499998
 p0:x4=1  : 2 *
Observation CoWT.inv+dsb.errata.errata: 2 (of 500000)
P0			P1			P2			P3			

Test CoWT.inv+dsb-isb:
 p0:x4=0  : 500000
Observation CoWT.inv+dsb-isb.errata: 0 (of 500000)
42/100
++ echo Starting bin/litmus.exe
Starting bin/litmus.exe
+++ mktemp
++ tmp=/tmp/tmp.AoVX3CU3kJ
++ base64 -d
++ zcat
++ qemu-system-aarch64 -nodefaults -machine virt,accel=kvm,gic-version=host -cpu host -device virtio-serial-device -device virtconsole -display none -serial stdio -kernel /tmp/tmp.AoVX3CU3kJ -smp 4 -append '-p -n500000 CoWT1+dsb-tlbi-dsb-isb CoWT1+dsb-tlbi-dsb CoWT.inv+dsb CoWT.inv+dsb-isb'
P0			P1			P2			P3			

Test CoWT1+dsb-tlbi-dsb-isb:
 p0:x2=2  : 500000
Observation CoWT1+dsb-tlbi-dsb-isb.errata: 0 (of 500000)
P0			P1			P2			P3			

Test CoWT1+dsb-tlbi-dsb:
 p0:x2=2  : 500000
Observation CoWT1+dsb-tlbi-dsb.errata: 0 (of 500000)
P0			P1			P2			P3			

Test CoWT.inv+dsb:
 p0:x4=0  : 500000
Observation CoWT.inv+dsb.errata.errata: 0 (of 500000)
P0			P1			P2			P3			

Test CoWT.inv+dsb-isb:
 p0:x4=0  : 500000
Observation CoWT.inv+dsb-isb.errata: 0 (of 500000)
43/100
++ echo Starting bin/litmus.exe
Starting bin/litmus.exe
+++ mktemp
++ tmp=/tmp/tmp.NFPgbkMcc2
++ base64 -d
++ zcat
++ qemu-system-aarch64 -nodefaults -machine virt,accel=kvm,gic-version=host -cpu host -device virtio-serial-device -device virtconsole -display none -serial stdio -kernel /tmp/tmp.NFPgbkMcc2 -smp 4 -append '-p -n500000 CoWT1+dsb-tlbi-dsb-isb CoWT1+dsb-tlbi-dsb CoWT.inv+dsb CoWT.inv+dsb-isb'
P0			P1			P2			P3			

Test CoWT1+dsb-tlbi-dsb-isb:
 p0:x2=2  : 500000
Observation CoWT1+dsb-tlbi-dsb-isb.errata: 0 (of 500000)
P0			P1			P2			P3			

Test CoWT1+dsb-tlbi-dsb:
 p0:x2=2  : 500000
Observation CoWT1+dsb-tlbi-dsb.errata: 0 (of 500000)
P0			P1			P2			P3			

Test CoWT.inv+dsb:
 p0:x4=0  : 500000
Observation CoWT.inv+dsb.errata.errata: 0 (of 500000)
P0			P1			P2			P3			

Test CoWT.inv+dsb-isb:
 p0:x4=0  : 500000
Observation CoWT.inv+dsb-isb.errata: 0 (of 500000)
44/100
++ echo Starting bin/litmus.exe
Starting bin/litmus.exe
+++ mktemp
++ tmp=/tmp/tmp.UOzsYYfLXq
++ base64 -d
++ zcat
++ qemu-system-aarch64 -nodefaults -machine virt,accel=kvm,gic-version=host -cpu host -device virtio-serial-device -device virtconsole -display none -serial stdio -kernel /tmp/tmp.UOzsYYfLXq -smp 4 -append '-p -n500000 CoWT1+dsb-tlbi-dsb-isb CoWT1+dsb-tlbi-dsb CoWT.inv+dsb CoWT.inv+dsb-isb'
P0			P1			P2			P3			

Test CoWT1+dsb-tlbi-dsb-isb:
 p0:x2=2  : 500000
Observation CoWT1+dsb-tlbi-dsb-isb.errata: 0 (of 500000)
P0			P1			P2			P3			

Test CoWT1+dsb-tlbi-dsb:
 p0:x2=2  : 500000
Observation CoWT1+dsb-tlbi-dsb.errata: 0 (of 500000)
P0			P1			P2			P3			

Test CoWT.inv+dsb:
 p0:x4=0  : 499999
 p0:x4=1  : 1 *
Observation CoWT.inv+dsb.errata.errata: 1 (of 500000)
P0			P1			P2			P3			

Test CoWT.inv+dsb-isb:
 p0:x4=0  : 500000
Observation CoWT.inv+dsb-isb.errata: 0 (of 500000)
45/100
++ echo Starting bin/litmus.exe
Starting bin/litmus.exe
+++ mktemp
++ tmp=/tmp/tmp.VkqSlRozFe
++ base64 -d
++ zcat
++ qemu-system-aarch64 -nodefaults -machine virt,accel=kvm,gic-version=host -cpu host -device virtio-serial-device -device virtconsole -display none -serial stdio -kernel /tmp/tmp.VkqSlRozFe -smp 4 -append '-p -n500000 CoWT1+dsb-tlbi-dsb-isb CoWT1+dsb-tlbi-dsb CoWT.inv+dsb CoWT.inv+dsb-isb'
P0			P1			P2			P3			

Test CoWT1+dsb-tlbi-dsb-isb:
 p0:x2=2  : 500000
Observation CoWT1+dsb-tlbi-dsb-isb.errata: 0 (of 500000)
P0			P1			P2			P3			

Test CoWT1+dsb-tlbi-dsb:
 p0:x2=2  : 500000
Observation CoWT1+dsb-tlbi-dsb.errata: 0 (of 500000)
P0			P1			P2			P3			

Test CoWT.inv+dsb:
 p0:x4=0  : 500000
Observation CoWT.inv+dsb.errata.errata: 0 (of 500000)
P0			P1			P2			P3			

Test CoWT.inv+dsb-isb:
 p0:x4=0  : 500000
Observation CoWT.inv+dsb-isb.errata: 0 (of 500000)
46/100
++ echo Starting bin/litmus.exe
Starting bin/litmus.exe
+++ mktemp
++ tmp=/tmp/tmp.D1oJXqjp6t
++ base64 -d
++ zcat
++ qemu-system-aarch64 -nodefaults -machine virt,accel=kvm,gic-version=host -cpu host -device virtio-serial-device -device virtconsole -display none -serial stdio -kernel /tmp/tmp.D1oJXqjp6t -smp 4 -append '-p -n500000 CoWT1+dsb-tlbi-dsb-isb CoWT1+dsb-tlbi-dsb CoWT.inv+dsb CoWT.inv+dsb-isb'
P0			P1			P2			P3			

Test CoWT1+dsb-tlbi-dsb-isb:
 p0:x2=2  : 500000
Observation CoWT1+dsb-tlbi-dsb-isb.errata: 0 (of 500000)
P0			P1			P2			P3			

Test CoWT1+dsb-tlbi-dsb:
 p0:x2=2  : 500000
Observation CoWT1+dsb-tlbi-dsb.errata: 0 (of 500000)
P0			P1			P2			P3			

Test CoWT.inv+dsb:
 p0:x4=0  : 499999
 p0:x4=1  : 1 *
Observation CoWT.inv+dsb.errata.errata: 1 (of 500000)
P0			P1			P2			P3			

Test CoWT.inv+dsb-isb:
 p0:x4=0  : 500000
Observation CoWT.inv+dsb-isb.errata: 0 (of 500000)
47/100
++ echo Starting bin/litmus.exe
Starting bin/litmus.exe
+++ mktemp
++ tmp=/tmp/tmp.eVRyLYS6sz
++ base64 -d
++ zcat
++ qemu-system-aarch64 -nodefaults -machine virt,accel=kvm,gic-version=host -cpu host -device virtio-serial-device -device virtconsole -display none -serial stdio -kernel /tmp/tmp.eVRyLYS6sz -smp 4 -append '-p -n500000 CoWT1+dsb-tlbi-dsb-isb CoWT1+dsb-tlbi-dsb CoWT.inv+dsb CoWT.inv+dsb-isb'
P0			P1			P2			P3			

Test CoWT1+dsb-tlbi-dsb-isb:
 p0:x2=2  : 500000
Observation CoWT1+dsb-tlbi-dsb-isb.errata: 0 (of 500000)
P0			P1			P2			P3			

Test CoWT1+dsb-tlbi-dsb:
 p0:x2=2  : 500000
Observation CoWT1+dsb-tlbi-dsb.errata: 0 (of 500000)
P0			P1			P2			P3			

Test CoWT.inv+dsb:
 p0:x4=0  : 500000
Observation CoWT.inv+dsb.errata.errata: 0 (of 500000)
P0			P1			P2			P3			

Test CoWT.inv+dsb-isb:
 p0:x4=0  : 500000
Observation CoWT.inv+dsb-isb.errata: 0 (of 500000)
48/100
++ echo Starting bin/litmus.exe
Starting bin/litmus.exe
+++ mktemp
++ tmp=/tmp/tmp.OjJYauT7hk
++ base64 -d
++ zcat
++ qemu-system-aarch64 -nodefaults -machine virt,accel=kvm,gic-version=host -cpu host -device virtio-serial-device -device virtconsole -display none -serial stdio -kernel /tmp/tmp.OjJYauT7hk -smp 4 -append '-p -n500000 CoWT1+dsb-tlbi-dsb-isb CoWT1+dsb-tlbi-dsb CoWT.inv+dsb CoWT.inv+dsb-isb'
P0			P1			P2			P3			

Test CoWT1+dsb-tlbi-dsb-isb:
 p0:x2=2  : 500000
Observation CoWT1+dsb-tlbi-dsb-isb.errata: 0 (of 500000)
P0			P1			P2			P3			

Test CoWT1+dsb-tlbi-dsb:
 p0:x2=2  : 500000
Observation CoWT1+dsb-tlbi-dsb.errata: 0 (of 500000)
P0			P1			P2			P3			

Test CoWT.inv+dsb:
 p0:x4=0  : 499995
 p0:x4=1  : 5 *
Observation CoWT.inv+dsb.errata.errata: 5 (of 500000)
P0			P1			P2			P3			

Test CoWT.inv+dsb-isb:
 p0:x4=0  : 500000
Observation CoWT.inv+dsb-isb.errata: 0 (of 500000)
49/100
++ echo Starting bin/litmus.exe
Starting bin/litmus.exe
+++ mktemp
++ tmp=/tmp/tmp.y0QH7WorjV
++ base64 -d
++ zcat
++ qemu-system-aarch64 -nodefaults -machine virt,accel=kvm,gic-version=host -cpu host -device virtio-serial-device -device virtconsole -display none -serial stdio -kernel /tmp/tmp.y0QH7WorjV -smp 4 -append '-p -n500000 CoWT1+dsb-tlbi-dsb-isb CoWT1+dsb-tlbi-dsb CoWT.inv+dsb CoWT.inv+dsb-isb'
P0			P1			P2			P3			

Test CoWT1+dsb-tlbi-dsb-isb:
 p0:x2=2  : 500000
Observation CoWT1+dsb-tlbi-dsb-isb.errata: 0 (of 500000)
P0			P1			P2			P3			

Test CoWT1+dsb-tlbi-dsb:
 p0:x2=2  : 500000
Observation CoWT1+dsb-tlbi-dsb.errata: 0 (of 500000)
P0			P1			P2			P3			

Test CoWT.inv+dsb:
 p0:x4=0  : 499998
 p0:x4=1  : 2 *
Observation CoWT.inv+dsb.errata.errata: 2 (of 500000)
P0			P1			P2			P3			

Test CoWT.inv+dsb-isb:
 p0:x4=0  : 500000
Observation CoWT.inv+dsb-isb.errata: 0 (of 500000)
50/100
++ echo Starting bin/litmus.exe
Starting bin/litmus.exe
+++ mktemp
++ tmp=/tmp/tmp.w5z4ACsyI2
++ base64 -d
++ zcat
++ qemu-system-aarch64 -nodefaults -machine virt,accel=kvm,gic-version=host -cpu host -device virtio-serial-device -device virtconsole -display none -serial stdio -kernel /tmp/tmp.w5z4ACsyI2 -smp 4 -append '-p -n500000 CoWT1+dsb-tlbi-dsb-isb CoWT1+dsb-tlbi-dsb CoWT.inv+dsb CoWT.inv+dsb-isb'
P0			P1			P2			P3			

Test CoWT1+dsb-tlbi-dsb-isb:
 p0:x2=2  : 500000
Observation CoWT1+dsb-tlbi-dsb-isb.errata: 0 (of 500000)
P0			P1			P2			P3			

Test CoWT1+dsb-tlbi-dsb:
 p0:x2=2  : 500000
Observation CoWT1+dsb-tlbi-dsb.errata: 0 (of 500000)
P0			P1			P2			P3			

Test CoWT.inv+dsb:
 p0:x4=0  : 500000
Observation CoWT.inv+dsb.errata.errata: 0 (of 500000)
P0			P1			P2			P3			

Test CoWT.inv+dsb-isb:
 p0:x4=0  : 500000
Observation CoWT.inv+dsb-isb.errata: 0 (of 500000)
51/100
++ echo Starting bin/litmus.exe
Starting bin/litmus.exe
+++ mktemp
++ tmp=/tmp/tmp.LxvZDW3OPF
++ base64 -d
++ zcat
++ qemu-system-aarch64 -nodefaults -machine virt,accel=kvm,gic-version=host -cpu host -device virtio-serial-device -device virtconsole -display none -serial stdio -kernel /tmp/tmp.LxvZDW3OPF -smp 4 -append '-p -n500000 CoWT1+dsb-tlbi-dsb-isb CoWT1+dsb-tlbi-dsb CoWT.inv+dsb CoWT.inv+dsb-isb'
P0			P1			P2			P3			

Test CoWT1+dsb-tlbi-dsb-isb:
 p0:x2=2  : 500000
Observation CoWT1+dsb-tlbi-dsb-isb.errata: 0 (of 500000)
P0			P1			P2			P3			

Test CoWT1+dsb-tlbi-dsb:
 p0:x2=2  : 500000
Observation CoWT1+dsb-tlbi-dsb.errata: 0 (of 500000)
P0			P1			P2			P3			

Test CoWT.inv+dsb:
 p0:x4=0  : 500000
Observation CoWT.inv+dsb.errata.errata: 0 (of 500000)
P0			P1			P2			P3			

Test CoWT.inv+dsb-isb:
 p0:x4=0  : 500000
Observation CoWT.inv+dsb-isb.errata: 0 (of 500000)
52/100
++ echo Starting bin/litmus.exe
Starting bin/litmus.exe
+++ mktemp
++ tmp=/tmp/tmp.isMgou7tEQ
++ base64 -d
++ zcat
++ qemu-system-aarch64 -nodefaults -machine virt,accel=kvm,gic-version=host -cpu host -device virtio-serial-device -device virtconsole -display none -serial stdio -kernel /tmp/tmp.isMgou7tEQ -smp 4 -append '-p -n500000 CoWT1+dsb-tlbi-dsb-isb CoWT1+dsb-tlbi-dsb CoWT.inv+dsb CoWT.inv+dsb-isb'
P0			P1			P2			P3			

Test CoWT1+dsb-tlbi-dsb-isb:
 p0:x2=2  : 500000
Observation CoWT1+dsb-tlbi-dsb-isb.errata: 0 (of 500000)
P0			P1			P2			P3			

Test CoWT1+dsb-tlbi-dsb:
 p0:x2=2  : 500000
Observation CoWT1+dsb-tlbi-dsb.errata: 0 (of 500000)
P0			P1			P2			P3			

Test CoWT.inv+dsb:
 p0:x4=0  : 499999
 p0:x4=1  : 1 *
Observation CoWT.inv+dsb.errata.errata: 1 (of 500000)
P0			P1			P2			P3			

Test CoWT.inv+dsb-isb:
 p0:x4=0  : 500000
Observation CoWT.inv+dsb-isb.errata: 0 (of 500000)
53/100
++ echo Starting bin/litmus.exe
Starting bin/litmus.exe
+++ mktemp
++ tmp=/tmp/tmp.ZnG0Szlw1r
++ base64 -d
++ zcat
++ qemu-system-aarch64 -nodefaults -machine virt,accel=kvm,gic-version=host -cpu host -device virtio-serial-device -device virtconsole -display none -serial stdio -kernel /tmp/tmp.ZnG0Szlw1r -smp 4 -append '-p -n500000 CoWT1+dsb-tlbi-dsb-isb CoWT1+dsb-tlbi-dsb CoWT.inv+dsb CoWT.inv+dsb-isb'
P0			P1			P2			P3			

Test CoWT1+dsb-tlbi-dsb-isb:
 p0:x2=2  : 500000
Observation CoWT1+dsb-tlbi-dsb-isb.errata: 0 (of 500000)
P0			P1			P2			P3			

Test CoWT1+dsb-tlbi-dsb:
 p0:x2=2  : 500000
Observation CoWT1+dsb-tlbi-dsb.errata: 0 (of 500000)
P0			P1			P2			P3			

Test CoWT.inv+dsb:
 p0:x4=0  : 499999
 p0:x4=1  : 1 *
Observation CoWT.inv+dsb.errata.errata: 1 (of 500000)
P0			P1			P2			P3			

Test CoWT.inv+dsb-isb:
 p0:x4=0  : 500000
Observation CoWT.inv+dsb-isb.errata: 0 (of 500000)
54/100
++ echo Starting bin/litmus.exe
Starting bin/litmus.exe
+++ mktemp
++ tmp=/tmp/tmp.8iqYKHLeQn
++ base64 -d
++ zcat
++ qemu-system-aarch64 -nodefaults -machine virt,accel=kvm,gic-version=host -cpu host -device virtio-serial-device -device virtconsole -display none -serial stdio -kernel /tmp/tmp.8iqYKHLeQn -smp 4 -append '-p -n500000 CoWT1+dsb-tlbi-dsb-isb CoWT1+dsb-tlbi-dsb CoWT.inv+dsb CoWT.inv+dsb-isb'
P0			P1			P2			P3			

Test CoWT1+dsb-tlbi-dsb-isb:
 p0:x2=2  : 500000
Observation CoWT1+dsb-tlbi-dsb-isb.errata: 0 (of 500000)
P0			P1			P2			P3			

Test CoWT1+dsb-tlbi-dsb:
 p0:x2=2  : 500000
Observation CoWT1+dsb-tlbi-dsb.errata: 0 (of 500000)
P0			P1			P2			P3			

Test CoWT.inv+dsb:
 p0:x4=0  : 499992
 p0:x4=1  : 8 *
Observation CoWT.inv+dsb.errata.errata: 8 (of 500000)
P0			P1			P2			P3			

Test CoWT.inv+dsb-isb:
 p0:x4=0  : 500000
Observation CoWT.inv+dsb-isb.errata: 0 (of 500000)
55/100
++ echo Starting bin/litmus.exe
Starting bin/litmus.exe
+++ mktemp
++ tmp=/tmp/tmp.z8IPRpnQ7E
++ base64 -d
++ zcat
++ qemu-system-aarch64 -nodefaults -machine virt,accel=kvm,gic-version=host -cpu host -device virtio-serial-device -device virtconsole -display none -serial stdio -kernel /tmp/tmp.z8IPRpnQ7E -smp 4 -append '-p -n500000 CoWT1+dsb-tlbi-dsb-isb CoWT1+dsb-tlbi-dsb CoWT.inv+dsb CoWT.inv+dsb-isb'
P0			P1			P2			P3			

Test CoWT1+dsb-tlbi-dsb-isb:
 p0:x2=2  : 500000
Observation CoWT1+dsb-tlbi-dsb-isb.errata: 0 (of 500000)
P0			P1			P2			P3			

Test CoWT1+dsb-tlbi-dsb:
 p0:x2=2  : 500000
Observation CoWT1+dsb-tlbi-dsb.errata: 0 (of 500000)
P0			P1			P2			P3			

Test CoWT.inv+dsb:
 p0:x4=0  : 499997
 p0:x4=1  : 3 *
Observation CoWT.inv+dsb.errata.errata: 3 (of 500000)
P0			P1			P2			P3			

Test CoWT.inv+dsb-isb:
 p0:x4=0  : 500000
Observation CoWT.inv+dsb-isb.errata: 0 (of 500000)
56/100
++ echo Starting bin/litmus.exe
Starting bin/litmus.exe
+++ mktemp
++ tmp=/tmp/tmp.6fifKgm3fp
++ base64 -d
++ zcat
++ qemu-system-aarch64 -nodefaults -machine virt,accel=kvm,gic-version=host -cpu host -device virtio-serial-device -device virtconsole -display none -serial stdio -kernel /tmp/tmp.6fifKgm3fp -smp 4 -append '-p -n500000 CoWT1+dsb-tlbi-dsb-isb CoWT1+dsb-tlbi-dsb CoWT.inv+dsb CoWT.inv+dsb-isb'
P0			P1			P2			P3			

Test CoWT1+dsb-tlbi-dsb-isb:
 p0:x2=2  : 500000
Observation CoWT1+dsb-tlbi-dsb-isb.errata: 0 (of 500000)
P0			P1			P2			P3			

Test CoWT1+dsb-tlbi-dsb:
 p0:x2=2  : 500000
Observation CoWT1+dsb-tlbi-dsb.errata: 0 (of 500000)
P0			P1			P2			P3			

Test CoWT.inv+dsb:
 p0:x4=0  : 500000
Observation CoWT.inv+dsb.errata.errata: 0 (of 500000)
P0			P1			P2			P3			

Test CoWT.inv+dsb-isb:
 p0:x4=0  : 500000
Observation CoWT.inv+dsb-isb.errata: 0 (of 500000)
57/100
++ echo Starting bin/litmus.exe
Starting bin/litmus.exe
+++ mktemp
++ tmp=/tmp/tmp.MKDZtBgeE3
++ base64 -d
++ zcat
++ qemu-system-aarch64 -nodefaults -machine virt,accel=kvm,gic-version=host -cpu host -device virtio-serial-device -device virtconsole -display none -serial stdio -kernel /tmp/tmp.MKDZtBgeE3 -smp 4 -append '-p -n500000 CoWT1+dsb-tlbi-dsb-isb CoWT1+dsb-tlbi-dsb CoWT.inv+dsb CoWT.inv+dsb-isb'
P0			P1			P2			P3			

Test CoWT1+dsb-tlbi-dsb-isb:
 p0:x2=2  : 500000
Observation CoWT1+dsb-tlbi-dsb-isb.errata: 0 (of 500000)
P0			P1			P2			P3			

Test CoWT1+dsb-tlbi-dsb:
 p0:x2=2  : 500000
Observation CoWT1+dsb-tlbi-dsb.errata: 0 (of 500000)
P0			P1			P2			P3			

Test CoWT.inv+dsb:
 p0:x4=0  : 500000
Observation CoWT.inv+dsb.errata.errata: 0 (of 500000)
P0			P1			P2			P3			

Test CoWT.inv+dsb-isb:
 p0:x4=0  : 500000
Observation CoWT.inv+dsb-isb.errata: 0 (of 500000)
58/100
++ echo Starting bin/litmus.exe
Starting bin/litmus.exe
+++ mktemp
++ tmp=/tmp/tmp.bk4XjVUXbn
++ base64 -d
++ zcat
++ qemu-system-aarch64 -nodefaults -machine virt,accel=kvm,gic-version=host -cpu host -device virtio-serial-device -device virtconsole -display none -serial stdio -kernel /tmp/tmp.bk4XjVUXbn -smp 4 -append '-p -n500000 CoWT1+dsb-tlbi-dsb-isb CoWT1+dsb-tlbi-dsb CoWT.inv+dsb CoWT.inv+dsb-isb'
P0			P1			P2			P3			

Test CoWT1+dsb-tlbi-dsb-isb:
 p0:x2=2  : 500000
Observation CoWT1+dsb-tlbi-dsb-isb.errata: 0 (of 500000)
P0			P1			P2			P3			

Test CoWT1+dsb-tlbi-dsb:
 p0:x2=2  : 500000
Observation CoWT1+dsb-tlbi-dsb.errata: 0 (of 500000)
P0			P1			P2			P3			

Test CoWT.inv+dsb:
 p0:x4=0  : 500000
Observation CoWT.inv+dsb.errata.errata: 0 (of 500000)
P0			P1			P2			P3			

Test CoWT.inv+dsb-isb:
 p0:x4=0  : 500000
Observation CoWT.inv+dsb-isb.errata: 0 (of 500000)
59/100
++ echo Starting bin/litmus.exe
Starting bin/litmus.exe
+++ mktemp
++ tmp=/tmp/tmp.dh3dxD0xkK
++ base64 -d
++ zcat
++ qemu-system-aarch64 -nodefaults -machine virt,accel=kvm,gic-version=host -cpu host -device virtio-serial-device -device virtconsole -display none -serial stdio -kernel /tmp/tmp.dh3dxD0xkK -smp 4 -append '-p -n500000 CoWT1+dsb-tlbi-dsb-isb CoWT1+dsb-tlbi-dsb CoWT.inv+dsb CoWT.inv+dsb-isb'
P0			P1			P2			P3			

Test CoWT1+dsb-tlbi-dsb-isb:
 p0:x2=2  : 500000
Observation CoWT1+dsb-tlbi-dsb-isb.errata: 0 (of 500000)
P0			P1			P2			P3			

Test CoWT1+dsb-tlbi-dsb:
 p0:x2=2  : 500000
Observation CoWT1+dsb-tlbi-dsb.errata: 0 (of 500000)
P0			P1			P2			P3			

Test CoWT.inv+dsb:
 p0:x4=0  : 499999
 p0:x4=1  : 1 *
Observation CoWT.inv+dsb.errata.errata: 1 (of 500000)
P0			P1			P2			P3			

Test CoWT.inv+dsb-isb:
 p0:x4=0  : 500000
Observation CoWT.inv+dsb-isb.errata: 0 (of 500000)
60/100
++ echo Starting bin/litmus.exe
Starting bin/litmus.exe
+++ mktemp
++ tmp=/tmp/tmp.5sDRrngEms
++ base64 -d
++ zcat
++ qemu-system-aarch64 -nodefaults -machine virt,accel=kvm,gic-version=host -cpu host -device virtio-serial-device -device virtconsole -display none -serial stdio -kernel /tmp/tmp.5sDRrngEms -smp 4 -append '-p -n500000 CoWT1+dsb-tlbi-dsb-isb CoWT1+dsb-tlbi-dsb CoWT.inv+dsb CoWT.inv+dsb-isb'
P0			P1			P2			P3			

Test CoWT1+dsb-tlbi-dsb-isb:
 p0:x2=2  : 500000
Observation CoWT1+dsb-tlbi-dsb-isb.errata: 0 (of 500000)
P0			P1			P2			P3			

Test CoWT1+dsb-tlbi-dsb:
 p0:x2=2  : 500000
Observation CoWT1+dsb-tlbi-dsb.errata: 0 (of 500000)
P0			P1			P2			P3			

Test CoWT.inv+dsb:
 p0:x4=0  : 500000
Observation CoWT.inv+dsb.errata.errata: 0 (of 500000)
P0			P1			P2			P3			

Test CoWT.inv+dsb-isb:
 p0:x4=0  : 500000
Observation CoWT.inv+dsb-isb.errata: 0 (of 500000)
61/100
++ echo Starting bin/litmus.exe
Starting bin/litmus.exe
+++ mktemp
++ tmp=/tmp/tmp.sAt195OvTP
++ base64 -d
++ zcat
++ qemu-system-aarch64 -nodefaults -machine virt,accel=kvm,gic-version=host -cpu host -device virtio-serial-device -device virtconsole -display none -serial stdio -kernel /tmp/tmp.sAt195OvTP -smp 4 -append '-p -n500000 CoWT1+dsb-tlbi-dsb-isb CoWT1+dsb-tlbi-dsb CoWT.inv+dsb CoWT.inv+dsb-isb'
P0			P1			P2			P3			

Test CoWT1+dsb-tlbi-dsb-isb:
 p0:x2=2  : 500000
Observation CoWT1+dsb-tlbi-dsb-isb.errata: 0 (of 500000)
P0			P1			P2			P3			

Test CoWT1+dsb-tlbi-dsb:
 p0:x2=2  : 500000
Observation CoWT1+dsb-tlbi-dsb.errata: 0 (of 500000)
P0			P1			P2			P3			

Test CoWT.inv+dsb:
 p0:x4=0  : 500000
Observation CoWT.inv+dsb.errata.errata: 0 (of 500000)
P0			P1			P2			P3			

Test CoWT.inv+dsb-isb:
 p0:x4=0  : 500000
Observation CoWT.inv+dsb-isb.errata: 0 (of 500000)
62/100
++ echo Starting bin/litmus.exe
Starting bin/litmus.exe
+++ mktemp
++ tmp=/tmp/tmp.FhzsigZGB6
++ base64 -d
++ zcat
++ qemu-system-aarch64 -nodefaults -machine virt,accel=kvm,gic-version=host -cpu host -device virtio-serial-device -device virtconsole -display none -serial stdio -kernel /tmp/tmp.FhzsigZGB6 -smp 4 -append '-p -n500000 CoWT1+dsb-tlbi-dsb-isb CoWT1+dsb-tlbi-dsb CoWT.inv+dsb CoWT.inv+dsb-isb'
P0			P1			P2			P3			

Test CoWT1+dsb-tlbi-dsb-isb:
 p0:x2=2  : 500000
Observation CoWT1+dsb-tlbi-dsb-isb.errata: 0 (of 500000)
P0			P1			P2			P3			

Test CoWT1+dsb-tlbi-dsb:
 p0:x2=2  : 500000
Observation CoWT1+dsb-tlbi-dsb.errata: 0 (of 500000)
P0			P1			P2			P3			

Test CoWT.inv+dsb:
 p0:x4=0  : 500000
Observation CoWT.inv+dsb.errata.errata: 0 (of 500000)
P0			P1			P2			P3			

Test CoWT.inv+dsb-isb:
 p0:x4=0  : 500000
Observation CoWT.inv+dsb-isb.errata: 0 (of 500000)
63/100
++ echo Starting bin/litmus.exe
Starting bin/litmus.exe
+++ mktemp
++ tmp=/tmp/tmp.FnqWRvfNwX
++ base64 -d
++ zcat
++ qemu-system-aarch64 -nodefaults -machine virt,accel=kvm,gic-version=host -cpu host -device virtio-serial-device -device virtconsole -display none -serial stdio -kernel /tmp/tmp.FnqWRvfNwX -smp 4 -append '-p -n500000 CoWT1+dsb-tlbi-dsb-isb CoWT1+dsb-tlbi-dsb CoWT.inv+dsb CoWT.inv+dsb-isb'
P0			P1			P2			P3			

Test CoWT1+dsb-tlbi-dsb-isb:
 p0:x2=2  : 500000
Observation CoWT1+dsb-tlbi-dsb-isb.errata: 0 (of 500000)
P0			P1			P2			P3			

Test CoWT1+dsb-tlbi-dsb:
 p0:x2=2  : 500000
Observation CoWT1+dsb-tlbi-dsb.errata: 0 (of 500000)
P0			P1			P2			P3			

Test CoWT.inv+dsb:
 p0:x4=0  : 500000
Observation CoWT.inv+dsb.errata.errata: 0 (of 500000)
P0			P1			P2			P3			

Test CoWT.inv+dsb-isb:
 p0:x4=0  : 500000
Observation CoWT.inv+dsb-isb.errata: 0 (of 500000)
64/100
++ echo Starting bin/litmus.exe
Starting bin/litmus.exe
+++ mktemp
++ tmp=/tmp/tmp.ZFtEWvWuWY
++ base64 -d
++ zcat
++ qemu-system-aarch64 -nodefaults -machine virt,accel=kvm,gic-version=host -cpu host -device virtio-serial-device -device virtconsole -display none -serial stdio -kernel /tmp/tmp.ZFtEWvWuWY -smp 4 -append '-p -n500000 CoWT1+dsb-tlbi-dsb-isb CoWT1+dsb-tlbi-dsb CoWT.inv+dsb CoWT.inv+dsb-isb'
P0			P1			P2			P3			

Test CoWT1+dsb-tlbi-dsb-isb:
 p0:x2=2  : 500000
Observation CoWT1+dsb-tlbi-dsb-isb.errata: 0 (of 500000)
P0			P1			P2			P3			

Test CoWT1+dsb-tlbi-dsb:
 p0:x2=2  : 500000
Observation CoWT1+dsb-tlbi-dsb.errata: 0 (of 500000)
P0			P1			P2			P3			

Test CoWT.inv+dsb:
 p0:x4=0  : 500000
Observation CoWT.inv+dsb.errata.errata: 0 (of 500000)
P0			P1			P2			P3			

Test CoWT.inv+dsb-isb:
 p0:x4=0  : 500000
Observation CoWT.inv+dsb-isb.errata: 0 (of 500000)
65/100
++ echo Starting bin/litmus.exe
Starting bin/litmus.exe
+++ mktemp
++ tmp=/tmp/tmp.IYbNUWqjNn
++ base64 -d
++ zcat
++ qemu-system-aarch64 -nodefaults -machine virt,accel=kvm,gic-version=host -cpu host -device virtio-serial-device -device virtconsole -display none -serial stdio -kernel /tmp/tmp.IYbNUWqjNn -smp 4 -append '-p -n500000 CoWT1+dsb-tlbi-dsb-isb CoWT1+dsb-tlbi-dsb CoWT.inv+dsb CoWT.inv+dsb-isb'
P0			P1			P2			P3			

Test CoWT1+dsb-tlbi-dsb-isb:
 p0:x2=2  : 500000
Observation CoWT1+dsb-tlbi-dsb-isb.errata: 0 (of 500000)
P0			P1			P2			P3			

Test CoWT1+dsb-tlbi-dsb:
 p0:x2=2  : 500000
Observation CoWT1+dsb-tlbi-dsb.errata: 0 (of 500000)
P0			P1			P2			P3			

Test CoWT.inv+dsb:
 p0:x4=0  : 500000
Observation CoWT.inv+dsb.errata.errata: 0 (of 500000)
P0			P1			P2			P3			

Test CoWT.inv+dsb-isb:
 p0:x4=0  : 500000
Observation CoWT.inv+dsb-isb.errata: 0 (of 500000)
66/100
++ echo Starting bin/litmus.exe
Starting bin/litmus.exe
+++ mktemp
++ tmp=/tmp/tmp.GajV9oCbpK
++ base64 -d
++ zcat
++ qemu-system-aarch64 -nodefaults -machine virt,accel=kvm,gic-version=host -cpu host -device virtio-serial-device -device virtconsole -display none -serial stdio -kernel /tmp/tmp.GajV9oCbpK -smp 4 -append '-p -n500000 CoWT1+dsb-tlbi-dsb-isb CoWT1+dsb-tlbi-dsb CoWT.inv+dsb CoWT.inv+dsb-isb'
P0			P1			P2			P3			

Test CoWT1+dsb-tlbi-dsb-isb:
 p0:x2=2  : 500000
Observation CoWT1+dsb-tlbi-dsb-isb.errata: 0 (of 500000)
P0			P1			P2			P3			

Test CoWT1+dsb-tlbi-dsb:
 p0:x2=2  : 500000
Observation CoWT1+dsb-tlbi-dsb.errata: 0 (of 500000)
P0			P1			P2			P3			

Test CoWT.inv+dsb:
 p0:x4=0  : 500000
Observation CoWT.inv+dsb.errata.errata: 0 (of 500000)
P0			P1			P2			P3			

Test CoWT.inv+dsb-isb:
 p0:x4=0  : 500000
Observation CoWT.inv+dsb-isb.errata: 0 (of 500000)
67/100
++ echo Starting bin/litmus.exe
Starting bin/litmus.exe
+++ mktemp
++ tmp=/tmp/tmp.V40T4vxSuQ
++ base64 -d
++ zcat
++ qemu-system-aarch64 -nodefaults -machine virt,accel=kvm,gic-version=host -cpu host -device virtio-serial-device -device virtconsole -display none -serial stdio -kernel /tmp/tmp.V40T4vxSuQ -smp 4 -append '-p -n500000 CoWT1+dsb-tlbi-dsb-isb CoWT1+dsb-tlbi-dsb CoWT.inv+dsb CoWT.inv+dsb-isb'
P0			P1			P2			P3			

Test CoWT1+dsb-tlbi-dsb-isb:
 p0:x2=2  : 500000
Observation CoWT1+dsb-tlbi-dsb-isb.errata: 0 (of 500000)
P0			P1			P2			P3			

Test CoWT1+dsb-tlbi-dsb:
 p0:x2=2  : 500000
Observation CoWT1+dsb-tlbi-dsb.errata: 0 (of 500000)
P0			P1			P2			P3			

Test CoWT.inv+dsb:
 p0:x4=0  : 500000
Observation CoWT.inv+dsb.errata.errata: 0 (of 500000)
P0			P1			P2			P3			

Test CoWT.inv+dsb-isb:
 p0:x4=0  : 500000
Observation CoWT.inv+dsb-isb.errata: 0 (of 500000)
68/100
++ echo Starting bin/litmus.exe
Starting bin/litmus.exe
+++ mktemp
++ tmp=/tmp/tmp.t4UUjJrcI6
++ base64 -d
++ zcat
++ qemu-system-aarch64 -nodefaults -machine virt,accel=kvm,gic-version=host -cpu host -device virtio-serial-device -device virtconsole -display none -serial stdio -kernel /tmp/tmp.t4UUjJrcI6 -smp 4 -append '-p -n500000 CoWT1+dsb-tlbi-dsb-isb CoWT1+dsb-tlbi-dsb CoWT.inv+dsb CoWT.inv+dsb-isb'
P0			P1			P2			P3			

Test CoWT1+dsb-tlbi-dsb-isb:
 p0:x2=2  : 500000
Observation CoWT1+dsb-tlbi-dsb-isb.errata: 0 (of 500000)
P0			P1			P2			P3			

Test CoWT1+dsb-tlbi-dsb:
 p0:x2=2  : 500000
Observation CoWT1+dsb-tlbi-dsb.errata: 0 (of 500000)
P0			P1			P2			P3			

Test CoWT.inv+dsb:
 p0:x4=0  : 500000
Observation CoWT.inv+dsb.errata.errata: 0 (of 500000)
P0			P1			P2			P3			

Test CoWT.inv+dsb-isb:
 p0:x4=0  : 500000
Observation CoWT.inv+dsb-isb.errata: 0 (of 500000)
69/100
++ echo Starting bin/litmus.exe
Starting bin/litmus.exe
+++ mktemp
++ tmp=/tmp/tmp.7YoraGaRet
++ base64 -d
++ zcat
++ qemu-system-aarch64 -nodefaults -machine virt,accel=kvm,gic-version=host -cpu host -device virtio-serial-device -device virtconsole -display none -serial stdio -kernel /tmp/tmp.7YoraGaRet -smp 4 -append '-p -n500000 CoWT1+dsb-tlbi-dsb-isb CoWT1+dsb-tlbi-dsb CoWT.inv+dsb CoWT.inv+dsb-isb'
P0			P1			P2			P3			

Test CoWT1+dsb-tlbi-dsb-isb:
 p0:x2=2  : 500000
Observation CoWT1+dsb-tlbi-dsb-isb.errata: 0 (of 500000)
P0			P1			P2			P3			

Test CoWT1+dsb-tlbi-dsb:
 p0:x2=2  : 500000
Observation CoWT1+dsb-tlbi-dsb.errata: 0 (of 500000)
P0			P1			P2			P3			

Test CoWT.inv+dsb:
 p0:x4=0  : 500000
Observation CoWT.inv+dsb.errata.errata: 0 (of 500000)
P0			P1			P2			P3			

Test CoWT.inv+dsb-isb:
 p0:x4=0  : 500000
Observation CoWT.inv+dsb-isb.errata: 0 (of 500000)
70/100
++ echo Starting bin/litmus.exe
Starting bin/litmus.exe
+++ mktemp
++ tmp=/tmp/tmp.mRO4CdM3sZ
++ base64 -d
++ zcat
++ qemu-system-aarch64 -nodefaults -machine virt,accel=kvm,gic-version=host -cpu host -device virtio-serial-device -device virtconsole -display none -serial stdio -kernel /tmp/tmp.mRO4CdM3sZ -smp 4 -append '-p -n500000 CoWT1+dsb-tlbi-dsb-isb CoWT1+dsb-tlbi-dsb CoWT.inv+dsb CoWT.inv+dsb-isb'
P0			P1			P2			P3			

Test CoWT1+dsb-tlbi-dsb-isb:
 p0:x2=2  : 500000
Observation CoWT1+dsb-tlbi-dsb-isb.errata: 0 (of 500000)
P0			P1			P2			P3			

Test CoWT1+dsb-tlbi-dsb:
 p0:x2=2  : 500000
Observation CoWT1+dsb-tlbi-dsb.errata: 0 (of 500000)
P0			P1			P2			P3			

Test CoWT.inv+dsb:
 p0:x4=0  : 500000
Observation CoWT.inv+dsb.errata.errata: 0 (of 500000)
P0			P1			P2			P3			

Test CoWT.inv+dsb-isb:
 p0:x4=0  : 500000
Observation CoWT.inv+dsb-isb.errata: 0 (of 500000)
71/100
++ echo Starting bin/litmus.exe
Starting bin/litmus.exe
+++ mktemp
++ tmp=/tmp/tmp.MNlk17YKqz
++ zcat
++ base64 -d
++ qemu-system-aarch64 -nodefaults -machine virt,accel=kvm,gic-version=host -cpu host -device virtio-serial-device -device virtconsole -display none -serial stdio -kernel /tmp/tmp.MNlk17YKqz -smp 4 -append '-p -n500000 CoWT1+dsb-tlbi-dsb-isb CoWT1+dsb-tlbi-dsb CoWT.inv+dsb CoWT.inv+dsb-isb'
P0			P1			P2			P3			

Test CoWT1+dsb-tlbi-dsb-isb:
 p0:x2=2  : 500000
Observation CoWT1+dsb-tlbi-dsb-isb.errata: 0 (of 500000)
P0			P1			P2			P3			

Test CoWT1+dsb-tlbi-dsb:
 p0:x2=2  : 500000
Observation CoWT1+dsb-tlbi-dsb.errata: 0 (of 500000)
P0			P1			P2			P3			

Test CoWT.inv+dsb:
 p0:x4=0  : 499999
 p0:x4=1  : 1 *
Observation CoWT.inv+dsb.errata.errata: 1 (of 500000)
P0			P1			P2			P3			

Test CoWT.inv+dsb-isb:
 p0:x4=0  : 500000
Observation CoWT.inv+dsb-isb.errata: 0 (of 500000)
72/100
++ echo Starting bin/litmus.exe
Starting bin/litmus.exe
+++ mktemp
++ tmp=/tmp/tmp.d5dkrD08TA
++ base64 -d
++ zcat
++ qemu-system-aarch64 -nodefaults -machine virt,accel=kvm,gic-version=host -cpu host -device virtio-serial-device -device virtconsole -display none -serial stdio -kernel /tmp/tmp.d5dkrD08TA -smp 4 -append '-p -n500000 CoWT1+dsb-tlbi-dsb-isb CoWT1+dsb-tlbi-dsb CoWT.inv+dsb CoWT.inv+dsb-isb'
P0			P1			P2			P3			

Test CoWT1+dsb-tlbi-dsb-isb:
 p0:x2=2  : 500000
Observation CoWT1+dsb-tlbi-dsb-isb.errata: 0 (of 500000)
P0			P1			P2			P3			

Test CoWT1+dsb-tlbi-dsb:
 p0:x2=2  : 500000
Observation CoWT1+dsb-tlbi-dsb.errata: 0 (of 500000)
P0			P1			P2			P3			

Test CoWT.inv+dsb:
 p0:x4=0  : 500000
Observation CoWT.inv+dsb.errata.errata: 0 (of 500000)
P0			P1			P2			P3			

Test CoWT.inv+dsb-isb:
 p0:x4=0  : 500000
Observation CoWT.inv+dsb-isb.errata: 0 (of 500000)
73/100
++ echo Starting bin/litmus.exe
Starting bin/litmus.exe
+++ mktemp
++ tmp=/tmp/tmp.BNORNRe1uv
++ base64 -d
++ zcat
++ qemu-system-aarch64 -nodefaults -machine virt,accel=kvm,gic-version=host -cpu host -device virtio-serial-device -device virtconsole -display none -serial stdio -kernel /tmp/tmp.BNORNRe1uv -smp 4 -append '-p -n500000 CoWT1+dsb-tlbi-dsb-isb CoWT1+dsb-tlbi-dsb CoWT.inv+dsb CoWT.inv+dsb-isb'
P0			P1			P2			P3			

Test CoWT1+dsb-tlbi-dsb-isb:
 p0:x2=2  : 500000
Observation CoWT1+dsb-tlbi-dsb-isb.errata: 0 (of 500000)
P0			P1			P2			P3			

Test CoWT1+dsb-tlbi-dsb:
 p0:x2=2  : 500000
Observation CoWT1+dsb-tlbi-dsb.errata: 0 (of 500000)
P0			P1			P2			P3			

Test CoWT.inv+dsb:
 p0:x4=0  : 499999
 p0:x4=1  : 1 *
Observation CoWT.inv+dsb.errata.errata: 1 (of 500000)
P0			P1			P2			P3			

Test CoWT.inv+dsb-isb:
 p0:x4=0  : 500000
Observation CoWT.inv+dsb-isb.errata: 0 (of 500000)
74/100
++ echo Starting bin/litmus.exe
Starting bin/litmus.exe
+++ mktemp
++ tmp=/tmp/tmp.himcKCOQat
++ base64 -d
++ zcat
++ qemu-system-aarch64 -nodefaults -machine virt,accel=kvm,gic-version=host -cpu host -device virtio-serial-device -device virtconsole -display none -serial stdio -kernel /tmp/tmp.himcKCOQat -smp 4 -append '-p -n500000 CoWT1+dsb-tlbi-dsb-isb CoWT1+dsb-tlbi-dsb CoWT.inv+dsb CoWT.inv+dsb-isb'
P0			P1			P2			P3			

Test CoWT1+dsb-tlbi-dsb-isb:
 p0:x2=2  : 500000
Observation CoWT1+dsb-tlbi-dsb-isb.errata: 0 (of 500000)
P0			P1			P2			P3			

Test CoWT1+dsb-tlbi-dsb:
 p0:x2=2  : 500000
Observation CoWT1+dsb-tlbi-dsb.errata: 0 (of 500000)
P0			P1			P2			P3			

Test CoWT.inv+dsb:
 p0:x4=0  : 500000
Observation CoWT.inv+dsb.errata.errata: 0 (of 500000)
P0			P1			P2			P3			

Test CoWT.inv+dsb-isb:
 p0:x4=0  : 500000
Observation CoWT.inv+dsb-isb.errata: 0 (of 500000)
75/100
++ echo Starting bin/litmus.exe
Starting bin/litmus.exe
+++ mktemp
++ tmp=/tmp/tmp.DLFmS3fnKb
++ base64 -d
++ zcat
++ qemu-system-aarch64 -nodefaults -machine virt,accel=kvm,gic-version=host -cpu host -device virtio-serial-device -device virtconsole -display none -serial stdio -kernel /tmp/tmp.DLFmS3fnKb -smp 4 -append '-p -n500000 CoWT1+dsb-tlbi-dsb-isb CoWT1+dsb-tlbi-dsb CoWT.inv+dsb CoWT.inv+dsb-isb'
P0			P1			P2			P3			

Test CoWT1+dsb-tlbi-dsb-isb:
 p0:x2=2  : 500000
Observation CoWT1+dsb-tlbi-dsb-isb.errata: 0 (of 500000)
P0			P1			P2			P3			

Test CoWT1+dsb-tlbi-dsb:
 p0:x2=2  : 500000
Observation CoWT1+dsb-tlbi-dsb.errata: 0 (of 500000)
P0			P1			P2			P3			

Test CoWT.inv+dsb:
 p0:x4=0  : 500000
Observation CoWT.inv+dsb.errata.errata: 0 (of 500000)
P0			P1			P2			P3			

Test CoWT.inv+dsb-isb:
 p0:x4=0  : 500000
Observation CoWT.inv+dsb-isb.errata: 0 (of 500000)
76/100
++ echo Starting bin/litmus.exe
Starting bin/litmus.exe
+++ mktemp
++ tmp=/tmp/tmp.XzFq7peMLw
++ base64 -d
++ zcat
++ qemu-system-aarch64 -nodefaults -machine virt,accel=kvm,gic-version=host -cpu host -device virtio-serial-device -device virtconsole -display none -serial stdio -kernel /tmp/tmp.XzFq7peMLw -smp 4 -append '-p -n500000 CoWT1+dsb-tlbi-dsb-isb CoWT1+dsb-tlbi-dsb CoWT.inv+dsb CoWT.inv+dsb-isb'
P0			P1			P2			P3			

Test CoWT1+dsb-tlbi-dsb-isb:
 p0:x2=2  : 500000
Observation CoWT1+dsb-tlbi-dsb-isb.errata: 0 (of 500000)
P0			P1			P2			P3			

Test CoWT1+dsb-tlbi-dsb:
 p0:x2=2  : 500000
Observation CoWT1+dsb-tlbi-dsb.errata: 0 (of 500000)
P0			P1			P2			P3			

Test CoWT.inv+dsb:
 p0:x4=0  : 500000
Observation CoWT.inv+dsb.errata.errata: 0 (of 500000)
P0			P1			P2			P3			

Test CoWT.inv+dsb-isb:
 p0:x4=0  : 500000
Observation CoWT.inv+dsb-isb.errata: 0 (of 500000)
77/100
++ echo Starting bin/litmus.exe
Starting bin/litmus.exe
+++ mktemp
++ tmp=/tmp/tmp.kycdkv99RO
++ base64 -d
++ zcat
++ qemu-system-aarch64 -nodefaults -machine virt,accel=kvm,gic-version=host -cpu host -device virtio-serial-device -device virtconsole -display none -serial stdio -kernel /tmp/tmp.kycdkv99RO -smp 4 -append '-p -n500000 CoWT1+dsb-tlbi-dsb-isb CoWT1+dsb-tlbi-dsb CoWT.inv+dsb CoWT.inv+dsb-isb'
P0			P1			P2			P3			

Test CoWT1+dsb-tlbi-dsb-isb:
 p0:x2=2  : 500000
Observation CoWT1+dsb-tlbi-dsb-isb.errata: 0 (of 500000)
P0			P1			P2			P3			

Test CoWT1+dsb-tlbi-dsb:
 p0:x2=2  : 500000
Observation CoWT1+dsb-tlbi-dsb.errata: 0 (of 500000)
P0			P1			P2			P3			

Test CoWT.inv+dsb:
 p0:x4=0  : 500000
Observation CoWT.inv+dsb.errata.errata: 0 (of 500000)
P0			P1			P2			P3			

Test CoWT.inv+dsb-isb:
 p0:x4=0  : 500000
Observation CoWT.inv+dsb-isb.errata: 0 (of 500000)
78/100
++ echo Starting bin/litmus.exe
Starting bin/litmus.exe
+++ mktemp
++ tmp=/tmp/tmp.0COYG7OwZv
++ base64 -d
++ zcat
++ qemu-system-aarch64 -nodefaults -machine virt,accel=kvm,gic-version=host -cpu host -device virtio-serial-device -device virtconsole -display none -serial stdio -kernel /tmp/tmp.0COYG7OwZv -smp 4 -append '-p -n500000 CoWT1+dsb-tlbi-dsb-isb CoWT1+dsb-tlbi-dsb CoWT.inv+dsb CoWT.inv+dsb-isb'
P0			P1			P2			P3			

Test CoWT1+dsb-tlbi-dsb-isb:
 p0:x2=2  : 500000
Observation CoWT1+dsb-tlbi-dsb-isb.errata: 0 (of 500000)
P0			P1			P2			P3			

Test CoWT1+dsb-tlbi-dsb:
 p0:x2=2  : 500000
Observation CoWT1+dsb-tlbi-dsb.errata: 0 (of 500000)
P0			P1			P2			P3			

Test CoWT.inv+dsb:
 p0:x4=0  : 500000
Observation CoWT.inv+dsb.errata.errata: 0 (of 500000)
P0			P1			P2			P3			

Test CoWT.inv+dsb-isb:
 p0:x4=0  : 500000
Observation CoWT.inv+dsb-isb.errata: 0 (of 500000)
79/100
++ echo Starting bin/litmus.exe
Starting bin/litmus.exe
+++ mktemp
++ tmp=/tmp/tmp.qpdQGnuPZQ
++ base64 -d
++ zcat
++ qemu-system-aarch64 -nodefaults -machine virt,accel=kvm,gic-version=host -cpu host -device virtio-serial-device -device virtconsole -display none -serial stdio -kernel /tmp/tmp.qpdQGnuPZQ -smp 4 -append '-p -n500000 CoWT1+dsb-tlbi-dsb-isb CoWT1+dsb-tlbi-dsb CoWT.inv+dsb CoWT.inv+dsb-isb'
P0			P1			P2			P3			

Test CoWT1+dsb-tlbi-dsb-isb:
 p0:x2=2  : 500000
Observation CoWT1+dsb-tlbi-dsb-isb.errata: 0 (of 500000)
P0			P1			P2			P3			

Test CoWT1+dsb-tlbi-dsb:
 p0:x2=2  : 500000
Observation CoWT1+dsb-tlbi-dsb.errata: 0 (of 500000)
P0			P1			P2			P3			

Test CoWT.inv+dsb:
 p0:x4=0  : 500000
Observation CoWT.inv+dsb.errata.errata: 0 (of 500000)
P0			P1			P2			P3			

Test CoWT.inv+dsb-isb:
 p0:x4=0  : 500000
Observation CoWT.inv+dsb-isb.errata: 0 (of 500000)
80/100
++ echo Starting bin/litmus.exe
Starting bin/litmus.exe
+++ mktemp
++ tmp=/tmp/tmp.JsCnLoqDNs
++ base64 -d
++ zcat
++ qemu-system-aarch64 -nodefaults -machine virt,accel=kvm,gic-version=host -cpu host -device virtio-serial-device -device virtconsole -display none -serial stdio -kernel /tmp/tmp.JsCnLoqDNs -smp 4 -append '-p -n500000 CoWT1+dsb-tlbi-dsb-isb CoWT1+dsb-tlbi-dsb CoWT.inv+dsb CoWT.inv+dsb-isb'
P0			P1			P2			P3			

Test CoWT1+dsb-tlbi-dsb-isb:
 p0:x2=2  : 500000
Observation CoWT1+dsb-tlbi-dsb-isb.errata: 0 (of 500000)
P0			P1			P2			P3			

Test CoWT1+dsb-tlbi-dsb:
 p0:x2=2  : 500000
Observation CoWT1+dsb-tlbi-dsb.errata: 0 (of 500000)
P0			P1			P2			P3			

Test CoWT.inv+dsb:
 p0:x4=0  : 500000
Observation CoWT.inv+dsb.errata.errata: 0 (of 500000)
P0			P1			P2			P3			

Test CoWT.inv+dsb-isb:
 p0:x4=0  : 500000
Observation CoWT.inv+dsb-isb.errata: 0 (of 500000)
81/100
++ echo Starting bin/litmus.exe
Starting bin/litmus.exe
+++ mktemp
++ tmp=/tmp/tmp.iZSFW0GqLG
++ base64 -d
++ zcat
++ qemu-system-aarch64 -nodefaults -machine virt,accel=kvm,gic-version=host -cpu host -device virtio-serial-device -device virtconsole -display none -serial stdio -kernel /tmp/tmp.iZSFW0GqLG -smp 4 -append '-p -n500000 CoWT1+dsb-tlbi-dsb-isb CoWT1+dsb-tlbi-dsb CoWT.inv+dsb CoWT.inv+dsb-isb'
P0			P1			P2			P3			

Test CoWT1+dsb-tlbi-dsb-isb:
 p0:x2=2  : 500000
Observation CoWT1+dsb-tlbi-dsb-isb.errata: 0 (of 500000)
P0			P1			P2			P3			

Test CoWT1+dsb-tlbi-dsb:
 p0:x2=2  : 500000
Observation CoWT1+dsb-tlbi-dsb.errata: 0 (of 500000)
P0			P1			P2			P3			

Test CoWT.inv+dsb:
 p0:x4=0  : 500000
Observation CoWT.inv+dsb.errata.errata: 0 (of 500000)
P0			P1			P2			P3			

Test CoWT.inv+dsb-isb:
 p0:x4=0  : 500000
Observation CoWT.inv+dsb-isb.errata: 0 (of 500000)
82/100
++ echo Starting bin/litmus.exe
Starting bin/litmus.exe
+++ mktemp
++ tmp=/tmp/tmp.dfTAtcCizO
++ base64 -d
++ zcat
++ qemu-system-aarch64 -nodefaults -machine virt,accel=kvm,gic-version=host -cpu host -device virtio-serial-device -device virtconsole -display none -serial stdio -kernel /tmp/tmp.dfTAtcCizO -smp 4 -append '-p -n500000 CoWT1+dsb-tlbi-dsb-isb CoWT1+dsb-tlbi-dsb CoWT.inv+dsb CoWT.inv+dsb-isb'
P0			P1			P2			P3			

Test CoWT1+dsb-tlbi-dsb-isb:
 p0:x2=2  : 500000
Observation CoWT1+dsb-tlbi-dsb-isb.errata: 0 (of 500000)
P0			P1			P2			P3			

Test CoWT1+dsb-tlbi-dsb:
 p0:x2=2  : 500000
Observation CoWT1+dsb-tlbi-dsb.errata: 0 (of 500000)
P0			P1			P2			P3			

Test CoWT.inv+dsb:
 p0:x4=0  : 500000
Observation CoWT.inv+dsb.errata.errata: 0 (of 500000)
P0			P1			P2			P3			

Test CoWT.inv+dsb-isb:
 p0:x4=0  : 500000
Observation CoWT.inv+dsb-isb.errata: 0 (of 500000)
83/100
++ echo Starting bin/litmus.exe
Starting bin/litmus.exe
+++ mktemp
++ tmp=/tmp/tmp.auhZgCksnp
++ base64 -d
++ zcat
++ qemu-system-aarch64 -nodefaults -machine virt,accel=kvm,gic-version=host -cpu host -device virtio-serial-device -device virtconsole -display none -serial stdio -kernel /tmp/tmp.auhZgCksnp -smp 4 -append '-p -n500000 CoWT1+dsb-tlbi-dsb-isb CoWT1+dsb-tlbi-dsb CoWT.inv+dsb CoWT.inv+dsb-isb'
P0			P1			P2			P3			

Test CoWT1+dsb-tlbi-dsb-isb:
 p0:x2=2  : 500000
Observation CoWT1+dsb-tlbi-dsb-isb.errata: 0 (of 500000)
P0			P1			P2			P3			
