Starting bin/litmus.exe
P0			P1			P2			P3			

Test SB+pos:
 p0:x2=1  p1:x2=0  : 172602
 p0:x2=0  p1:x2=0  : 95139 *
 p0:x2=0  p1:x2=1  : 170202
 p0:x2=1  p1:x2=1  : 62057
Observation SB+pos: 95139 (of 500000)
P0			P1			P2			P3			

Test SB+dmbs:
 p0:x2=1  p1:x2=0  : 199418
 p0:x2=1  p1:x2=1  : 115729
 p0:x2=0  p1:x2=1  : 184853
Observation SB+dmbs: 0 (of 500000)
P0			P1			P2			P3			

Test MP+dmbs:
 p1:x0=0  p1:x2=1  : 200819
 p1:x0=0  p1:x2=0  : 189812
 p1:x0=1  p1:x2=1  : 109369
Observation MP+dmbs: 0 (of 500000)
P0			P1			P2			P3			

Test MP+pos:
 p1:x0=1  p1:x2=1  : 81208
 p1:x0=1  p1:x2=0  : 45729 *
 p1:x0=0  p1:x2=0  : 295793
 p1:x0=0  p1:x2=1  : 77270
Observation MP+pos: 45729 (of 500000)
P0			P1			P2			P3			

Test WRC.AT+ctrl+dsb:
 p1:x2=1  p2:x0=0  p2:x2=0  : 248561
 p1:x2=1  p2:x0=1  p2:x2=0  : 116464
 p1:x2=0  p2:x0=0  p2:x2=0  : 38267
 p1:x2=1  p2:x0=1  p2:x2=1  : 46317
 p1:x2=1  p2:x0=0  p2:x2=1  : 27293
 p1:x2=0  p2:x0=0  p2:x2=1  : 10193
 p1:x2=0  p2:x0=1  p2:x2=1  : 6737
 p1:x2=0  p2:x0=1  p2:x2=0  : 6168 *
Observation WRC.AT+ctrl+dsb: 6168 (of 500000)
P0			P1			P2			P3			

Test CoWT1+dsb-tlbi-dsb:
 p0:x2=2  : 500000
Observation CoWT1+dsb-tlbi-dsb: 0 (of 500000)
P0			P1			P2			P3			

Test CoWT+dsb-svc-tlbi-dsb:
 p0:x2=2  : 500000
Observation CoWT+dsb-svc-tlbi-dsb: 0 (of 500000)
P0			P1			P2			P3			

Test MP.RT+svc-dsb-tlbiis-dsb+dsb-isb:
 p1:x0=0  p1:x2=0  : 358088
 p1:x0=0  p1:x2=1  : 138262
 p1:x0=1  p1:x2=1  : 3650
Observation MP.RT+svc-dsb-tlbiis-dsb+dsb-isb: 0 (of 500000)
P0			P1			P2			P3			

Test MP.RT1+dsb-tlbiis-dsb+dsb-isb:
 p1:x0=0  p1:x2=0  : 409091
 p1:x0=0  p1:x2=1  : 86585
 p1:x0=1  p1:x2=1  : 4324
Observation MP.RT1+dsb-tlbiis-dsb+dsb-isb: 0 (of 500000)
P0			P1			P2			P3			

Test CoWT.inv+dsb:
 p0:x4=0  : 500000
Observation CoWT.inv+dsb: 0 (of 500000)
P0			P1			P2			P3			

Test CoWT+dsb:
 p0:x2=2  : 137620
 p0:x2=1  : 362380 *
Observation CoWT+dsb: 362380 (of 500000)
P0			P1			P2			P3			

Test CoWT:
 p0:x2=2  : 130018
 p0:x2=1  : 369982 *
Observation CoWT: 369982 (of 500000)
P0			P1			P2			P3			

Test CoWT.inv:
 p0:x4=0  : 500000
Observation CoWT.inv: 0 (of 500000)
P0			P1			P2			P3			

Test CoWinvT:
 p0:x4=0  : 457008 *
 p0:x4=1  : 42992
Observation CoWinvT: 457008 (of 500000)
P0			P1			P2			P3			

Test CoWinvT1+dsb-tlbi-dsb:
 p0:x4=1  : 500000
Observation CoWinvT1+dsb-tlbi-dsb: 0 (of 500000)
P0			P1			P2			P3			

Test CoWT+dsb-isb:
 p0:x2=2  : 138883
 p0:x2=1  : 361117 *
Observation CoWT+dsb-isb: 361117 (of 500000)
P0			P1			P2			P3			

Test CoTR:
 p1:x0=0  p1:x2=1  : 27336
 p1:x0=0  p1:x2=0  : 339241
 p1:x0=1  p1:x2=1  : 14956
 p1:x0=1  p1:x2=0  : 118467 *
Observation CoTR: 118467 (of 500000)
P0			P1			P2			P3			

Test CoTR.inv:
 p1:x0=1  p1:x2=0  : 114074 *
 p1:x0=1  p1:x2=1  : 354466
 p1:x0=0  p1:x2=1  : 27788
 p1:x0=0  p1:x2=0  : 3672
Observation CoTR.inv: 114074 (of 500000)
P0			P1			P2			P3			

Test CoTR.inv+dsb-isb:
 p1:x0=1  p1:x2=1  : 496426
 p1:x0=0  p1:x2=1  : 566
 p1:x0=0  p1:x2=0  : 3008
Observation CoTR.inv+dsb-isb: 0 (of 500000)
P0			P1			P2			P3			

Test CoTR+addr:
 p1:x0=0  p1:x2=0  : 290644
 p1:x0=1  p1:x2=1  : 133351
 p1:x0=0  p1:x2=1  : 76005
Observation CoTR+addr: 0 (of 500000)
P0			P1			P2			P3			

Test CoTR+dmb:
 p1:x0=1  p1:x2=0  : 1 *
 p1:x0=0  p1:x2=0  : 88124
 p1:x0=0  p1:x2=1  : 288998
 p1:x0=1  p1:x2=1  : 122877
Observation CoTR+dmb: 1 (of 500000)
P0			P1			P2			P3			

Test CoTR+dsb:
 p1:x0=0  p1:x2=0  : 55936
 p1:x0=1  p1:x2=1  : 150475
 p1:x0=0  p1:x2=1  : 293589
Observation CoTR+dsb: 0 (of 500000)
P0			P1			P2			P3			

Test CoTR+dsb-isb:
 p1:x0=1  p1:x2=0  : 1 *
 p1:x0=0  p1:x2=0  : 245138
 p1:x0=1  p1:x2=1  : 129278
 p1:x0=0  p1:x2=1  : 125583
Observation CoTR+dsb-isb: 1 (of 500000)
P0			P1			P2			P3			

Test CoTR1.tlbi+dsb-isb:
 p1:x0=1  p1:x2=0  : 1 *
 p1:x0=0  p1:x2=0  : 3202
 p1:x0=1  p1:x2=1  : 496697
 p1:x0=0  p1:x2=1  : 100
Observation CoTR1.tlbi+dsb-isb: 1 (of 500000)
P0			P1			P2			P3			

Test MP.RT+svc-dsb-tlbi-dsb+dsb-isb:
 p1:x0=0  p1:x2=1  : 130658
 p1:x0=0  p1:x2=0  : 364968
 p1:x0=1  p1:x2=1  : 4374
Observation MP.RT+svc-dsb-tlbi-dsb+dsb-isb: 0 (of 500000)
P0			P1			P2			P3			

Test MP.RT1+dsb-tlbi-dsb+dsb-isb:
 p1:x0=0  p1:x2=0  : 398286
 p1:x0=0  p1:x2=1  : 98208
 p1:x0=1  p1:x2=1  : 3506
Observation MP.RT1+dsb-tlbi-dsb+dsb-isb: 0 (of 500000)
P0			P1			P2			P3			

Test MP+dmb+eret:
 p1:x0=1  p1:x2=1  : 165184
 p1:x0=0  p1:x2=0  : 215988
 p1:x0=0  p1:x2=1  : 118828
Observation MP+dmb+eret: 0 (of 500000)
P0			P1			P2			P3			

Test MP+dmb+svc:
 p1:x0=0  p1:x2=1  : 242116
 p1:x0=0  p1:x2=0  : 220331
 p1:x0=1  p1:x2=1  : 37553
Observation MP+dmb+svc: 0 (of 500000)
P0			P1			P2			P3			

Test MP.RT.inv+dmb+addr:
 p1:x0=0  p1:x2=0  : 257948
 p1:x0=1  p1:x2=0  : 43051
 p1:x0=0  p1:x2=1  : 199001
Observation MP.RT.inv+dmb+addr: 0 (of 500000)
P0			P1			P2			P3			

Test WRC.TRR+addr+dmb:
 p1:x0=0  p2:x0=0  p2:x2=1  : 216736
 p1:x0=0  p2:x0=1  p2:x2=1  : 150511
 p1:x0=1  p2:x0=0  p2:x2=1  : 126701
 p1:x0=1  p2:x0=1  p2:x2=1  : 6052
Observation WRC.TRR+addr+dmb: 0 (of 500000)
P0			P1			P2			P3			

Test WRC.TRR.inv+addrs:
 p1:x0=1  p2:x0=0  p2:x2=1  : 166360
 p1:x0=0  p2:x0=1  p2:x2=1  : 56068
 p1:x0=1  p2:x0=1  p2:x2=1  : 28863
 p1:x0=0  p2:x0=0  p2:x2=1  : 248709
Observation WRC.TRR.inv+addrs: 0 (of 500000)
P0			P1			P2			P3			

Test WRC.TRT+addr+dmb:
 p1:x0=0  p2:x0=1  p2:x2=0  : 98182
 p1:x0=0  p2:x0=1  p2:x2=1  : 41211
 p1:x0=0  p2:x0=0  p2:x2=0  : 252989
 p1:x0=0  p2:x0=0  p2:x2=1  : 32351
 p1:x0=1  p2:x0=0  p2:x2=0  : 54293
 p1:x0=1  p2:x0=1  p2:x2=0  : 1219 *
 p1:x0=1  p2:x0=0  p2:x2=1  : 17861
 p1:x0=1  p2:x0=1  p2:x2=1  : 1894
Observation WRC.TRT+addr+dmb: 1219 (of 500000)
P0			P1			P2			P3			

Test WRC.TRT+dmbs:
 p1:x0=0  p2:x0=1  p2:x2=0  : 81302
 p1:x0=0  p2:x0=1  p2:x2=1  : 48236
 p1:x0=0  p2:x0=0  p2:x2=0  : 257854
 p1:x0=0  p2:x0=0  p2:x2=1  : 37257
 p1:x0=1  p2:x0=0  p2:x2=1  : 19351
 p1:x0=1  p2:x0=0  p2:x2=0  : 53538
 p1:x0=1  p2:x0=1  p2:x2=0  : 1262 *
 p1:x0=1  p2:x0=1  p2:x2=1  : 1200
Observation WRC.TRT+dmbs: 1262 (of 500000)
P0			P1			P2			P3			

Test WRC.TRT+dsb-isbs:
 p1:x0=0  p2:x0=1  p2:x2=0  : 58928
 p1:x0=0  p2:x0=0  p2:x2=0  : 204699
 p1:x0=1  p2:x0=0  p2:x2=0  : 90006
 p1:x0=0  p2:x0=0  p2:x2=1  : 59407
 p1:x0=0  p2:x0=1  p2:x2=1  : 45384
 p1:x0=1  p2:x0=0  p2:x2=1  : 37665
 p1:x0=1  p2:x0=1  p2:x2=1  : 2013
 p1:x0=1  p2:x0=1  p2:x2=0  : 1898 *
Observation WRC.TRT+dsb-isbs: 1898 (of 500000)
P0			P1			P2			P3			

Test WRC.TRT.inv+dsb-isbs:
 p1:x0=0  p2:x0=0  p2:x2=0  : 195031
 p1:x0=1  p2:x0=0  p2:x2=0  : 124184
 p1:x0=0  p2:x0=0  p2:x2=1  : 9341
 p1:x0=1  p2:x0=0  p2:x2=1  : 166320
 p1:x0=0  p2:x0=1  p2:x2=0  : 4166
 p1:x0=1  p2:x0=1  p2:x2=1  : 38
 p1:x0=1  p2:x0=1  p2:x2=0  : 920
Observation WRC.TRT.inv+dsb-isbs: 0 (of 500000)
P0			P1			P2			P3			

Test WRC.TRT1+dsb-tlbiis-dsb+dmb:
 p1:x0=1  p2:x0=0  p2:x2=1  : 27831
 p1:x0=0  p2:x0=0  p2:x2=0  : 292854
 p1:x0=0  p2:x0=0  p2:x2=1  : 103220
 p1:x0=1  p2:x0=0  p2:x2=0  : 71462
 p1:x0=0  p2:x0=1  p2:x2=1  : 3393
 p1:x0=1  p2:x0=1  p2:x2=1  : 1202
 p1:x0=0  p2:x0=1  p2:x2=0  : 38
Observation WRC.TRT1+dsb-tlbiis-dsb+dmb: 0 (of 500000)
P0			P1			P2			P3			

Test WRC.TRT.inv+po+dmb:
 p1:x0=1  p2:x0=0  p2:x2=0  : 118799
 p1:x0=0  p2:x0=0  p2:x2=0  : 191206
 p1:x0=1  p2:x0=0  p2:x2=1  : 175911
 p1:x0=0  p2:x0=0  p2:x2=1  : 2725
 p1:x0=0  p2:x0=1  p2:x2=0  : 10049
 p1:x0=1  p2:x0=1  p2:x2=0  : 1214
 p1:x0=1  p2:x0=1  p2:x2=1  : 96
Observation WRC.TRT.inv+po+dmb: 0 (of 500000)
P0			P1			P2			P3			

Test WRC.TRT.inv+po+addr:
 p1:x0=0  p2:x0=0  p2:x2=0  : 478997
 p1:x0=0  p2:x0=1  p2:x2=0  : 10628
 p1:x0=1  p2:x0=0  p2:x2=1  : 6146
 p1:x0=1  p2:x0=0  p2:x2=0  : 2758
 p1:x0=1  p2:x0=1  p2:x2=0  : 711
 p1:x0=1  p2:x0=1  p2:x2=1  : 83
 p1:x0=0  p2:x0=0  p2:x2=1  : 677
Observation WRC.TRT.inv+po+addr: 0 (of 500000)
P0			P1			P2			P3			

Test ISA2.TRR+dmb+po+dmb:
 p1:x0=0  p2:x0=0  p2:x2=0  : 227030
 p1:x0=0  p2:x0=1  p2:x2=1  : 118524
 p1:x0=0  p2:x0=0  p2:x2=1  : 116820
 p1:x0=0  p2:x0=1  p2:x2=0  : 37626
Observation ISA2.TRR+dmb+po+dmb: 0 (of 500000)
[run took 9658 seconds]
[avg 4829 seconds]
Starting bin/litmus.exe
P0			P1			P2			P3			

Test SB+pos:
 p0:x2=1  p1:x2=0  : 169854
 p0:x2=0  p1:x2=1  : 170030
 p0:x2=0  p1:x2=0  : 95010 *
 p0:x2=1  p1:x2=1  : 65106
Observation SB+pos: 95010 (of 500000)
P0			P1			P2			P3			

Test SB+dmbs:
 p0:x2=1  p1:x2=0  : 200805
 p0:x2=0  p1:x2=1  : 186342
 p0:x2=1  p1:x2=1  : 112853
Observation SB+dmbs: 0 (of 500000)
P0			P1			P2			P3			

Test MP+dmbs:
 p1:x0=0  p1:x2=1  : 137601
 p1:x0=1  p1:x2=1  : 95423
 p1:x0=0  p1:x2=0  : 266976
Observation MP+dmbs: 0 (of 500000)
P0			P1			P2			P3			

Test MP+pos:
 p1:x0=0  p1:x2=0  : 289290
 p1:x0=0  p1:x2=1  : 76716
 p1:x0=1  p1:x2=0  : 47892 *
 p1:x0=1  p1:x2=1  : 86102
Observation MP+pos: 47892 (of 500000)
P0			P1			P2			P3			

Test WRC.AT+ctrl+dsb:
 p1:x2=1  p2:x0=0  p2:x2=0  : 254091
 p1:x2=1  p2:x0=0  p2:x2=1  : 24215
 p1:x2=1  p2:x0=1  p2:x2=1  : 36060
 p1:x2=1  p2:x0=1  p2:x2=0  : 119092
 p1:x2=0  p2:x0=1  p2:x2=1  : 7551
 p1:x2=0  p2:x0=0  p2:x2=0  : 41997
 p1:x2=0  p2:x0=1  p2:x2=0  : 6566 *
 p1:x2=0  p2:x0=0  p2:x2=1  : 10428
Observation WRC.AT+ctrl+dsb: 6566 (of 500000)
P0			P1			P2			P3			

Test CoWT1+dsb-tlbi-dsb:
 p0:x2=2  : 500000
Observation CoWT1+dsb-tlbi-dsb: 0 (of 500000)
P0			P1			P2			P3			

Test CoWT+dsb-svc-tlbi-dsb:
 p0:x2=2  : 500000
Observation CoWT+dsb-svc-tlbi-dsb: 0 (of 500000)
P0			P1			P2			P3			

Test MP.RT+svc-dsb-tlbiis-dsb+dsb-isb:
 p1:x0=0  p1:x2=1  : 209210
 p1:x0=0  p1:x2=0  : 287606
 p1:x0=1  p1:x2=1  : 3184
Observation MP.RT+svc-dsb-tlbiis-dsb+dsb-isb: 0 (of 500000)
P0			P1			P2			P3			

Test MP.RT1+dsb-tlbiis-dsb+dsb-isb:
 p1:x0=0  p1:x2=0  : 398527
 p1:x0=0  p1:x2=1  : 97013
 p1:x0=1  p1:x2=1  : 4460
Observation MP.RT1+dsb-tlbiis-dsb+dsb-isb: 0 (of 500000)
P0			P1			P2			P3			

Test CoWT.inv+dsb:
 p0:x4=0  : 500000
Observation CoWT.inv+dsb: 0 (of 500000)
P0			P1			P2			P3			

Test CoWT+dsb:
 p0:x2=2  : 249656
 p0:x2=1  : 250344 *
Observation CoWT+dsb: 250344 (of 500000)
P0			P1			P2			P3			

Test CoWT:
 p0:x2=2  : 249423
 p0:x2=1  : 250577 *
Observation CoWT: 250577 (of 500000)
P0			P1			P2			P3			

Test CoWT.inv:
 p0:x4=0  : 499999
 p0:x4=1  : 1 *
Observation CoWT.inv: 1 (of 500000)
P0			P1			P2			P3			

Test CoWinvT:
 p0:x4=0  : 428371 *
 p0:x4=1  : 71629
Observation CoWinvT: 428371 (of 500000)
P0			P1			P2			P3			

Test CoWinvT1+dsb-tlbi-dsb:
 p0:x4=1  : 500000
Observation CoWinvT1+dsb-tlbi-dsb: 0 (of 500000)
P0			P1			P2			P3			

Test CoWT+dsb-isb:
 p0:x2=2  : 249732
 p0:x2=1  : 250268 *
Observation CoWT+dsb-isb: 250268 (of 500000)
P0			P1			P2			P3			

Test CoTR:
 p1:x0=0  p1:x2=0  : 243782
 p1:x0=0  p1:x2=1  : 17475
 p1:x0=1  p1:x2=0  : 215932 *
 p1:x0=1  p1:x2=1  : 22811
Observation CoTR: 215932 (of 500000)
P0			P1			P2			P3			

Test CoTR.inv:
 p1:x0=0  p1:x2=1  : 26005
 p1:x0=1  p1:x2=1  : 344339
 p1:x0=1  p1:x2=0  : 125634 *
 p1:x0=0  p1:x2=0  : 4022
Observation CoTR.inv: 125634 (of 500000)
P0			P1			P2			P3			

Test CoTR.inv+dsb-isb:
 p1:x0=1  p1:x2=1  : 493916
 p1:x0=0  p1:x2=0  : 3147
 p1:x0=0  p1:x2=1  : 2937
Observation CoTR.inv+dsb-isb: 0 (of 500000)
P0			P1			P2			P3			

Test CoTR+addr:
 p1:x0=0  p1:x2=1  : 122572
 p1:x0=0  p1:x2=0  : 294686
 p1:x0=1  p1:x2=1  : 82742
Observation CoTR+addr: 0 (of 500000)
P0			P1			P2			P3			

Test CoTR+dmb:
 p1:x0=0  p1:x2=0  : 84538
 p1:x0=0  p1:x2=1  : 314946
 p1:x0=1  p1:x2=1  : 100516
Observation CoTR+dmb: 0 (of 500000)
P0			P1			P2			P3			

Test CoTR+dsb:
 p1:x0=0  p1:x2=0  : 60568
 p1:x0=1  p1:x2=0  : 1 *
 p1:x0=1  p1:x2=1  : 131118
 p1:x0=0  p1:x2=1  : 308313
Observation CoTR+dsb: 1 (of 500000)
P0			P1			P2			P3			

Test CoTR+dsb-isb:
 p1:x0=1  p1:x2=1  : 82605
 p1:x0=0  p1:x2=0  : 238384
 p1:x0=0  p1:x2=1  : 179011
Observation CoTR+dsb-isb: 0 (of 500000)
P0			P1			P2			P3			

Test CoTR1.tlbi+dsb-isb:
 p1:x0=1  p1:x2=1  : 493658
 p1:x0=0  p1:x2=0  : 6201
 p1:x0=0  p1:x2=1  : 141
Observation CoTR1.tlbi+dsb-isb: 0 (of 500000)
P0			P1			P2			P3			

Test MP.RT+svc-dsb-tlbi-dsb+dsb-isb:
 p1:x0=0  p1:x2=1  : 121222
 p1:x0=0  p1:x2=0  : 374984
 p1:x0=1  p1:x2=1  : 3794
Observation MP.RT+svc-dsb-tlbi-dsb+dsb-isb: 0 (of 500000)
P0			P1			P2			P3			

Test MP.RT1+dsb-tlbi-dsb+dsb-isb:
 p1:x0=0  p1:x2=0  : 413313
 p1:x0=0  p1:x2=1  : 81732
 p1:x0=1  p1:x2=1  : 4955
Observation MP.RT1+dsb-tlbi-dsb+dsb-isb: 0 (of 500000)
P0			P1			P2			P3			

Test MP+dmb+eret:
 p1:x0=0  p1:x2=0  : 190545
 p1:x0=1  p1:x2=1  : 182263
 p1:x0=0  p1:x2=1  : 127192
Observation MP+dmb+eret: 0 (of 500000)
P0			P1			P2			P3			

Test MP+dmb+svc:
 p1:x0=0  p1:x2=1  : 250727
 p1:x0=0  p1:x2=0  : 206009
 p1:x0=1  p1:x2=1  : 43264
Observation MP+dmb+svc: 0 (of 500000)
P0			P1			P2			P3			

Test MP.RT.inv+dmb+addr:
 p1:x0=0  p1:x2=0  : 248734
 p1:x0=1  p1:x2=0  : 58320
 p1:x0=0  p1:x2=1  : 192946
Observation MP.RT.inv+dmb+addr: 0 (of 500000)
P0			P1			P2			P3			

Test WRC.TRR+addr+dmb:
 p1:x0=0  p2:x0=0  p2:x2=1  : 238246
 p1:x0=0  p2:x0=1  p2:x2=1  : 145070
 p1:x0=1  p2:x0=0  p2:x2=1  : 109421
 p1:x0=1  p2:x0=1  p2:x2=1  : 7263
Observation WRC.TRR+addr+dmb: 0 (of 500000)
P0			P1			P2			P3			

Test WRC.TRR.inv+addrs:
 p1:x0=0  p2:x0=1  p2:x2=1  : 70642
 p1:x0=1  p2:x0=1  p2:x2=1  : 18720
 p1:x0=0  p2:x0=0  p2:x2=1  : 290677
 p1:x0=1  p2:x0=0  p2:x2=1  : 119961
Observation WRC.TRR.inv+addrs: 0 (of 500000)
P0			P1			P2			P3			

Test WRC.TRT+addr+dmb:
 p1:x0=0  p2:x0=1  p2:x2=0  : 99908
 p1:x0=0  p2:x0=1  p2:x2=1  : 41104
 p1:x0=0  p2:x0=0  p2:x2=0  : 248533
 p1:x0=0  p2:x0=0  p2:x2=1  : 30832
 p1:x0=1  p2:x0=0  p2:x2=0  : 56974
 p1:x0=1  p2:x0=0  p2:x2=1  : 17650
 p1:x0=1  p2:x0=1  p2:x2=1  : 2597
 p1:x0=1  p2:x0=1  p2:x2=0  : 2402 *
Observation WRC.TRT+addr+dmb: 2402 (of 500000)
P0			P1			P2			P3			

Test WRC.TRT+dmbs:
 p1:x0=0  p2:x0=0  p2:x2=0  : 259864
 p1:x0=0  p2:x0=1  p2:x2=0  : 83535
 p1:x0=1  p2:x0=0  p2:x2=0  : 53931
 p1:x0=0  p2:x0=0  p2:x2=1  : 33581
 p1:x0=1  p2:x0=1  p2:x2=0  : 2163 *
 p1:x0=1  p2:x0=0  p2:x2=1  : 17661
 p1:x0=0  p2:x0=1  p2:x2=1  : 47136
 p1:x0=1  p2:x0=1  p2:x2=1  : 2129
Observation WRC.TRT+dmbs: 2163 (of 500000)
P0			P1			P2			P3			

Test WRC.TRT+dsb-isbs:
 p1:x0=1  p2:x0=1  p2:x2=1  : 2552
 p1:x0=0  p2:x0=1  p2:x2=0  : 57607
 p1:x0=0  p2:x0=0  p2:x2=0  : 218887
 p1:x0=1  p2:x0=1  p2:x2=0  : 2453 *
 p1:x0=0  p2:x0=1  p2:x2=1  : 45271
 p1:x0=1  p2:x0=0  p2:x2=0  : 87106
 p1:x0=0  p2:x0=0  p2:x2=1  : 53324
 p1:x0=1  p2:x0=0  p2:x2=1  : 32800
Observation WRC.TRT+dsb-isbs: 2453 (of 500000)
P0			P1			P2			P3			

Test WRC.TRT.inv+dsb-isbs:
 p1:x0=0  p2:x0=0  p2:x2=0  : 163888
 p1:x0=1  p2:x0=0  p2:x2=0  : 178969
 p1:x0=1  p2:x0=1  p2:x2=0  : 1138
 p1:x0=1  p2:x0=0  p2:x2=1  : 143169
 p1:x0=0  p2:x0=0  p2:x2=1  : 9652
 p1:x0=0  p2:x0=1  p2:x2=0  : 3147
 p1:x0=1  p2:x0=1  p2:x2=1  : 37
Observation WRC.TRT.inv+dsb-isbs: 0 (of 500000)
P0			P1			P2			P3			

Test WRC.TRT1+dsb-tlbiis-dsb+dmb:
 p1:x0=1  p2:x0=0  p2:x2=1  : 24250
 p1:x0=0  p2:x0=0  p2:x2=0  : 303119
 p1:x0=0  p2:x0=0  p2:x2=1  : 93781
 p1:x0=1  p2:x0=0  p2:x2=0  : 72075
 p1:x0=1  p2:x0=1  p2:x2=1  : 1874
 p1:x0=0  p2:x0=1  p2:x2=1  : 4861
 p1:x0=0  p2:x0=1  p2:x2=0  : 40
Observation WRC.TRT1+dsb-tlbiis-dsb+dmb: 0 (of 500000)
P0			P1			P2			P3			

Test WRC.TRT.inv+po+dmb:
 p1:x0=1  p2:x0=0  p2:x2=0  : 137676
 p1:x0=0  p2:x0=0  p2:x2=0  : 146125
 p1:x0=0  p2:x0=1  p2:x2=0  : 9685
 p1:x0=1  p2:x0=0  p2:x2=1  : 194266
 p1:x0=0  p2:x0=0  p2:x2=1  : 10724
 p1:x0=1  p2:x0=1  p2:x2=0  : 1436
 p1:x0=1  p2:x0=1  p2:x2=1  : 88
Observation WRC.TRT.inv+po+dmb: 0 (of 500000)
P0			P1			P2			P3			

Test WRC.TRT.inv+po+addr:
 p1:x0=0  p2:x0=0  p2:x2=0  : 413553
 p1:x0=1  p2:x0=0  p2:x2=0  : 58696
 p1:x0=0  p2:x0=0  p2:x2=1  : 3678
 p1:x0=0  p2:x0=1  p2:x2=0  : 13801
 p1:x0=1  p2:x0=1  p2:x2=0  : 943
 p1:x0=1  p2:x0=0  p2:x2=1  : 9264
 p1:x0=1  p2:x0=1  p2:x2=1  : 65
Observation WRC.TRT.inv+po+addr: 0 (of 500000)
P0			P1			P2			P3			

Test ISA2.TRR+dmb+po+dmb:
 p1:x0=0  p2:x0=0  p2:x2=0  : 236386
 p1:x0=0  p2:x0=0  p2:x2=1  : 106270
 p1:x0=0  p2:x0=1  p2:x2=0  : 35603
 p1:x0=0  p2:x0=1  p2:x2=1  : 121741
Observation ISA2.TRR+dmb+po+dmb: 0 (of 500000)
[run took 9834 seconds]
[avg 7331 seconds]
Starting bin/litmus.exe
P0			P1			P2			P3			

Test SB+pos:
 p0:x2=0  p1:x2=1  : 169787
 p0:x2=0  p1:x2=0  : 96498 *
 p0:x2=1  p1:x2=1  : 60855
 p0:x2=1  p1:x2=0  : 172860
Observation SB+pos: 96498 (of 500000)
P0			P1			P2			P3			

Test SB+dmbs:
 p0:x2=1  p1:x2=0  : 193065
 p0:x2=1  p1:x2=1  : 112784
 p0:x2=0  p1:x2=1  : 194151
Observation SB+dmbs: 0 (of 500000)
P0			P1			P2			P3			

Test MP+dmbs:
 p1:x0=0  p1:x2=0  : 244785
 p1:x0=0  p1:x2=1  : 146379
 p1:x0=1  p1:x2=1  : 108836
Observation MP+dmbs: 0 (of 500000)
P0			P1			P2			P3			

Test MP+pos:
 p1:x0=1  p1:x2=1  : 89248
 p1:x0=1  p1:x2=0  : 49086 *
 p1:x0=0  p1:x2=0  : 279771
 p1:x0=0  p1:x2=1  : 81895
Observation MP+pos: 49086 (of 500000)
P0			P1			P2			P3			

Test WRC.AT+ctrl+dsb:
 p1:x2=1  p2:x0=1  p2:x2=0  : 116405
 p1:x2=1  p2:x0=0  p2:x2=0  : 245812
 p1:x2=1  p2:x0=1  p2:x2=1  : 47217
 p1:x2=0  p2:x0=0  p2:x2=0  : 39473
 p1:x2=1  p2:x0=0  p2:x2=1  : 28051
 p1:x2=0  p2:x0=1  p2:x2=0  : 5924 *
 p1:x2=0  p2:x0=0  p2:x2=1  : 10334
 p1:x2=0  p2:x0=1  p2:x2=1  : 6784
Observation WRC.AT+ctrl+dsb: 5924 (of 500000)
P0			P1			P2			P3			

Test CoWT1+dsb-tlbi-dsb:
 p0:x2=2  : 500000
Observation CoWT1+dsb-tlbi-dsb: 0 (of 500000)
P0			P1			P2			P3			

Test CoWT+dsb-svc-tlbi-dsb:
 p0:x2=2  : 500000
Observation CoWT+dsb-svc-tlbi-dsb: 0 (of 500000)
P0			P1			P2			P3			

Test MP.RT+svc-dsb-tlbiis-dsb+dsb-isb:
 p1:x0=0  p1:x2=1  : 126498
 p1:x0=0  p1:x2=0  : 370721
 p1:x0=1  p1:x2=1  : 2781
Observation MP.RT+svc-dsb-tlbiis-dsb+dsb-isb: 0 (of 500000)
P0			P1			P2			P3			

Test MP.RT1+dsb-tlbiis-dsb+dsb-isb:
 p1:x0=0  p1:x2=0  : 403978
 p1:x0=0  p1:x2=1  : 90078
 p1:x0=1  p1:x2=1  : 5944
Observation MP.RT1+dsb-tlbiis-dsb+dsb-isb: 0 (of 500000)
P0			P1			P2			P3			

Test CoWT.inv+dsb:
 p0:x4=0  : 500000
Observation CoWT.inv+dsb: 0 (of 500000)
P0			P1			P2			P3			

Test CoWT+dsb:
 p0:x2=2  : 121966
 p0:x2=1  : 378034 *
Observation CoWT+dsb: 378034 (of 500000)
P0			P1			P2			P3			

Test CoWT:
 p0:x2=2  : 139530
 p0:x2=1  : 360470 *
Observation CoWT: 360470 (of 500000)
P0			P1			P2			P3			

Test CoWT.inv:
 p0:x4=0  : 500000
Observation CoWT.inv: 0 (of 500000)
P0			P1			P2			P3			

Test CoWinvT:
 p0:x4=0  : 456539 *
 p0:x4=1  : 43461
Observation CoWinvT: 456539 (of 500000)
P0			P1			P2			P3			

Test CoWinvT1+dsb-tlbi-dsb:
 p0:x4=1  : 500000
Observation CoWinvT1+dsb-tlbi-dsb: 0 (of 500000)
P0			P1			P2			P3			

Test CoWT+dsb-isb:
 p0:x2=2  : 138254
 p0:x2=1  : 361746 *
Observation CoWT+dsb-isb: 361746 (of 500000)
P0			P1			P2			P3			

Test CoTR:
 p1:x0=1  p1:x2=0  : 117962 *
 p1:x0=0  p1:x2=0  : 319880
 p1:x0=1  p1:x2=1  : 18433
 p1:x0=0  p1:x2=1  : 43725
Observation CoTR: 117962 (of 500000)
P0			P1			P2			P3			

Test CoTR.inv:
 p1:x0=1  p1:x2=0  : 135374 *
 p1:x0=1  p1:x2=1  : 338172
 p1:x0=0  p1:x2=1  : 22918
 p1:x0=0  p1:x2=0  : 3536
Observation CoTR.inv: 135374 (of 500000)
P0			P1			P2			P3			

Test CoTR.inv+dsb-isb:
 p1:x0=1  p1:x2=1  : 496116
 p1:x0=0  p1:x2=1  : 489
 p1:x0=0  p1:x2=0  : 3395
Observation CoTR.inv+dsb-isb: 0 (of 500000)
P0			P1			P2			P3			

Test CoTR+addr:
 p1:x0=0  p1:x2=0  : 280354
 p1:x0=1  p1:x2=1  : 143498
 p1:x0=0  p1:x2=1  : 76148
Observation CoTR+addr: 0 (of 500000)
P0			P1			P2			P3			

Test CoTR+dmb:
 p1:x0=1  p1:x2=0  : 1 *
 p1:x0=0  p1:x2=0  : 72098
 p1:x0=0  p1:x2=1  : 311266
 p1:x0=1  p1:x2=1  : 116635
Observation CoTR+dmb: 1 (of 500000)
P0			P1			P2			P3			

Test CoTR+dsb:
 p1:x0=0  p1:x2=0  : 70911
 p1:x0=0  p1:x2=1  : 288930
 p1:x0=1  p1:x2=1  : 140159
Observation CoTR+dsb: 0 (of 500000)
P0			P1			P2			P3			

Test CoTR+dsb-isb:
 p1:x0=1  p1:x2=1  : 131435
 p1:x0=0  p1:x2=0  : 233496
 p1:x0=0  p1:x2=1  : 135069
Observation CoTR+dsb-isb: 0 (of 500000)
P0			P1			P2			P3			

Test CoTR1.tlbi+dsb-isb:
 p1:x0=0  p1:x2=1  : 85
 p1:x0=0  p1:x2=0  : 2878
 p1:x0=1  p1:x2=1  : 497037
Observation CoTR1.tlbi+dsb-isb: 0 (of 500000)
P0			P1			P2			P3			

Test MP.RT+svc-dsb-tlbi-dsb+dsb-isb:
 p1:x0=0  p1:x2=0  : 359026
 p1:x0=0  p1:x2=1  : 138057
 p1:x0=1  p1:x2=1  : 2917
Observation MP.RT+svc-dsb-tlbi-dsb+dsb-isb: 0 (of 500000)
P0			P1			P2			P3			

Test MP.RT1+dsb-tlbi-dsb+dsb-isb:
 p1:x0=0  p1:x2=0  : 411452
 p1:x0=0  p1:x2=1  : 84442
 p1:x0=1  p1:x2=1  : 4106
Observation MP.RT1+dsb-tlbi-dsb+dsb-isb: 0 (of 500000)
P0			P1			P2			P3			

Test MP+dmb+eret:
 p1:x0=1  p1:x2=1  : 181250
 p1:x0=0  p1:x2=1  : 121548
 p1:x0=0  p1:x2=0  : 197202
Observation MP+dmb+eret: 0 (of 500000)
P0			P1			P2			P3			

Test MP+dmb+svc:
 p1:x0=0  p1:x2=1  : 241368
 p1:x0=0  p1:x2=0  : 222586
 p1:x0=1  p1:x2=1  : 36046
Observation MP+dmb+svc: 0 (of 500000)
P0			P1			P2			P3			

Test MP.RT.inv+dmb+addr:
 p1:x0=0  p1:x2=1  : 204248
 p1:x0=1  p1:x2=0  : 45874
 p1:x0=0  p1:x2=0  : 249878
Observation MP.RT.inv+dmb+addr: 0 (of 500000)
P0			P1			P2			P3			

Test WRC.TRR+addr+dmb:
 p1:x0=0  p2:x0=0  p2:x2=1  : 212815
 p1:x0=0  p2:x0=1  p2:x2=1  : 146737
 p1:x0=1  p2:x0=0  p2:x2=1  : 133850
 p1:x0=1  p2:x0=1  p2:x2=1  : 6598
Observation WRC.TRR+addr+dmb: 0 (of 500000)
P0			P1			P2			P3			

Test WRC.TRR.inv+addrs:
 p1:x0=0  p2:x0=0  p2:x2=1  : 266984
 p1:x0=0  p2:x0=1  p2:x2=1  : 62068
 p1:x0=1  p2:x0=1  p2:x2=1  : 26326
 p1:x0=1  p2:x0=0  p2:x2=1  : 144622
Observation WRC.TRR.inv+addrs: 0 (of 500000)
P0			P1			P2			P3			

Test WRC.TRT+addr+dmb:
 p1:x0=0  p2:x0=0  p2:x2=0  : 237847
 p1:x0=0  p2:x0=1  p2:x2=1  : 45321
 p1:x0=1  p2:x0=0  p2:x2=0  : 57129
 p1:x0=0  p2:x0=0  p2:x2=1  : 35190
 p1:x0=1  p2:x0=0  p2:x2=1  : 20377
 p1:x0=0  p2:x0=1  p2:x2=0  : 100119
 p1:x0=1  p2:x0=1  p2:x2=1  : 2468
 p1:x0=1  p2:x0=1  p2:x2=0  : 1549 *
Observation WRC.TRT+addr+dmb: 1549 (of 500000)
P0			P1			P2			P3			

Test WRC.TRT+dmbs:
 p1:x0=0  p2:x0=0  p2:x2=0  : 252564
 p1:x0=1  p2:x0=0  p2:x2=1  : 20343
 p1:x0=0  p2:x0=1  p2:x2=1  : 48092
 p1:x0=0  p2:x0=0  p2:x2=1  : 35749
 p1:x0=0  p2:x0=1  p2:x2=0  : 83627
 p1:x0=1  p2:x0=0  p2:x2=0  : 56518
 p1:x0=1  p2:x0=1  p2:x2=1  : 1528
 p1:x0=1  p2:x0=1  p2:x2=0  : 1579 *
Observation WRC.TRT+dmbs: 1579 (of 500000)
P0			P1			P2			P3			

Test WRC.TRT+dsb-isbs:
 p1:x0=0  p2:x0=0  p2:x2=0  : 191483
 p1:x0=1  p2:x0=0  p2:x2=0  : 89118
 p1:x0=0  p2:x0=1  p2:x2=0  : 65520
 p1:x0=0  p2:x0=1  p2:x2=1  : 55324
 p1:x0=0  p2:x0=0  p2:x2=1  : 53627
 p1:x0=1  p2:x0=0  p2:x2=1  : 34894
 p1:x0=1  p2:x0=1  p2:x2=0  : 3810 *
 p1:x0=1  p2:x0=1  p2:x2=1  : 6224
Observation WRC.TRT+dsb-isbs: 3810 (of 500000)
P0			P1			P2			P3			

Test WRC.TRT.inv+dsb-isbs:
 p1:x0=0  p2:x0=0  p2:x2=0  : 226686
 p1:x0=1  p2:x0=0  p2:x2=0  : 115369
 p1:x0=0  p2:x0=1  p2:x2=0  : 5302
 p1:x0=0  p2:x0=0  p2:x2=1  : 16920
 p1:x0=1  p2:x0=0  p2:x2=1  : 134801
 p1:x0=1  p2:x0=1  p2:x2=0  : 892
 p1:x0=1  p2:x0=1  p2:x2=1  : 30
Observation WRC.TRT.inv+dsb-isbs: 0 (of 500000)
P0			P1			P2			P3			

Test WRC.TRT1+dsb-tlbiis-dsb+dmb:
 p1:x0=0  p2:x0=0  p2:x2=0  : 299330
 p1:x0=1  p2:x0=0  p2:x2=0  : 69967
 p1:x0=0  p2:x0=0  p2:x2=1  : 101404
 p1:x0=1  p2:x0=0  p2:x2=1  : 24895
 p1:x0=1  p2:x0=1  p2:x2=1  : 1303
 p1:x0=0  p2:x0=1  p2:x2=1  : 3072
 p1:x0=0  p2:x0=1  p2:x2=0  : 29
Observation WRC.TRT1+dsb-tlbiis-dsb+dmb: 0 (of 500000)
P0			P1			P2			P3			

Test WRC.TRT.inv+po+dmb:
 p1:x0=0  p2:x0=0  p2:x2=0  : 189167
 p1:x0=1  p2:x0=0  p2:x2=1  : 149329
 p1:x0=1  p2:x0=0  p2:x2=0  : 139721
 p1:x0=0  p2:x0=1  p2:x2=0  : 15863
 p1:x0=1  p2:x0=1  p2:x2=0  : 1316
 p1:x0=0  p2:x0=0  p2:x2=1  : 4513
 p1:x0=1  p2:x0=1  p2:x2=1  : 91
Observation WRC.TRT.inv+po+dmb: 0 (of 500000)
P0			P1			P2			P3			

Test WRC.TRT.inv+po+addr:
 p1:x0=0  p2:x0=0  p2:x2=0  : 473463
 p1:x0=0  p2:x0=1  p2:x2=0  : 15155
 p1:x0=1  p2:x0=0  p2:x2=0  : 1989
 p1:x0=0  p2:x0=0  p2:x2=1  : 592
 p1:x0=1  p2:x0=1  p2:x2=0  : 577
 p1:x0=1  p2:x0=1  p2:x2=1  : 32
 p1:x0=1  p2:x0=0  p2:x2=1  : 8192
Observation WRC.TRT.inv+po+addr: 0 (of 500000)
P0			P1			P2			P3			

Test ISA2.TRR+dmb+po+dmb:
 p1:x0=0  p2:x0=0  p2:x2=1  : 121261
 p1:x0=0  p2:x0=0  p2:x2=0  : 217382
 p1:x0=0  p2:x0=1  p2:x2=1  : 124161
 p1:x0=0  p2:x0=1  p2:x2=0  : 37196
Observation ISA2.TRR+dmb+po+dmb: 0 (of 500000)
[run took 9354 seconds]
[avg 8342 seconds]
