+ echo Starting bin/kvm_litmus.exe
Starting bin/kvm_litmus.exe
++ mktemp
+ tmp=/tmp/tmp.awGtVvBbIw
+ base64 -d
+ zcat
+ qemu-system-aarch64 -nodefaults -machine virt,gic-version=host --enable-kvm -cpu host -device virtio-serial-device -device virtconsole -display none -serial stdio -kernel /tmp/tmp.awGtVvBbIw -smp 4 -append '@all -n500k --no-verbose'
qemu-system-aarch64: warning: ITS KVM: full reset is not supported by the host kernel
#seed: 11552390
#pgtable: 1
#timing: 0
#no_runs: 500000
#sync_type: all
#aff_type: rand
#shuffle_type: rand
! skipping "MP.times+pos":  requires --perf

Test check1:
 exc=0  : 500000
Observation check1: 0 (of 500000)

Test check2:
 exc=0  : 500000
Observation check2: 0 (of 500000)

Test check3:
 p1:x0=1  p1:x2=0  : 211586
 p1:x0=0  p1:x2=1  : 114115
 p1:x0=0  p1:x2=0  : 174299
Observation check3: 0 (of 500000)

Test check4:
 p0:x0=0  : 500000
Observation check4: 0 (of 500000)

Test check5:
 p0:x0=1  : 500000
Observation check5: 0 (of 500000)

Test check6:
 p0:x0=0  : 500000
Observation check6: 0 (of 500000)

Test LB+pos:
 p0:x2=1  p1:x2=0  : 223392
 p0:x2=0  p1:x2=1  : 97072
 p0:x2=0  p1:x2=0  : 179536
Observation LB+pos: 0 (of 500000)

Test MP+dmbs:
 p1:x0=0  p1:x2=0  : 211469
 p1:x0=1  p1:x2=1  : 123662
 p1:x0=0  p1:x2=1  : 164869
Observation MP+dmbs: 0 (of 500000)

Test MP+pos:
 p1:x0=0  p1:x2=0  : 224394
 p1:x0=1  p1:x2=0  : 57057 *
 p1:x0=1  p1:x2=1  : 119950
 p1:x0=0  p1:x2=1  : 98599
Observation MP+pos: 57057 (of 500000)

Test SB+dmbs:
 p0:x2=0  p1:x2=1  : 141448
 p0:x2=1  p1:x2=0  : 232070
 p0:x2=1  p1:x2=1  : 126482
Observation SB+dmbs: 0 (of 500000)

Test SB+pos:
 p0:x2=1  p1:x2=0  : 254457
 p0:x2=0  p1:x2=1  : 121726
 p0:x2=0  p1:x2=0  : 64615 *
 p0:x2=1  p1:x2=1  : 59202
Observation SB+pos: 64615 (of 500000)

Test WRC+addrs:
 p1:x0=0  p2:x0=0  p2:x2=0  : 126128
 p1:x0=1  p2:x0=0  p2:x2=0  : 36405
 p1:x0=1  p2:x0=1  p2:x2=1  : 12133
 p1:x0=1  p2:x0=0  p2:x2=1  : 92299
 p1:x0=0  p2:x0=0  p2:x2=1  : 69140
 p1:x0=0  p2:x0=1  p2:x2=1  : 159697
 p1:x0=0  p2:x0=1  p2:x2=0  : 4198
Observation WRC+addrs: 0 (of 500000)

Test WRC+pos:
 p1:x0=0  p2:x0=1  p2:x2=0  : 51544
 p1:x0=0  p2:x0=0  p2:x2=0  : 108350
 p1:x0=0  p2:x0=1  p2:x2=1  : 96621
 p1:x0=1  p2:x0=1  p2:x2=1  : 12819
 p1:x0=1  p2:x0=0  p2:x2=0  : 76071
 p1:x0=0  p2:x0=0  p2:x2=1  : 46319
 p1:x0=1  p2:x0=0  p2:x2=1  : 108069
 p1:x0=1  p2:x0=1  p2:x2=0  : 207 *
Observation WRC+pos: 207 (of 500000)

Test LB+R-svc-W+R-svc-W:
 p0:x0=1  p1:x0=0  : 77193
 p0:x0=0  p1:x0=1  : 67153
 p0:x0=0  p1:x0=0  : 355654
Observation LB+R-svc-W+R-svc-W: 0 (of 500000)

Test MP+W-svc-W+addr:
 p1:x0=0  p1:x2=0  : 71511
 p1:x0=1  p1:x2=1  : 184235
 p1:x0=0  p1:x2=1  : 244254
Observation MP+W-svc-W+addr: 0 (of 500000)

Test MP+dmb+R-svc-eret-R:
 p1:x0=0  p1:x2=0  : 184616
 p1:x0=1  p1:x2=1  : 94200
 p1:x0=0  p1:x2=1  : 221184
Observation MP+dmb+R-svc-eret-R: 0 (of 500000)

Test MP+dmb+eret:
 p1:x0=0  p1:x2=0  : 178471
 p1:x0=1  p1:x2=1  : 162495
 p1:x0=0  p1:x2=1  : 159034
Observation MP+dmb+eret: 0 (of 500000)

Test MP+dmb+svc:
 p1:x0=0  p1:x2=0  : 175155
 p1:x0=1  p1:x2=1  : 104381
 p1:x0=0  p1:x2=1  : 220464
Observation MP+dmb+svc: 0 (of 500000)

Test MP+dmb+svc2-R-eret-R:
 p1:x0=0  p1:x2=0  : 60384
 p1:x0=1  p1:x2=1  : 213242
 p1:x0=0  p1:x2=1  : 226374
Observation MP+dmb+svc2-R-eret-R: 0 (of 500000)

Test MP+dmb+svc-R-eret-svc-R:
 p1:x0=0  p1:x2=0  : 67072
 p1:x0=1  p1:x2=1  : 135799
 p1:x0=0  p1:x2=1  : 297129
Observation MP+dmb+svc-R-eret-svc-R: 0 (of 500000)

Test MP+dmb+svc-R-svc-R:
 p1:x0=0  p1:x2=0  : 64244
 p1:x0=0  p1:x2=1  : 282988
 p1:x0=1  p1:x2=1  : 152768
Observation MP+dmb+svc-R-svc-R: 0 (of 500000)

Test MP+dmb+svc-R-svc-eret-R:
 p1:x0=0  p1:x2=1  : 241360
 p1:x0=1  p1:x2=1  : 159938
 p1:x0=0  p1:x2=0  : 98702
Observation MP+dmb+svc-R-svc-eret-R: 0 (of 500000)

Test MP+svc-W-eret-W+addr:
 p1:x0=0  p1:x2=0  : 184260
 p1:x0=0  p1:x2=1  : 132209
 p1:x0=1  p1:x2=1  : 183530
 p1:x0=1  p1:x2=0  : 1 *
Observation MP+svc-W-eret-W+addr: 1 (of 500000)

Test SB+W-svc-R+W-svc-R:
 p0:x2=0  p1:x2=1  : 77367
 p0:x2=1  p1:x2=1  : 218503
 p0:x2=1  p1:x2=0  : 204119
 p0:x2=0  p1:x2=0  : 11 *
Observation SB+W-svc-R+W-svc-R: 11 (of 500000)

Test SB+svc-erets:
 p0:x2=0  p1:x2=1  : 95090
 p0:x2=1  p1:x2=1  : 211750
 p0:x2=1  p1:x2=0  : 193156
 p0:x2=0  p1:x2=0  : 4 *
Observation SB+svc-erets: 4 (of 500000)

Test MP.BBM1+dsb-isb-tlbiis-dsb-isb-dsb-isb+dsb-isb:
 p1:x0=0  p1:x2=0  : 433885
 p1:x0=0  p1:x2=1  : 239
 p1:x0=0  p1:x2=2  : 60488
 p1:x0=1  p1:x2=1  : 5388
Observation MP.BBM1+dsb-isb-tlbiis-dsb-isb-dsb-isb+dsb-isb: 0 (of 500000)

Test MP.BBM1+dsb-tlbiis-dsb-dsb+dsb:
 p1:x0=0  p1:x2=0  : 428885
 p1:x0=0  p1:x2=2  : 65103
 p1:x0=1  p1:x2=1  : 5795
 p1:x0=0  p1:x2=1  : 217
Observation MP.BBM1+dsb-tlbiis-dsb-dsb+dsb: 0 (of 500000)

Test MP.BBM1+dsb-tlbiis-dsb-dsb+dsb-isb:
 p1:x0=0  p1:x2=0  : 439543
 p1:x0=0  p1:x2=2  : 53463
 p1:x0=1  p1:x2=1  : 6685
 p1:x0=0  p1:x2=1  : 309
Observation MP.BBM1+dsb-tlbiis-dsb-dsb+dsb-isb: 0 (of 500000)

Test MP.BBM1+dsb-tlbiis-dsb-dsb-isb+dsb:
 p1:x0=0  p1:x2=0  : 448268
 p1:x0=0  p1:x2=2  : 44230
 p1:x0=1  p1:x2=1  : 7323
 p1:x0=0  p1:x2=1  : 179
Observation MP.BBM1+dsb-tlbiis-dsb-dsb-isb+dsb: 0 (of 500000)

Test MP.BBM1+dsb-tlbiis-dsb-dsb-isb+dsb-isb:
 p1:x0=0  p1:x2=0  : 424371
 p1:x0=0  p1:x2=2  : 70391
 p1:x0=1  p1:x2=1  : 5005
 p1:x0=0  p1:x2=1  : 233
Observation MP.BBM1+dsb-tlbiis-dsb-dsb-isb+dsb-isb: 0 (of 500000)

Test MP.BBM1.id+dsb-tlbiis-dsb-dsb+dsb-isb:
 p1:x0=1  p1:x2=0  : 1 *
 p1:x0=0  p1:x2=0  : 407343
 p1:x0=0  p1:x2=2  : 86167
 p1:x0=1  p1:x2=1  : 6153
 p1:x0=0  p1:x2=1  : 336
Observation MP.BBM1.id+dsb-tlbiis-dsb-dsb+dsb-isb: 1 (of 500000)

Test CoRT:
 p1:x0=0  p1:x2=0  : 335162
 p1:x0=1  p1:x2=0  : 20617 *
 p1:x0=1  p1:x2=1  : 32155
 p1:x0=0  p1:x2=1  : 112066
Observation CoRT: 20617 (of 500000)

Test CoRT+dsb-isb:
 p1:x0=0  p1:x2=0  : 286379
 p1:x0=1  p1:x2=0  : 26220 *
 p1:x0=0  p1:x2=1  : 94776
 p1:x0=1  p1:x2=1  : 92625
Observation CoRT+dsb-isb: 26220 (of 500000)

Test CoTR:
 p1:x0=0  p1:x2=0  : 374891
 p1:x0=1  p1:x2=1  : 22896
 p1:x0=0  p1:x2=1  : 21669
 p1:x0=1  p1:x2=0  : 80544 *
Observation CoTR: 80544 (of 500000)

Test CoTR1+dsb-dc-dsb-tlbi-dsb-isb:
 p1:x0=0  p1:x2=0  : 2040
 p1:x0=0  p1:x2=1  : 446663
 p1:x0=1  p1:x2=1  : 51297
Observation CoTR1+dsb-dc-dsb-tlbi-dsb-isb: 0 (of 500000)

Test CoTR1+dsb-tlbi-dsb-isb:
 p1:x0=0  p1:x2=0  : 1312
 p1:x0=0  p1:x2=1  : 445201
 p1:x0=1  p1:x2=1  : 53487
Observation CoTR1+dsb-tlbi-dsb-isb: 0 (of 500000)

Test CoTR1.tlbi+dsb-isb:
 p1:x0=0  p1:x2=0  : 2405
 p1:x0=1  p1:x2=1  : 494202
 p1:x0=0  p1:x2=1  : 3393
Observation CoTR1.tlbi+dsb-isb: 0 (of 500000)

Test CoTR+addr:
 p1:x0=0  p1:x2=0  : 295462
 p1:x0=0  p1:x2=1  : 81654
 p1:x0=1  p1:x2=1  : 122884
Observation CoTR+addr: 0 (of 500000)

Test CoTR+dmb:
 p1:x0=0  p1:x2=0  : 286305
 p1:x0=0  p1:x2=1  : 87967
 p1:x0=1  p1:x2=0  : 1 *
 p1:x0=1  p1:x2=1  : 125727
Observation CoTR+dmb: 1 (of 500000)

Test CoTR+dsb:
 p1:x0=0  p1:x2=0  : 294642
 p1:x0=0  p1:x2=1  : 103750
 p1:x0=1  p1:x2=1  : 101608
Observation CoTR+dsb: 0 (of 500000)

Test CoTR+dsb-isb:
 p1:x0=0  p1:x2=0  : 264170
 p1:x0=0  p1:x2=1  : 105003
 p1:x0=1  p1:x2=1  : 130827
Observation CoTR+dsb-isb: 0 (of 500000)

Test CoTR.inv:
 p1:x0=1  p1:x2=0  : 344907 *
 p1:x0=1  p1:x2=1  : 7466
 p1:x0=0  p1:x2=1  : 127572
 p1:x0=0  p1:x2=0  : 20055
Observation CoTR.inv: 344907 (of 500000)

Test CoTR.inv+dsb-isb:
 p1:x0=0  p1:x2=0  : 4461
 p1:x0=1  p1:x2=1  : 351061
 p1:x0=0  p1:x2=1  : 144478
Observation CoTR.inv+dsb-isb: 0 (of 500000)

Test CoTT:
 p1:x0=0  p1:x2=0  : 373884
 p1:x0=1  p1:x2=1  : 126116
Observation CoTT: 0 (of 500000)
Warning on CoTT: saw 2 SC results but expected 3

Test CoWT:
 p0:x2=1  : 249821 *
 p0:x2=2  : 250179
Observation CoWT: 249821 (of 500000)

Test CoWT1+dsb-tlbi-dsb:
 p0:x3=1  : 500000
Observation CoWT1+dsb-tlbi-dsb: 0 (of 500000)

Test CoWT1+dsb-tlbi-dsb-isb:
 p0:x3=1  : 500000
Observation CoWT1+dsb-tlbi-dsb-isb: 0 (of 500000)

Test CoWT+dsb:
 p0:x2=1  : 249669 *
 p0:x2=2  : 250331
Observation CoWT+dsb: 249669 (of 500000)

Test CoWT+dsb-isb:
 p0:x2=1  : 249616 *
 p0:x2=2  : 250384
Observation CoWT+dsb-isb: 249616 (of 500000)

Test CoWT+dsb-svc-tlbi-dsb:
 p0:x2=2  : 500000
Observation CoWT+dsb-svc-tlbi-dsb: 0 (of 500000)

Test CoWT.inv:
 p0:x2=1  : 500000
Observation CoWT.inv: 0 (of 500000)

Test CoWT.inv+dmb:
 p0:x2=1  : 500000
Observation CoWT.inv+dmb: 0 (of 500000)

Test CoWT.inv+dsb:
 p0:x2=1  : 499999
 p0:x2=0  : 1 *
Observation CoWT.inv+dsb: 1 (of 500000)

Test CoWT.inv+dsb-isb:
 p0:x2=1  : 500000
Observation CoWT.inv+dsb-isb: 0 (of 500000)

Test CoWinvT:
 p0:x2=0  : 263715 *
 p0:x2=1  : 236285
Observation CoWinvT: 263715 (of 500000)

Test CoWinvT1+dsb-tlbi-dsb:
 p0:x2=1  : 500000
Observation CoWinvT1+dsb-tlbi-dsb: 0 (of 500000)

Test CoWinvT+dsb-isb:
 p0:x2=0  : 262973 *
 p0:x2=1  : 237027
Observation CoWinvT+dsb-isb: 262973 (of 500000)

Test CoWinvWT1+dsb-tlbi-dsb-dsb-isb:
 p0:x5=1  : 500000
Observation CoWinvWT1+dsb-tlbi-dsb-dsb-isb: 0 (of 500000)

Test ISA2.TRR+dmb+po+dmb:
 p1:x0=0  p2:x0=0  p2:x2=0  : 227325
 p1:x0=0  p2:x0=0  p2:x2=1  : 126800
 p1:x0=1  p2:x0=0  p2:x2=1  : 14293
 p1:x0=1  p2:x0=0  p2:x2=0  : 5147
 p1:x0=0  p2:x0=1  p2:x2=1  : 107400
 p1:x0=0  p2:x0=1  p2:x2=0  : 18750
 p1:x0=1  p2:x0=1  p2:x2=1  : 285
Observation ISA2.TRR+dmb+po+dmb: 0 (of 500000)

Test MP.RT1+dc-dsb-tlbiall-dsb+dsb-isb:
 p1:x0=0  p1:x2=1  : 74721
 p1:x0=0  p1:x2=0  : 418591
 p1:x0=1  p1:x2=1  : 6688
Observation MP.RT1+dc-dsb-tlbiall-dsb+dsb-isb: 0 (of 500000)

Test MP.RT1+dc-dsb-tlbiall-dsb-isb+dsb-isb:
 p1:x0=0  p1:x2=1  : 99728
 p1:x0=0  p1:x2=0  : 394960
 p1:x0=1  p1:x2=1  : 5312
Observation MP.RT1+dc-dsb-tlbiall-dsb-isb+dsb-isb: 0 (of 500000)

Test MP.RT1+[dmb.ld]-dmb+dsb-isb:
 p0:x2=0  p1:x0=0  p2:x0=1  p2:x2=0  : 16715
 p0:x2=1  p1:x0=0  p2:x0=0  p2:x2=0  : 119801
 p0:x2=0  p1:x0=0  p2:x0=0  p2:x2=0  : 95590
 p0:x2=0  p1:x0=1  p2:x0=0  p2:x2=0  : 58363
 p0:x2=0  p1:x0=0  p2:x0=1  p2:x2=1  : 17324
 p0:x2=1  p1:x0=0  p2:x0=0  p2:x2=1  : 52731
 p0:x2=0  p1:x0=0  p2:x0=0  p2:x2=1  : 58533
 p0:x2=0  p1:x0=1  p2:x0=0  p2:x2=1  : 44857
 p0:x2=0  p1:x0=1  p2:x0=1  p2:x2=1  : 13841
 p0:x2=0  p1:x0=1  p2:x0=1  p2:x2=0  : 13563
 p0:x2=1  p1:x0=1  p2:x0=0  p2:x2=0  : 1391
 p0:x2=1  p1:x0=0  p2:x0=1  p2:x2=1  : 3220
 p0:x2=1  p1:x0=0  p2:x0=1  p2:x2=0  : 3011
 p0:x2=1  p1:x0=1  p2:x0=0  p2:x2=1  : 1040
 p0:x2=1  p1:x0=1  p2:x0=1  p2:x2=1  : 11
 p0:x2=1  p1:x0=1  p2:x0=1  p2:x2=0  : 9 *
Observation MP.RT1+[dmb.ld]-dmb+dsb-isb: 9 (of 500000)
Warning on MP.RT1+[dmb.ld]-dmb+dsb-isb: saw 15 SC results but expected 12

Test MP.RT1+[dmb.ld]-dsb-tlbiis-dsb-isb+dmb:
 p0:x2=0  p1:x0=0  p2:x0=0  p2:x2=0  : 112982
 p0:x2=1  p1:x0=0  p2:x0=0  p2:x2=0  : 111896
 p0:x2=1  p1:x0=0  p2:x0=0  p2:x2=1  : 41234
 p0:x2=0  p1:x0=1  p2:x0=0  p2:x2=0  : 85447
 p0:x2=0  p1:x0=1  p2:x0=0  p2:x2=1  : 69701
 p0:x2=0  p1:x0=0  p2:x0=0  p2:x2=1  : 69923
 p0:x2=0  p1:x0=0  p2:x0=1  p2:x2=1  : 4523
 p0:x2=1  p1:x0=0  p2:x0=1  p2:x2=1  : 3000
 p0:x2=0  p1:x0=1  p2:x0=1  p2:x2=1  : 1250
 p0:x2=1  p1:x0=1  p2:x0=0  p2:x2=1  : 18
 p0:x2=1  p1:x0=1  p2:x0=0  p2:x2=0  : 26
Observation MP.RT1+[dmb.ld]-dsb-tlbiis-dsb-isb+dmb: 0 (of 500000)
Warning on MP.RT1+[dmb.ld]-dsb-tlbiis-dsb-isb+dmb: saw 11 SC results but expected 12

Test MP.RT1+dsb-isb-tlbiis-dsb-isb+dsb-isb:
 p1:x0=0  p1:x2=0  : 415872
 p1:x0=0  p1:x2=1  : 78931
 p1:x0=1  p1:x2=1  : 5197
Observation MP.RT1+dsb-isb-tlbiis-dsb-isb+dsb-isb: 0 (of 500000)

Test MP.RT1+dsb-tlbiall-dsb+dsb-isb:
 p1:x0=0  p1:x2=0  : 352910
 p1:x0=0  p1:x2=1  : 142845
 p1:x0=1  p1:x2=1  : 4245
Observation MP.RT1+dsb-tlbiall-dsb+dsb-isb: 0 (of 500000)

Test MP.RT1+dsb-tlbiallis-dsb+dsb-isb:
 p1:x0=0  p1:x2=1  : 105493
 p1:x0=0  p1:x2=0  : 390748
 p1:x0=1  p1:x2=1  : 3759
Observation MP.RT1+dsb-tlbiallis-dsb+dsb-isb: 0 (of 500000)

Test MP.RT1+dsb-tlbi-dsb+dsb-isb:
 p1:x0=0  p1:x2=0  : 403343
 p1:x0=0  p1:x2=1  : 93450
 p1:x0=1  p1:x2=1  : 3207
Observation MP.RT1+dsb-tlbi-dsb+dsb-isb: 0 (of 500000)

Test MP.RT1+dsb-tlbiis-dsb+dsb-isb:
 p1:x0=0  p1:x2=0  : 404428
 p1:x0=0  p1:x2=1  : 89899
 p1:x0=1  p1:x2=1  : 5673
Observation MP.RT1+dsb-tlbiis-dsb+dsb-isb: 0 (of 500000)

Test MP.RT1+dsb-tlbiis-dsb-isb+dmb:
 p1:x0=0  p1:x2=0  : 404003
 p1:x0=0  p1:x2=1  : 89633
 p1:x0=1  p1:x2=1  : 6364
Observation MP.RT1+dsb-tlbiis-dsb-isb+dmb: 0 (of 500000)

Test MP.RT1+dsb-tlbiis-dsb-isb+dsb-isb:
 p1:x0=1  p1:x2=1  : 6508
 p1:x0=0  p1:x2=1  : 66131
 p1:x0=0  p1:x2=0  : 427361
Observation MP.RT1+dsb-tlbiis-dsb-isb+dsb-isb: 0 (of 500000)

Test MP.RT1+dsb-tlbiis-dsb-tlbiis-dsb+dsb-isb:
 p1:x0=0  p1:x2=0  : 425572
 p1:x0=0  p1:x2=1  : 69866
 p1:x0=1  p1:x2=1  : 4562
Observation MP.RT1+dsb-tlbiis-dsb-tlbiis-dsb+dsb-isb: 0 (of 500000)

Test MP.RT+svc-dsb-tlbi-dsb+dsb-isb:
 p1:x0=0  p1:x2=0  : 384056
 p1:x0=0  p1:x2=1  : 108562
 p1:x0=1  p1:x2=1  : 7382
Observation MP.RT+svc-dsb-tlbi-dsb+dsb-isb: 0 (of 500000)

Test MP.RT+svc-dsb-tlbiis-dsb+dsb-isb:
 p1:x0=0  p1:x2=0  : 393091
 p1:x0=0  p1:x2=1  : 100510
 p1:x0=1  p1:x2=1  : 6399
Observation MP.RT+svc-dsb-tlbiis-dsb+dsb-isb: 0 (of 500000)

Test MP.RT.inv+dmb+addr:
 p1:x0=0  p1:x2=0  : 259083
 p1:x0=0  p1:x2=1  : 179143
 p1:x0=1  p1:x2=1  : 61774
Observation MP.RT.inv+dmb+addr: 0 (of 500000)

Test MP.RT.inv+dmb+po:
 p1:x0=0  p1:x2=0  : 200893
 p1:x0=0  p1:x2=1  : 201480
 p1:x0=1  p1:x2=1  : 97627
Observation MP.RT.inv+dmb+po: 0 (of 500000)

Test MP.TT+Winv-dmb-Winv+tpo:
 p1:x0=0  p1:x2=0  : 394835
 p1:x0=0  p1:x2=1  : 101386
 p1:x0=1  p1:x2=1  : 2049
 p1:x0=1  p1:x2=0  : 1730 *
Observation MP.TT+Winv-dmb-Winv+tpo: 1730 (of 500000)

Test MP.TT+dmb+dsb-isb:
 p1:x0=0  p1:x2=0  : 458836
 p1:x0=0  p1:x2=1  : 33936
 p1:x0=1  p1:x2=1  : 3756
 p1:x0=1  p1:x2=0  : 3472 *
Observation MP.TT+dmb+dsb-isb: 3472 (of 500000)

Test MP.TT+dmb+tpo:
 p1:x0=0  p1:x2=0  : 413072
 p1:x0=0  p1:x2=1  : 79958
 p1:x0=1  p1:x2=0  : 3386 *
 p1:x0=1  p1:x2=1  : 3584
Observation MP.TT+dmb+tpo: 3386 (of 500000)

Test MP.TT.inv+dmb+dsb-isb:
 p1:x0=1  p1:x2=1  : 97736
 p1:x0=0  p1:x2=0  : 9337
 p1:x0=0  p1:x2=1  : 392927
Observation MP.TT.inv+dmb+dsb-isb: 0 (of 500000)

Test MP.TT.inv+dmb+tpo:
 p1:x0=0  p1:x2=0  : 28654
 p1:x0=0  p1:x2=1  : 375045
 p1:x0=1  p1:x2=1  : 96301
Observation MP.TT.inv+dmb+tpo: 0 (of 500000)

Test MP.invRT1+dsb-isb-tlbiis-dsb-isb+dsb-isb:
 p1:x0=1  p1:x2=1  : 4936
 p1:x0=0  p1:x2=1  : 137780
 p1:x0=0  p1:x2=0  : 357284
Observation MP.invRT1+dsb-isb-tlbiis-dsb-isb+dsb-isb: 0 (of 500000)

Test MP.invRT1+dsb-tlbiis-dsb+dsb:
 p1:x0=0  p1:x2=0  : 370902
 p1:x0=0  p1:x2=1  : 125960
 p1:x0=1  p1:x2=1  : 3138
Observation MP.invRT1+dsb-tlbiis-dsb+dsb: 0 (of 500000)

Test MP.invRT1+dsb-tlbiis-dsb+dsb-isb:
 p1:x0=0  p1:x2=0  : 366921
 p1:x0=1  p1:x2=1  : 3380
 p1:x0=0  p1:x2=1  : 129699
Observation MP.invRT1+dsb-tlbiis-dsb+dsb-isb: 0 (of 500000)

Test MP.invRT+dsb+dsb-isb:
 p1:x0=0  p1:x2=0  : 350105
 p1:x0=1  p1:x2=0  : 20889 *
 p1:x0=1  p1:x2=1  : 88698
 p1:x0=0  p1:x2=1  : 40308
Observation MP.invRT+dsb+dsb-isb: 20889 (of 500000)

Test WRC.AT+ctrl+dsb:
 p1:x2=0  p2:x0=1  p2:x2=0  : 483 *
 p1:x2=1  p2:x0=0  p2:x2=0  : 224815
 p1:x2=0  p2:x0=0  p2:x2=0  : 61010
 p1:x2=0  p2:x0=0  p2:x2=1  : 18690
 p1:x2=1  p2:x0=1  p2:x2=0  : 87439
 p1:x2=1  p2:x0=1  p2:x2=1  : 71303
 p1:x2=1  p2:x0=0  p2:x2=1  : 33496
 p1:x2=0  p2:x0=1  p2:x2=1  : 2764
Observation WRC.AT+ctrl+dsb: 483 (of 500000)

Test WRC.TRR+addr+dmb:
 p1:x0=0  p2:x0=1  p2:x2=1  : 76935
 p1:x0=1  p2:x0=1  p2:x2=1  : 1581
 p1:x0=0  p2:x0=0  p2:x2=1  : 258581
 p1:x0=1  p2:x0=0  p2:x2=1  : 162903
Observation WRC.TRR+addr+dmb: 0 (of 500000)
Warning on WRC.TRR+addr+dmb: saw 4 SC results but expected 7

Test WRC.TRR.inv+addrs:
 p1:x0=0  p2:x0=0  p2:x2=1  : 330491
 p1:x0=1  p2:x0=0  p2:x2=1  : 81841
 p1:x0=0  p2:x0=1  p2:x2=1  : 81901
 p1:x0=1  p2:x0=1  p2:x2=1  : 5767
Observation WRC.TRR.inv+addrs: 0 (of 500000)
Warning on WRC.TRR.inv+addrs: saw 4 SC results but expected 7

Test WRC.TRT1+dsb-tlbiis-dsb+dmb:
 p1:x0=0  p2:x0=0  p2:x2=0  : 290969
 p1:x0=0  p2:x0=0  p2:x2=1  : 104960
 p1:x0=1  p2:x0=0  p2:x2=0  : 75158
 p1:x0=1  p2:x0=0  p2:x2=1  : 27048
 p1:x0=0  p2:x0=1  p2:x2=0  : 27
 p1:x0=0  p2:x0=1  p2:x2=1  : 1270
 p1:x0=1  p2:x0=1  p2:x2=1  : 568
Observation WRC.TRT1+dsb-tlbiis-dsb+dmb: 0 (of 500000)

Test WRC.TRT1+dsb-tlbiis-dsb+dsb-isb:
 p1:x0=0  p2:x0=0  p2:x2=0  : 289091
 p1:x0=1  p2:x0=0  p2:x2=0  : 82429
 p1:x0=1  p2:x0=0  p2:x2=1  : 29416
 p1:x0=0  p2:x0=0  p2:x2=1  : 95880
 p1:x0=1  p2:x0=1  p2:x2=1  : 725
 p1:x0=0  p2:x0=1  p2:x2=1  : 2424
 p1:x0=0  p2:x0=1  p2:x2=0  : 35
Observation WRC.TRT1+dsb-tlbiis-dsb+dsb-isb: 0 (of 500000)

Test WRC.TRT+addr+dmb:
 p1:x0=0  p2:x0=0  p2:x2=0  : 218936
 p1:x0=1  p2:x0=0  p2:x2=1  : 33381
 p1:x0=0  p2:x0=1  p2:x2=0  : 59056
 p1:x0=1  p2:x0=0  p2:x2=0  : 90630
 p1:x0=0  p2:x0=0  p2:x2=1  : 43391
 p1:x0=0  p2:x0=1  p2:x2=1  : 52430
 p1:x0=1  p2:x0=1  p2:x2=1  : 1754
 p1:x0=1  p2:x0=1  p2:x2=0  : 422 *
Observation WRC.TRT+addr+dmb: 422 (of 500000)

Test WRC.TRT+dmbs:
 p1:x0=0  p2:x0=1  p2:x2=0  : 61088
 p1:x0=0  p2:x0=0  p2:x2=0  : 178499
 p1:x0=1  p2:x0=0  p2:x2=1  : 45886
 p1:x0=1  p2:x0=0  p2:x2=0  : 127944
 p1:x0=0  p2:x0=1  p2:x2=1  : 53169
 p1:x0=1  p2:x0=1  p2:x2=1  : 2705
 p1:x0=0  p2:x0=0  p2:x2=1  : 30101
 p1:x0=1  p2:x0=1  p2:x2=0  : 608 *
Observation WRC.TRT+dmbs: 608 (of 500000)

Test WRC.TRT+dsb-isbs:
 p1:x0=0  p2:x0=1  p2:x2=0  : 44976
 p1:x0=0  p2:x0=0  p2:x2=0  : 196616
 p1:x0=1  p2:x0=0  p2:x2=1  : 47019
 p1:x0=1  p2:x0=0  p2:x2=0  : 131115
 p1:x0=0  p2:x0=0  p2:x2=1  : 34824
 p1:x0=0  p2:x0=1  p2:x2=1  : 43735
 p1:x0=1  p2:x0=1  p2:x2=1  : 973
 p1:x0=1  p2:x0=1  p2:x2=0  : 742 *
Observation WRC.TRT+dsb-isbs: 742 (of 500000)

Test WRC.TRT.inv+addrs:
 p1:x0=0  p2:x0=1  p2:x2=0  : 1358
 p1:x0=0  p2:x0=0  p2:x2=0  : 66138
 p1:x0=1  p2:x0=0  p2:x2=1  : 182585
 p1:x0=1  p2:x0=0  p2:x2=0  : 129213
 p1:x0=0  p2:x0=0  p2:x2=1  : 90956
 p1:x0=1  p2:x0=1  p2:x2=1  : 10077
 p1:x0=0  p2:x0=1  p2:x2=1  : 19673
Observation WRC.TRT.inv+addrs: 0 (of 500000)

Test WRC.TRT.inv+dsb-isbs:
 p1:x0=0  p2:x0=0  p2:x2=0  : 61782
 p1:x0=0  p2:x0=0  p2:x2=1  : 374378
 p1:x0=0  p2:x0=1  p2:x2=1  : 61899
 p1:x0=0  p2:x0=1  p2:x2=0  : 1941
Observation WRC.TRT.inv+dsb-isbs: 0 (of 500000)
Warning on WRC.TRT.inv+dsb-isbs: saw 4 SC results but expected 7

Test WRC.TRT.inv+po+addr:
 p1:x0=0  p2:x0=0  p2:x2=0  : 148098
 p1:x0=0  p2:x0=0  p2:x2=1  : 286529
 p1:x0=0  p2:x0=1  p2:x2=1  : 63061
 p1:x0=0  p2:x0=1  p2:x2=0  : 2312
Observation WRC.TRT.inv+po+addr: 0 (of 500000)
Warning on WRC.TRT.inv+po+addr: saw 4 SC results but expected 7

Test WRC.TRT.inv+po+dmb:
 p1:x0=0  p2:x0=0  p2:x2=0  : 191875
 p1:x0=0  p2:x0=0  p2:x2=1  : 273331
 p1:x0=0  p2:x0=1  p2:x2=1  : 33506
 p1:x0=0  p2:x0=1  p2:x2=0  : 1288
Observation WRC.TRT.inv+po+dmb: 0 (of 500000)
Warning on WRC.TRT.inv+po+dmb: saw 4 SC results but expected 7

Test CoWR.alias:
 p0:x2=1  : 500000
Observation CoWR.alias: 0 (of 500000)

Test MP+dmb-data+dmb:
 p1:x0=0  p1:x2=0  : 214654
 p1:x0=1  p1:x2=1  : 112793
 p1:x0=0  p1:x2=1  : 172553
Observation MP+dmb-data+dmb: 0 (of 500000)

Test MP+po-data+dmb:
 p1:x0=0  p1:x2=0  : 281985
 p1:x0=1  p1:x2=1  : 112741
 p1:x0=0  p1:x2=1  : 99174
 p1:x0=1  p1:x2=0  : 6100 *
Observation MP+po-data+dmb: 6100 (of 500000)

Test MP.alias2+dmb-data+dmb:
 p1:x0=0  p1:x2=0  : 273756
 p1:x0=1  p1:x2=1  : 57167
 p1:x0=0  p1:x2=1  : 169077
Observation MP.alias2+dmb-data+dmb: 0 (of 500000)

Test MP.alias2+po-data+dmb:
 p1:x0=0  p1:x2=1  : 103445
 p1:x0=0  p1:x2=0  : 281886
 p1:x0=1  p1:x2=1  : 108202
 p1:x0=1  p1:x2=0  : 6467 *
Observation MP.alias2+po-data+dmb: 6467 (of 500000)

Test MP.alias+dmbs:
 p1:x0=0  p1:x2=0  : 357446
 p1:x0=1  p1:x2=1  : 133793
 p1:x0=0  p1:x2=1  : 8761
Observation MP.alias+dmbs: 0 (of 500000)
Warning on MP.alias+dmbs: saw 3 SC results but expected 1

Test SB.alias+dmbs:
 p0:x2=1  p1:x2=1  : 500000
Observation SB.alias+dmbs: 0 (of 500000)
+ echo Starting bin/kvm_litmus.exe
Starting bin/kvm_litmus.exe
++ mktemp
+ tmp=/tmp/tmp.PeQ8URa58k
+ zcat
+ base64 -d
+ qemu-system-aarch64 -nodefaults -machine virt,gic-version=host --enable-kvm -cpu host -device virtio-serial-device -device virtconsole -display none -serial stdio -kernel /tmp/tmp.PeQ8URa58k -smp 4 -append '@all -n500k --no-verbose'
qemu-system-aarch64: warning: ITS KVM: full reset is not supported by the host kernel
#seed: 21174677
#pgtable: 1
#timing: 0
#no_runs: 500000
#sync_type: all
#aff_type: rand
#shuffle_type: rand
! skipping "MP.times+pos":  requires --perf

Test check1:
 exc=0  : 500000
Observation check1: 0 (of 500000)

Test check2:
 exc=0  : 500000
Observation check2: 0 (of 500000)

Test check3:
 p1:x0=0  p1:x2=1  : 125557
 p1:x0=0  p1:x2=0  : 208295
 p1:x0=1  p1:x2=0  : 166148
Observation check3: 0 (of 500000)

Test check4:
 p0:x0=0  : 500000
Observation check4: 0 (of 500000)

Test check5:
 p0:x0=1  : 500000
Observation check5: 0 (of 500000)

Test check6:
 p0:x0=0  : 500000
Observation check6: 0 (of 500000)

Test LB+pos:
 p0:x2=0  p1:x2=1  : 105630
 p0:x2=0  p1:x2=0  : 195934
 p0:x2=1  p1:x2=0  : 198436
Observation LB+pos: 0 (of 500000)

Test MP+dmbs:
 p1:x0=0  p1:x2=0  : 189700
 p1:x0=1  p1:x2=1  : 147284
 p1:x0=0  p1:x2=1  : 163016
Observation MP+dmbs: 0 (of 500000)

Test MP+pos:
 p1:x0=0  p1:x2=0  : 216875
 p1:x0=1  p1:x2=1  : 119979
 p1:x0=0  p1:x2=1  : 99683
 p1:x0=1  p1:x2=0  : 63463 *
Observation MP+pos: 63463 (of 500000)

Test SB+dmbs:
 p0:x2=1  p1:x2=0  : 220926
 p0:x2=0  p1:x2=1  : 155605
 p0:x2=1  p1:x2=1  : 123469
Observation SB+dmbs: 0 (of 500000)

Test SB+pos:
 p0:x2=0  p1:x2=1  : 121684
 p0:x2=1  p1:x2=0  : 244339
 p0:x2=0  p1:x2=0  : 74290 *
 p0:x2=1  p1:x2=1  : 59687
Observation SB+pos: 74290 (of 500000)

Test WRC+addrs:
 p1:x0=1  p2:x0=0  p2:x2=0  : 44133
 p1:x0=0  p2:x0=0  p2:x2=0  : 126609
 p1:x0=0  p2:x0=1  p2:x2=1  : 142317
 p1:x0=1  p2:x0=0  p2:x2=1  : 105452
 p1:x0=0  p2:x0=0  p2:x2=1  : 64775
 p1:x0=0  p2:x0=1  p2:x2=0  : 6763
 p1:x0=1  p2:x0=1  p2:x2=1  : 9951
Observation WRC+addrs: 0 (of 500000)

Test WRC+pos:
 p1:x0=0  p2:x0=1  p2:x2=0  : 47745
 p1:x0=1  p2:x0=0  p2:x2=1  : 104172
 p1:x0=1  p2:x0=0  p2:x2=0  : 83653
 p1:x0=0  p2:x0=0  p2:x2=1  : 39384
 p1:x0=0  p2:x0=0  p2:x2=0  : 127747
 p1:x0=0  p2:x0=1  p2:x2=1  : 85961
 p1:x0=1  p2:x0=1  p2:x2=1  : 11315
 p1:x0=1  p2:x0=1  p2:x2=0  : 23 *
Observation WRC+pos: 23 (of 500000)

Test LB+R-svc-W+R-svc-W:
 p0:x0=1  p1:x0=0  : 79319
 p0:x0=0  p1:x0=0  : 358886
 p0:x0=0  p1:x0=1  : 61795
Observation LB+R-svc-W+R-svc-W: 0 (of 500000)

Test MP+W-svc-W+addr:
 p1:x0=0  p1:x2=1  : 245063
 p1:x0=1  p1:x2=1  : 175624
 p1:x0=0  p1:x2=0  : 79313
Observation MP+W-svc-W+addr: 0 (of 500000)

Test MP+dmb+R-svc-eret-R:
 p1:x0=0  p1:x2=0  : 179600
 p1:x0=0  p1:x2=1  : 250489
 p1:x0=1  p1:x2=1  : 69911
Observation MP+dmb+R-svc-eret-R: 0 (of 500000)

Test MP+dmb+eret:
 p1:x0=0  p1:x2=0  : 177284
 p1:x0=1  p1:x2=1  : 143500
 p1:x0=0  p1:x2=1  : 179216
Observation MP+dmb+eret: 0 (of 500000)

Test MP+dmb+svc:
 p1:x0=0  p1:x2=1  : 247953
 p1:x0=1  p1:x2=1  : 63590
 p1:x0=0  p1:x2=0  : 188457
Observation MP+dmb+svc: 0 (of 500000)

Test MP+dmb+svc2-R-eret-R:
 p1:x0=0  p1:x2=1  : 244376
 p1:x0=1  p1:x2=1  : 202641
 p1:x0=0  p1:x2=0  : 52983
Observation MP+dmb+svc2-R-eret-R: 0 (of 500000)

Test MP+dmb+svc-R-eret-svc-R:
 p1:x0=1  p1:x2=1  : 99441
 p1:x0=0  p1:x2=1  : 349340
 p1:x0=0  p1:x2=0  : 51219
Observation MP+dmb+svc-R-eret-svc-R: 0 (of 500000)

Test MP+dmb+svc-R-svc-R:
 p1:x0=1  p1:x2=1  : 150808
 p1:x0=0  p1:x2=1  : 293891
 p1:x0=0  p1:x2=0  : 55301
Observation MP+dmb+svc-R-svc-R: 0 (of 500000)

Test MP+dmb+svc-R-svc-eret-R:
 p1:x0=0  p1:x2=1  : 252466
 p1:x0=1  p1:x2=1  : 227443
 p1:x0=0  p1:x2=0  : 20091
Observation MP+dmb+svc-R-svc-eret-R: 0 (of 500000)

Test MP+svc-W-eret-W+addr:
 p1:x0=0  p1:x2=0  : 170643
 p1:x0=0  p1:x2=1  : 148910
 p1:x0=1  p1:x2=1  : 180443
 p1:x0=1  p1:x2=0  : 4 *
Observation MP+svc-W-eret-W+addr: 4 (of 500000)

Test SB+W-svc-R+W-svc-R:
 p0:x2=1  p1:x2=0  : 229791
 p0:x2=1  p1:x2=1  : 207864
 p0:x2=0  p1:x2=1  : 62323
 p0:x2=0  p1:x2=0  : 22 *
Observation SB+W-svc-R+W-svc-R: 22 (of 500000)

Test SB+svc-erets:
 p0:x2=1  p1:x2=0  : 166682
 p0:x2=0  p1:x2=1  : 119266
 p0:x2=1  p1:x2=1  : 214047
 p0:x2=0  p1:x2=0  : 5 *
Observation SB+svc-erets: 5 (of 500000)

Test MP.BBM1+dsb-isb-tlbiis-dsb-isb-dsb-isb+dsb-isb:
 p1:x0=1  p1:x2=1  : 6758
 p1:x0=0  p1:x2=0  : 459130
 p1:x0=0  p1:x2=2  : 33776
 p1:x0=0  p1:x2=1  : 336
Observation MP.BBM1+dsb-isb-tlbiis-dsb-isb-dsb-isb+dsb-isb: 0 (of 500000)

Test MP.BBM1+dsb-tlbiis-dsb-dsb+dsb:
 p1:x0=0  p1:x2=0  : 449368
 p1:x0=0  p1:x2=2  : 43462
 p1:x0=0  p1:x2=1  : 222
 p1:x0=1  p1:x2=1  : 6948
Observation MP.BBM1+dsb-tlbiis-dsb-dsb+dsb: 0 (of 500000)

Test MP.BBM1+dsb-tlbiis-dsb-dsb+dsb-isb:
 p1:x0=0  p1:x2=0  : 455397
 p1:x0=0  p1:x2=2  : 34098
 p1:x0=1  p1:x2=1  : 10058
 p1:x0=0  p1:x2=1  : 447
Observation MP.BBM1+dsb-tlbiis-dsb-dsb+dsb-isb: 0 (of 500000)

Test MP.BBM1+dsb-tlbiis-dsb-dsb-isb+dsb:
 p1:x0=0  p1:x2=0  : 485080
 p1:x0=1  p1:x2=1  : 9031
 p1:x0=0  p1:x2=2  : 5651
 p1:x0=0  p1:x2=1  : 238
Observation MP.BBM1+dsb-tlbiis-dsb-dsb-isb+dsb: 0 (of 500000)

Test MP.BBM1+dsb-tlbiis-dsb-dsb-isb+dsb-isb:
 p1:x0=0  p1:x2=0  : 435588
 p1:x0=0  p1:x2=2  : 54177
 p1:x0=0  p1:x2=1  : 417
 p1:x0=1  p1:x2=1  : 9818
Observation MP.BBM1+dsb-tlbiis-dsb-dsb-isb+dsb-isb: 0 (of 500000)

Test MP.BBM1.id+dsb-tlbiis-dsb-dsb+dsb-isb:
 p1:x0=1  p1:x2=0  : 1 *
 p1:x0=0  p1:x2=2  : 60435
 p1:x0=0  p1:x2=0  : 431481
 p1:x0=1  p1:x2=1  : 7626
 p1:x0=0  p1:x2=1  : 457
Observation MP.BBM1.id+dsb-tlbiis-dsb-dsb+dsb-isb: 1 (of 500000)

Test CoRT:
 p1:x0=0  p1:x2=0  : 316965
 p1:x0=0  p1:x2=1  : 121808
 p1:x0=1  p1:x2=0  : 22127 *
 p1:x0=1  p1:x2=1  : 39100
Observation CoRT: 22127 (of 500000)

Test CoRT+dsb-isb:
 p1:x0=0  p1:x2=0  : 306654
 p1:x0=1  p1:x2=0  : 25004 *
 p1:x0=0  p1:x2=1  : 100157
 p1:x0=1  p1:x2=1  : 68185
Observation CoRT+dsb-isb: 25004 (of 500000)

Test CoTR:
 p1:x0=1  p1:x2=1  : 21136
 p1:x0=0  p1:x2=0  : 358637
 p1:x0=0  p1:x2=1  : 19942
 p1:x0=1  p1:x2=0  : 100285 *
Observation CoTR: 100285 (of 500000)

Test CoTR1+dsb-dc-dsb-tlbi-dsb-isb:
 p1:x0=1  p1:x2=0  : 1 *
 p1:x0=0  p1:x2=0  : 6773
 p1:x0=0  p1:x2=1  : 422750
 p1:x0=1  p1:x2=1  : 70476
Observation CoTR1+dsb-dc-dsb-tlbi-dsb-isb: 1 (of 500000)

Test CoTR1+dsb-tlbi-dsb-isb:
 p1:x0=0  p1:x2=0  : 5061
 p1:x0=1  p1:x2=1  : 58546
 p1:x0=0  p1:x2=1  : 436393
Observation CoTR1+dsb-tlbi-dsb-isb: 0 (of 500000)

Test CoTR1.tlbi+dsb-isb:
 p1:x0=1  p1:x2=0  : 1 *
 p1:x0=0  p1:x2=0  : 4638
 p1:x0=1  p1:x2=1  : 492823
 p1:x0=0  p1:x2=1  : 2538
Observation CoTR1.tlbi+dsb-isb: 1 (of 500000)

Test CoTR+addr:
 p1:x0=1  p1:x2=1  : 150709
 p1:x0=0  p1:x2=0  : 226583
 p1:x0=0  p1:x2=1  : 122708
Observation CoTR+addr: 0 (of 500000)

Test CoTR+dmb:
 p1:x0=0  p1:x2=0  : 230010
 p1:x0=1  p1:x2=0  : 1 *
 p1:x0=1  p1:x2=1  : 147675
 p1:x0=0  p1:x2=1  : 122314
Observation CoTR+dmb: 1 (of 500000)

Test CoTR+dsb:
 p1:x0=0  p1:x2=0  : 234332
 p1:x0=1  p1:x2=1  : 136279
 p1:x0=0  p1:x2=1  : 129389
Observation CoTR+dsb: 0 (of 500000)

Test CoTR+dsb-isb:
 p1:x0=0  p1:x2=1  : 130294
 p1:x0=0  p1:x2=0  : 218754
 p1:x0=1  p1:x2=1  : 150952
Observation CoTR+dsb-isb: 0 (of 500000)

Test CoTR.inv:
 p1:x0=1  p1:x2=1  : 10834
 p1:x0=0  p1:x2=0  : 41159
 p1:x0=1  p1:x2=0  : 194489 *
 p1:x0=0  p1:x2=1  : 253518
Observation CoTR.inv: 194489 (of 500000)

Test CoTR.inv+dsb-isb:
 p1:x0=0  p1:x2=0  : 13916
 p1:x0=0  p1:x2=1  : 238694
 p1:x0=1  p1:x2=1  : 247390
Observation CoTR.inv+dsb-isb: 0 (of 500000)

Test CoTT:
 p1:x0=1  p1:x2=1  : 146346
 p1:x0=0  p1:x2=0  : 353654
Observation CoTT: 0 (of 500000)
Warning on CoTT: saw 2 SC results but expected 3

Test CoWT:
 p0:x2=2  : 249815
 p0:x2=1  : 250185 *
Observation CoWT: 250185 (of 500000)

Test CoWT1+dsb-tlbi-dsb:
 p0:x3=1  : 500000
Observation CoWT1+dsb-tlbi-dsb: 0 (of 500000)

Test CoWT1+dsb-tlbi-dsb-isb:
 p0:x3=1  : 500000
Observation CoWT1+dsb-tlbi-dsb-isb: 0 (of 500000)

Test CoWT+dsb:
 p0:x2=2  : 249830
 p0:x2=1  : 250170 *
Observation CoWT+dsb: 250170 (of 500000)

Test CoWT+dsb-isb:
 p0:x2=2  : 249876
 p0:x2=1  : 250124 *
Observation CoWT+dsb-isb: 250124 (of 500000)

Test CoWT+dsb-svc-tlbi-dsb:
 p0:x2=2  : 500000
Observation CoWT+dsb-svc-tlbi-dsb: 0 (of 500000)

Test CoWT.inv:
 p0:x2=1  : 500000
Observation CoWT.inv: 0 (of 500000)

Test CoWT.inv+dmb:
 p0:x2=1  : 499999
 p0:x2=0  : 1 *
Observation CoWT.inv+dmb: 1 (of 500000)

Test CoWT.inv+dsb:
 p0:x2=1  : 500000
Observation CoWT.inv+dsb: 0 (of 500000)

Test CoWT.inv+dsb-isb:
 p0:x2=1  : 500000
Observation CoWT.inv+dsb-isb: 0 (of 500000)

Test CoWinvT:
 p0:x2=1  : 250391
 p0:x2=0  : 249609 *
Observation CoWinvT: 249609 (of 500000)

Test CoWinvT1+dsb-tlbi-dsb:
 p0:x2=1  : 500000
Observation CoWinvT1+dsb-tlbi-dsb: 0 (of 500000)

Test CoWinvT+dsb-isb:
 p0:x2=1  : 250814
 p0:x2=0  : 249186 *
Observation CoWinvT+dsb-isb: 249186 (of 500000)

Test CoWinvWT1+dsb-tlbi-dsb-dsb-isb:
 p0:x5=1  : 500000
Observation CoWinvWT1+dsb-tlbi-dsb-dsb-isb: 0 (of 500000)

Test ISA2.TRR+dmb+po+dmb:
 p1:x0=0  p2:x0=0  p2:x2=0  : 233327
 p1:x0=0  p2:x0=1  p2:x2=0  : 29978
 p1:x0=0  p2:x0=1  p2:x2=1  : 99064
 p1:x0=1  p2:x0=0  p2:x2=1  : 8731
 p1:x0=0  p2:x0=0  p2:x2=1  : 126019
 p1:x0=1  p2:x0=0  p2:x2=0  : 2780
 p1:x0=1  p2:x0=1  p2:x2=1  : 101
Observation ISA2.TRR+dmb+po+dmb: 0 (of 500000)

Test MP.RT1+dc-dsb-tlbiall-dsb+dsb-isb:
 p1:x0=0  p1:x2=1  : 72888
 p1:x0=1  p1:x2=0  : 1 *
 p1:x0=1  p1:x2=1  : 4538
 p1:x0=0  p1:x2=0  : 422573
Observation MP.RT1+dc-dsb-tlbiall-dsb+dsb-isb: 1 (of 500000)

Test MP.RT1+dc-dsb-tlbiall-dsb-isb+dsb-isb:
 p1:x0=0  p1:x2=1  : 95223
 p1:x0=0  p1:x2=0  : 401907
 p1:x0=1  p1:x2=1  : 2870
Observation MP.RT1+dc-dsb-tlbiall-dsb-isb+dsb-isb: 0 (of 500000)

Test MP.RT1+[dmb.ld]-dmb+dsb-isb:
 p0:x2=1  p1:x0=0  p2:x0=0  p2:x2=0  : 102625
 p0:x2=0  p1:x0=0  p2:x0=1  p2:x2=1  : 17733
 p0:x2=0  p1:x0=1  p2:x0=1  p2:x2=1  : 11366
 p0:x2=0  p1:x0=1  p2:x0=0  p2:x2=1  : 45672
 p0:x2=0  p1:x0=1  p2:x0=0  p2:x2=0  : 57637
 p0:x2=0  p1:x0=0  p2:x0=0  p2:x2=0  : 111353
 p0:x2=1  p1:x0=0  p2:x0=0  p2:x2=1  : 44185
 p0:x2=0  p1:x0=1  p2:x0=1  p2:x2=0  : 10756
 p0:x2=0  p1:x0=0  p2:x0=1  p2:x2=0  : 16871
 p0:x2=0  p1:x0=0  p2:x0=0  p2:x2=1  : 77442
 p0:x2=1  p1:x0=1  p2:x0=0  p2:x2=1  : 262
 p0:x2=1  p1:x0=1  p2:x0=0  p2:x2=0  : 326
 p0:x2=1  p1:x0=1  p2:x0=1  p2:x2=1  : 8
 p0:x2=1  p1:x0=1  p2:x0=1  p2:x2=0  : 4 *
 p0:x2=1  p1:x0=0  p2:x0=1  p2:x2=1  : 1920
 p0:x2=1  p1:x0=0  p2:x0=1  p2:x2=0  : 1840
Observation MP.RT1+[dmb.ld]-dmb+dsb-isb: 4 (of 500000)
Warning on MP.RT1+[dmb.ld]-dmb+dsb-isb: saw 15 SC results but expected 12

Test MP.RT1+[dmb.ld]-dsb-tlbiis-dsb-isb+dmb:
 p0:x2=1  p1:x0=0  p2:x0=0  p2:x2=1  : 34507
 p0:x2=1  p1:x0=0  p2:x0=0  p2:x2=0  : 81786
 p0:x2=0  p1:x0=1  p2:x0=0  p2:x2=1  : 90778
 p0:x2=0  p1:x0=0  p2:x0=0  p2:x2=1  : 78342
 p0:x2=0  p1:x0=1  p2:x0=0  p2:x2=0  : 101895
 p0:x2=0  p1:x0=0  p2:x0=0  p2:x2=0  : 105930
 p0:x2=0  p1:x0=0  p2:x0=1  p2:x2=1  : 3490
 p0:x2=0  p1:x0=1  p2:x0=1  p2:x2=1  : 838
 p0:x2=1  p1:x0=1  p2:x0=0  p2:x2=0  : 17
 p0:x2=1  p1:x0=0  p2:x0=1  p2:x2=1  : 2407
 p0:x2=1  p1:x0=1  p2:x0=0  p2:x2=1  : 10
Observation MP.RT1+[dmb.ld]-dsb-tlbiis-dsb-isb+dmb: 0 (of 500000)
Warning on MP.RT1+[dmb.ld]-dsb-tlbiis-dsb-isb+dmb: saw 11 SC results but expected 12

Test MP.RT1+dsb-isb-tlbiis-dsb-isb+dsb-isb:
 p1:x0=0  p1:x2=1  : 75387
 p1:x0=1  p1:x2=0  : 1 *
 p1:x0=0  p1:x2=0  : 420092
 p1:x0=1  p1:x2=1  : 4520
Observation MP.RT1+dsb-isb-tlbiis-dsb-isb+dsb-isb: 1 (of 500000)

Test MP.RT1+dsb-tlbiall-dsb+dsb-isb:
 p1:x0=0  p1:x2=0  : 358315
 p1:x0=0  p1:x2=1  : 130359
 p1:x0=1  p1:x2=1  : 11326
Observation MP.RT1+dsb-tlbiall-dsb+dsb-isb: 0 (of 500000)

Test MP.RT1+dsb-tlbiallis-dsb+dsb-isb:
 p1:x0=0  p1:x2=0  : 418423
 p1:x0=0  p1:x2=1  : 78453
 p1:x0=1  p1:x2=1  : 3124
Observation MP.RT1+dsb-tlbiallis-dsb+dsb-isb: 0 (of 500000)

Test MP.RT1+dsb-tlbi-dsb+dsb-isb:
 p1:x0=0  p1:x2=0  : 401812
 p1:x0=0  p1:x2=1  : 93190
 p1:x0=1  p1:x2=1  : 4998
Observation MP.RT1+dsb-tlbi-dsb+dsb-isb: 0 (of 500000)

Test MP.RT1+dsb-tlbiis-dsb+dsb-isb:
 p1:x0=0  p1:x2=0  : 412955
 p1:x0=0  p1:x2=1  : 83315
 p1:x0=1  p1:x2=1  : 3730
Observation MP.RT1+dsb-tlbiis-dsb+dsb-isb: 0 (of 500000)

Test MP.RT1+dsb-tlbiis-dsb-isb+dmb:
 p1:x0=0  p1:x2=0  : 405452
 p1:x0=0  p1:x2=1  : 89572
 p1:x0=1  p1:x2=1  : 4976
Observation MP.RT1+dsb-tlbiis-dsb-isb+dmb: 0 (of 500000)

Test MP.RT1+dsb-tlbiis-dsb-isb+dsb-isb:
 p1:x0=0  p1:x2=0  : 433317
 p1:x0=0  p1:x2=1  : 62527
 p1:x0=1  p1:x2=1  : 4156
Observation MP.RT1+dsb-tlbiis-dsb-isb+dsb-isb: 0 (of 500000)

Test MP.RT1+dsb-tlbiis-dsb-tlbiis-dsb+dsb-isb:
 p1:x0=0  p1:x2=0  : 424304
 p1:x0=1  p1:x2=0  : 1 *
 p1:x0=1  p1:x2=1  : 4297
 p1:x0=0  p1:x2=1  : 71398
Observation MP.RT1+dsb-tlbiis-dsb-tlbiis-dsb+dsb-isb: 1 (of 500000)

Test MP.RT+svc-dsb-tlbi-dsb+dsb-isb:
 p1:x0=0  p1:x2=0  : 407462
 p1:x0=0  p1:x2=1  : 85639
 p1:x0=1  p1:x2=1  : 6899
Observation MP.RT+svc-dsb-tlbi-dsb+dsb-isb: 0 (of 500000)

Test MP.RT+svc-dsb-tlbiis-dsb+dsb-isb:
 p1:x0=0  p1:x2=0  : 416166
 p1:x0=0  p1:x2=1  : 78421
 p1:x0=1  p1:x2=1  : 5413
Observation MP.RT+svc-dsb-tlbiis-dsb+dsb-isb: 0 (of 500000)

Test MP.RT.inv+dmb+addr:
 p1:x0=0  p1:x2=1  : 233817
 p1:x0=0  p1:x2=0  : 260351
 p1:x0=1  p1:x2=1  : 5832
Observation MP.RT.inv+dmb+addr: 0 (of 500000)

Test MP.RT.inv+dmb+po:
 p1:x0=0  p1:x2=1  : 223304
 p1:x0=0  p1:x2=0  : 217364
 p1:x0=1  p1:x2=1  : 59332
Observation MP.RT.inv+dmb+po: 0 (of 500000)

Test MP.TT+Winv-dmb-Winv+tpo:
 p1:x0=0  p1:x2=0  : 434962
 p1:x0=0  p1:x2=1  : 61971
 p1:x0=1  p1:x2=0  : 1414 *
 p1:x0=1  p1:x2=1  : 1653
Observation MP.TT+Winv-dmb-Winv+tpo: 1414 (of 500000)

Test MP.TT+dmb+dsb-isb:
 p1:x0=0  p1:x2=0  : 450519
 p1:x0=1  p1:x2=0  : 7602 *
 p1:x0=0  p1:x2=1  : 34144
 p1:x0=1  p1:x2=1  : 7735
Observation MP.TT+dmb+dsb-isb: 7602 (of 500000)

Test MP.TT+dmb+tpo:
 p1:x0=0  p1:x2=0  : 398285
 p1:x0=1  p1:x2=1  : 15740
 p1:x0=1  p1:x2=0  : 12227 *
 p1:x0=0  p1:x2=1  : 73748
Observation MP.TT+dmb+tpo: 12227 (of 500000)

Test MP.TT.inv+dmb+dsb-isb:
 p1:x0=1  p1:x2=1  : 107672
 p1:x0=0  p1:x2=0  : 9197
 p1:x0=0  p1:x2=1  : 383131
Observation MP.TT.inv+dmb+dsb-isb: 0 (of 500000)

Test MP.TT.inv+dmb+tpo:
 p1:x0=1  p1:x2=1  : 74229
 p1:x0=0  p1:x2=1  : 392097
 p1:x0=0  p1:x2=0  : 33674
Observation MP.TT.inv+dmb+tpo: 0 (of 500000)

Test MP.invRT1+dsb-isb-tlbiis-dsb-isb+dsb-isb:
 p1:x0=0  p1:x2=1  : 149272
 p1:x0=0  p1:x2=0  : 346036
 p1:x0=1  p1:x2=1  : 4692
Observation MP.invRT1+dsb-isb-tlbiis-dsb-isb+dsb-isb: 0 (of 500000)

Test MP.invRT1+dsb-tlbiis-dsb+dsb:
 p1:x0=0  p1:x2=0  : 373268
 p1:x0=0  p1:x2=1  : 122008
 p1:x0=1  p1:x2=1  : 4724
Observation MP.invRT1+dsb-tlbiis-dsb+dsb: 0 (of 500000)

Test MP.invRT1+dsb-tlbiis-dsb+dsb-isb:
 p1:x0=0  p1:x2=0  : 367376
 p1:x0=0  p1:x2=1  : 128727
 p1:x0=1  p1:x2=1  : 3897
Observation MP.invRT1+dsb-tlbiis-dsb+dsb-isb: 0 (of 500000)

Test MP.invRT+dsb+dsb-isb:
 p1:x0=0  p1:x2=0  : 340438
 p1:x0=1  p1:x2=1  : 75392
 p1:x0=0  p1:x2=1  : 59864
 p1:x0=1  p1:x2=0  : 24306 *
Observation MP.invRT+dsb+dsb-isb: 24306 (of 500000)

Test WRC.AT+ctrl+dsb:
 p1:x2=0  p2:x0=0  p2:x2=1  : 31949
 p1:x2=1  p2:x0=0  p2:x2=0  : 195192
 p1:x2=0  p2:x0=1  p2:x2=0  : 766 *
 p1:x2=1  p2:x0=1  p2:x2=0  : 88110
 p1:x2=0  p2:x0=0  p2:x2=0  : 72035
 p1:x2=1  p2:x0=1  p2:x2=1  : 70836
 p1:x2=1  p2:x0=0  p2:x2=1  : 38383
 p1:x2=0  p2:x0=1  p2:x2=1  : 2729
Observation WRC.AT+ctrl+dsb: 766 (of 500000)

Test WRC.TRR+addr+dmb:
 p1:x0=1  p2:x0=0  p2:x2=1  : 184946
 p1:x0=0  p2:x0=0  p2:x2=1  : 248570
 p1:x0=0  p2:x0=1  p2:x2=1  : 64523
 p1:x0=1  p2:x0=1  p2:x2=1  : 1961
Observation WRC.TRR+addr+dmb: 0 (of 500000)
Warning on WRC.TRR+addr+dmb: saw 4 SC results but expected 7

Test WRC.TRR.inv+addrs:
 p1:x0=1  p2:x0=0  p2:x2=1  : 94024
 p1:x0=0  p2:x0=0  p2:x2=1  : 332521
 p1:x0=0  p2:x0=1  p2:x2=1  : 68114
 p1:x0=1  p2:x0=1  p2:x2=1  : 5341
Observation WRC.TRR.inv+addrs: 0 (of 500000)
Warning on WRC.TRR.inv+addrs: saw 4 SC results but expected 7

Test WRC.TRT1+dsb-tlbiis-dsb+dmb:
 p1:x0=0  p2:x0=0  p2:x2=0  : 240583
 p1:x0=1  p2:x0=0  p2:x2=0  : 66733
 p1:x0=1  p2:x0=0  p2:x2=1  : 43132
 p1:x0=0  p2:x0=0  p2:x2=1  : 141819
 p1:x0=0  p2:x0=1  p2:x2=1  : 6433
 p1:x0=1  p2:x0=1  p2:x2=1  : 1227
 p1:x0=0  p2:x0=1  p2:x2=0  : 73
Observation WRC.TRT1+dsb-tlbiis-dsb+dmb: 0 (of 500000)

Test WRC.TRT1+dsb-tlbiis-dsb+dsb-isb:
 p1:x0=0  p2:x0=0  p2:x2=0  : 268926
 p1:x0=1  p2:x0=0  p2:x2=1  : 29743
 p1:x0=0  p2:x0=0  p2:x2=1  : 131854
 p1:x0=1  p2:x0=0  p2:x2=0  : 63544
 p1:x0=0  p2:x0=1  p2:x2=1  : 4968
 p1:x0=0  p2:x0=1  p2:x2=0  : 118
 p1:x0=1  p2:x0=1  p2:x2=1  : 847
Observation WRC.TRT1+dsb-tlbiis-dsb+dsb-isb: 0 (of 500000)

Test WRC.TRT+addr+dmb:
 p1:x0=0  p2:x0=0  p2:x2=0  : 231858
 p1:x0=1  p2:x0=0  p2:x2=0  : 56225
 p1:x0=0  p2:x0=1  p2:x2=0  : 71282
 p1:x0=0  p2:x0=1  p2:x2=1  : 52191
 p1:x0=0  p2:x0=0  p2:x2=1  : 57306
 p1:x0=1  p2:x0=0  p2:x2=1  : 29226
 p1:x0=1  p2:x0=1  p2:x2=0  : 857 *
 p1:x0=1  p2:x0=1  p2:x2=1  : 1055
Observation WRC.TRT+addr+dmb: 857 (of 500000)

Test WRC.TRT+dmbs:
 p1:x0=0  p2:x0=1  p2:x2=0  : 76461
 p1:x0=0  p2:x0=0  p2:x2=0  : 209423
 p1:x0=0  p2:x0=1  p2:x2=1  : 53747
 p1:x0=0  p2:x0=0  p2:x2=1  : 42611
 p1:x0=1  p2:x0=0  p2:x2=0  : 75139
 p1:x0=1  p2:x0=0  p2:x2=1  : 38729
 p1:x0=1  p2:x0=1  p2:x2=1  : 2122
 p1:x0=1  p2:x0=1  p2:x2=0  : 1768 *
Observation WRC.TRT+dmbs: 1768 (of 500000)

Test WRC.TRT+dsb-isbs:
 p1:x0=1  p2:x0=0  p2:x2=0  : 75973
 p1:x0=0  p2:x0=0  p2:x2=0  : 227542
 p1:x0=0  p2:x0=1  p2:x2=0  : 55648
 p1:x0=0  p2:x0=1  p2:x2=1  : 45603
 p1:x0=1  p2:x0=0  p2:x2=1  : 38930
 p1:x0=0  p2:x0=0  p2:x2=1  : 52880
 p1:x0=1  p2:x0=1  p2:x2=1  : 1774
 p1:x0=1  p2:x0=1  p2:x2=0  : 1650 *
Observation WRC.TRT+dsb-isbs: 1650 (of 500000)

Test WRC.TRT.inv+addrs:
 p1:x0=1  p2:x0=0  p2:x2=0  : 21995
 p1:x0=0  p2:x0=0  p2:x2=0  : 116804
 p1:x0=0  p2:x0=0  p2:x2=1  : 231862
 p1:x0=0  p2:x0=1  p2:x2=1  : 22930
 p1:x0=1  p2:x0=0  p2:x2=1  : 101294
 p1:x0=1  p2:x0=1  p2:x2=1  : 4593
 p1:x0=0  p2:x0=1  p2:x2=0  : 522
Observation WRC.TRT.inv+addrs: 0 (of 500000)

Test WRC.TRT.inv+dsb-isbs:
 p1:x0=0  p2:x0=0  p2:x2=0  : 94525
 p1:x0=0  p2:x0=0  p2:x2=1  : 383118
 p1:x0=0  p2:x0=1  p2:x2=1  : 21921
 p1:x0=0  p2:x0=1  p2:x2=0  : 436
Observation WRC.TRT.inv+dsb-isbs: 0 (of 500000)
Warning on WRC.TRT.inv+dsb-isbs: saw 4 SC results but expected 7

Test WRC.TRT.inv+po+addr:
 p1:x0=0  p2:x0=0  p2:x2=1  : 338573
 p1:x0=0  p2:x0=0  p2:x2=0  : 118812
 p1:x0=0  p2:x0=1  p2:x2=1  : 41348
 p1:x0=0  p2:x0=1  p2:x2=0  : 1267
Observation WRC.TRT.inv+po+addr: 0 (of 500000)
Warning on WRC.TRT.inv+po+addr: saw 4 SC results but expected 7

Test WRC.TRT.inv+po+dmb:
 p1:x0=0  p2:x0=0  p2:x2=1  : 313195
 p1:x0=0  p2:x0=0  p2:x2=0  : 169019
 p1:x0=0  p2:x0=1  p2:x2=0  : 578
 p1:x0=0  p2:x0=1  p2:x2=1  : 17208
Observation WRC.TRT.inv+po+dmb: 0 (of 500000)
Warning on WRC.TRT.inv+po+dmb: saw 4 SC results but expected 7

Test CoWR.alias:
 p0:x2=1  : 500000
Observation CoWR.alias: 0 (of 500000)

Test MP+dmb-data+dmb:
 p1:x0=0  p1:x2=1  : 188274
 p1:x0=1  p1:x2=1  : 109466
 p1:x0=0  p1:x2=0  : 202260
Observation MP+dmb-data+dmb: 0 (of 500000)

Test MP+po-data+dmb:
 p1:x0=1  p1:x2=1  : 111595
 p1:x0=0  p1:x2=0  : 278860
 p1:x0=0  p1:x2=1  : 103147
 p1:x0=1  p1:x2=0  : 6398 *
Observation MP+po-data+dmb: 6398 (of 500000)

Test MP.alias2+dmb-data+dmb:
 p1:x0=1  p1:x2=1  : 54437
 p1:x0=0  p1:x2=0  : 305878
 p1:x0=0  p1:x2=1  : 139685
Observation MP.alias2+dmb-data+dmb: 0 (of 500000)

Test MP.alias2+po-data+dmb:
 p1:x0=0  p1:x2=1  : 80861
 p1:x0=0  p1:x2=0  : 325006
 p1:x0=1  p1:x2=1  : 85417
 p1:x0=1  p1:x2=0  : 8716 *
Observation MP.alias2+po-data+dmb: 8716 (of 500000)

Test MP.alias+dmbs:
 p1:x0=1  p1:x2=1  : 140851
 p1:x0=0  p1:x2=0  : 348248
 p1:x0=0  p1:x2=1  : 10901
Observation MP.alias+dmbs: 0 (of 500000)
Warning on MP.alias+dmbs: saw 3 SC results but expected 1

Test SB.alias+dmbs:
 p0:x2=1  p1:x2=1  : 500000
Observation SB.alias+dmbs: 0 (of 500000)
#elapsed time: 02:29:26
+ echo Starting bin/kvm_litmus.exe
Starting bin/kvm_litmus.exe
++ mktemp
+ tmp=/tmp/tmp.HgyPDwqDoS
+ base64 -d
+ zcat
+ qemu-system-aarch64 -nodefaults -machine virt,gic-version=host --enable-kvm -cpu host -device virtio-serial-device -device virtconsole -display none -serial stdio -kernel /tmp/tmp.HgyPDwqDoS -smp 4 -append '@all -n500k --no-verbose'
qemu-system-aarch64: warning: ITS KVM: full reset is not supported by the host kernel
#seed: 21038876
#pgtable: 1
#timing: 0
#no_runs: 500000
#sync_type: all
#aff_type: rand
#shuffle_type: rand
! skipping "MP.times+pos":  requires --perf

Test check1:
 exc=0  : 500000
Observation check1: 0 (of 500000)

Test check2:
 exc=0  : 500000
Observation check2: 0 (of 500000)

Test check3:
 p1:x0=1  p1:x2=0  : 162845
 p1:x0=0  p1:x2=1  : 122482
 p1:x0=0  p1:x2=0  : 214673
Observation check3: 0 (of 500000)

Test check4:
 p0:x0=0  : 500000
Observation check4: 0 (of 500000)

Test check5:
 p0:x0=1  : 500000
Observation check5: 0 (of 500000)

Test check6:
 p0:x0=0  : 500000
Observation check6: 0 (of 500000)

Test LB+pos:
 p0:x2=0  p1:x2=1  : 84116
 p0:x2=0  p1:x2=0  : 156824
 p0:x2=1  p1:x2=0  : 259060
Observation LB+pos: 0 (of 500000)

Test MP+dmbs:
 p1:x0=0  p1:x2=0  : 210499
 p1:x0=1  p1:x2=1  : 138589
 p1:x0=0  p1:x2=1  : 150912
Observation MP+dmbs: 0 (of 500000)

Test MP+pos:
 p1:x0=1  p1:x2=0  : 45894 *
 p1:x0=1  p1:x2=1  : 97981
 p1:x0=0  p1:x2=0  : 244823
 p1:x0=0  p1:x2=1  : 111302
Observation MP+pos: 45894 (of 500000)

Test SB+dmbs:
 p0:x2=0  p1:x2=1  : 119539
 p0:x2=1  p1:x2=0  : 233101
 p0:x2=1  p1:x2=1  : 147360
Observation SB+dmbs: 0 (of 500000)

Test SB+pos:
 p0:x2=0  p1:x2=1  : 103873
 p0:x2=1  p1:x2=0  : 261568
 p0:x2=0  p1:x2=0  : 51516 *
 p0:x2=1  p1:x2=1  : 83043
Observation SB+pos: 51516 (of 500000)

Test WRC+addrs:
 p1:x0=1  p2:x0=0  p2:x2=1  : 116175
 p1:x0=0  p2:x0=1  p2:x2=1  : 155796
 p1:x0=0  p2:x0=0  p2:x2=1  : 79121
 p1:x0=0  p2:x0=0  p2:x2=0  : 98389
 p1:x0=1  p2:x0=1  p2:x2=1  : 14379
 p1:x0=1  p2:x0=0  p2:x2=0  : 32534
 p1:x0=0  p2:x0=1  p2:x2=0  : 3606
Observation WRC+addrs: 0 (of 500000)

Test WRC+pos:
 p1:x0=0  p2:x0=0  p2:x2=0  : 79140
 p1:x0=1  p2:x0=0  p2:x2=1  : 132198
 p1:x0=0  p2:x0=1  p2:x2=0  : 36058
 p1:x0=0  p2:x0=1  p2:x2=1  : 100744
 p1:x0=1  p2:x0=0  p2:x2=0  : 73211
 p1:x0=0  p2:x0=0  p2:x2=1  : 60348
 p1:x0=1  p2:x0=1  p2:x2=1  : 17867
 p1:x0=1  p2:x0=1  p2:x2=0  : 434 *
Observation WRC+pos: 434 (of 500000)

Test LB+R-svc-W+R-svc-W:
 p0:x0=1  p1:x0=0  : 129258
 p0:x0=0  p1:x0=1  : 43513
 p0:x0=0  p1:x0=0  : 327229
Observation LB+R-svc-W+R-svc-W: 0 (of 500000)

Test MP+W-svc-W+addr:
 p1:x0=0  p1:x2=1  : 241353
 p1:x0=1  p1:x2=1  : 202835
 p1:x0=0  p1:x2=0  : 55812
Observation MP+W-svc-W+addr: 0 (of 500000)

Test MP+dmb+R-svc-eret-R:
 p1:x0=0  p1:x2=1  : 211533
 p1:x0=0  p1:x2=0  : 215649
 p1:x0=1  p1:x2=1  : 72818
Observation MP+dmb+R-svc-eret-R: 0 (of 500000)

Test MP+dmb+eret:
 p1:x0=1  p1:x2=1  : 108283
 p1:x0=0  p1:x2=0  : 230958
 p1:x0=0  p1:x2=1  : 160759
Observation MP+dmb+eret: 0 (of 500000)

Test MP+dmb+svc:
 p1:x0=1  p1:x2=1  : 72255
 p1:x0=0  p1:x2=0  : 209319
 p1:x0=0  p1:x2=1  : 218426
Observation MP+dmb+svc: 0 (of 500000)

Test MP+dmb+svc2-R-eret-R:
 p1:x0=1  p1:x2=1  : 177210
 p1:x0=0  p1:x2=1  : 229418
 p1:x0=0  p1:x2=0  : 93372
Observation MP+dmb+svc2-R-eret-R: 0 (of 500000)

Test MP+dmb+svc-R-eret-svc-R:
 p1:x0=0  p1:x2=1  : 330701
 p1:x0=1  p1:x2=1  : 100951
 p1:x0=0  p1:x2=0  : 68348
Observation MP+dmb+svc-R-eret-svc-R: 0 (of 500000)

Test MP+dmb+svc-R-svc-R:
 p1:x0=1  p1:x2=1  : 111261
 p1:x0=0  p1:x2=1  : 301363
 p1:x0=0  p1:x2=0  : 87376
Observation MP+dmb+svc-R-svc-R: 0 (of 500000)

Test MP+dmb+svc-R-svc-eret-R:
 p1:x0=0  p1:x2=1  : 274847
 p1:x0=0  p1:x2=0  : 92878
 p1:x0=1  p1:x2=1  : 132275
Observation MP+dmb+svc-R-svc-eret-R: 0 (of 500000)

Test MP+svc-W-eret-W+addr:
 p1:x0=0  p1:x2=0  : 137524
 p1:x0=1  p1:x2=1  : 191491
 p1:x0=0  p1:x2=1  : 170985
Observation MP+svc-W-eret-W+addr: 0 (of 500000)

Test SB+W-svc-R+W-svc-R:
 p0:x2=1  p1:x2=0  : 272163
 p0:x2=0  p1:x2=1  : 34851
 p0:x2=1  p1:x2=1  : 192973
 p0:x2=0  p1:x2=0  : 13 *
Observation SB+W-svc-R+W-svc-R: 13 (of 500000)

Test SB+svc-erets:
 p0:x2=0  p1:x2=1  : 68312
 p0:x2=1  p1:x2=0  : 258775
 p0:x2=1  p1:x2=1  : 172913
Observation SB+svc-erets: 0 (of 500000)

Test MP.BBM1+dsb-isb-tlbiis-dsb-isb-dsb-isb+dsb-isb:
 p1:x0=0  p1:x2=0  : 430401
 p1:x0=0  p1:x2=2  : 60363
 p1:x0=0  p1:x2=1  : 292
 p1:x0=1  p1:x2=1  : 8944
Observation MP.BBM1+dsb-isb-tlbiis-dsb-isb-dsb-isb+dsb-isb: 0 (of 500000)

Test MP.BBM1+dsb-tlbiis-dsb-dsb+dsb:
 p1:x0=0  p1:x2=2  : 62836
 p1:x0=0  p1:x2=0  : 427271
 p1:x0=1  p1:x2=1  : 9568
 p1:x0=0  p1:x2=1  : 325
Observation MP.BBM1+dsb-tlbiis-dsb-dsb+dsb: 0 (of 500000)

Test MP.BBM1+dsb-tlbiis-dsb-dsb+dsb-isb:
 p1:x0=1  p1:x2=1  : 5286
 p1:x0=0  p1:x2=0  : 439473
 p1:x0=0  p1:x2=2  : 55010
 p1:x0=0  p1:x2=1  : 231
Observation MP.BBM1+dsb-tlbiis-dsb-dsb+dsb-isb: 0 (of 500000)

Test MP.BBM1+dsb-tlbiis-dsb-dsb-isb+dsb:
 p1:x0=0  p1:x2=0  : 452947
 p1:x0=0  p1:x2=2  : 42741
 p1:x0=0  p1:x2=1  : 130
 p1:x0=1  p1:x2=1  : 4182
Observation MP.BBM1+dsb-tlbiis-dsb-dsb-isb+dsb: 0 (of 500000)

Test MP.BBM1+dsb-tlbiis-dsb-dsb-isb+dsb-isb:
 p1:x0=0  p1:x2=0  : 430267
 p1:x0=0  p1:x2=2  : 65665
 p1:x0=0  p1:x2=1  : 262
 p1:x0=1  p1:x2=1  : 3806
Observation MP.BBM1+dsb-tlbiis-dsb-dsb-isb+dsb-isb: 0 (of 500000)

Test MP.BBM1.id+dsb-tlbiis-dsb-dsb+dsb-isb:
 p1:x0=1  p1:x2=0  : 1 *
 p1:x0=0  p1:x2=2  : 75235
 p1:x0=0  p1:x2=0  : 419377
 p1:x0=0  p1:x2=1  : 283
 p1:x0=1  p1:x2=1  : 5104
Observation MP.BBM1.id+dsb-tlbiis-dsb-dsb+dsb-isb: 1 (of 500000)

Test CoRT:
 p1:x0=1  p1:x2=1  : 29905
 p1:x0=1  p1:x2=0  : 28658 *
 p1:x0=0  p1:x2=1  : 86385
 p1:x0=0  p1:x2=0  : 355052
Observation CoRT: 28658 (of 500000)

Test CoRT+dsb-isb:
 p1:x0=0  p1:x2=0  : 453868
 p1:x0=1  p1:x2=1  : 10171
 p1:x0=0  p1:x2=1  : 26808
 p1:x0=1  p1:x2=0  : 9153 *
Observation CoRT+dsb-isb: 9153 (of 500000)

Test CoTR:
 p1:x0=0  p1:x2=0  : 371048
 p1:x0=1  p1:x2=1  : 36248
 p1:x0=0  p1:x2=1  : 35853
 p1:x0=1  p1:x2=0  : 56851 *
Observation CoTR: 56851 (of 500000)

Test CoTR1+dsb-dc-dsb-tlbi-dsb-isb:
 p1:x0=0  p1:x2=0  : 2443
 p1:x0=1  p1:x2=1  : 41255
 p1:x0=0  p1:x2=1  : 456302
Observation CoTR1+dsb-dc-dsb-tlbi-dsb-isb: 0 (of 500000)

Test CoTR1+dsb-tlbi-dsb-isb:
 p1:x0=0  p1:x2=0  : 1727
 p1:x0=0  p1:x2=1  : 453940
 p1:x0=1  p1:x2=1  : 44333
Observation CoTR1+dsb-tlbi-dsb-isb: 0 (of 500000)

Test CoTR1.tlbi+dsb-isb:
 p1:x0=0  p1:x2=0  : 3585
 p1:x0=1  p1:x2=1  : 492915
 p1:x0=0  p1:x2=1  : 3500
Observation CoTR1.tlbi+dsb-isb: 0 (of 500000)

Test CoTR+addr:
 p1:x0=0  p1:x2=0  : 303511
 p1:x0=0  p1:x2=1  : 71832
 p1:x0=1  p1:x2=1  : 124657
Observation CoTR+addr: 0 (of 500000)

Test CoTR+dmb:
 p1:x0=0  p1:x2=0  : 306130
 p1:x0=1  p1:x2=1  : 118802
 p1:x0=0  p1:x2=1  : 75068
Observation CoTR+dmb: 0 (of 500000)

Test CoTR+dsb:
 p1:x0=0  p1:x2=0  : 302356
 p1:x0=1  p1:x2=1  : 93587
 p1:x0=0  p1:x2=1  : 104057
Observation CoTR+dsb: 0 (of 500000)

Test CoTR+dsb-isb:
 p1:x0=0  p1:x2=0  : 251256
 p1:x0=1  p1:x2=1  : 123621
 p1:x0=0  p1:x2=1  : 125123
Observation CoTR+dsb-isb: 0 (of 500000)

Test CoTR.inv:
 p1:x0=0  p1:x2=0  : 23284
 p1:x0=1  p1:x2=1  : 9881
 p1:x0=0  p1:x2=1  : 153364
 p1:x0=1  p1:x2=0  : 313471 *
Observation CoTR.inv: 313471 (of 500000)

Test CoTR.inv+dsb-isb:
 p1:x0=1  p1:x2=1  : 325396
 p1:x0=0  p1:x2=0  : 9250
 p1:x0=0  p1:x2=1  : 165354
Observation CoTR.inv+dsb-isb: 0 (of 500000)

Test CoTT:
 p1:x0=0  p1:x2=0  : 396032
 p1:x0=1  p1:x2=1  : 103968
Observation CoTT: 0 (of 500000)
Warning on CoTT: saw 2 SC results but expected 3

Test CoWT:
 p0:x2=1  : 250244 *
 p0:x2=2  : 249756
Observation CoWT: 250244 (of 500000)

Test CoWT1+dsb-tlbi-dsb:
 p0:x3=1  : 500000
Observation CoWT1+dsb-tlbi-dsb: 0 (of 500000)

Test CoWT1+dsb-tlbi-dsb-isb:
 p0:x3=1  : 500000
Observation CoWT1+dsb-tlbi-dsb-isb: 0 (of 500000)

Test CoWT+dsb:
 p0:x2=1  : 250078 *
 p0:x2=2  : 249922
Observation CoWT+dsb: 250078 (of 500000)

Test CoWT+dsb-isb:
 p0:x2=1  : 250058 *
 p0:x2=2  : 249942
Observation CoWT+dsb-isb: 250058 (of 500000)

Test CoWT+dsb-svc-tlbi-dsb:
 p0:x2=2  : 500000
Observation CoWT+dsb-svc-tlbi-dsb: 0 (of 500000)

Test CoWT.inv:
 p0:x2=1  : 500000
Observation CoWT.inv: 0 (of 500000)

Test CoWT.inv+dmb:
 p0:x2=1  : 500000
Observation CoWT.inv+dmb: 0 (of 500000)

Test CoWT.inv+dsb:
 p0:x2=1  : 499999
 p0:x2=0  : 1 *
Observation CoWT.inv+dsb: 1 (of 500000)

Test CoWT.inv+dsb-isb:
 p0:x2=1  : 500000
Observation CoWT.inv+dsb-isb: 0 (of 500000)

Test CoWinvT:
 p0:x2=0  : 268535 *
 p0:x2=1  : 231465
Observation CoWinvT: 268535 (of 500000)

Test CoWinvT1+dsb-tlbi-dsb:
 p0:x2=1  : 500000
Observation CoWinvT1+dsb-tlbi-dsb: 0 (of 500000)

Test CoWinvT+dsb-isb:
 p0:x2=0  : 273582 *
 p0:x2=1  : 226418
Observation CoWinvT+dsb-isb: 273582 (of 500000)

Test CoWinvWT1+dsb-tlbi-dsb-dsb-isb:
 p0:x5=1  : 500000
Observation CoWinvWT1+dsb-tlbi-dsb-dsb-isb: 0 (of 500000)

Test ISA2.TRR+dmb+po+dmb:
 p1:x0=0  p2:x0=0  p2:x2=0  : 202917
 p1:x0=1  p2:x0=0  p2:x2=1  : 16278
 p1:x0=0  p2:x0=1  p2:x2=1  : 122388
 p1:x0=0  p2:x0=0  p2:x2=1  : 134104
 p1:x0=0  p2:x0=1  p2:x2=0  : 18161
 p1:x0=1  p2:x0=0  p2:x2=0  : 5942
 p1:x0=1  p2:x0=1  p2:x2=1  : 210
Observation ISA2.TRR+dmb+po+dmb: 0 (of 500000)

Test MP.RT1+dc-dsb-tlbiall-dsb+dsb-isb:
 p1:x0=0  p1:x2=0  : 415037
 p1:x0=0  p1:x2=1  : 78004
 p1:x0=1  p1:x2=1  : 6959
Observation MP.RT1+dc-dsb-tlbiall-dsb+dsb-isb: 0 (of 500000)

Test MP.RT1+dc-dsb-tlbiall-dsb-isb+dsb-isb:
 p1:x0=0  p1:x2=0  : 398068
 p1:x0=1  p1:x2=1  : 3575
 p1:x0=0  p1:x2=1  : 98357
Observation MP.RT1+dc-dsb-tlbiall-dsb-isb+dsb-isb: 0 (of 500000)

Test MP.RT1+[dmb.ld]-dmb+dsb-isb:
 p0:x2=1  p1:x0=0  p2:x0=0  p2:x2=0  : 130097
 p0:x2=0  p1:x0=1  p2:x0=0  p2:x2=0  : 60004
 p0:x2=0  p1:x0=0  p2:x0=0  p2:x2=0  : 94484
 p0:x2=0  p1:x0=0  p2:x0=1  p2:x2=0  : 23247
 p0:x2=1  p1:x0=0  p2:x0=0  p2:x2=1  : 43977
 p0:x2=0  p1:x0=0  p2:x0=0  p2:x2=1  : 45935
 p0:x2=0  p1:x0=1  p2:x0=1  p2:x2=1  : 15073
 p0:x2=1  p1:x0=0  p2:x0=1  p2:x2=0  : 4273
 p0:x2=0  p1:x0=0  p2:x0=1  p2:x2=1  : 24401
 p0:x2=0  p1:x0=1  p2:x0=1  p2:x2=0  : 14413
 p0:x2=0  p1:x0=1  p2:x0=0  p2:x2=1  : 37296
 p0:x2=1  p1:x0=0  p2:x0=1  p2:x2=1  : 4572
 p0:x2=1  p1:x0=1  p2:x0=0  p2:x2=1  : 939
 p0:x2=1  p1:x0=1  p2:x0=0  p2:x2=0  : 1252
 p0:x2=1  p1:x0=1  p2:x0=1  p2:x2=1  : 19
 p0:x2=1  p1:x0=1  p2:x0=1  p2:x2=0  : 18 *
Observation MP.RT1+[dmb.ld]-dmb+dsb-isb: 18 (of 500000)
Warning on MP.RT1+[dmb.ld]-dmb+dsb-isb: saw 15 SC results but expected 12

Test MP.RT1+[dmb.ld]-dsb-tlbiis-dsb-isb+dmb:
 p0:x2=0  p1:x0=1  p2:x0=0  p2:x2=0  : 84476
 p0:x2=1  p1:x0=0  p2:x0=0  p2:x2=0  : 122497
 p0:x2=0  p1:x0=0  p2:x0=0  p2:x2=0  : 118216
 p0:x2=0  p1:x0=1  p2:x0=0  p2:x2=1  : 62642
 p0:x2=0  p1:x0=0  p2:x0=0  p2:x2=1  : 68479
 p0:x2=1  p1:x0=0  p2:x0=0  p2:x2=1  : 38452
 p0:x2=0  p1:x0=1  p2:x0=1  p2:x2=1  : 1019
 p0:x2=0  p1:x0=0  p2:x0=1  p2:x2=1  : 2514
 p0:x2=1  p1:x0=0  p2:x0=1  p2:x2=1  : 1656
 p0:x2=1  p1:x0=1  p2:x0=0  p2:x2=0  : 36
 p0:x2=1  p1:x0=1  p2:x0=0  p2:x2=1  : 13
Observation MP.RT1+[dmb.ld]-dsb-tlbiis-dsb-isb+dmb: 0 (of 500000)
Warning on MP.RT1+[dmb.ld]-dsb-tlbiis-dsb-isb+dmb: saw 11 SC results but expected 12

Test MP.RT1+dsb-isb-tlbiis-dsb-isb+dsb-isb:
 p1:x0=0  p1:x2=0  : 418222
 p1:x0=0  p1:x2=1  : 76507
 p1:x0=1  p1:x2=1  : 5271
Observation MP.RT1+dsb-isb-tlbiis-dsb-isb+dsb-isb: 0 (of 500000)

Test MP.RT1+dsb-tlbiall-dsb+dsb-isb:
 p1:x0=1  p1:x2=1  : 4467
 p1:x0=0  p1:x2=1  : 129314
 p1:x0=0  p1:x2=0  : 366219
Observation MP.RT1+dsb-tlbiall-dsb+dsb-isb: 0 (of 500000)

Test MP.RT1+dsb-tlbiallis-dsb+dsb-isb:
 p1:x0=0  p1:x2=1  : 95367
 p1:x0=1  p1:x2=1  : 5017
 p1:x0=0  p1:x2=0  : 399616
Observation MP.RT1+dsb-tlbiallis-dsb+dsb-isb: 0 (of 500000)

Test MP.RT1+dsb-tlbi-dsb+dsb-isb:
 p1:x0=1  p1:x2=1  : 2509
 p1:x0=0  p1:x2=1  : 85158
 p1:x0=0  p1:x2=0  : 412333
Observation MP.RT1+dsb-tlbi-dsb+dsb-isb: 0 (of 500000)

Test MP.RT1+dsb-tlbiis-dsb+dsb-isb:
 p1:x0=0  p1:x2=0  : 411317
 p1:x0=0  p1:x2=1  : 85585
 p1:x0=1  p1:x2=1  : 3098
Observation MP.RT1+dsb-tlbiis-dsb+dsb-isb: 0 (of 500000)

Test MP.RT1+dsb-tlbiis-dsb-isb+dmb:
 p1:x0=0  p1:x2=0  : 410019
 p1:x0=0  p1:x2=1  : 86630
 p1:x0=1  p1:x2=1  : 3351
Observation MP.RT1+dsb-tlbiis-dsb-isb+dmb: 0 (of 500000)

Test MP.RT1+dsb-tlbiis-dsb-isb+dsb-isb:
 p1:x0=0  p1:x2=0  : 430204
 p1:x0=0  p1:x2=1  : 65709
 p1:x0=1  p1:x2=1  : 4087
Observation MP.RT1+dsb-tlbiis-dsb-isb+dsb-isb: 0 (of 500000)

Test MP.RT1+dsb-tlbiis-dsb-tlbiis-dsb+dsb-isb:
 p1:x0=0  p1:x2=0  : 426463
 p1:x0=1  p1:x2=1  : 3854
 p1:x0=0  p1:x2=1  : 69683
Observation MP.RT1+dsb-tlbiis-dsb-tlbiis-dsb+dsb-isb: 0 (of 500000)

Test MP.RT+svc-dsb-tlbi-dsb+dsb-isb:
 p1:x0=1  p1:x2=1  : 7553
 p1:x0=0  p1:x2=0  : 369188
 p1:x0=0  p1:x2=1  : 123259
Observation MP.RT+svc-dsb-tlbi-dsb+dsb-isb: 0 (of 500000)

Test MP.RT+svc-dsb-tlbiis-dsb+dsb-isb:
 p1:x0=0  p1:x2=0  : 379863
 p1:x0=0  p1:x2=1  : 113583
 p1:x0=1  p1:x2=1  : 6554
Observation MP.RT+svc-dsb-tlbiis-dsb+dsb-isb: 0 (of 500000)

Test MP.RT.inv+dmb+addr:
 p1:x0=0  p1:x2=0  : 259929
 p1:x0=1  p1:x2=1  : 55692
 p1:x0=0  p1:x2=1  : 184379
Observation MP.RT.inv+dmb+addr: 0 (of 500000)

Test MP.RT.inv+dmb+po:
 p1:x0=0  p1:x2=1  : 191014
 p1:x0=1  p1:x2=1  : 85078
 p1:x0=0  p1:x2=0  : 223908
Observation MP.RT.inv+dmb+po: 0 (of 500000)

Test MP.TT+Winv-dmb-Winv+tpo:
 p1:x0=0  p1:x2=0  : 396544
 p1:x0=0  p1:x2=1  : 98880
 p1:x0=1  p1:x2=1  : 2390
 p1:x0=1  p1:x2=0  : 2186 *
Observation MP.TT+Winv-dmb-Winv+tpo: 2186 (of 500000)

Test MP.TT+dmb+dsb-isb:
 p1:x0=0  p1:x2=0  : 465808
 p1:x0=0  p1:x2=1  : 31516
 p1:x0=1  p1:x2=0  : 1352 *
 p1:x0=1  p1:x2=1  : 1324
Observation MP.TT+dmb+dsb-isb: 1352 (of 500000)

Test MP.TT+dmb+tpo:
 p1:x0=0  p1:x2=0  : 408375
 p1:x0=0  p1:x2=1  : 85077
 p1:x0=1  p1:x2=0  : 3095 *
 p1:x0=1  p1:x2=1  : 3453
Observation MP.TT+dmb+tpo: 3095 (of 500000)

Test MP.TT.inv+dmb+dsb-isb:
 p1:x0=1  p1:x2=1  : 85645
 p1:x0=0  p1:x2=1  : 405729
 p1:x0=0  p1:x2=0  : 8626
Observation MP.TT.inv+dmb+dsb-isb: 0 (of 500000)

Test MP.TT.inv+dmb+tpo:
 p1:x0=0  p1:x2=1  : 395478
 p1:x0=1  p1:x2=1  : 75039
 p1:x0=0  p1:x2=0  : 29483
Observation MP.TT.inv+dmb+tpo: 0 (of 500000)

Test MP.invRT1+dsb-isb-tlbiis-dsb-isb+dsb-isb:
 p1:x0=0  p1:x2=0  : 370526
 p1:x0=0  p1:x2=1  : 124563
 p1:x0=1  p1:x2=1  : 4911
Observation MP.invRT1+dsb-isb-tlbiis-dsb-isb+dsb-isb: 0 (of 500000)

Test MP.invRT1+dsb-tlbiis-dsb+dsb:
 p1:x0=0  p1:x2=1  : 121977
 p1:x0=0  p1:x2=0  : 373670
 p1:x0=1  p1:x2=1  : 4353
Observation MP.invRT1+dsb-tlbiis-dsb+dsb: 0 (of 500000)

Test MP.invRT1+dsb-tlbiis-dsb+dsb-isb:
 p1:x0=0  p1:x2=0  : 373454
 p1:x0=0  p1:x2=1  : 122620
 p1:x0=1  p1:x2=1  : 3926
Observation MP.invRT1+dsb-tlbiis-dsb+dsb-isb: 0 (of 500000)

Test MP.invRT+dsb+dsb-isb:
 p1:x0=0  p1:x2=0  : 367015
 p1:x0=1  p1:x2=1  : 76573
 p1:x0=1  p1:x2=0  : 8717 *
 p1:x0=0  p1:x2=1  : 47695
Observation MP.invRT+dsb+dsb-isb: 8717 (of 500000)

Test WRC.AT+ctrl+dsb:
 p1:x2=1  p2:x0=1  p2:x2=0  : 75631
 p1:x2=1  p2:x0=1  p2:x2=1  : 62050
 p1:x2=0  p2:x0=0  p2:x2=0  : 96355
 p1:x2=1  p2:x0=0  p2:x2=1  : 49583
 p1:x2=1  p2:x0=0  p2:x2=0  : 154587
 p1:x2=0  p2:x0=0  p2:x2=1  : 59835
 p1:x2=0  p2:x0=1  p2:x2=1  : 1028
 p1:x2=0  p2:x0=1  p2:x2=0  : 931 *
Observation WRC.AT+ctrl+dsb: 931 (of 500000)

Test WRC.TRR+addr+dmb:
 p1:x0=0  p2:x0=1  p2:x2=1  : 84488
 p1:x0=0  p2:x0=0  p2:x2=1  : 268762
 p1:x0=1  p2:x0=0  p2:x2=1  : 145685
 p1:x0=1  p2:x0=1  p2:x2=1  : 1065
Observation WRC.TRR+addr+dmb: 0 (of 500000)
Warning on WRC.TRR+addr+dmb: saw 4 SC results but expected 7

Test WRC.TRR.inv+addrs:
 p1:x0=0  p2:x0=0  p2:x2=1  : 330712
 p1:x0=0  p2:x0=1  p2:x2=1  : 67632
 p1:x0=1  p2:x0=0  p2:x2=1  : 99049
 p1:x0=1  p2:x0=1  p2:x2=1  : 2607
Observation WRC.TRR.inv+addrs: 0 (of 500000)
Warning on WRC.TRR.inv+addrs: saw 4 SC results but expected 7

Test WRC.TRT1+dsb-tlbiis-dsb+dmb:
 p1:x0=0  p2:x0=0  p2:x2=0  : 251314
 p1:x0=0  p2:x0=0  p2:x2=1  : 186406
 p1:x0=1  p2:x0=0  p2:x2=0  : 34358
 p1:x0=1  p2:x0=0  p2:x2=1  : 23663
 p1:x0=0  p2:x0=1  p2:x2=1  : 3567
 p1:x0=0  p2:x0=1  p2:x2=0  : 69
 p1:x0=1  p2:x0=1  p2:x2=1  : 623
Observation WRC.TRT1+dsb-tlbiis-dsb+dmb: 0 (of 500000)

Test WRC.TRT1+dsb-tlbiis-dsb+dsb-isb:
 p1:x0=0  p2:x0=0  p2:x2=0  : 260447
 p1:x0=0  p2:x0=0  p2:x2=1  : 181980
 p1:x0=1  p2:x0=0  p2:x2=1  : 21050
 p1:x0=1  p2:x0=0  p2:x2=0  : 32095
 p1:x0=0  p2:x0=1  p2:x2=1  : 3784
 p1:x0=1  p2:x0=1  p2:x2=1  : 579
 p1:x0=0  p2:x0=1  p2:x2=0  : 65
Observation WRC.TRT1+dsb-tlbiis-dsb+dsb-isb: 0 (of 500000)

Test WRC.TRT+addr+dmb:
 p1:x0=0  p2:x0=0  p2:x2=0  : 154367
 p1:x0=0  p2:x0=1  p2:x2=0  : 101192
 p1:x0=1  p2:x0=0  p2:x2=0  : 41406
 p1:x0=0  p2:x0=0  p2:x2=1  : 82489
 p1:x0=0  p2:x0=1  p2:x2=1  : 87631
 p1:x0=1  p2:x0=0  p2:x2=1  : 31980
 p1:x0=1  p2:x0=1  p2:x2=0  : 430 *
 p1:x0=1  p2:x0=1  p2:x2=1  : 505
Observation WRC.TRT+addr+dmb: 430 (of 500000)

Test WRC.TRT+dmbs:
 p1:x0=0  p2:x0=0  p2:x2=0  : 154315
 p1:x0=0  p2:x0=1  p2:x2=0  : 73597
 p1:x0=1  p2:x0=0  p2:x2=0  : 92224
 p1:x0=0  p2:x0=1  p2:x2=1  : 61580
 p1:x0=0  p2:x0=0  p2:x2=1  : 57423
 p1:x0=1  p2:x0=0  p2:x2=1  : 59888
 p1:x0=1  p2:x0=1  p2:x2=1  : 549
 p1:x0=1  p2:x0=1  p2:x2=0  : 424 *
Observation WRC.TRT+dmbs: 424 (of 500000)

Test WRC.TRT+dsb-isbs:
 p1:x0=0  p2:x0=0  p2:x2=0  : 164844
 p1:x0=0  p2:x0=1  p2:x2=0  : 66904
 p1:x0=1  p2:x0=0  p2:x2=1  : 56170
 p1:x0=1  p2:x0=0  p2:x2=0  : 84271
 p1:x0=0  p2:x0=1  p2:x2=1  : 56759
 p1:x0=0  p2:x0=0  p2:x2=1  : 68868
 p1:x0=1  p2:x0=1  p2:x2=0  : 1098 *
 p1:x0=1  p2:x0=1  p2:x2=1  : 1086
Observation WRC.TRT+dsb-isbs: 1098 (of 500000)

Test WRC.TRT.inv+addrs:
 p1:x0=0  p2:x0=1  p2:x2=1  : 29789
 p1:x0=1  p2:x0=0  p2:x2=1  : 125573
 p1:x0=1  p2:x0=0  p2:x2=0  : 59606
 p1:x0=0  p2:x0=0  p2:x2=1  : 192061
 p1:x0=0  p2:x0=0  p2:x2=0  : 90735
 p1:x0=0  p2:x0=1  p2:x2=0  : 566
 p1:x0=1  p2:x0=1  p2:x2=1  : 1670
Observation WRC.TRT.inv+addrs: 0 (of 500000)

Test WRC.TRT.inv+dsb-isbs:
 p1:x0=0  p2:x0=0  p2:x2=1  : 367441
 p1:x0=0  p2:x0=1  p2:x2=1  : 62232
 p1:x0=0  p2:x0=0  p2:x2=0  : 69685
 p1:x0=0  p2:x0=1  p2:x2=0  : 642
Observation WRC.TRT.inv+dsb-isbs: 0 (of 500000)
Warning on WRC.TRT.inv+dsb-isbs: saw 4 SC results but expected 7

Test WRC.TRT.inv+po+addr:
 p1:x0=0  p2:x0=0  p2:x2=0  : 155034
 p1:x0=0  p2:x0=1  p2:x2=1  : 42029
 p1:x0=0  p2:x0=0  p2:x2=1  : 302078
 p1:x0=0  p2:x0=1  p2:x2=0  : 859
Observation WRC.TRT.inv+po+addr: 0 (of 500000)
Warning on WRC.TRT.inv+po+addr: saw 4 SC results but expected 7

Test WRC.TRT.inv+po+dmb:
qemu-system-aarch64: terminating on signal 15 from pid 754 (killall)
