+ echo Starting bin/kvm_litmus.exe
Starting bin/kvm_litmus.exe
++ mktemp
+ tmp=/tmp/tmp.gk7s4x4lNw
+ base64 -d
+ zcat
+ qemu-system-aarch64 -nodefaults -machine virt,gic-version=host --enable-kvm -cpu host -device virtio-serial-device -device virtconsole -display none -serial stdio -kernel /tmp/tmp.gk7s4x4lNw -smp 4 -append '@all -n500k --no-verbose'
qemu-system-aarch64: warning: ITS KVM: full reset is not supported by the host kernel
#seed: 12972381
#pgtable: 1
#timing: 0
#no_runs: 500000
#sync_type: all
#aff_type: rand
#shuffle_type: rand
! skipping "MP.times+pos":  requires --perf

Test check1:
 exc=0  : 500000
Observation check1: 0 (of 500000)

Test check2:
 exc=0  : 500000
Observation check2: 0 (of 500000)

Test check3:
 p1:x0=0  p1:x2=0  : 190137
 p1:x0=0  p1:x2=1  : 130757
 p1:x0=1  p1:x2=0  : 179106
Observation check3: 0 (of 500000)

Test check4:
 p0:x0=0  : 500000
Observation check4: 0 (of 500000)

Test check5:
 p0:x0=1  : 500000
Observation check5: 0 (of 500000)

Test check6:
 p0:x0=0  : 500000
Observation check6: 0 (of 500000)

Test LB+pos:
 p0:x2=1  p1:x2=0  : 199474
 p0:x2=0  p1:x2=1  : 103664
 p0:x2=0  p1:x2=0  : 196862
Observation LB+pos: 0 (of 500000)

Test MP+dmbs:
 p1:x0=0  p1:x2=0  : 191380
 p1:x0=1  p1:x2=1  : 140054
 p1:x0=0  p1:x2=1  : 168566
Observation MP+dmbs: 0 (of 500000)

Test MP+pos:
 p1:x0=0  p1:x2=0  : 226786
 p1:x0=1  p1:x2=1  : 110843
 p1:x0=0  p1:x2=1  : 99401
 p1:x0=1  p1:x2=0  : 62970 *
Observation MP+pos: 62970 (of 500000)

Test SB+dmbs:
 p0:x2=0  p1:x2=1  : 134319
 p0:x2=1  p1:x2=0  : 244472
 p0:x2=1  p1:x2=1  : 121209
Observation SB+dmbs: 0 (of 500000)

Test SB+pos:
 p0:x2=0  p1:x2=1  : 100814
 p0:x2=0  p1:x2=0  : 54668 *
 p0:x2=1  p1:x2=0  : 263674
 p0:x2=1  p1:x2=1  : 80844
Observation SB+pos: 54668 (of 500000)

Test WRC+addrs:
 p1:x0=0  p2:x0=1  p2:x2=0  : 6931
 p1:x0=0  p2:x0=0  p2:x2=0  : 111603
 p1:x0=0  p2:x0=0  p2:x2=1  : 72959
 p1:x0=0  p2:x0=1  p2:x2=1  : 135749
 p1:x0=1  p2:x0=0  p2:x2=1  : 126583
 p1:x0=1  p2:x0=0  p2:x2=0  : 37765
 p1:x0=1  p2:x0=1  p2:x2=1  : 8410
Observation WRC+addrs: 0 (of 500000)

Test WRC+pos:
 p1:x0=0  p2:x0=0  p2:x2=0  : 123222
 p1:x0=1  p2:x0=0  p2:x2=1  : 120301
 p1:x0=1  p2:x0=0  p2:x2=0  : 85497
 p1:x0=0  p2:x0=1  p2:x2=1  : 76021
 p1:x0=0  p2:x0=1  p2:x2=0  : 42958
 p1:x0=0  p2:x0=0  p2:x2=1  : 44352
 p1:x0=1  p2:x0=1  p2:x2=1  : 7618
 p1:x0=1  p2:x0=1  p2:x2=0  : 31 *
Observation WRC+pos: 31 (of 500000)

Test LB+R-svc-W+R-svc-W:
 p0:x0=1  p1:x0=0  : 94164
 p0:x0=0  p1:x0=1  : 36375
 p0:x0=0  p1:x0=0  : 369461
Observation LB+R-svc-W+R-svc-W: 0 (of 500000)

Test MP+W-svc-W+addr:
 p1:x0=0  p1:x2=0  : 93961
 p1:x0=1  p1:x2=1  : 156737
 p1:x0=0  p1:x2=1  : 249302
Observation MP+W-svc-W+addr: 0 (of 500000)

Test MP+dmb+R-svc-eret-R:
 p1:x0=0  p1:x2=0  : 214016
 p1:x0=1  p1:x2=1  : 69085
 p1:x0=0  p1:x2=1  : 216899
Observation MP+dmb+R-svc-eret-R: 0 (of 500000)

Test MP+dmb+eret:
 p1:x0=0  p1:x2=0  : 217691
 p1:x0=1  p1:x2=1  : 120496
 p1:x0=0  p1:x2=1  : 161813
Observation MP+dmb+eret: 0 (of 500000)

Test MP+dmb+svc:
 p1:x0=0  p1:x2=0  : 201461
 p1:x0=0  p1:x2=1  : 231136
 p1:x0=1  p1:x2=1  : 67403
Observation MP+dmb+svc: 0 (of 500000)

Test MP+dmb+svc2-R-eret-R:
 p1:x0=0  p1:x2=0  : 115781
 p1:x0=1  p1:x2=1  : 163546
 p1:x0=0  p1:x2=1  : 220673
Observation MP+dmb+svc2-R-eret-R: 0 (of 500000)

Test MP+dmb+svc-R-eret-svc-R:
 p1:x0=0  p1:x2=0  : 78361
 p1:x0=1  p1:x2=1  : 104810
 p1:x0=0  p1:x2=1  : 316829
Observation MP+dmb+svc-R-eret-svc-R: 0 (of 500000)

Test MP+dmb+svc-R-svc-R:
 p1:x0=0  p1:x2=0  : 87423
 p1:x0=1  p1:x2=1  : 116413
 p1:x0=0  p1:x2=1  : 296164
Observation MP+dmb+svc-R-svc-R: 0 (of 500000)

Test MP+dmb+svc-R-svc-eret-R:
 p1:x0=1  p1:x2=1  : 147592
 p1:x0=0  p1:x2=1  : 188009
 p1:x0=0  p1:x2=0  : 164399
Observation MP+dmb+svc-R-svc-eret-R: 0 (of 500000)

Test MP+svc-W-eret-W+addr:
 p1:x0=1  p1:x2=1  : 132271
 p1:x0=0  p1:x2=0  : 175320
 p1:x0=0  p1:x2=1  : 192409
Observation MP+svc-W-eret-W+addr: 0 (of 500000)

Test SB+W-svc-R+W-svc-R:
 p0:x2=1  p1:x2=0  : 262494
 p0:x2=0  p1:x2=1  : 34912
 p0:x2=1  p1:x2=1  : 202591
 p0:x2=0  p1:x2=0  : 3 *
Observation SB+W-svc-R+W-svc-R: 3 (of 500000)

Test SB+svc-erets:
 p0:x2=1  p1:x2=0  : 267064
 p0:x2=0  p1:x2=1  : 47195
 p0:x2=1  p1:x2=1  : 185741
Observation SB+svc-erets: 0 (of 500000)

Test MP.BBM1+dsb-isb-tlbiis-dsb-isb-dsb-isb+dsb-isb:
 p1:x0=0  p1:x2=0  : 446090
 p1:x0=0  p1:x2=2  : 48570
 p1:x0=1  p1:x2=1  : 5120
 p1:x0=0  p1:x2=1  : 220
Observation MP.BBM1+dsb-isb-tlbiis-dsb-isb-dsb-isb+dsb-isb: 0 (of 500000)

Test MP.BBM1+dsb-tlbiis-dsb-dsb+dsb:
 p1:x0=0  p1:x2=0  : 439916
 p1:x0=0  p1:x2=2  : 53469
 p1:x0=1  p1:x2=1  : 6401
 p1:x0=0  p1:x2=1  : 214
Observation MP.BBM1+dsb-tlbiis-dsb-dsb+dsb: 0 (of 500000)

Test MP.BBM1+dsb-tlbiis-dsb-dsb+dsb-isb:
 p1:x0=0  p1:x2=0  : 457091
 p1:x0=0  p1:x2=2  : 35109
 p1:x0=0  p1:x2=1  : 446
 p1:x0=1  p1:x2=1  : 7354
Observation MP.BBM1+dsb-tlbiis-dsb-dsb+dsb-isb: 0 (of 500000)

Test MP.BBM1+dsb-tlbiis-dsb-dsb-isb+dsb:
 p1:x0=0  p1:x2=0  : 464450
 p1:x0=0  p1:x2=2  : 29252
 p1:x0=1  p1:x2=1  : 6071
 p1:x0=0  p1:x2=1  : 227
Observation MP.BBM1+dsb-tlbiis-dsb-dsb-isb+dsb: 0 (of 500000)

Test MP.BBM1+dsb-tlbiis-dsb-dsb-isb+dsb-isb:
 p1:x0=1  p1:x2=1  : 5854
 p1:x0=0  p1:x2=0  : 439451
 p1:x0=0  p1:x2=2  : 54436
 p1:x0=0  p1:x2=1  : 259
Observation MP.BBM1+dsb-tlbiis-dsb-dsb-isb+dsb-isb: 0 (of 500000)

Test MP.BBM1.id+dsb-tlbiis-dsb-dsb+dsb-isb:
 p1:x0=0  p1:x2=0  : 415666
 p1:x0=0  p1:x2=2  : 79997
 p1:x0=1  p1:x2=1  : 4075
 p1:x0=0  p1:x2=1  : 261
 p1:x0=1  p1:x2=0  : 1 *
Observation MP.BBM1.id+dsb-tlbiis-dsb-dsb+dsb-isb: 1 (of 500000)

Test CoRT:
 p1:x0=1  p1:x2=1  : 22643
 p1:x0=0  p1:x2=0  : 344886
 p1:x0=1  p1:x2=0  : 19671 *
 p1:x0=0  p1:x2=1  : 112800
Observation CoRT: 19671 (of 500000)

Test CoRT+dsb-isb:
 p1:x0=0  p1:x2=0  : 396542
 p1:x0=1  p1:x2=0  : 12678 *
 p1:x0=0  p1:x2=1  : 76444
 p1:x0=1  p1:x2=1  : 14336
Observation CoRT+dsb-isb: 12678 (of 500000)

Test CoTR:
 p1:x0=0  p1:x2=0  : 346888
 p1:x0=1  p1:x2=0  : 97081 *
 p1:x0=0  p1:x2=1  : 27522
 p1:x0=1  p1:x2=1  : 28509
Observation CoTR: 97081 (of 500000)

Test CoTR1+dsb-dc-dsb-tlbi-dsb-isb:
 p1:x0=1  p1:x2=1  : 58299
 p1:x0=0  p1:x2=0  : 2548
 p1:x0=0  p1:x2=1  : 439153
Observation CoTR1+dsb-dc-dsb-tlbi-dsb-isb: 0 (of 500000)

Test CoTR1+dsb-tlbi-dsb-isb:
 p1:x0=0  p1:x2=1  : 438803
 p1:x0=0  p1:x2=0  : 2951
 p1:x0=1  p1:x2=1  : 58246
Observation CoTR1+dsb-tlbi-dsb-isb: 0 (of 500000)

Test CoTR1.tlbi+dsb-isb:
 p1:x0=1  p1:x2=1  : 492113
 p1:x0=0  p1:x2=0  : 4611
 p1:x0=0  p1:x2=1  : 3276
Observation CoTR1.tlbi+dsb-isb: 0 (of 500000)

Test CoTR+addr:
 p1:x0=1  p1:x2=1  : 136016
 p1:x0=0  p1:x2=0  : 274289
 p1:x0=0  p1:x2=1  : 89695
Observation CoTR+addr: 0 (of 500000)

Test CoTR+dmb:
 p1:x0=1  p1:x2=1  : 137344
 p1:x0=0  p1:x2=0  : 276308
 p1:x0=0  p1:x2=1  : 86348
Observation CoTR+dmb: 0 (of 500000)

Test CoTR+dsb:
 p1:x0=1  p1:x2=1  : 115045
 p1:x0=0  p1:x2=0  : 280249
 p1:x0=0  p1:x2=1  : 104706
Observation CoTR+dsb: 0 (of 500000)

Test CoTR+dsb-isb:
 p1:x0=0  p1:x2=0  : 241429
 p1:x0=1  p1:x2=1  : 131944
 p1:x0=0  p1:x2=1  : 126627
Observation CoTR+dsb-isb: 0 (of 500000)

Test CoTR.inv:
 p1:x0=1  p1:x2=0  : 167731 *
 p1:x0=1  p1:x2=1  : 8560
 p1:x0=0  p1:x2=1  : 268870
 p1:x0=0  p1:x2=0  : 54839
Observation CoTR.inv: 167731 (of 500000)

Test CoTR.inv+dsb-isb:
 p1:x0=1  p1:x2=1  : 211505
 p1:x0=0  p1:x2=1  : 277063
 p1:x0=0  p1:x2=0  : 11432
Observation CoTR.inv+dsb-isb: 0 (of 500000)

Test CoTT:
 p1:x0=0  p1:x2=0  : 367166
 p1:x0=1  p1:x2=1  : 132834
Observation CoTT: 0 (of 500000)
Warning on CoTT: saw 2 SC results but expected 3

Test CoWT:
 p0:x2=2  : 250323
 p0:x2=1  : 249677 *
Observation CoWT: 249677 (of 500000)

Test CoWT1+dsb-tlbi-dsb:
 p0:x3=1  : 500000
Observation CoWT1+dsb-tlbi-dsb: 0 (of 500000)

Test CoWT1+dsb-tlbi-dsb-isb:
 p0:x3=1  : 500000
Observation CoWT1+dsb-tlbi-dsb-isb: 0 (of 500000)

Test CoWT+dsb:
 p0:x2=2  : 250268
 p0:x2=1  : 249732 *
Observation CoWT+dsb: 249732 (of 500000)

Test CoWT+dsb-isb:
 p0:x2=2  : 250372
 p0:x2=1  : 249628 *
Observation CoWT+dsb-isb: 249628 (of 500000)

Test CoWT+dsb-svc-tlbi-dsb:
 p0:x2=2  : 500000
Observation CoWT+dsb-svc-tlbi-dsb: 0 (of 500000)

Test CoWT.inv:
 p0:x2=1  : 499998
 p0:x2=0  : 2 *
Observation CoWT.inv: 2 (of 500000)

Test CoWT.inv+dmb:
 p0:x2=1  : 499999
 p0:x2=0  : 1 *
Observation CoWT.inv+dmb: 1 (of 500000)

Test CoWT.inv+dsb:
 p0:x2=1  : 500000
Observation CoWT.inv+dsb: 0 (of 500000)

Test CoWT.inv+dsb-isb:
 p0:x2=1  : 500000
Observation CoWT.inv+dsb-isb: 0 (of 500000)

Test CoWinvT:
 p0:x2=1  : 247422
 p0:x2=0  : 252578 *
Observation CoWinvT: 252578 (of 500000)

Test CoWinvT1+dsb-tlbi-dsb:
 p0:x2=1  : 500000
Observation CoWinvT1+dsb-tlbi-dsb: 0 (of 500000)

Test CoWinvT+dsb-isb:
 p0:x2=1  : 247229
 p0:x2=0  : 252771 *
Observation CoWinvT+dsb-isb: 252771 (of 500000)

Test CoWinvWT1+dsb-tlbi-dsb-dsb-isb:
 p0:x5=1  : 500000
Observation CoWinvWT1+dsb-tlbi-dsb-dsb-isb: 0 (of 500000)

Test ISA2.TRR+dmb+po+dmb:
 p1:x0=0  p2:x0=1  p2:x2=0  : 19889
 p1:x0=0  p2:x0=0  p2:x2=0  : 265584
 p1:x0=0  p2:x0=1  p2:x2=1  : 77049
 p1:x0=0  p2:x0=0  p2:x2=1  : 114599
 p1:x0=1  p2:x0=0  p2:x2=1  : 15332
 p1:x0=1  p2:x0=0  p2:x2=0  : 7106
 p1:x0=1  p2:x0=1  p2:x2=1  : 441
Observation ISA2.TRR+dmb+po+dmb: 0 (of 500000)

Test MP.RT1+dc-dsb-tlbiall-dsb+dsb-isb:
 p1:x0=0  p1:x2=1  : 94477
 p1:x0=1  p1:x2=0  : 1 *
 p1:x0=0  p1:x2=0  : 400426
 p1:x0=1  p1:x2=1  : 5096
Observation MP.RT1+dc-dsb-tlbiall-dsb+dsb-isb: 1 (of 500000)

Test MP.RT1+dc-dsb-tlbiall-dsb-isb+dsb-isb:
 p1:x0=0  p1:x2=0  : 371637
 p1:x0=0  p1:x2=1  : 125656
 p1:x0=1  p1:x2=1  : 2707
Observation MP.RT1+dc-dsb-tlbiall-dsb-isb+dsb-isb: 0 (of 500000)

Test MP.RT1+[dmb.ld]-dmb+dsb-isb:
 p0:x2=1  p1:x0=0  p2:x0=0  p2:x2=0  : 137086
 p0:x2=0  p1:x0=0  p2:x0=0  p2:x2=1  : 61554
 p0:x2=0  p1:x0=0  p2:x0=0  p2:x2=0  : 138439
 p0:x2=1  p1:x0=0  p2:x0=1  p2:x2=0  : 2741
 p0:x2=1  p1:x0=0  p2:x0=0  p2:x2=1  : 41227
 p0:x2=0  p1:x0=1  p2:x0=0  p2:x2=0  : 50541
 p0:x2=0  p1:x0=1  p2:x0=0  p2:x2=1  : 20740
 p0:x2=0  p1:x0=0  p2:x0=1  p2:x2=0  : 11959
 p0:x2=0  p1:x0=1  p2:x0=1  p2:x2=1  : 9749
 p0:x2=0  p1:x0=1  p2:x0=1  p2:x2=0  : 8388
 p0:x2=0  p1:x0=0  p2:x0=1  p2:x2=1  : 14366
 p0:x2=1  p1:x0=0  p2:x0=1  p2:x2=1  : 3172
 p0:x2=1  p1:x0=1  p2:x0=0  p2:x2=1  : 13
 p0:x2=1  p1:x0=1  p2:x0=0  p2:x2=0  : 25
Observation MP.RT1+[dmb.ld]-dmb+dsb-isb: 0 (of 500000)
Warning on MP.RT1+[dmb.ld]-dmb+dsb-isb: saw 14 SC results but expected 12

Test MP.RT1+[dmb.ld]-dsb-tlbiis-dsb-isb+dmb:
 p0:x2=1  p1:x0=0  p2:x0=0  p2:x2=0  : 130415
 p0:x2=0  p1:x0=0  p2:x0=0  p2:x2=0  : 142762
 p0:x2=0  p1:x0=0  p2:x0=0  p2:x2=1  : 74441
 p0:x2=0  p1:x0=1  p2:x0=0  p2:x2=0  : 63706
 p0:x2=0  p1:x0=1  p2:x0=0  p2:x2=1  : 36722
 p0:x2=1  p1:x0=0  p2:x0=0  p2:x2=1  : 41142
 p0:x2=1  p1:x0=0  p2:x0=1  p2:x2=1  : 2516
 p0:x2=0  p1:x0=1  p2:x0=1  p2:x2=1  : 3273
 p0:x2=0  p1:x0=0  p2:x0=1  p2:x2=1  : 5006
 p0:x2=1  p1:x0=1  p2:x0=0  p2:x2=0  : 13
 p0:x2=1  p1:x0=1  p2:x0=0  p2:x2=1  : 4
Observation MP.RT1+[dmb.ld]-dsb-tlbiis-dsb-isb+dmb: 0 (of 500000)
Warning on MP.RT1+[dmb.ld]-dsb-tlbiis-dsb-isb+dmb: saw 11 SC results but expected 12

Test MP.RT1+dsb-isb-tlbiis-dsb-isb+dsb-isb:
 p1:x0=0  p1:x2=0  : 396552
 p1:x0=0  p1:x2=1  : 99031
 p1:x0=1  p1:x2=1  : 4417
Observation MP.RT1+dsb-isb-tlbiis-dsb-isb+dsb-isb: 0 (of 500000)

Test MP.RT1+dsb-tlbiall-dsb+dsb-isb:
 p1:x0=0  p1:x2=0  : 350830
 p1:x0=1  p1:x2=0  : 1 *
 p1:x0=0  p1:x2=1  : 141580
 p1:x0=1  p1:x2=1  : 7589
Observation MP.RT1+dsb-tlbiall-dsb+dsb-isb: 1 (of 500000)

Test MP.RT1+dsb-tlbiallis-dsb+dsb-isb:
 p1:x0=0  p1:x2=0  : 385127
 p1:x0=0  p1:x2=1  : 110028
 p1:x0=1  p1:x2=1  : 4845
Observation MP.RT1+dsb-tlbiallis-dsb+dsb-isb: 0 (of 500000)

Test MP.RT1+dsb-tlbi-dsb+dsb-isb:
 p1:x0=0  p1:x2=0  : 370682
 p1:x0=0  p1:x2=1  : 126285
 p1:x0=1  p1:x2=1  : 3033
Observation MP.RT1+dsb-tlbi-dsb+dsb-isb: 0 (of 500000)

Test MP.RT1+dsb-tlbiis-dsb+dsb-isb:
 p1:x0=0  p1:x2=0  : 370815
 p1:x0=0  p1:x2=1  : 124865
 p1:x0=1  p1:x2=1  : 4320
Observation MP.RT1+dsb-tlbiis-dsb+dsb-isb: 0 (of 500000)

Test MP.RT1+dsb-tlbiis-dsb-isb+dmb:
 p1:x0=0  p1:x2=1  : 126896
 p1:x0=0  p1:x2=0  : 368588
 p1:x0=1  p1:x2=1  : 4516
Observation MP.RT1+dsb-tlbiis-dsb-isb+dmb: 0 (of 500000)

Test MP.RT1+dsb-tlbiis-dsb-isb+dsb-isb:
 p1:x0=0  p1:x2=0  : 411854
 p1:x0=0  p1:x2=1  : 82390
 p1:x0=1  p1:x2=1  : 5756
Observation MP.RT1+dsb-tlbiis-dsb-isb+dsb-isb: 0 (of 500000)

Test MP.RT1+dsb-tlbiis-dsb-tlbiis-dsb+dsb-isb:
 p1:x0=0  p1:x2=0  : 397265
 p1:x0=0  p1:x2=1  : 97969
 p1:x0=1  p1:x2=1  : 4766
Observation MP.RT1+dsb-tlbiis-dsb-tlbiis-dsb+dsb-isb: 0 (of 500000)

Test MP.RT+svc-dsb-tlbi-dsb+dsb-isb:
 p1:x0=0  p1:x2=1  : 137574
 p1:x0=1  p1:x2=0  : 1 *
 p1:x0=0  p1:x2=0  : 356054
 p1:x0=1  p1:x2=1  : 6371
Observation MP.RT+svc-dsb-tlbi-dsb+dsb-isb: 1 (of 500000)

Test MP.RT+svc-dsb-tlbiis-dsb+dsb-isb:
 p1:x0=0  p1:x2=0  : 360670
 p1:x0=0  p1:x2=1  : 134066
 p1:x0=1  p1:x2=1  : 5264
Observation MP.RT+svc-dsb-tlbiis-dsb+dsb-isb: 0 (of 500000)

Test MP.RT.inv+dmb+addr:
 p1:x0=1  p1:x2=1  : 26499
 p1:x0=0  p1:x2=0  : 275040
 p1:x0=0  p1:x2=1  : 198461
Observation MP.RT.inv+dmb+addr: 0 (of 500000)

Test MP.RT.inv+dmb+po:
 p1:x0=0  p1:x2=1  : 228963
 p1:x0=1  p1:x2=1  : 43631
 p1:x0=0  p1:x2=0  : 227406
Observation MP.RT.inv+dmb+po: 0 (of 500000)

Test MP.TT+Winv-dmb-Winv+tpo:
 p1:x0=0  p1:x2=0  : 418692
 p1:x0=0  p1:x2=1  : 78767
 p1:x0=1  p1:x2=1  : 1334
 p1:x0=1  p1:x2=0  : 1207 *
Observation MP.TT+Winv-dmb-Winv+tpo: 1207 (of 500000)

Test MP.TT+dmb+dsb-isb:
 p1:x0=0  p1:x2=0  : 459939
 p1:x0=0  p1:x2=1  : 37832
 p1:x0=1  p1:x2=0  : 1122 *
 p1:x0=1  p1:x2=1  : 1107
Observation MP.TT+dmb+dsb-isb: 1122 (of 500000)

Test MP.TT+dmb+tpo:
 p1:x0=1  p1:x2=1  : 2866
 p1:x0=0  p1:x2=0  : 396355
 p1:x0=0  p1:x2=1  : 98226
 p1:x0=1  p1:x2=0  : 2553 *
Observation MP.TT+dmb+tpo: 2553 (of 500000)

Test MP.TT.inv+dmb+dsb-isb:
 p1:x0=1  p1:x2=1  : 122402
 p1:x0=0  p1:x2=1  : 364160
 p1:x0=0  p1:x2=0  : 13438
Observation MP.TT.inv+dmb+dsb-isb: 0 (of 500000)

Test MP.TT.inv+dmb+tpo:
 p1:x0=0  p1:x2=0  : 28064
 p1:x0=1  p1:x2=1  : 97385
 p1:x0=0  p1:x2=1  : 374551
Observation MP.TT.inv+dmb+tpo: 0 (of 500000)

Test MP.invRT1+dsb-isb-tlbiis-dsb-isb+dsb-isb:
 p1:x0=0  p1:x2=0  : 372601
 p1:x0=0  p1:x2=1  : 123978
 p1:x0=1  p1:x2=1  : 3421
Observation MP.invRT1+dsb-isb-tlbiis-dsb-isb+dsb-isb: 0 (of 500000)

Test MP.invRT1+dsb-tlbiis-dsb+dsb:
 p1:x0=0  p1:x2=0  : 376145
 p1:x0=0  p1:x2=1  : 120691
 p1:x0=1  p1:x2=1  : 3164
Observation MP.invRT1+dsb-tlbiis-dsb+dsb: 0 (of 500000)

Test MP.invRT1+dsb-tlbiis-dsb+dsb-isb:
 p1:x0=0  p1:x2=1  : 122412
 p1:x0=0  p1:x2=0  : 372770
 p1:x0=1  p1:x2=1  : 4818
Observation MP.invRT1+dsb-tlbiis-dsb+dsb-isb: 0 (of 500000)

Test MP.invRT+dsb+dsb-isb:
 p1:x0=1  p1:x2=1  : 61793
 p1:x0=1  p1:x2=0  : 8183 *
 p1:x0=0  p1:x2=0  : 366001
 p1:x0=0  p1:x2=1  : 64023
Observation MP.invRT+dsb+dsb-isb: 8183 (of 500000)

Test WRC.AT+ctrl+dsb:
 p1:x2=1  p2:x0=0  p2:x2=0  : 190567
 p1:x2=1  p2:x0=1  p2:x2=0  : 95871
 p1:x2=0  p2:x0=0  p2:x2=1  : 16149
 p1:x2=1  p2:x0=0  p2:x2=1  : 68418
 p1:x2=1  p2:x0=1  p2:x2=1  : 87419
 p1:x2=0  p2:x0=0  p2:x2=0  : 39493
 p1:x2=0  p2:x0=1  p2:x2=1  : 1400
 p1:x2=0  p2:x0=1  p2:x2=0  : 683 *
Observation WRC.AT+ctrl+dsb: 683 (of 500000)

Test WRC.TRR+addr+dmb:
 p1:x0=0  p2:x0=0  p2:x2=1  : 305266
 p1:x0=0  p2:x0=1  p2:x2=1  : 95591
 p1:x0=1  p2:x0=0  p2:x2=1  : 97289
 p1:x0=1  p2:x0=1  p2:x2=1  : 1854
Observation WRC.TRR+addr+dmb: 0 (of 500000)
Warning on WRC.TRR+addr+dmb: saw 4 SC results but expected 7

Test WRC.TRR.inv+addrs:
 p1:x0=0  p2:x0=1  p2:x2=1  : 56748
 p1:x0=0  p2:x0=0  p2:x2=1  : 289007
 p1:x0=1  p2:x0=1  p2:x2=1  : 6466
 p1:x0=1  p2:x0=0  p2:x2=1  : 147779
Observation WRC.TRR.inv+addrs: 0 (of 500000)
Warning on WRC.TRR.inv+addrs: saw 4 SC results but expected 7

Test WRC.TRT1+dsb-tlbiis-dsb+dmb:
 p1:x0=1  p2:x0=0  p2:x2=0  : 69605
 p1:x0=0  p2:x0=0  p2:x2=0  : 261664
 p1:x0=0  p2:x0=0  p2:x2=1  : 126479
 p1:x0=1  p2:x0=0  p2:x2=1  : 37835
 p1:x0=1  p2:x0=1  p2:x2=1  : 1154
 p1:x0=0  p2:x0=1  p2:x2=1  : 3160
 p1:x0=0  p2:x0=1  p2:x2=0  : 103
Observation WRC.TRT1+dsb-tlbiis-dsb+dmb: 0 (of 500000)

Test WRC.TRT1+dsb-tlbiis-dsb+dsb-isb:
 p1:x0=1  p2:x0=0  p2:x2=1  : 38302
 p1:x0=0  p2:x0=0  p2:x2=0  : 260867
 p1:x0=1  p2:x0=0  p2:x2=0  : 73108
 p1:x0=0  p2:x0=0  p2:x2=1  : 121446
 p1:x0=0  p2:x0=1  p2:x2=1  : 4513
 p1:x0=0  p2:x0=1  p2:x2=0  : 206
 p1:x0=1  p2:x0=1  p2:x2=1  : 1558
Observation WRC.TRT1+dsb-tlbiis-dsb+dsb-isb: 0 (of 500000)

Test WRC.TRT+addr+dmb:
 p1:x0=0  p2:x0=0  p2:x2=0  : 223749
 p1:x0=0  p2:x0=1  p2:x2=0  : 63730
 p1:x0=1  p2:x0=0  p2:x2=0  : 62387
 p1:x0=1  p2:x0=0  p2:x2=1  : 37303
 p1:x0=0  p2:x0=1  p2:x2=1  : 51503
 p1:x0=0  p2:x0=0  p2:x2=1  : 59389
 p1:x0=1  p2:x0=1  p2:x2=0  : 847 *
 p1:x0=1  p2:x0=1  p2:x2=1  : 1092
Observation WRC.TRT+addr+dmb: 847 (of 500000)

Test WRC.TRT+dmbs:
 p1:x0=0  p2:x0=0  p2:x2=0  : 194516
 p1:x0=1  p2:x0=0  p2:x2=0  : 92149
 p1:x0=0  p2:x0=1  p2:x2=0  : 68986
 p1:x0=1  p2:x0=1  p2:x2=1  : 1633
 p1:x0=1  p2:x0=0  p2:x2=1  : 46740
 p1:x0=0  p2:x0=1  p2:x2=1  : 52756
 p1:x0=0  p2:x0=0  p2:x2=1  : 41861
 p1:x0=1  p2:x0=1  p2:x2=0  : 1359 *
Observation WRC.TRT+dmbs: 1359 (of 500000)

Test WRC.TRT+dsb-isbs:
 p1:x0=1  p2:x0=0  p2:x2=0  : 99358
 p1:x0=0  p2:x0=0  p2:x2=0  : 197999
 p1:x0=0  p2:x0=0  p2:x2=1  : 53325
 p1:x0=0  p2:x0=1  p2:x2=1  : 43624
 p1:x0=1  p2:x0=0  p2:x2=1  : 50322
 p1:x0=0  p2:x0=1  p2:x2=0  : 52538
 p1:x0=1  p2:x0=1  p2:x2=1  : 1413
 p1:x0=1  p2:x0=1  p2:x2=0  : 1421 *
Observation WRC.TRT+dsb-isbs: 1421 (of 500000)

Test WRC.TRT.inv+addrs:
 p1:x0=0  p2:x0=0  p2:x2=0  : 48151
 p1:x0=1  p2:x0=0  p2:x2=1  : 173829
 p1:x0=0  p2:x0=0  p2:x2=1  : 226982
 p1:x0=1  p2:x0=0  p2:x2=0  : 25112
 p1:x0=0  p2:x0=1  p2:x2=1  : 17206
 p1:x0=1  p2:x0=1  p2:x2=1  : 7912
 p1:x0=0  p2:x0=1  p2:x2=0  : 808
Observation WRC.TRT.inv+addrs: 0 (of 500000)

Test WRC.TRT.inv+dsb-isbs:
 p1:x0=0  p2:x0=1  p2:x2=0  : 1243
 p1:x0=0  p2:x0=0  p2:x2=1  : 380541
 p1:x0=0  p2:x0=1  p2:x2=1  : 49832
 p1:x0=0  p2:x0=0  p2:x2=0  : 68384
Observation WRC.TRT.inv+dsb-isbs: 0 (of 500000)
Warning on WRC.TRT.inv+dsb-isbs: saw 4 SC results but expected 7

Test WRC.TRT.inv+po+addr:
 p1:x0=0  p2:x0=1  p2:x2=1  : 39961
 p1:x0=0  p2:x0=0  p2:x2=1  : 357176
 p1:x0=0  p2:x0=0  p2:x2=0  : 101702
 p1:x0=0  p2:x0=1  p2:x2=0  : 1161
Observation WRC.TRT.inv+po+addr: 0 (of 500000)
Warning on WRC.TRT.inv+po+addr: saw 4 SC results but expected 7

Test WRC.TRT.inv+po+dmb:
 p1:x0=0  p2:x0=1  p2:x2=0  : 1082
 p1:x0=0  p2:x0=0  p2:x2=0  : 156952
 p1:x0=0  p2:x0=0  p2:x2=1  : 317071
 p1:x0=0  p2:x0=1  p2:x2=1  : 24895
Observation WRC.TRT.inv+po+dmb: 0 (of 500000)
Warning on WRC.TRT.inv+po+dmb: saw 4 SC results but expected 7

Test CoWR.alias:
 p0:x2=1  : 500000
Observation CoWR.alias: 0 (of 500000)

Test MP+dmb-data+dmb:
 p1:x0=0  p1:x2=1  : 160707
 p1:x0=1  p1:x2=1  : 143531
 p1:x0=0  p1:x2=0  : 195762
Observation MP+dmb-data+dmb: 0 (of 500000)

Test MP+po-data+dmb:
 p1:x0=1  p1:x2=1  : 127349
 p1:x0=0  p1:x2=1  : 120427
 p1:x0=0  p1:x2=0  : 250185
 p1:x0=1  p1:x2=0  : 2039 *
Observation MP+po-data+dmb: 2039 (of 500000)

Test MP.alias2+dmb-data+dmb:
 p1:x0=0  p1:x2=0  : 296737
 p1:x0=0  p1:x2=1  : 132120
 p1:x0=1  p1:x2=1  : 71143
Observation MP.alias2+dmb-data+dmb: 0 (of 500000)

Test MP.alias2+po-data+dmb:
 p1:x0=1  p1:x2=1  : 96050
 p1:x0=0  p1:x2=0  : 312380
 p1:x0=0  p1:x2=1  : 88747
 p1:x0=1  p1:x2=0  : 2823 *
Observation MP.alias2+po-data+dmb: 2823 (of 500000)

Test MP.alias+dmbs:
 p1:x0=0  p1:x2=0  : 288597
 p1:x0=1  p1:x2=1  : 193140
 p1:x0=0  p1:x2=1  : 18263
Observation MP.alias+dmbs: 0 (of 500000)
Warning on MP.alias+dmbs: saw 3 SC results but expected 1

Test SB.alias+dmbs:
 p0:x2=1  p1:x2=1  : 500000
Observation SB.alias+dmbs: 0 (of 500000)
+ echo Starting bin/kvm_litmus.exe
Starting bin/kvm_litmus.exe
++ mktemp
+ tmp=/tmp/tmp.u0O92i5e2R
+ zcat
+ base64 -d
+ qemu-system-aarch64 -nodefaults -machine virt,gic-version=host --enable-kvm -cpu host -device virtio-serial-device -device virtconsole -display none -serial stdio -kernel /tmp/tmp.u0O92i5e2R -smp 4 -append '@all -n500k --no-verbose'
qemu-system-aarch64: warning: ITS KVM: full reset is not supported by the host kernel
#seed: 20008791
#pgtable: 1
#timing: 0
#no_runs: 500000
#sync_type: all
#aff_type: rand
#shuffle_type: rand
! skipping "MP.times+pos":  requires --perf

Test check1:
 exc=0  : 500000
Observation check1: 0 (of 500000)

Test check2:
 exc=0  : 500000
Observation check2: 0 (of 500000)

Test check3:
 p1:x0=1  p1:x2=0  : 167332
 p1:x0=0  p1:x2=0  : 211991
 p1:x0=0  p1:x2=1  : 120677
Observation check3: 0 (of 500000)

Test check4:
 p0:x0=0  : 500000
Observation check4: 0 (of 500000)

Test check5:
 p0:x0=1  : 500000
Observation check5: 0 (of 500000)

Test check6:
 p0:x0=0  : 500000
Observation check6: 0 (of 500000)

Test LB+pos:
 p0:x2=0  p1:x2=1  : 117029
 p0:x2=1  p1:x2=0  : 185824
 p0:x2=0  p1:x2=0  : 197147
Observation LB+pos: 0 (of 500000)

Test MP+dmbs:
 p1:x0=0  p1:x2=0  : 187103
 p1:x0=0  p1:x2=1  : 169697
 p1:x0=1  p1:x2=1  : 143200
Observation MP+dmbs: 0 (of 500000)

Test MP+pos:
 p1:x0=1  p1:x2=0  : 59707 *
 p1:x0=0  p1:x2=0  : 215018
 p1:x0=1  p1:x2=1  : 121838
 p1:x0=0  p1:x2=1  : 103437
Observation MP+pos: 59707 (of 500000)

Test SB+dmbs:
 p0:x2=1  p1:x2=0  : 218793
 p0:x2=0  p1:x2=1  : 158047
 p0:x2=1  p1:x2=1  : 123160
Observation SB+dmbs: 0 (of 500000)

Test SB+pos:
 p0:x2=0  p1:x2=1  : 139087
 p0:x2=1  p1:x2=0  : 224511
 p0:x2=0  p1:x2=0  : 83168 *
 p0:x2=1  p1:x2=1  : 53234
Observation SB+pos: 83168 (of 500000)

Test WRC+addrs:
 p1:x0=0  p2:x0=1  p2:x2=1  : 173066
 p1:x0=1  p2:x0=0  p2:x2=1  : 103852
 p1:x0=1  p2:x0=1  p2:x2=1  : 11270
 p1:x0=0  p2:x0=0  p2:x2=0  : 89917
 p1:x0=0  p2:x0=0  p2:x2=1  : 91595
 p1:x0=1  p2:x0=0  p2:x2=0  : 26847
 p1:x0=0  p2:x0=1  p2:x2=0  : 3453
Observation WRC+addrs: 0 (of 500000)

Test WRC+pos:
 p1:x0=1  p2:x0=0  p2:x2=1  : 120394
 p1:x0=0  p2:x0=0  p2:x2=0  : 91050
 p1:x0=0  p2:x0=1  p2:x2=0  : 35264
 p1:x0=0  p2:x0=0  p2:x2=1  : 69597
 p1:x0=1  p2:x0=0  p2:x2=0  : 62631
 p1:x0=0  p2:x0=1  p2:x2=1  : 108535
 p1:x0=1  p2:x0=1  p2:x2=1  : 12100
 p1:x0=1  p2:x0=1  p2:x2=0  : 429 *
Observation WRC+pos: 429 (of 500000)

Test LB+R-svc-W+R-svc-W:
 p0:x0=0  p1:x0=1  : 63071
 p0:x0=1  p1:x0=0  : 68164
 p0:x0=0  p1:x0=0  : 368765
Observation LB+R-svc-W+R-svc-W: 0 (of 500000)

Test MP+W-svc-W+addr:
 p1:x0=0  p1:x2=1  : 258721
 p1:x0=0  p1:x2=0  : 89726
 p1:x0=1  p1:x2=1  : 151553
Observation MP+W-svc-W+addr: 0 (of 500000)

Test MP+dmb+R-svc-eret-R:
 p1:x0=0  p1:x2=0  : 193726
 p1:x0=0  p1:x2=1  : 239967
 p1:x0=1  p1:x2=1  : 66307
Observation MP+dmb+R-svc-eret-R: 0 (of 500000)

Test MP+dmb+eret:
 p1:x0=0  p1:x2=1  : 183755
 p1:x0=0  p1:x2=0  : 182686
 p1:x0=1  p1:x2=1  : 133559
Observation MP+dmb+eret: 0 (of 500000)

Test MP+dmb+svc:
 p1:x0=0  p1:x2=0  : 198854
 p1:x0=0  p1:x2=1  : 241888
 p1:x0=1  p1:x2=1  : 59258
Observation MP+dmb+svc: 0 (of 500000)

Test MP+dmb+svc2-R-eret-R:
 p1:x0=0  p1:x2=0  : 89315
 p1:x0=0  p1:x2=1  : 225160
 p1:x0=1  p1:x2=1  : 185525
Observation MP+dmb+svc2-R-eret-R: 0 (of 500000)

Test MP+dmb+svc-R-eret-svc-R:
 p1:x0=0  p1:x2=0  : 76919
 p1:x0=0  p1:x2=1  : 313416
 p1:x0=1  p1:x2=1  : 109665
Observation MP+dmb+svc-R-eret-svc-R: 0 (of 500000)

Test MP+dmb+svc-R-svc-R:
 p1:x0=0  p1:x2=0  : 86473
 p1:x0=1  p1:x2=1  : 121654
 p1:x0=0  p1:x2=1  : 291873
Observation MP+dmb+svc-R-svc-R: 0 (of 500000)

Test MP+dmb+svc-R-svc-eret-R:
 p1:x0=0  p1:x2=0  : 150491
 p1:x0=0  p1:x2=1  : 129865
 p1:x0=1  p1:x2=1  : 219644
Observation MP+dmb+svc-R-svc-eret-R: 0 (of 500000)

Test MP+svc-W-eret-W+addr:
 p1:x0=0  p1:x2=0  : 121981
 p1:x0=1  p1:x2=1  : 201563
 p1:x0=0  p1:x2=1  : 176453
 p1:x0=1  p1:x2=0  : 3 *
Observation MP+svc-W-eret-W+addr: 3 (of 500000)

Test SB+W-svc-R+W-svc-R:
 p0:x2=1  p1:x2=0  : 271413
 p0:x2=1  p1:x2=1  : 182730
 p0:x2=0  p1:x2=1  : 45855
 p0:x2=0  p1:x2=0  : 2 *
Observation SB+W-svc-R+W-svc-R: 2 (of 500000)

Test SB+svc-erets:
 p0:x2=1  p1:x2=0  : 251090
 p0:x2=0  p1:x2=1  : 68873
 p0:x2=1  p1:x2=1  : 180035
 p0:x2=0  p1:x2=0  : 2 *
Observation SB+svc-erets: 2 (of 500000)

Test MP.BBM1+dsb-isb-tlbiis-dsb-isb-dsb-isb+dsb-isb:
 p1:x0=0  p1:x2=0  : 454815
 p1:x0=1  p1:x2=0  : 1 *
 p1:x0=1  p1:x2=1  : 6468
 p1:x0=0  p1:x2=2  : 38481
 p1:x0=0  p1:x2=1  : 235
Observation MP.BBM1+dsb-isb-tlbiis-dsb-isb-dsb-isb+dsb-isb: 1 (of 500000)

Test MP.BBM1+dsb-tlbiis-dsb-dsb+dsb:
 p1:x0=0  p1:x2=0  : 451736
 p1:x0=0  p1:x2=2  : 42919
 p1:x0=1  p1:x2=1  : 5131
 p1:x0=0  p1:x2=1  : 214
Observation MP.BBM1+dsb-tlbiis-dsb-dsb+dsb: 0 (of 500000)

Test MP.BBM1+dsb-tlbiis-dsb-dsb+dsb-isb:
 p1:x0=0  p1:x2=0  : 462652
 p1:x0=1  p1:x2=1  : 6348
 p1:x0=0  p1:x2=2  : 30679
 p1:x0=0  p1:x2=1  : 321
Observation MP.BBM1+dsb-tlbiis-dsb-dsb+dsb-isb: 0 (of 500000)

Test MP.BBM1+dsb-tlbiis-dsb-dsb-isb+dsb:
 p1:x0=0  p1:x2=0  : 461758
 p1:x0=0  p1:x2=2  : 30065
 p1:x0=1  p1:x2=1  : 7970
 p1:x0=0  p1:x2=1  : 207
Observation MP.BBM1+dsb-tlbiis-dsb-dsb-isb+dsb: 0 (of 500000)

Test MP.BBM1+dsb-tlbiis-dsb-dsb-isb+dsb-isb:
 p1:x0=0  p1:x2=0  : 442888
 p1:x0=1  p1:x2=0  : 1 *
 p1:x0=1  p1:x2=1  : 6917
 p1:x0=0  p1:x2=2  : 49816
 p1:x0=0  p1:x2=1  : 378
Observation MP.BBM1+dsb-tlbiis-dsb-dsb-isb+dsb-isb: 1 (of 500000)

Test MP.BBM1.id+dsb-tlbiis-dsb-dsb+dsb-isb:
 p1:x0=0  p1:x2=0  : 432105
 p1:x0=0  p1:x2=2  : 61390
 p1:x0=0  p1:x2=1  : 410
 p1:x0=1  p1:x2=1  : 6094
 p1:x0=1  p1:x2=0  : 1 *
Observation MP.BBM1.id+dsb-tlbiis-dsb-dsb+dsb-isb: 1 (of 500000)

Test CoRT:
 p1:x0=0  p1:x2=0  : 312477
 p1:x0=1  p1:x2=1  : 41241
 p1:x0=0  p1:x2=1  : 110170
 p1:x0=1  p1:x2=0  : 36112 *
Observation CoRT: 36112 (of 500000)

Test CoRT+dsb-isb:
 p1:x0=0  p1:x2=0  : 325954
 p1:x0=0  p1:x2=1  : 108851
 p1:x0=1  p1:x2=0  : 22814 *
 p1:x0=1  p1:x2=1  : 42381
Observation CoRT+dsb-isb: 22814 (of 500000)

Test CoTR:
 p1:x0=1  p1:x2=1  : 29385
 p1:x0=0  p1:x2=0  : 355783
 p1:x0=0  p1:x2=1  : 28338
 p1:x0=1  p1:x2=0  : 86494 *
Observation CoTR: 86494 (of 500000)

Test CoTR1+dsb-dc-dsb-tlbi-dsb-isb:
 p1:x0=0  p1:x2=0  : 3393
 p1:x0=0  p1:x2=1  : 423140
 p1:x0=1  p1:x2=1  : 73467
Observation CoTR1+dsb-dc-dsb-tlbi-dsb-isb: 0 (of 500000)

Test CoTR1+dsb-tlbi-dsb-isb:
 p1:x0=0  p1:x2=0  : 3298
 p1:x0=0  p1:x2=1  : 419748
 p1:x0=1  p1:x2=1  : 76954
Observation CoTR1+dsb-tlbi-dsb-isb: 0 (of 500000)

Test CoTR1.tlbi+dsb-isb:
 p1:x0=1  p1:x2=1  : 493359
 p1:x0=0  p1:x2=0  : 3955
 p1:x0=0  p1:x2=1  : 2686
Observation CoTR1.tlbi+dsb-isb: 0 (of 500000)

Test CoTR+addr:
 p1:x0=0  p1:x2=0  : 257529
 p1:x0=1  p1:x2=1  : 143374
 p1:x0=0  p1:x2=1  : 99097
Observation CoTR+addr: 0 (of 500000)

Test CoTR+dmb:
 p1:x0=0  p1:x2=0  : 256592
 p1:x0=0  p1:x2=1  : 96623
 p1:x0=1  p1:x2=1  : 146785
Observation CoTR+dmb: 0 (of 500000)

Test CoTR+dsb:
 p1:x0=0  p1:x2=0  : 260985
 p1:x0=1  p1:x2=1  : 124421
 p1:x0=0  p1:x2=1  : 114594
Observation CoTR+dsb: 0 (of 500000)

Test CoTR+dsb-isb:
 p1:x0=0  p1:x2=0  : 230671
 p1:x0=0  p1:x2=1  : 125543
 p1:x0=1  p1:x2=1  : 143786
Observation CoTR+dsb-isb: 0 (of 500000)

Test CoTR.inv:
 p1:x0=0  p1:x2=1  : 98266
 p1:x0=0  p1:x2=0  : 20382
 p1:x0=1  p1:x2=0  : 375686 *
 p1:x0=1  p1:x2=1  : 5666
Observation CoTR.inv: 375686 (of 500000)

Test CoTR.inv+dsb-isb:
 p1:x0=0  p1:x2=1  : 132090
 p1:x0=0  p1:x2=0  : 5971
 p1:x0=1  p1:x2=1  : 361939
Observation CoTR.inv+dsb-isb: 0 (of 500000)

Test CoTT:
 p1:x0=0  p1:x2=0  : 361199
 p1:x0=1  p1:x2=1  : 138801
Observation CoTT: 0 (of 500000)
Warning on CoTT: saw 2 SC results but expected 3

Test CoWT:
 p0:x2=1  : 250002 *
 p0:x2=2  : 249998
Observation CoWT: 250002 (of 500000)

Test CoWT1+dsb-tlbi-dsb:
 p0:x3=1  : 500000
Observation CoWT1+dsb-tlbi-dsb: 0 (of 500000)

Test CoWT1+dsb-tlbi-dsb-isb:
 p0:x3=1  : 500000
Observation CoWT1+dsb-tlbi-dsb-isb: 0 (of 500000)

Test CoWT+dsb:
 p0:x2=1  : 250123 *
 p0:x2=2  : 249877
Observation CoWT+dsb: 250123 (of 500000)

Test CoWT+dsb-isb:
 p0:x2=1  : 250068 *
 p0:x2=2  : 249932
Observation CoWT+dsb-isb: 250068 (of 500000)

Test CoWT+dsb-svc-tlbi-dsb:
 p0:x2=2  : 500000
Observation CoWT+dsb-svc-tlbi-dsb: 0 (of 500000)

Test CoWT.inv:
 p0:x2=1  : 500000
Observation CoWT.inv: 0 (of 500000)

Test CoWT.inv+dmb:
 p0:x2=1  : 500000
Observation CoWT.inv+dmb: 0 (of 500000)

Test CoWT.inv+dsb:
 p0:x2=1  : 499999
 p0:x2=0  : 1 *
Observation CoWT.inv+dsb: 1 (of 500000)

Test CoWT.inv+dsb-isb:
 p0:x2=1  : 500000
Observation CoWT.inv+dsb-isb: 0 (of 500000)

Test CoWinvT:
 p0:x2=0  : 264000 *
 p0:x2=1  : 236000
Observation CoWinvT: 264000 (of 500000)

Test CoWinvT1+dsb-tlbi-dsb:
 p0:x2=1  : 500000
Observation CoWinvT1+dsb-tlbi-dsb: 0 (of 500000)

Test CoWinvT+dsb-isb:
 p0:x2=0  : 265316 *
 p0:x2=1  : 234684
Observation CoWinvT+dsb-isb: 265316 (of 500000)

Test CoWinvWT1+dsb-tlbi-dsb-dsb-isb:
 p0:x5=1  : 500000
Observation CoWinvWT1+dsb-tlbi-dsb-dsb-isb: 0 (of 500000)

Test ISA2.TRR+dmb+po+dmb:
 p1:x0=0  p2:x0=0  p2:x2=0  : 231471
 p1:x0=0  p2:x0=1  p2:x2=1  : 111070
 p1:x0=1  p2:x0=1  p2:x2=1  : 270
 p1:x0=1  p2:x0=0  p2:x2=0  : 4945
 p1:x0=1  p2:x0=0  p2:x2=1  : 16285
 p1:x0=0  p2:x0=0  p2:x2=1  : 109038
 p1:x0=0  p2:x0=1  p2:x2=0  : 26921
Observation ISA2.TRR+dmb+po+dmb: 0 (of 500000)

Test MP.RT1+dc-dsb-tlbiall-dsb+dsb-isb:
 p1:x0=0  p1:x2=0  : 414351
 p1:x0=1  p1:x2=0  : 1 *
 p1:x0=1  p1:x2=1  : 4228
 p1:x0=0  p1:x2=1  : 81420
Observation MP.RT1+dc-dsb-tlbiall-dsb+dsb-isb: 1 (of 500000)

Test MP.RT1+dc-dsb-tlbiall-dsb-isb+dsb-isb:
 p1:x0=0  p1:x2=0  : 378812
 p1:x0=0  p1:x2=1  : 117328
 p1:x0=1  p1:x2=1  : 3860
Observation MP.RT1+dc-dsb-tlbiall-dsb-isb+dsb-isb: 0 (of 500000)

Test MP.RT1+[dmb.ld]-dmb+dsb-isb:
 p0:x2=0  p1:x0=0  p2:x0=0  p2:x2=0  : 119674
 p0:x2=0  p1:x0=1  p2:x0=1  p2:x2=0  : 8854
 p0:x2=0  p1:x0=1  p2:x0=1  p2:x2=1  : 10554
 p0:x2=0  p1:x0=1  p2:x0=0  p2:x2=1  : 23596
 p0:x2=0  p1:x0=1  p2:x0=0  p2:x2=0  : 56866
 p0:x2=0  p1:x0=0  p2:x0=1  p2:x2=1  : 17450
 p0:x2=1  p1:x0=0  p2:x0=0  p2:x2=0  : 155077
 p0:x2=1  p1:x0=0  p2:x0=1  p2:x2=0  : 2833
 p0:x2=0  p1:x0=0  p2:x0=1  p2:x2=0  : 14826
 p0:x2=1  p1:x0=0  p2:x0=1  p2:x2=1  : 3280
 p0:x2=1  p1:x0=0  p2:x0=0  p2:x2=1  : 42468
 p0:x2=0  p1:x0=0  p2:x0=0  p2:x2=1  : 43611
 p0:x2=1  p1:x0=1  p2:x0=0  p2:x2=1  : 432
 p0:x2=1  p1:x0=1  p2:x0=0  p2:x2=0  : 450
 p0:x2=1  p1:x0=1  p2:x0=1  p2:x2=1  : 12
 p0:x2=1  p1:x0=1  p2:x0=1  p2:x2=0  : 17 *
Observation MP.RT1+[dmb.ld]-dmb+dsb-isb: 17 (of 500000)
Warning on MP.RT1+[dmb.ld]-dmb+dsb-isb: saw 15 SC results but expected 12

Test MP.RT1+[dmb.ld]-dsb-tlbiis-dsb-isb+dmb:
 p0:x2=1  p1:x0=0  p2:x0=0  p2:x2=0  : 140410
 p0:x2=0  p1:x0=1  p2:x0=1  p2:x2=0  : 1
 p0:x2=0  p1:x0=1  p2:x0=1  p2:x2=1  : 1564
 p0:x2=1  p1:x0=0  p2:x0=1  p2:x2=1  : 2849
 p0:x2=0  p1:x0=0  p2:x0=1  p2:x2=1  : 3475
 p0:x2=0  p1:x0=1  p2:x0=0  p2:x2=0  : 77168
 p0:x2=0  p1:x0=1  p2:x0=0  p2:x2=1  : 42717
 p0:x2=0  p1:x0=0  p2:x0=0  p2:x2=0  : 127870
 p0:x2=1  p1:x0=0  p2:x0=0  p2:x2=1  : 39994
 p0:x2=0  p1:x0=0  p2:x0=0  p2:x2=1  : 63933
 p0:x2=1  p1:x0=1  p2:x0=0  p2:x2=0  : 15
 p0:x2=1  p1:x0=1  p2:x0=0  p2:x2=1  : 4
Observation MP.RT1+[dmb.ld]-dsb-tlbiis-dsb-isb+dmb: 0 (of 500000)

Test MP.RT1+dsb-isb-tlbiis-dsb-isb+dsb-isb:
 p1:x0=0  p1:x2=0  : 394136
 p1:x0=0  p1:x2=1  : 100814
 p1:x0=1  p1:x2=1  : 5050
Observation MP.RT1+dsb-isb-tlbiis-dsb-isb+dsb-isb: 0 (of 500000)

Test MP.RT1+dsb-tlbiall-dsb+dsb-isb:
 p1:x0=0  p1:x2=0  : 339921
 p1:x0=1  p1:x2=1  : 7640
 p1:x0=0  p1:x2=1  : 152439
Observation MP.RT1+dsb-tlbiall-dsb+dsb-isb: 0 (of 500000)

Test MP.RT1+dsb-tlbiallis-dsb+dsb-isb:
 p1:x0=0  p1:x2=0  : 376271
 p1:x0=0  p1:x2=1  : 116615
 p1:x0=1  p1:x2=1  : 7114
Observation MP.RT1+dsb-tlbiallis-dsb+dsb-isb: 0 (of 500000)

Test MP.RT1+dsb-tlbi-dsb+dsb-isb:
 p1:x0=0  p1:x2=0  : 382989
 p1:x0=0  p1:x2=1  : 114565
 p1:x0=1  p1:x2=1  : 2446
Observation MP.RT1+dsb-tlbi-dsb+dsb-isb: 0 (of 500000)

Test MP.RT1+dsb-tlbiis-dsb+dsb-isb:
 p1:x0=0  p1:x2=0  : 387272
 p1:x0=0  p1:x2=1  : 106999
 p1:x0=1  p1:x2=1  : 5729
Observation MP.RT1+dsb-tlbiis-dsb+dsb-isb: 0 (of 500000)

Test MP.RT1+dsb-tlbiis-dsb-isb+dmb:
 p1:x0=0  p1:x2=0  : 385795
 p1:x0=0  p1:x2=1  : 108560
 p1:x0=1  p1:x2=1  : 5645
Observation MP.RT1+dsb-tlbiis-dsb-isb+dmb: 0 (of 500000)

Test MP.RT1+dsb-tlbiis-dsb-isb+dsb-isb:
 p1:x0=0  p1:x2=0  : 415274
 p1:x0=0  p1:x2=1  : 81440
 p1:x0=1  p1:x2=1  : 3286
Observation MP.RT1+dsb-tlbiis-dsb-isb+dsb-isb: 0 (of 500000)

Test MP.RT1+dsb-tlbiis-dsb-tlbiis-dsb+dsb-isb:
 p1:x0=0  p1:x2=0  : 410865
 p1:x0=0  p1:x2=1  : 84388
 p1:x0=1  p1:x2=1  : 4747
Observation MP.RT1+dsb-tlbiis-dsb-tlbiis-dsb+dsb-isb: 0 (of 500000)

Test MP.RT+svc-dsb-tlbi-dsb+dsb-isb:
 p1:x0=0  p1:x2=0  : 363206
 p1:x0=0  p1:x2=1  : 128413
 p1:x0=1  p1:x2=1  : 8381
Observation MP.RT+svc-dsb-tlbi-dsb+dsb-isb: 0 (of 500000)

Test MP.RT+svc-dsb-tlbiis-dsb+dsb-isb:
 p1:x0=0  p1:x2=0  : 354317
 p1:x0=0  p1:x2=1  : 138905
 p1:x0=1  p1:x2=1  : 6778
Observation MP.RT+svc-dsb-tlbiis-dsb+dsb-isb: 0 (of 500000)

Test MP.RT.inv+dmb+addr:
 p1:x0=0  p1:x2=0  : 278713
 p1:x0=1  p1:x2=1  : 28945
 p1:x0=0  p1:x2=1  : 192342
Observation MP.RT.inv+dmb+addr: 0 (of 500000)

Test MP.RT.inv+dmb+po:
 p1:x0=0  p1:x2=0  : 224091
 p1:x0=0  p1:x2=1  : 221152
 p1:x0=1  p1:x2=1  : 54757
Observation MP.RT.inv+dmb+po: 0 (of 500000)

Test MP.TT+Winv-dmb-Winv+tpo:
 p1:x0=0  p1:x2=0  : 429936
 p1:x0=0  p1:x2=1  : 66132
 p1:x0=1  p1:x2=0  : 1888 *
 p1:x0=1  p1:x2=1  : 2044
Observation MP.TT+Winv-dmb-Winv+tpo: 1888 (of 500000)

Test MP.TT+dmb+dsb-isb:
 p1:x0=0  p1:x2=0  : 446816
 p1:x0=0  p1:x2=1  : 49970
 p1:x0=1  p1:x2=0  : 1567 *
 p1:x0=1  p1:x2=1  : 1647
Observation MP.TT+dmb+dsb-isb: 1567 (of 500000)

Test MP.TT+dmb+tpo:
 p1:x0=0  p1:x2=0  : 388888
 p1:x0=1  p1:x2=1  : 6531
 p1:x0=0  p1:x2=1  : 98822
 p1:x0=1  p1:x2=0  : 5759 *
Observation MP.TT+dmb+tpo: 5759 (of 500000)

Test MP.TT.inv+dmb+dsb-isb:
 p1:x0=0  p1:x2=0  : 7337
 p1:x0=1  p1:x2=1  : 61881
 p1:x0=0  p1:x2=1  : 430782
Observation MP.TT.inv+dmb+dsb-isb: 0 (of 500000)

Test MP.TT.inv+dmb+tpo:
 p1:x0=0  p1:x2=0  : 30830
 p1:x0=0  p1:x2=1  : 411018
 p1:x0=1  p1:x2=1  : 58152
Observation MP.TT.inv+dmb+tpo: 0 (of 500000)

Test MP.invRT1+dsb-isb-tlbiis-dsb-isb+dsb-isb:
 p1:x0=1  p1:x2=1  : 3218
 p1:x0=0  p1:x2=0  : 372216
 p1:x0=0  p1:x2=1  : 124566
Observation MP.invRT1+dsb-isb-tlbiis-dsb-isb+dsb-isb: 0 (of 500000)

Test MP.invRT1+dsb-tlbiis-dsb+dsb:
 p1:x0=0  p1:x2=0  : 374578
 p1:x0=0  p1:x2=1  : 120175
 p1:x0=1  p1:x2=1  : 5247
Observation MP.invRT1+dsb-tlbiis-dsb+dsb: 0 (of 500000)

Test MP.invRT1+dsb-tlbiis-dsb+dsb-isb:
 p1:x0=0  p1:x2=0  : 371265
 p1:x0=0  p1:x2=1  : 123500
 p1:x0=1  p1:x2=1  : 5235
Observation MP.invRT1+dsb-tlbiis-dsb+dsb-isb: 0 (of 500000)

Test MP.invRT+dsb+dsb-isb:
 p1:x0=1  p1:x2=1  : 86008
 p1:x0=0  p1:x2=0  : 357037
 p1:x0=0  p1:x2=1  : 40752
 p1:x0=1  p1:x2=0  : 16203 *
Observation MP.invRT+dsb+dsb-isb: 16203 (of 500000)

Test WRC.AT+ctrl+dsb:
 p1:x2=1  p2:x0=0  p2:x2=0  : 114560
 p1:x2=1  p2:x0=1  p2:x2=0  : 99025
 p1:x2=1  p2:x0=1  p2:x2=1  : 86477
 p1:x2=0  p2:x0=0  p2:x2=1  : 52268
 p1:x2=0  p2:x0=1  p2:x2=0  : 14151 *
 p1:x2=0  p2:x0=1  p2:x2=1  : 16097
 p1:x2=0  p2:x0=0  p2:x2=0  : 83829
 p1:x2=1  p2:x0=0  p2:x2=1  : 33593
Observation WRC.AT+ctrl+dsb: 14151 (of 500000)

Test WRC.TRR+addr+dmb:
 p1:x0=0  p2:x0=0  p2:x2=1  : 242227
 p1:x0=0  p2:x0=1  p2:x2=1  : 116519
 p1:x0=1  p2:x0=1  p2:x2=1  : 4411
 p1:x0=1  p2:x0=0  p2:x2=1  : 136843
Observation WRC.TRR+addr+dmb: 0 (of 500000)
Warning on WRC.TRR+addr+dmb: saw 4 SC results but expected 7

Test WRC.TRR.inv+addrs:
 p1:x0=0  p2:x0=1  p2:x2=1  : 89962
 p1:x0=1  p2:x0=0  p2:x2=1  : 100608
 p1:x0=1  p2:x0=1  p2:x2=1  : 16142
 p1:x0=0  p2:x0=0  p2:x2=1  : 293288
Observation WRC.TRR.inv+addrs: 0 (of 500000)
Warning on WRC.TRR.inv+addrs: saw 4 SC results but expected 7

Test WRC.TRT1+dsb-tlbiis-dsb+dmb:
 p1:x0=0  p2:x0=0  p2:x2=0  : 184212
 p1:x0=1  p2:x0=0  p2:x2=0  : 81125
 p1:x0=0  p2:x0=0  p2:x2=1  : 176223
 p1:x0=1  p2:x0=0  p2:x2=1  : 46755
 p1:x0=0  p2:x0=1  p2:x2=1  : 7605
 p1:x0=1  p2:x0=1  p2:x2=1  : 4048
 p1:x0=0  p2:x0=1  p2:x2=0  : 32
Observation WRC.TRT1+dsb-tlbiis-dsb+dmb: 0 (of 500000)

Test WRC.TRT1+dsb-tlbiis-dsb+dsb-isb:
 p1:x0=0  p2:x0=0  p2:x2=0  : 197210
 p1:x0=1  p2:x0=0  p2:x2=1  : 40379
 p1:x0=1  p2:x0=0  p2:x2=0  : 64571
 p1:x0=0  p2:x0=0  p2:x2=1  : 188898
 p1:x0=0  p2:x0=1  p2:x2=1  : 6098
 p1:x0=1  p2:x0=1  p2:x2=1  : 2822
 p1:x0=0  p2:x0=1  p2:x2=0  : 22
Observation WRC.TRT1+dsb-tlbiis-dsb+dsb-isb: 0 (of 500000)

Test WRC.TRT+addr+dmb:
 p1:x0=0  p2:x0=0  p2:x2=0  : 152774
 p1:x0=0  p2:x0=1  p2:x2=0  : 80637
 p1:x0=0  p2:x0=1  p2:x2=1  : 74338
 p1:x0=1  p2:x0=0  p2:x2=0  : 51155
 p1:x0=1  p2:x0=1  p2:x2=1  : 1288
 p1:x0=1  p2:x0=0  p2:x2=1  : 43274
 p1:x0=0  p2:x0=0  p2:x2=1  : 95236
 p1:x0=1  p2:x0=1  p2:x2=0  : 1298 *
Observation WRC.TRT+addr+dmb: 1298 (of 500000)

Test WRC.TRT+dmbs:
 p1:x0=0  p2:x0=0  p2:x2=0  : 163192
 p1:x0=0  p2:x0=1  p2:x2=1  : 59118
 p1:x0=0  p2:x0=1  p2:x2=0  : 73544
 p1:x0=1  p2:x0=0  p2:x2=1  : 59420
 p1:x0=1  p2:x0=0  p2:x2=0  : 93274
 p1:x0=0  p2:x0=0  p2:x2=1  : 49308
 p1:x0=1  p2:x0=1  p2:x2=1  : 1175
 p1:x0=1  p2:x0=1  p2:x2=0  : 969 *
Observation WRC.TRT+dmbs: 969 (of 500000)

Test WRC.TRT+dsb-isbs:
 p1:x0=0  p2:x0=0  p2:x2=0  : 188664
 p1:x0=0  p2:x0=0  p2:x2=1  : 54311
 p1:x0=1  p2:x0=0  p2:x2=1  : 55000
 p1:x0=1  p2:x0=0  p2:x2=0  : 92253
 p1:x0=0  p2:x0=1  p2:x2=1  : 49814
 p1:x0=0  p2:x0=1  p2:x2=0  : 57852
 p1:x0=1  p2:x0=1  p2:x2=1  : 1157
 p1:x0=1  p2:x0=1  p2:x2=0  : 949 *
Observation WRC.TRT+dsb-isbs: 949 (of 500000)

Test WRC.TRT.inv+addrs:
 p1:x0=0  p2:x0=1  p2:x2=0  : 253
 p1:x0=0  p2:x0=0  p2:x2=1  : 228067
 p1:x0=0  p2:x0=1  p2:x2=1  : 27921
 p1:x0=1  p2:x0=0  p2:x2=1  : 91242
 p1:x0=0  p2:x0=0  p2:x2=0  : 124210
 p1:x0=1  p2:x0=0  p2:x2=0  : 25541
 p1:x0=1  p2:x0=1  p2:x2=1  : 2766
Observation WRC.TRT.inv+addrs: 0 (of 500000)

Test WRC.TRT.inv+dsb-isbs:
 p1:x0=0  p2:x0=0  p2:x2=0  : 70343
 p1:x0=0  p2:x0=0  p2:x2=1  : 388383
 p1:x0=0  p2:x0=1  p2:x2=1  : 40913
 p1:x0=0  p2:x0=1  p2:x2=0  : 361
Observation WRC.TRT.inv+dsb-isbs: 0 (of 500000)
Warning on WRC.TRT.inv+dsb-isbs: saw 4 SC results but expected 7

Test WRC.TRT.inv+po+addr:
 p1:x0=0  p2:x0=1  p2:x2=0  : 578
 p1:x0=0  p2:x0=1  p2:x2=1  : 36230
 p1:x0=0  p2:x0=0  p2:x2=1  : 316044
 p1:x0=0  p2:x0=0  p2:x2=0  : 147148
Observation WRC.TRT.inv+po+addr: 0 (of 500000)
Warning on WRC.TRT.inv+po+addr: saw 4 SC results but expected 7

Test WRC.TRT.inv+po+dmb:
 p1:x0=0  p2:x0=0  p2:x2=1  : 260889
 p1:x0=0  p2:x0=1  p2:x2=1  : 14785
 p1:x0=0  p2:x0=0  p2:x2=0  : 223964
 p1:x0=0  p2:x0=1  p2:x2=0  : 362
Observation WRC.TRT.inv+po+dmb: 0 (of 500000)
Warning on WRC.TRT.inv+po+dmb: saw 4 SC results but expected 7

Test CoWR.alias:
 p0:x2=1  : 500000
Observation CoWR.alias: 0 (of 500000)

Test MP+dmb-data+dmb:
 p1:x0=0  p1:x2=0  : 189849
 p1:x0=0  p1:x2=1  : 167178
 p1:x0=1  p1:x2=1  : 142973
Observation MP+dmb-data+dmb: 0 (of 500000)

Test MP+po-data+dmb:
 p1:x0=0  p1:x2=0  : 250407
 p1:x0=0  p1:x2=1  : 117010
 p1:x0=1  p1:x2=1  : 129994
 p1:x0=1  p1:x2=0  : 2589 *
Observation MP+po-data+dmb: 2589 (of 500000)

Test MP.alias2+dmb-data+dmb:
 p1:x0=0  p1:x2=1  : 152329
 p1:x0=1  p1:x2=1  : 86691
 p1:x0=0  p1:x2=0  : 260980
Observation MP.alias2+dmb-data+dmb: 0 (of 500000)

Test MP.alias2+po-data+dmb:
 p1:x0=0  p1:x2=0  : 283117
 p1:x0=1  p1:x2=1  : 111550
 p1:x0=0  p1:x2=1  : 101465
 p1:x0=1  p1:x2=0  : 3868 *
Observation MP.alias2+po-data+dmb: 3868 (of 500000)

Test MP.alias+dmbs:
 p1:x0=0  p1:x2=0  : 294691
 p1:x0=0  p1:x2=1  : 15865
 p1:x0=1  p1:x2=1  : 189444
Observation MP.alias+dmbs: 0 (of 500000)
Warning on MP.alias+dmbs: saw 3 SC results but expected 1

Test SB.alias+dmbs:
 p0:x2=1  p1:x2=1  : 500000
Observation SB.alias+dmbs: 0 (of 500000)
#elapsed time: 02:18:06
+ echo Starting bin/kvm_litmus.exe
Starting bin/kvm_litmus.exe
++ mktemp
+ tmp=/tmp/tmp.eopEBVBSIB
+ zcat
+ base64 -d
+ qemu-system-aarch64 -nodefaults -machine virt,gic-version=host --enable-kvm -cpu host -device virtio-serial-device -device virtconsole -display none -serial stdio -kernel /tmp/tmp.eopEBVBSIB -smp 4 -append '@all -n500k --no-verbose'
qemu-system-aarch64: warning: ITS KVM: full reset is not supported by the host kernel
#seed: 22056551
#pgtable: 1
#timing: 0
#no_runs: 500000
#sync_type: all
#aff_type: rand
#shuffle_type: rand
! skipping "MP.times+pos":  requires --perf

Test check1:
 exc=0  : 500000
Observation check1: 0 (of 500000)

Test check2:
 exc=0  : 500000
Observation check2: 0 (of 500000)

Test check3:
 p1:x0=1  p1:x2=0  : 220181
 p1:x0=0  p1:x2=1  : 138085
 p1:x0=0  p1:x2=0  : 141734
Observation check3: 0 (of 500000)

Test check4:
 p0:x0=0  : 500000
Observation check4: 0 (of 500000)

Test check5:
 p0:x0=1  : 500000
Observation check5: 0 (of 500000)

Test check6:
 p0:x0=0  : 500000
Observation check6: 0 (of 500000)

Test LB+pos:
 p0:x2=1  p1:x2=0  : 220569
 p0:x2=0  p1:x2=1  : 112157
 p0:x2=0  p1:x2=0  : 167274
Observation LB+pos: 0 (of 500000)

Test MP+dmbs:
 p1:x0=0  p1:x2=0  : 184920
 p1:x0=1  p1:x2=1  : 158737
 p1:x0=0  p1:x2=1  : 156343
Observation MP+dmbs: 0 (of 500000)

Test MP+pos:
 p1:x0=0  p1:x2=0  : 220839
 p1:x0=1  p1:x2=1  : 133158
 p1:x0=0  p1:x2=1  : 94493
 p1:x0=1  p1:x2=0  : 51510 *
Observation MP+pos: 51510 (of 500000)

Test SB+dmbs:
 p0:x2=1  p1:x2=0  : 238551
 p0:x2=1  p1:x2=1  : 110382
 p0:x2=0  p1:x2=1  : 151067
Observation SB+dmbs: 0 (of 500000)

Test SB+pos:
 p0:x2=1  p1:x2=0  : 250523
 p0:x2=0  p1:x2=0  : 58530 *
 p0:x2=1  p1:x2=1  : 58327
 p0:x2=0  p1:x2=1  : 132620
Observation SB+pos: 58530 (of 500000)

Test WRC+addrs:
 p1:x0=0  p2:x0=0  p2:x2=0  : 117313
 p1:x0=0  p2:x0=1  p2:x2=0  : 7747
 p1:x0=0  p2:x0=0  p2:x2=1  : 65900
 p1:x0=0  p2:x0=1  p2:x2=1  : 133818
 p1:x0=1  p2:x0=0  p2:x2=1  : 122665
 p1:x0=1  p2:x0=1  p2:x2=1  : 10670
 p1:x0=1  p2:x0=0  p2:x2=0  : 41887
Observation WRC+addrs: 0 (of 500000)

Test WRC+pos:
 p1:x0=0  p2:x0=0  p2:x2=0  : 115403
 p1:x0=0  p2:x0=1  p2:x2=0  : 48704
 p1:x0=1  p2:x0=1  p2:x2=1  : 15944
 p1:x0=1  p2:x0=0  p2:x2=1  : 108811
 p1:x0=0  p2:x0=0  p2:x2=1  : 40685
 p1:x0=0  p2:x0=1  p2:x2=1  : 88415
 p1:x0=1  p2:x0=0  p2:x2=0  : 81970
 p1:x0=1  p2:x0=1  p2:x2=0  : 68 *
Observation WRC+pos: 68 (of 500000)

Test LB+R-svc-W+R-svc-W:
 p0:x0=1  p1:x0=0  : 82941
 p0:x0=0  p1:x0=0  : 367745
 p0:x0=0  p1:x0=1  : 49314
Observation LB+R-svc-W+R-svc-W: 0 (of 500000)

Test MP+W-svc-W+addr:
 p1:x0=1  p1:x2=1  : 220190
 p1:x0=0  p1:x2=0  : 70167
 p1:x0=0  p1:x2=1  : 209643
Observation MP+W-svc-W+addr: 0 (of 500000)

Test MP+dmb+R-svc-eret-R:
 p1:x0=0  p1:x2=0  : 201785
 p1:x0=0  p1:x2=1  : 221043
 p1:x0=1  p1:x2=1  : 77172
Observation MP+dmb+R-svc-eret-R: 0 (of 500000)

Test MP+dmb+eret:
 p1:x0=0  p1:x2=0  : 186502
 p1:x0=1  p1:x2=1  : 109836
 p1:x0=0  p1:x2=1  : 203662
Observation MP+dmb+eret: 0 (of 500000)

Test MP+dmb+svc:
 p1:x0=1  p1:x2=1  : 78349
 p1:x0=0  p1:x2=0  : 208542
 p1:x0=0  p1:x2=1  : 213109
Observation MP+dmb+svc: 0 (of 500000)

Test MP+dmb+svc2-R-eret-R:
 p1:x0=0  p1:x2=0  : 67462
 p1:x0=0  p1:x2=1  : 266201
 p1:x0=1  p1:x2=1  : 166337
Observation MP+dmb+svc2-R-eret-R: 0 (of 500000)

Test MP+dmb+svc-R-eret-svc-R:
 p1:x0=0  p1:x2=0  : 71423
 p1:x0=1  p1:x2=1  : 116386
 p1:x0=0  p1:x2=1  : 312191
Observation MP+dmb+svc-R-eret-svc-R: 0 (of 500000)

Test MP+dmb+svc-R-svc-R:
 p1:x0=0  p1:x2=1  : 338279
 p1:x0=1  p1:x2=1  : 109177
 p1:x0=0  p1:x2=0  : 52544
Observation MP+dmb+svc-R-svc-R: 0 (of 500000)

Test MP+dmb+svc-R-svc-eret-R:
 p1:x0=0  p1:x2=1  : 166519
 p1:x0=1  p1:x2=1  : 225600
 p1:x0=0  p1:x2=0  : 107881
Observation MP+dmb+svc-R-svc-eret-R: 0 (of 500000)

Test MP+svc-W-eret-W+addr:
 p1:x0=0  p1:x2=0  : 152927
 p1:x0=0  p1:x2=1  : 147009
 p1:x0=1  p1:x2=1  : 200058
 p1:x0=1  p1:x2=0  : 6 *
Observation MP+svc-W-eret-W+addr: 6 (of 500000)

Test SB+W-svc-R+W-svc-R:
 p0:x2=1  p1:x2=0  : 234641
 p0:x2=1  p1:x2=1  : 189415
 p0:x2=0  p1:x2=1  : 75936
 p0:x2=0  p1:x2=0  : 8 *
Observation SB+W-svc-R+W-svc-R: 8 (of 500000)

Test SB+svc-erets:
 p0:x2=1  p1:x2=1  : 182782
 p0:x2=1  p1:x2=0  : 249534
 p0:x2=0  p1:x2=1  : 67683
 p0:x2=0  p1:x2=0  : 1 *
Observation SB+svc-erets: 1 (of 500000)

Test MP.BBM1+dsb-isb-tlbiis-dsb-isb-dsb-isb+dsb-isb:
 p1:x0=0  p1:x2=0  : 472567
 p1:x0=0  p1:x2=2  : 21762
 p1:x0=1  p1:x2=1  : 5468
 p1:x0=0  p1:x2=1  : 203
Observation MP.BBM1+dsb-isb-tlbiis-dsb-isb-dsb-isb+dsb-isb: 0 (of 500000)

Test MP.BBM1+dsb-tlbiis-dsb-dsb+dsb:
 p1:x0=0  p1:x2=0  : 475705
 p1:x0=1  p1:x2=1  : 7179
 p1:x0=0  p1:x2=2  : 16873
 p1:x0=0  p1:x2=1  : 243
Observation MP.BBM1+dsb-tlbiis-dsb-dsb+dsb: 0 (of 500000)

Test MP.BBM1+dsb-tlbiis-dsb-dsb+dsb-isb:
 p1:x0=0  p1:x2=0  : 481348
 p1:x0=0  p1:x2=2  : 13411
 p1:x0=0  p1:x2=1  : 296
 p1:x0=1  p1:x2=1  : 4945
Observation MP.BBM1+dsb-tlbiis-dsb-dsb+dsb-isb: 0 (of 500000)

Test MP.BBM1+dsb-tlbiis-dsb-dsb-isb+dsb:
 p1:x0=0  p1:x2=0  : 489264
 p1:x0=0  p1:x2=2  : 4707
 p1:x0=0  p1:x2=1  : 223
 p1:x0=1  p1:x2=1  : 5806
Observation MP.BBM1+dsb-tlbiis-dsb-dsb-isb+dsb: 0 (of 500000)

Test MP.BBM1+dsb-tlbiis-dsb-dsb-isb+dsb-isb:
 p1:x0=0  p1:x2=0  : 460837
 p1:x0=0  p1:x2=2  : 33473
 p1:x0=0  p1:x2=1  : 257
 p1:x0=1  p1:x2=1  : 5433
Observation MP.BBM1+dsb-tlbiis-dsb-dsb-isb+dsb-isb: 0 (of 500000)

Test MP.BBM1.id+dsb-tlbiis-dsb-dsb+dsb-isb:
 p1:x0=1  p1:x2=0  : 1 *
 p1:x0=0  p1:x2=0  : 452446
 p1:x0=0  p1:x2=2  : 41691
 p1:x0=1  p1:x2=1  : 5531
 p1:x0=0  p1:x2=1  : 331
Observation MP.BBM1.id+dsb-tlbiis-dsb-dsb+dsb-isb: 1 (of 500000)

Test CoRT:
 p1:x0=0  p1:x2=0  : 295033
 p1:x0=0  p1:x2=1  : 110043
 p1:x0=1  p1:x2=0  : 43462 *
 p1:x0=1  p1:x2=1  : 51462
Observation CoRT: 43462 (of 500000)

Test CoRT+dsb-isb:
 p1:x0=0  p1:x2=0  : 315143
 p1:x0=0  p1:x2=1  : 103643
 p1:x0=1  p1:x2=1  : 45748
 p1:x0=1  p1:x2=0  : 35466 *
Observation CoRT+dsb-isb: 35466 (of 500000)

Test CoTR:
 p1:x0=0  p1:x2=0  : 320158
 p1:x0=1  p1:x2=0  : 84741 *
 p1:x0=1  p1:x2=1  : 48236
 p1:x0=0  p1:x2=1  : 46865
Observation CoTR: 84741 (of 500000)

Test CoTR1+dsb-dc-dsb-tlbi-dsb-isb:
 p1:x0=0  p1:x2=1  : 422149
 p1:x0=0  p1:x2=0  : 5282
 p1:x0=1  p1:x2=1  : 72569
Observation CoTR1+dsb-dc-dsb-tlbi-dsb-isb: 0 (of 500000)

Test CoTR1+dsb-tlbi-dsb-isb:
 p1:x0=0  p1:x2=0  : 3741
 p1:x0=0  p1:x2=1  : 427110
 p1:x0=1  p1:x2=1  : 69149
Observation CoTR1+dsb-tlbi-dsb-isb: 0 (of 500000)

Test CoTR1.tlbi+dsb-isb:
 p1:x0=1  p1:x2=1  : 492696
 p1:x0=0  p1:x2=1  : 2764
 p1:x0=0  p1:x2=0  : 4540
Observation CoTR1.tlbi+dsb-isb: 0 (of 500000)

Test CoTR+addr:
 p1:x0=0  p1:x2=0  : 228668
 p1:x0=1  p1:x2=1  : 153408
 p1:x0=0  p1:x2=1  : 117924
Observation CoTR+addr: 0 (of 500000)

Test CoTR+dmb:
 p1:x0=0  p1:x2=0  : 233527
 p1:x0=0  p1:x2=1  : 114655
 p1:x0=1  p1:x2=1  : 151818
Observation CoTR+dmb: 0 (of 500000)

Test CoTR+dsb:
 p1:x0=0  p1:x2=0  : 236431
 p1:x0=0  p1:x2=1  : 127147
 p1:x0=1  p1:x2=1  : 136422
Observation CoTR+dsb: 0 (of 500000)

Test CoTR+dsb-isb:
 p1:x0=0  p1:x2=0  : 218542
 p1:x0=0  p1:x2=1  : 129591
 p1:x0=1  p1:x2=1  : 151867
Observation CoTR+dsb-isb: 0 (of 500000)

Test CoTR.inv:
 p1:x0=0  p1:x2=0  : 22384
 p1:x0=1  p1:x2=0  : 344815 *
 p1:x0=0  p1:x2=1  : 127315
 p1:x0=1  p1:x2=1  : 5486
Observation CoTR.inv: 344815 (of 500000)

Test CoTR.inv+dsb-isb:
 p1:x0=0  p1:x2=0  : 8524
 p1:x0=1  p1:x2=1  : 341812
 p1:x0=0  p1:x2=1  : 149664
Observation CoTR.inv+dsb-isb: 0 (of 500000)

Test CoTT:
 p1:x0=0  p1:x2=0  : 349864
 p1:x0=1  p1:x2=1  : 150136
Observation CoTT: 0 (of 500000)
Warning on CoTT: saw 2 SC results but expected 3

Test CoWT:
 p0:x2=1  : 249801 *
 p0:x2=2  : 250199
Observation CoWT: 249801 (of 500000)

Test CoWT1+dsb-tlbi-dsb:
 p0:x3=1  : 500000
Observation CoWT1+dsb-tlbi-dsb: 0 (of 500000)

Test CoWT1+dsb-tlbi-dsb-isb:
 p0:x3=1  : 500000
Observation CoWT1+dsb-tlbi-dsb-isb: 0 (of 500000)

Test CoWT+dsb:
 p0:x2=1  : 249503 *
 p0:x2=2  : 250497
Observation CoWT+dsb: 249503 (of 500000)

Test CoWT+dsb-isb:
 p0:x2=1  : 249268 *
 p0:x2=2  : 250732
Observation CoWT+dsb-isb: 249268 (of 500000)

Test CoWT+dsb-svc-tlbi-dsb:
 p0:x2=2  : 500000
Observation CoWT+dsb-svc-tlbi-dsb: 0 (of 500000)

Test CoWT.inv:
 p0:x2=1  : 500000
Observation CoWT.inv: 0 (of 500000)

Test CoWT.inv+dmb:
 p0:x2=1  : 500000
Observation CoWT.inv+dmb: 0 (of 500000)

Test CoWT.inv+dsb:
 p0:x2=1  : 500000
Observation CoWT.inv+dsb: 0 (of 500000)

Test CoWT.inv+dsb-isb:
 p0:x2=1  : 500000
Observation CoWT.inv+dsb-isb: 0 (of 500000)

Test CoWinvT:
 p0:x2=0  : 302751 *
 p0:x2=1  : 197249
Observation CoWinvT: 302751 (of 500000)

Test CoWinvT1+dsb-tlbi-dsb:
 p0:x2=1  : 500000
Observation CoWinvT1+dsb-tlbi-dsb: 0 (of 500000)

Test CoWinvT+dsb-isb:
 p0:x2=0  : 298612 *
 p0:x2=1  : 201388
Observation CoWinvT+dsb-isb: 298612 (of 500000)

Test CoWinvWT1+dsb-tlbi-dsb-dsb-isb:
 p0:x5=1  : 500000
Observation CoWinvWT1+dsb-tlbi-dsb-dsb-isb: 0 (of 500000)

Test ISA2.TRR+dmb+po+dmb:
 p1:x0=0  p2:x0=1  p2:x2=1  : 155763
 p1:x0=0  p2:x0=0  p2:x2=0  : 158623
 p1:x0=0  p2:x0=0  p2:x2=1  : 151321
 p1:x0=1  p2:x0=0  p2:x2=1  : 14367
 p1:x0=0  p2:x0=1  p2:x2=0  : 16250
 p1:x0=1  p2:x0=0  p2:x2=0  : 3370
 p1:x0=1  p2:x0=1  p2:x2=1  : 306
Observation ISA2.TRR+dmb+po+dmb: 0 (of 500000)

Test MP.RT1+dc-dsb-tlbiall-dsb+dsb-isb:
 p1:x0=0  p1:x2=0  : 393435
 p1:x0=0  p1:x2=1  : 99986
 p1:x0=1  p1:x2=1  : 6579
Observation MP.RT1+dc-dsb-tlbiall-dsb+dsb-isb: 0 (of 500000)

Test MP.RT1+dc-dsb-tlbiall-dsb-isb+dsb-isb:
 p1:x0=0  p1:x2=0  : 372779
 p1:x0=0  p1:x2=1  : 122008
 p1:x0=1  p1:x2=1  : 5213
Observation MP.RT1+dc-dsb-tlbiall-dsb-isb+dsb-isb: 0 (of 500000)

Test MP.RT1+[dmb.ld]-dmb+dsb-isb:
 p0:x2=0  p1:x0=1  p2:x0=1  p2:x2=0  : 11941
 p0:x2=0  p1:x0=1  p2:x0=1  p2:x2=1  : 11834
 p0:x2=0  p1:x0=1  p2:x0=0  p2:x2=0  : 38932
 p0:x2=1  p1:x0=0  p2:x0=1  p2:x2=1  : 4129
 p0:x2=1  p1:x0=0  p2:x0=1  p2:x2=0  : 3963
 p0:x2=0  p1:x0=0  p2:x0=1  p2:x2=0  : 34301
 p0:x2=0  p1:x0=0  p2:x0=1  p2:x2=1  : 34445
 p0:x2=1  p1:x0=0  p2:x0=0  p2:x2=0  : 94443
 p0:x2=1  p1:x0=0  p2:x0=0  p2:x2=1  : 78751
 p0:x2=0  p1:x0=1  p2:x0=0  p2:x2=1  : 35388
 p0:x2=0  p1:x0=0  p2:x0=0  p2:x2=1  : 72289
 p0:x2=0  p1:x0=0  p2:x0=0  p2:x2=0  : 77071
 p0:x2=1  p1:x0=1  p2:x0=0  p2:x2=1  : 1133
 p0:x2=1  p1:x0=1  p2:x0=0  p2:x2=0  : 1355
 p0:x2=1  p1:x0=1  p2:x0=1  p2:x2=0  : 10 *
 p0:x2=1  p1:x0=1  p2:x0=1  p2:x2=1  : 15
Observation MP.RT1+[dmb.ld]-dmb+dsb-isb: 10 (of 500000)
Warning on MP.RT1+[dmb.ld]-dmb+dsb-isb: saw 15 SC results but expected 12

Test MP.RT1+[dmb.ld]-dsb-tlbiis-dsb-isb+dmb:
 p0:x2=1  p1:x0=0  p2:x0=0  p2:x2=0  : 80436
 p0:x2=1  p1:x0=0  p2:x0=1  p2:x2=1  : 1857
 p0:x2=0  p1:x0=0  p2:x0=1  p2:x2=1  : 3442
 p0:x2=0  p1:x0=1  p2:x0=1  p2:x2=1  : 628
 p0:x2=0  p1:x0=1  p2:x0=0  p2:x2=0  : 66986
 p0:x2=0  p1:x0=0  p2:x0=0  p2:x2=1  : 105551
 p0:x2=0  p1:x0=0  p2:x0=0  p2:x2=0  : 110554
 p0:x2=0  p1:x0=1  p2:x0=0  p2:x2=1  : 63756
 p0:x2=1  p1:x0=0  p2:x0=0  p2:x2=1  : 66774
 p0:x2=1  p1:x0=1  p2:x0=0  p2:x2=0  : 9
 p0:x2=1  p1:x0=1  p2:x0=0  p2:x2=1  : 7
Observation MP.RT1+[dmb.ld]-dsb-tlbiis-dsb-isb+dmb: 0 (of 500000)
Warning on MP.RT1+[dmb.ld]-dsb-tlbiis-dsb-isb+dmb: saw 11 SC results but expected 12

Test MP.RT1+dsb-isb-tlbiis-dsb-isb+dsb-isb:
 p1:x0=0  p1:x2=0  : 385037
 p1:x0=0  p1:x2=1  : 109303
 p1:x0=1  p1:x2=1  : 5660
Observation MP.RT1+dsb-isb-tlbiis-dsb-isb+dsb-isb: 0 (of 500000)

Test MP.RT1+dsb-tlbiall-dsb+dsb-isb:
 p1:x0=0  p1:x2=0  : 318807
 p1:x0=0  p1:x2=1  : 156708
 p1:x0=1  p1:x2=1  : 24485
Observation MP.RT1+dsb-tlbiall-dsb+dsb-isb: 0 (of 500000)

Test MP.RT1+dsb-tlbiallis-dsb+dsb-isb:
 p1:x0=0  p1:x2=0  : 376691
 p1:x0=0  p1:x2=1  : 112926
 p1:x0=1  p1:x2=1  : 10383
Observation MP.RT1+dsb-tlbiallis-dsb+dsb-isb: 0 (of 500000)

Test MP.RT1+dsb-tlbi-dsb+dsb-isb:
 p1:x0=1  p1:x2=1  : 10688
 p1:x0=0  p1:x2=0  : 368879
 p1:x0=0  p1:x2=1  : 120433
Observation MP.RT1+dsb-tlbi-dsb+dsb-isb: 0 (of 500000)

Test MP.RT1+dsb-tlbiis-dsb+dsb-isb:
 p1:x0=0  p1:x2=0  : 376107
 p1:x0=0  p1:x2=1  : 117274
 p1:x0=1  p1:x2=1  : 6619
Observation MP.RT1+dsb-tlbiis-dsb+dsb-isb: 0 (of 500000)

Test MP.RT1+dsb-tlbiis-dsb-isb+dmb:
 p1:x0=0  p1:x2=0  : 369485
 p1:x0=0  p1:x2=1  : 124357
 p1:x0=1  p1:x2=1  : 6158
Observation MP.RT1+dsb-tlbiis-dsb-isb+dmb: 0 (of 500000)

Test MP.RT1+dsb-tlbiis-dsb-isb+dsb-isb:
 p1:x0=0  p1:x2=0  : 399806
 p1:x0=0  p1:x2=1  : 92710
 p1:x0=1  p1:x2=1  : 7484
Observation MP.RT1+dsb-tlbiis-dsb-isb+dsb-isb: 0 (of 500000)

Test MP.RT1+dsb-tlbiis-dsb-tlbiis-dsb+dsb-isb:
 p1:x0=0  p1:x2=0  : 398652
 p1:x0=0  p1:x2=1  : 95626
 p1:x0=1  p1:x2=1  : 5722
Observation MP.RT1+dsb-tlbiis-dsb-tlbiis-dsb+dsb-isb: 0 (of 500000)

Test MP.RT+svc-dsb-tlbi-dsb+dsb-isb:
 p1:x0=0  p1:x2=0  : 320854
 p1:x0=0  p1:x2=1  : 168909
 p1:x0=1  p1:x2=1  : 10237
Observation MP.RT+svc-dsb-tlbi-dsb+dsb-isb: 0 (of 500000)

Test MP.RT+svc-dsb-tlbiis-dsb+dsb-isb:
 p1:x0=0  p1:x2=0  : 323380
 p1:x0=0  p1:x2=1  : 171596
 p1:x0=1  p1:x2=1  : 5024
Observation MP.RT+svc-dsb-tlbiis-dsb+dsb-isb: 0 (of 500000)

Test MP.RT.inv+dmb+addr:
 p1:x0=0  p1:x2=1  : 190231
 p1:x0=0  p1:x2=0  : 304716
 p1:x0=1  p1:x2=1  : 5053
Observation MP.RT.inv+dmb+addr: 0 (of 500000)

Test MP.RT.inv+dmb+po:
 p1:x0=0  p1:x2=0  : 258522
 p1:x0=0  p1:x2=1  : 211538
 p1:x0=1  p1:x2=1  : 29940
Observation MP.RT.inv+dmb+po: 0 (of 500000)

Test MP.TT+Winv-dmb-Winv+tpo:
 p1:x0=0  p1:x2=0  : 462323
 p1:x0=0  p1:x2=1  : 34745
 p1:x0=1  p1:x2=1  : 1539
 p1:x0=1  p1:x2=0  : 1393 *
Observation MP.TT+Winv-dmb-Winv+tpo: 1393 (of 500000)

Test MP.TT+dmb+dsb-isb:
 p1:x0=0  p1:x2=0  : 434872
 p1:x0=0  p1:x2=1  : 53370
 p1:x0=1  p1:x2=1  : 5899
 p1:x0=1  p1:x2=0  : 5859 *
Observation MP.TT+dmb+dsb-isb: 5859 (of 500000)

Test MP.TT+dmb+tpo:
 p1:x0=0  p1:x2=0  : 359333
 p1:x0=1  p1:x2=0  : 11183 *
 p1:x0=0  p1:x2=1  : 114594
 p1:x0=1  p1:x2=1  : 14890
Observation MP.TT+dmb+tpo: 11183 (of 500000)

Test MP.TT.inv+dmb+dsb-isb:
 p1:x0=1  p1:x2=1  : 44761
 p1:x0=0  p1:x2=1  : 445430
 p1:x0=0  p1:x2=0  : 9809
Observation MP.TT.inv+dmb+dsb-isb: 0 (of 500000)

Test MP.TT.inv+dmb+tpo:
 p1:x0=1  p1:x2=1  : 53528
 p1:x0=0  p1:x2=1  : 413795
 p1:x0=0  p1:x2=0  : 32677
Observation MP.TT.inv+dmb+tpo: 0 (of 500000)

Test MP.invRT1+dsb-isb-tlbiis-dsb-isb+dsb-isb:
 p1:x0=0  p1:x2=0  : 374437
 p1:x0=0  p1:x2=1  : 120517
 p1:x0=1  p1:x2=1  : 5046
Observation MP.invRT1+dsb-isb-tlbiis-dsb-isb+dsb-isb: 0 (of 500000)

Test MP.invRT1+dsb-tlbiis-dsb+dsb:
 p1:x0=0  p1:x2=0  : 382860
 p1:x0=0  p1:x2=1  : 112594
 p1:x0=1  p1:x2=1  : 4546
Observation MP.invRT1+dsb-tlbiis-dsb+dsb: 0 (of 500000)

Test MP.invRT1+dsb-tlbiis-dsb+dsb-isb:
 p1:x0=0  p1:x2=0  : 374944
 p1:x0=0  p1:x2=1  : 120491
 p1:x0=1  p1:x2=1  : 4565
Observation MP.invRT1+dsb-tlbiis-dsb+dsb-isb: 0 (of 500000)

Test MP.invRT+dsb+dsb-isb:
 p1:x0=0  p1:x2=0  : 372375
 p1:x0=0  p1:x2=1  : 70325
 p1:x0=1  p1:x2=1  : 53439
 p1:x0=1  p1:x2=0  : 3861 *
Observation MP.invRT+dsb+dsb-isb: 3861 (of 500000)

Test WRC.AT+ctrl+dsb:
 p1:x2=1  p2:x0=0  p2:x2=0  : 203662
 p1:x2=1  p2:x0=1  p2:x2=1  : 78321
 p1:x2=1  p2:x0=1  p2:x2=0  : 99581
 p1:x2=0  p2:x0=0  p2:x2=0  : 40585
 p1:x2=1  p2:x0=0  p2:x2=1  : 56037
 p1:x2=0  p2:x0=0  p2:x2=1  : 19267
 p1:x2=0  p2:x0=1  p2:x2=1  : 1483
 p1:x2=0  p2:x0=1  p2:x2=0  : 1064 *
Observation WRC.AT+ctrl+dsb: 1064 (of 500000)

Test WRC.TRR+addr+dmb:
 p1:x0=0  p2:x0=1  p2:x2=1  : 97321
 p1:x0=1  p2:x0=0  p2:x2=1  : 78098
 p1:x0=0  p2:x0=0  p2:x2=1  : 323281
 p1:x0=1  p2:x0=1  p2:x2=1  : 1300
Observation WRC.TRR+addr+dmb: 0 (of 500000)
Warning on WRC.TRR+addr+dmb: saw 4 SC results but expected 7

Test WRC.TRR.inv+addrs:
 p1:x0=0  p2:x0=0  p2:x2=1  : 355378
 p1:x0=0  p2:x0=1  p2:x2=1  : 70875
 p1:x0=1  p2:x0=0  p2:x2=1  : 71334
 p1:x0=1  p2:x0=1  p2:x2=1  : 2413
Observation WRC.TRR.inv+addrs: 0 (of 500000)
Warning on WRC.TRR.inv+addrs: saw 4 SC results but expected 7

Test WRC.TRT1+dsb-tlbiis-dsb+dmb:
 p1:x0=0  p2:x0=0  p2:x2=0  : 261240
 p1:x0=0  p2:x0=0  p2:x2=1  : 156179
 p1:x0=1  p2:x0=0  p2:x2=0  : 50576
 p1:x0=1  p2:x0=0  p2:x2=1  : 27205
 p1:x0=1  p2:x0=1  p2:x2=1  : 915
 p1:x0=0  p2:x0=1  p2:x2=1  : 3747
 p1:x0=0  p2:x0=1  p2:x2=0  : 138
Observation WRC.TRT1+dsb-tlbiis-dsb+dmb: 0 (of 500000)

Test WRC.TRT1+dsb-tlbiis-dsb+dsb-isb:
 p1:x0=0  p2:x0=0  p2:x2=0  : 272587
 p1:x0=0  p2:x0=0  p2:x2=1  : 148172
 p1:x0=1  p2:x0=0  p2:x2=0  : 47357
 p1:x0=1  p2:x0=0  p2:x2=1  : 25518
 p1:x0=0  p2:x0=1  p2:x2=1  : 5259
 p1:x0=0  p2:x0=1  p2:x2=0  : 55
 p1:x0=1  p2:x0=1  p2:x2=1  : 1052
Observation WRC.TRT1+dsb-tlbiis-dsb+dsb-isb: 0 (of 500000)

Test WRC.TRT+addr+dmb:
 p1:x0=0  p2:x0=1  p2:x2=0  : 86869
 p1:x0=0  p2:x0=0  p2:x2=0  : 169972
 p1:x0=0  p2:x0=0  p2:x2=1  : 75670
 p1:x0=1  p2:x0=0  p2:x2=0  : 54761
 p1:x0=0  p2:x0=1  p2:x2=1  : 79073
 p1:x0=1  p2:x0=0  p2:x2=1  : 30285
 p1:x0=1  p2:x0=1  p2:x2=1  : 1840
 p1:x0=1  p2:x0=1  p2:x2=0  : 1530 *
Observation WRC.TRT+addr+dmb: 1530 (of 500000)

Test WRC.TRT+dmbs:
 p1:x0=0  p2:x0=1  p2:x2=0  : 70069
 p1:x0=0  p2:x0=0  p2:x2=0  : 190233
 p1:x0=1  p2:x0=0  p2:x2=0  : 79666
 p1:x0=0  p2:x0=0  p2:x2=1  : 56019
 p1:x0=1  p2:x0=0  p2:x2=1  : 42194
 p1:x0=0  p2:x0=1  p2:x2=1  : 59064
 p1:x0=1  p2:x0=1  p2:x2=1  : 1513
 p1:x0=1  p2:x0=1  p2:x2=0  : 1242 *
Observation WRC.TRT+dmbs: 1242 (of 500000)

Test WRC.TRT+dsb-isbs:
 p1:x0=0  p2:x0=0  p2:x2=0  : 216966
 p1:x0=0  p2:x0=0  p2:x2=1  : 61343
 p1:x0=1  p2:x0=0  p2:x2=0  : 77338
 p1:x0=0  p2:x0=1  p2:x2=0  : 55860
 p1:x0=1  p2:x0=0  p2:x2=1  : 38114
 p1:x0=0  p2:x0=1  p2:x2=1  : 48450
 p1:x0=1  p2:x0=1  p2:x2=0  : 965 *
 p1:x0=1  p2:x0=1  p2:x2=1  : 964
Observation WRC.TRT+dsb-isbs: 965 (of 500000)

Test WRC.TRT.inv+addrs:
 p1:x0=0  p2:x0=1  p2:x2=1  : 21419
 p1:x0=0  p2:x0=1  p2:x2=0  : 292
 p1:x0=0  p2:x0=0  p2:x2=0  : 96181
 p1:x0=0  p2:x0=0  p2:x2=1  : 247053
 p1:x0=1  p2:x0=0  p2:x2=0  : 33160
 p1:x0=1  p2:x0=0  p2:x2=1  : 98707
 p1:x0=1  p2:x0=1  p2:x2=1  : 3188
Observation WRC.TRT.inv+addrs: 0 (of 500000)

Test WRC.TRT.inv+dsb-isbs:
 p1:x0=0  p2:x0=0  p2:x2=0  : 55422
 p1:x0=0  p2:x0=0  p2:x2=1  : 414911
 p1:x0=0  p2:x0=1  p2:x2=1  : 29371
 p1:x0=0  p2:x0=1  p2:x2=0  : 296
Observation WRC.TRT.inv+dsb-isbs: 0 (of 500000)
Warning on WRC.TRT.inv+dsb-isbs: saw 4 SC results but expected 7

Test WRC.TRT.inv+po+addr:
 p1:x0=0  p2:x0=0  p2:x2=0  : 113633
 p1:x0=0  p2:x0=0  p2:x2=1  : 342336
 p1:x0=0  p2:x0=1  p2:x2=1  : 43452
 p1:x0=0  p2:x0=1  p2:x2=0  : 579
Observation WRC.TRT.inv+po+addr: 0 (of 500000)
Warning on WRC.TRT.inv+po+addr: saw 4 SC results but expected 7

Test WRC.TRT.inv+po+dmb:
 p1:x0=0  p2:x0=0  p2:x2=0  : 125399
 p1:x0=0  p2:x0=0  p2:x2=1  : 362098
 p1:x0=0  p2:x0=1  p2:x2=1  : 12207
 p1:x0=0  p2:x0=1  p2:x2=0  : 296
Observation WRC.TRT.inv+po+dmb: 0 (of 500000)
Warning on WRC.TRT.inv+po+dmb: saw 4 SC results but expected 7

Test CoWR.alias:
 p0:x2=1  : 500000
Observation CoWR.alias: 0 (of 500000)

Test MP+dmb-data+dmb:
 p1:x0=0  p1:x2=0  : 182179
 p1:x0=1  p1:x2=1  : 133242
 p1:x0=0  p1:x2=1  : 184579
Observation MP+dmb-data+dmb: 0 (of 500000)

Test MP+po-data+dmb:
 p1:x0=1  p1:x2=1  : 129697
 p1:x0=0  p1:x2=0  : 248476
 p1:x0=0  p1:x2=1  : 116868
 p1:x0=1  p1:x2=0  : 4959 *
Observation MP+po-data+dmb: 4959 (of 500000)

Test MP.alias2+dmb-data+dmb:
 p1:x0=1  p1:x2=1  : 60288
 p1:x0=0  p1:x2=0  : 276974
 p1:x0=0  p1:x2=1  : 162738
Observation MP.alias2+dmb-data+dmb: 0 (of 500000)

Test MP.alias2+po-data+dmb:
 p1:x0=0  p1:x2=0  : 301646
 p1:x0=1  p1:x2=1  : 96612
 p1:x0=0  p1:x2=1  : 95540
 p1:x0=1  p1:x2=0  : 6202 *
Observation MP.alias2+po-data+dmb: 6202 (of 500000)

Test MP.alias+dmbs:
 p1:x0=1  p1:x2=1  : 155300
 p1:x0=0  p1:x2=0  : 323860
 p1:x0=0  p1:x2=1  : 20840
Observation MP.alias+dmbs: 0 (of 500000)
Warning on MP.alias+dmbs: saw 3 SC results but expected 1

Test SB.alias+dmbs:
 p0:x2=1  p1:x2=1  : 500000
Observation SB.alias+dmbs: 0 (of 500000)
#elapsed time: 02:17:08
+ echo Starting bin/kvm_litmus.exe
Starting bin/kvm_litmus.exe
++ mktemp
+ tmp=/tmp/tmp.rRMBPpWeYN
+ base64 -d
+ zcat
+ qemu-system-aarch64 -nodefaults -machine virt,gic-version=host --enable-kvm -cpu host -device virtio-serial-device -device virtconsole -display none -serial stdio -kernel /tmp/tmp.rRMBPpWeYN -smp 4 -append '@all -n500k --no-verbose'
qemu-system-aarch64: warning: ITS KVM: full reset is not supported by the host kernel
#seed: 20090162
#pgtable: 1
#timing: 0
#no_runs: 500000
#sync_type: all
#aff_type: rand
#shuffle_type: rand
! skipping "MP.times+pos":  requires --perf

Test check1:
 exc=0  : 500000
Observation check1: 0 (of 500000)

Test check2:
 exc=0  : 500000
Observation check2: 0 (of 500000)

Test check3:
 p1:x0=1  p1:x2=0  : 162273
 p1:x0=0  p1:x2=1  : 121538
 p1:x0=0  p1:x2=0  : 216189
Observation check3: 0 (of 500000)

Test check4:
 p0:x0=0  : 500000
Observation check4: 0 (of 500000)

Test check5:
 p0:x0=1  : 500000
Observation check5: 0 (of 500000)

Test check6:
 p0:x0=0  : 500000
Observation check6: 0 (of 500000)

Test LB+pos:
 p0:x2=0  p1:x2=1  : 106574
 p0:x2=1  p1:x2=0  : 193736
 p0:x2=0  p1:x2=0  : 199690
Observation LB+pos: 0 (of 500000)

Test MP+dmbs:
 p1:x0=0  p1:x2=0  : 223946
 p1:x0=1  p1:x2=1  : 103555
 p1:x0=0  p1:x2=1  : 172499
Observation MP+dmbs: 0 (of 500000)

Test MP+pos:
 p1:x0=0  p1:x2=0  : 251697
 p1:x0=1  p1:x2=0  : 42894 *
 p1:x0=0  p1:x2=1  : 104054
 p1:x0=1  p1:x2=1  : 101355
Observation MP+pos: 42894 (of 500000)

Test SB+dmbs:
 p0:x2=0  p1:x2=1  : 150708
 p0:x2=1  p1:x2=0  : 221499
 p0:x2=1  p1:x2=1  : 127793
Observation SB+dmbs: 0 (of 500000)

Test SB+pos:
 p0:x2=1  p1:x2=1  : 70608
 p0:x2=1  p1:x2=0  : 234848
 p0:x2=0  p1:x2=1  : 129457
 p0:x2=0  p1:x2=0  : 65087 *
Observation SB+pos: 65087 (of 500000)

Test WRC+addrs:
 p1:x0=0  p2:x0=1  p2:x2=1  : 136223
 p1:x0=1  p2:x0=0  p2:x2=1  : 117792
 p1:x0=1  p2:x0=1  p2:x2=1  : 13119
 p1:x0=0  p2:x0=0  p2:x2=1  : 71459
 p1:x0=1  p2:x0=0  p2:x2=0  : 36980
 p1:x0=0  p2:x0=0  p2:x2=0  : 117074
 p1:x0=0  p2:x0=1  p2:x2=0  : 7353
Observation WRC+addrs: 0 (of 500000)

Test WRC+pos:
 p1:x0=0  p2:x0=0  p2:x2=0  : 108198
 p1:x0=1  p2:x0=0  p2:x2=1  : 110702
 p1:x0=0  p2:x0=1  p2:x2=1  : 83988
 p1:x0=0  p2:x0=0  p2:x2=1  : 46184
 p1:x0=1  p2:x0=0  p2:x2=0  : 85272
 p1:x0=0  p2:x0=1  p2:x2=0  : 48819
 p1:x0=1  p2:x0=1  p2:x2=1  : 16492
 p1:x0=1  p2:x0=1  p2:x2=0  : 345 *
Observation WRC+pos: 345 (of 500000)

Test LB+R-svc-W+R-svc-W:
 p0:x0=0  p1:x0=0  : 349668
 p0:x0=0  p1:x0=1  : 70213
 p0:x0=1  p1:x0=0  : 80119
Observation LB+R-svc-W+R-svc-W: 0 (of 500000)

Test MP+W-svc-W+addr:
 p1:x0=1  p1:x2=1  : 151931
 p1:x0=0  p1:x2=1  : 239484
 p1:x0=0  p1:x2=0  : 108585
Observation MP+W-svc-W+addr: 0 (of 500000)

Test MP+dmb+R-svc-eret-R:
 p1:x0=1  p1:x2=1  : 75257
 p1:x0=0  p1:x2=1  : 230828
 p1:x0=0  p1:x2=0  : 193915
Observation MP+dmb+R-svc-eret-R: 0 (of 500000)

Test MP+dmb+eret:
 p1:x0=0  p1:x2=0  : 195833
 p1:x0=0  p1:x2=1  : 160828
 p1:x0=1  p1:x2=1  : 143339
Observation MP+dmb+eret: 0 (of 500000)

Test MP+dmb+svc:
 p1:x0=0  p1:x2=0  : 183211
 p1:x0=0  p1:x2=1  : 243424
 p1:x0=1  p1:x2=1  : 73365
Observation MP+dmb+svc: 0 (of 500000)

Test MP+dmb+svc2-R-eret-R:
 p1:x0=1  p1:x2=1  : 202126
 p1:x0=0  p1:x2=0  : 84050
 p1:x0=0  p1:x2=1  : 213824
Observation MP+dmb+svc2-R-eret-R: 0 (of 500000)

Test MP+dmb+svc-R-eret-svc-R:
 p1:x0=0  p1:x2=1  : 307908
 p1:x0=1  p1:x2=1  : 123281
 p1:x0=0  p1:x2=0  : 68811
Observation MP+dmb+svc-R-eret-svc-R: 0 (of 500000)

Test MP+dmb+svc-R-svc-R:
 p1:x0=0  p1:x2=1  : 289528
 p1:x0=1  p1:x2=1  : 129715
 p1:x0=0  p1:x2=0  : 80757
Observation MP+dmb+svc-R-svc-R: 0 (of 500000)

Test MP+dmb+svc-R-svc-eret-R:
 p1:x0=0  p1:x2=0  : 111242
 p1:x0=1  p1:x2=1  : 231024
 p1:x0=0  p1:x2=1  : 157734
Observation MP+dmb+svc-R-svc-eret-R: 0 (of 500000)

Test MP+svc-W-eret-W+addr:
 p1:x0=1  p1:x2=1  : 151795
 p1:x0=0  p1:x2=0  : 202364
 p1:x0=0  p1:x2=1  : 145838
 p1:x0=1  p1:x2=0  : 3 *
Observation MP+svc-W-eret-W+addr: 3 (of 500000)

Test SB+W-svc-R+W-svc-R:
 p0:x2=1  p1:x2=1  : 207850
 p0:x2=0  p1:x2=1  : 64423
 p0:x2=1  p1:x2=0  : 227714
 p0:x2=0  p1:x2=0  : 13 *
Observation SB+W-svc-R+W-svc-R: 13 (of 500000)

Test SB+svc-erets:
 p0:x2=0  p1:x2=1  : 88152
 p0:x2=1  p1:x2=0  : 229109
 p0:x2=1  p1:x2=1  : 182738
 p0:x2=0  p1:x2=0  : 1 *
Observation SB+svc-erets: 1 (of 500000)

Test MP.BBM1+dsb-isb-tlbiis-dsb-isb-dsb-isb+dsb-isb:
 p1:x0=0  p1:x2=0  : 429081
 p1:x0=0  p1:x2=2  : 60935
 p1:x0=1  p1:x2=1  : 9662
 p1:x0=0  p1:x2=1  : 322
Observation MP.BBM1+dsb-isb-tlbiis-dsb-isb-dsb-isb+dsb-isb: 0 (of 500000)

Test MP.BBM1+dsb-tlbiis-dsb-dsb+dsb:
 p1:x0=0  p1:x2=0  : 427443
 p1:x0=0  p1:x2=2  : 64315
 p1:x0=1  p1:x2=1  : 7989
 p1:x0=0  p1:x2=1  : 253
Observation MP.BBM1+dsb-tlbiis-dsb-dsb+dsb: 0 (of 500000)

Test MP.BBM1+dsb-tlbiis-dsb-dsb+dsb-isb:
 p1:x0=0  p1:x2=0  : 450143
 p1:x0=0  p1:x2=2  : 39507
 p1:x0=1  p1:x2=1  : 9933
 p1:x0=0  p1:x2=1  : 417
Observation MP.BBM1+dsb-tlbiis-dsb-dsb+dsb-isb: 0 (of 500000)

Test MP.BBM1+dsb-tlbiis-dsb-dsb-isb+dsb:
 p1:x0=0  p1:x2=0  : 449635
 p1:x0=0  p1:x2=2  : 41921
 p1:x0=1  p1:x2=1  : 8216
 p1:x0=0  p1:x2=1  : 228
Observation MP.BBM1+dsb-tlbiis-dsb-dsb-isb+dsb: 0 (of 500000)

Test MP.BBM1+dsb-tlbiis-dsb-dsb-isb+dsb-isb:
 p1:x0=0  p1:x2=0  : 425188
 p1:x0=0  p1:x2=2  : 67277
 p1:x0=1  p1:x2=1  : 7129
 p1:x0=0  p1:x2=1  : 406
Observation MP.BBM1+dsb-tlbiis-dsb-dsb-isb+dsb-isb: 0 (of 500000)

Test MP.BBM1.id+dsb-tlbiis-dsb-dsb+dsb-isb:
 p1:x0=1  p1:x2=0  : 1 *
 p1:x0=1  p1:x2=1  : 7259
 p1:x0=0  p1:x2=2  : 78373
 p1:x0=0  p1:x2=0  : 413964
 p1:x0=0  p1:x2=1  : 403
Observation MP.BBM1.id+dsb-tlbiis-dsb-dsb+dsb-isb: 1 (of 500000)

Test CoRT:
 p1:x0=0  p1:x2=0  : 291870
 p1:x0=1  p1:x2=1  : 55774
 p1:x0=0  p1:x2=1  : 105063
 p1:x0=1  p1:x2=0  : 47293 *
Observation CoRT: 47293 (of 500000)

Test CoRT+dsb-isb:
 p1:x0=0  p1:x2=0  : 331710
 p1:x0=1  p1:x2=1  : 56646
 p1:x0=0  p1:x2=1  : 80679
 p1:x0=1  p1:x2=0  : 30965 *
Observation CoRT+dsb-isb: 30965 (of 500000)

Test CoTR:
 p1:x0=0  p1:x2=0  : 332919
 p1:x0=1  p1:x2=1  : 41458
 p1:x0=0  p1:x2=1  : 39637
 p1:x0=1  p1:x2=0  : 85986 *
Observation CoTR: 85986 (of 500000)

Test CoTR1+dsb-dc-dsb-tlbi-dsb-isb:
 p1:x0=0  p1:x2=1  : 411207
 p1:x0=1  p1:x2=1  : 82708
 p1:x0=0  p1:x2=0  : 6085
Observation CoTR1+dsb-dc-dsb-tlbi-dsb-isb: 0 (of 500000)

Test CoTR1+dsb-tlbi-dsb-isb:
 p1:x0=1  p1:x2=1  : 85743
 p1:x0=0  p1:x2=1  : 408595
 p1:x0=0  p1:x2=0  : 5662
Observation CoTR1+dsb-tlbi-dsb-isb: 0 (of 500000)

Test CoTR1.tlbi+dsb-isb:
 p1:x0=1  p1:x2=1  : 491346
 p1:x0=0  p1:x2=0  : 5895
 p1:x0=0  p1:x2=1  : 2759
Observation CoTR1.tlbi+dsb-isb: 0 (of 500000)

Test CoTR+addr:
 p1:x0=0  p1:x2=0  : 232258
 p1:x0=1  p1:x2=1  : 153791
 p1:x0=0  p1:x2=1  : 113951
Observation CoTR+addr: 0 (of 500000)

Test CoTR+dmb:
 p1:x0=1  p1:x2=1  : 155993
 p1:x0=0  p1:x2=1  : 112090
 p1:x0=0  p1:x2=0  : 231917
Observation CoTR+dmb: 0 (of 500000)

Test CoTR+dsb:
 p1:x0=0  p1:x2=0  : 240718
 p1:x0=0  p1:x2=1  : 126707
 p1:x0=1  p1:x2=1  : 132575
Observation CoTR+dsb: 0 (of 500000)

Test CoTR+dsb-isb:
 p1:x0=0  p1:x2=0  : 212129
 p1:x0=1  p1:x2=1  : 152181
 p1:x0=0  p1:x2=1  : 135690
Observation CoTR+dsb-isb: 0 (of 500000)

Test CoTR.inv:
 p1:x0=0  p1:x2=1  : 103622
 p1:x0=1  p1:x2=1  : 10402
 p1:x0=1  p1:x2=0  : 362328 *
 p1:x0=0  p1:x2=0  : 23648
Observation CoTR.inv: 362328 (of 500000)

Test CoTR.inv+dsb-isb:
 p1:x0=1  p1:x2=1  : 361145
 p1:x0=0  p1:x2=1  : 131436
 p1:x0=0  p1:x2=0  : 7419
Observation CoTR.inv+dsb-isb: 0 (of 500000)

Test CoTT:
 p1:x0=1  p1:x2=1  : 153393
 p1:x0=0  p1:x2=0  : 346607
Observation CoTT: 0 (of 500000)
Warning on CoTT: saw 2 SC results but expected 3

Test CoWT:
 p0:x2=2  : 250366
 p0:x2=1  : 249634 *
Observation CoWT: 249634 (of 500000)

Test CoWT1+dsb-tlbi-dsb:
 p0:x3=1  : 500000
Observation CoWT1+dsb-tlbi-dsb: 0 (of 500000)

Test CoWT1+dsb-tlbi-dsb-isb:
 p0:x3=1  : 500000
Observation CoWT1+dsb-tlbi-dsb-isb: 0 (of 500000)

Test CoWT+dsb:
 p0:x2=2  : 250332
 p0:x2=1  : 249668 *
Observation CoWT+dsb: 249668 (of 500000)

Test CoWT+dsb-isb:
 p0:x2=2  : 250262
 p0:x2=1  : 249738 *
Observation CoWT+dsb-isb: 249738 (of 500000)

Test CoWT+dsb-svc-tlbi-dsb:
qemu-system-aarch64: terminating on signal 15 from pid 754 ()
